#
# There is insufficient memory for the Java Runtime Environment to continue.
# Native memory allocation (malloc) failed to allocate 1735728 bytes for Chunk::new
# Possible reasons:
#   The system is out of physical RAM or swap space
#   The process is running with CompressedOops enabled, and the Java Heap may be blocking the growth of the native heap
# Possible solutions:
#   Reduce memory load on the system
#   Increase physical memory or swap space
#   Check if swap backing store is full
#   Decrease Java heap size (-Xmx/-Xms)
#   Decrease number of Java threads
#   Decrease Java thread stack sizes (-Xss)
#   Set larger code cache with -XX:ReservedCodeCacheSize=
#   JVM is running with Unscaled Compressed Oops mode in which the Java heap is
#     placed in the first 4GB address space. The Java Heap base address is the
#     maximum limit for the native heap growth. Please use -XX:HeapBaseMinAddress
#     to set the Java Heap base and to place the Java Heap above 4GB virtual address.
# This output file may be truncated or incomplete.
#
#  Out of Memory Error (arena.cpp:191), pid=18364, tid=28636
#
# JRE version: OpenJDK Runtime Environment Temurin-17.0.10+7 (17.0.10+7) (build 17.0.10+7)
# Java VM: OpenJDK 64-Bit Server VM Temurin-17.0.10+7 (17.0.10+7, mixed mode, tiered, compressed oops, compressed class ptrs, parallel gc, windows-amd64)
# No core dump will be written. Minidumps are not enabled by default on client versions of Windows
#

---------------  S U M M A R Y ------------

Command Line: --add-modules=ALL-SYSTEM --add-opens=java.base/java.util=ALL-UNNAMED --add-opens=java.base/java.lang=ALL-UNNAMED --add-opens=java.base/sun.nio.fs=ALL-UNNAMED -Declipse.application=org.eclipse.jdt.ls.core.id1 -Dosgi.bundles.defaultStartLevel=4 -Declipse.product=org.eclipse.jdt.ls.core.product -Djava.import.generatesMetadataFilesAtProjectRoot=false -DDetectVMInstallationsJob.disabled=true -Dfile.encoding=utf8 -XX:+UseParallelGC -XX:GCTimeRatio=4 -XX:AdaptiveSizePolicyWeight=90 -Dsun.zip.disableMemoryMapping=true -Xmx1G -Xms100m -Xlog:disable -javaagent:c:\Users\Alizha\.vscode\extensions\redhat.java-1.28.1-win32-x64\lombok\lombok-1.18.31.jar -XX:+HeapDumpOnOutOfMemoryError -XX:HeapDumpPath=c:\Users\Alizha\AppData\Roaming\Code\User\workspaceStorage\6312f1796dccb5b7f2a5590d40df0f54\redhat.java -Daether.dependencyCollector.impl=bf c:\Users\Alizha\.vscode\extensions\redhat.java-1.28.1-win32-x64\server\plugins\org.eclipse.equinox.launcher_1.6.700.v20231214-2017.jar -configuration c:\Users\Alizha\AppData\Roaming\Code\User\globalStorage\redhat.java\1.28.1\config_win -data c:\Users\Alizha\AppData\Roaming\Code\User\workspaceStorage\6312f1796dccb5b7f2a5590d40df0f54\redhat.java\jdt_ws --stdio

Host: AMD Ryzen 5 5500U with Radeon Graphics         , 12 cores, 5G,  Windows 11 , 64 bit Build 22621 (10.0.22621.3085)
Time: Thu Feb 29 17:04:58 2024 SE Asia Standard Time elapsed time: 59.601342 seconds (0d 0h 0m 59s)

---------------  T H R E A D  ---------------

Current thread (0x000001d938f92130):  JavaThread "C2 CompilerThread0" daemon [_thread_in_native, id=28636, stack(0x000000b7eb600000,0x000000b7eb700000)]


Current CompileTask:
C2:  59601 8866 %     4       org.eclipse.jdt.internal.core.search.indexing.BinaryIndexer::extractReferenceFromConstantPool @ 15 (351 bytes)

Stack: [0x000000b7eb600000,0x000000b7eb700000]
Native frames: (J=compiled Java code, j=interpreted, Vv=VM code, C=native code)
V  [jvm.dll+0x67d2c9]
V  [jvm.dll+0x834afa]
V  [jvm.dll+0x8365be]
V  [jvm.dll+0x836c23]
V  [jvm.dll+0x2477ff]
V  [jvm.dll+0xac514]
V  [jvm.dll+0xacb5c]
V  [jvm.dll+0x3667d7]
V  [jvm.dll+0x1bcd86]
V  [jvm.dll+0x21a049]
V  [jvm.dll+0x219311]
V  [jvm.dll+0x1a502d]
V  [jvm.dll+0x2290de]
V  [jvm.dll+0x2272ac]
V  [jvm.dll+0x7e9bb7]
V  [jvm.dll+0x7e3fba]
V  [jvm.dll+0x67c1b5]
C  [ucrtbase.dll+0x29363]
C  [KERNEL32.DLL+0x1257d]
C  [ntdll.dll+0x5aa58]


---------------  P R O C E S S  ---------------

Threads class SMR info:
_java_thread_list=0x000001d93dd65480, length=38, elements={
0x000001d91ffe1cc0, 0x000001d933e6a020, 0x000001d933e6c320, 0x000001d938f7a7f0,
0x000001d938f90390, 0x000001d938f90c60, 0x000001d938f91530, 0x000001d938f92130,
0x000001d938f93a50, 0x000001d938f972b0, 0x000001d93903a940, 0x000001d9392d07a0,
0x000001d93ade1320, 0x000001d93ae9d810, 0x000001d93b2ee390, 0x000001d93b374550,
0x000001d93b612b90, 0x000001d93b35af90, 0x000001d93b35a570, 0x000001d93b35a060,
0x000001d93b35c8e0, 0x000001d93b35cdf0, 0x000001d93b35d810, 0x000001d93b35aa80,
0x000001d93ca6bef0, 0x000001d93ca6a090, 0x000001d93ca6a5a0, 0x000001d93ca6afc0,
0x000001d93ca69670, 0x000001d93ca68c50, 0x000001d93ca69160, 0x000001d93b35c3d0,
0x000001d93b35b4a0, 0x000001d93cd7f070, 0x000001d93cd82820, 0x000001d93cd80ed0,
0x000001d93cd813e0, 0x000001d93cd818f0
}

Java Threads: ( => current thread )
  0x000001d91ffe1cc0 JavaThread "main" [_thread_blocked, id=19832, stack(0x000000b7ead00000,0x000000b7eae00000)]
  0x000001d933e6a020 JavaThread "Reference Handler" daemon [_thread_blocked, id=19008, stack(0x000000b7eb000000,0x000000b7eb100000)]
  0x000001d933e6c320 JavaThread "Finalizer" daemon [_thread_blocked, id=20132, stack(0x000000b7eb100000,0x000000b7eb200000)]
  0x000001d938f7a7f0 JavaThread "Signal Dispatcher" daemon [_thread_blocked, id=24556, stack(0x000000b7eb200000,0x000000b7eb300000)]
  0x000001d938f90390 JavaThread "Attach Listener" daemon [_thread_blocked, id=33396, stack(0x000000b7eb300000,0x000000b7eb400000)]
  0x000001d938f90c60 JavaThread "Service Thread" daemon [_thread_blocked, id=23216, stack(0x000000b7eb400000,0x000000b7eb500000)]
  0x000001d938f91530 JavaThread "Monitor Deflation Thread" daemon [_thread_blocked, id=12220, stack(0x000000b7eb500000,0x000000b7eb600000)]
=>0x000001d938f92130 JavaThread "C2 CompilerThread0" daemon [_thread_in_native, id=28636, stack(0x000000b7eb600000,0x000000b7eb700000)]
  0x000001d938f93a50 JavaThread "C1 CompilerThread0" daemon [_thread_in_vm, id=25924, stack(0x000000b7eb700000,0x000000b7eb800000)]
  0x000001d938f972b0 JavaThread "Sweeper thread" daemon [_thread_blocked, id=24636, stack(0x000000b7eb800000,0x000000b7eb900000)]
  0x000001d93903a940 JavaThread "Common-Cleaner" daemon [_thread_blocked, id=27900, stack(0x000000b7eb900000,0x000000b7eba00000)]
  0x000001d9392d07a0 JavaThread "Notification Thread" daemon [_thread_blocked, id=32648, stack(0x000000b7eba00000,0x000000b7ebb00000)]
  0x000001d93ade1320 JavaThread "Active Thread: Equinox Container: a0636638-0e66-4e84-b19b-02cf062aafa9" [_thread_blocked, id=27296, stack(0x000000b7ec200000,0x000000b7ec300000)]
  0x000001d93ae9d810 JavaThread "Framework Event Dispatcher: Equinox Container: a0636638-0e66-4e84-b19b-02cf062aafa9" daemon [_thread_blocked, id=3188, stack(0x000000b7ec300000,0x000000b7ec400000)]
  0x000001d93b2ee390 JavaThread "Start Level: Equinox Container: a0636638-0e66-4e84-b19b-02cf062aafa9" daemon [_thread_blocked, id=33724, stack(0x000000b7ec400000,0x000000b7ec500000)]
  0x000001d93b374550 JavaThread "Bundle File Closer" daemon [_thread_blocked, id=32132, stack(0x000000b7ec600000,0x000000b7ec700000)]
  0x000001d93b612b90 JavaThread "SCR Component Actor" daemon [_thread_blocked, id=28516, stack(0x000000b7ec700000,0x000000b7ec800000)]
  0x000001d93b35af90 JavaThread "Worker-JM" [_thread_blocked, id=3796, stack(0x000000b7ecb00000,0x000000b7ecc00000)]
  0x000001d93b35a570 JavaThread "Worker-0: Classpath Update Job" [_thread_in_native, id=32088, stack(0x000000b7ecc00000,0x000000b7ecd00000)]
  0x000001d93b35a060 JavaThread "Worker-1: Java indexing... " [_thread_blocked, id=14696, stack(0x000000b7ecd00000,0x000000b7ece00000)]
  0x000001d93b35c8e0 JavaThread "Worker-2: Initialize workspace" [_thread_blocked, id=18576, stack(0x000000b7ece00000,0x000000b7ecf00000)]
  0x000001d93b35cdf0 JavaThread "Java indexing" daemon [_thread_in_native, id=25208, stack(0x000000b7ecf00000,0x000000b7ed000000)]
  0x000001d93b35d810 JavaThread "Worker-3" [_thread_blocked, id=14864, stack(0x000000b7ed000000,0x000000b7ed100000)]
  0x000001d93b35aa80 JavaThread "Worker-4" [_thread_blocked, id=18604, stack(0x000000b7ed100000,0x000000b7ed200000)]
  0x000001d93ca6bef0 JavaThread "JNA Cleaner" daemon [_thread_blocked, id=16152, stack(0x000000b7ed200000,0x000000b7ed300000)]
  0x000001d93ca6a090 JavaThread "pool-2-thread-1" [_thread_blocked, id=29432, stack(0x000000b7ed300000,0x000000b7ed400000)]
  0x000001d93ca6a5a0 JavaThread "WorkspaceEventsHandler" [_thread_blocked, id=28396, stack(0x000000b7ed400000,0x000000b7ed500000)]
  0x000001d93ca6afc0 JavaThread "pool-1-thread-1" [_thread_blocked, id=4160, stack(0x000000b7ed500000,0x000000b7ed600000)]
  0x000001d93ca69670 JavaThread "Timer-0" [_thread_blocked, id=25508, stack(0x000000b7eca00000,0x000000b7ecb00000)]
  0x000001d93ca68c50 JavaThread "Exec process" [_thread_blocked, id=11308, stack(0x000000b7ed700000,0x000000b7ed800000)]
  0x000001d93ca69160 JavaThread "Exec process Thread 2" [_thread_blocked, id=25776, stack(0x000000b7ed800000,0x000000b7ed900000)]
  0x000001d93b35c3d0 JavaThread "Exec process Thread 3" [_thread_blocked, id=23416, stack(0x000000b7ed900000,0x000000b7eda00000)]
  0x000001d93b35b4a0 JavaThread "Timer-1" [_thread_blocked, id=30064, stack(0x000000b7ed600000,0x000000b7ed700000)]
  0x000001d93cd7f070 JavaThread "Worker-5: Publish Diagnostics" [_thread_in_Java, id=30484, stack(0x000000b7ee100000,0x000000b7ee200000)]
  0x000001d93cd82820 JavaThread "Output Stream Monitor for PID 25824" daemon [_thread_in_native, id=25048, stack(0x000000b7eda00000,0x000000b7edb00000)]
  0x000001d93cd80ed0 JavaThread "Error Stream Monitor for PID 25824" daemon [_thread_in_native, id=32820, stack(0x000000b7edb00000,0x000000b7edc00000)]
  0x000001d93cd813e0 JavaThread "Input Stream Monitor for PID 25824" daemon [_thread_blocked, id=22516, stack(0x000000b7edd00000,0x000000b7ede00000)]
  0x000001d93cd818f0 JavaThread "Process monitor for PID 25824" daemon [_thread_in_native, id=30160, stack(0x000000b7edf00000,0x000000b7ee000000)]

Other Threads:
  0x000001d938f63870 VMThread "VM Thread" [stack: 0x000000b7eaf00000,0x000000b7eb000000] [id=30204]
  0x000001d9392ced40 WatcherThread [stack: 0x000000b7ebb00000,0x000000b7ebc00000] [id=31880]
  0x000001d91fff68c0 GCTaskThread "GC Thread#0" [stack: 0x000000b7eae00000,0x000000b7eaf00000] [id=33384]
  0x000001d93ab82ad0 GCTaskThread "GC Thread#1" [stack: 0x000000b7ebc00000,0x000000b7ebd00000] [id=8760]
  0x000001d93ab83db0 GCTaskThread "GC Thread#2" [stack: 0x000000b7ebd00000,0x000000b7ebe00000] [id=21592]
  0x000001d93ad797c0 GCTaskThread "GC Thread#3" [stack: 0x000000b7ebe00000,0x000000b7ebf00000] [id=19740]
  0x000001d93ad79a80 GCTaskThread "GC Thread#4" [stack: 0x000000b7ebf00000,0x000000b7ec000000] [id=26324]
  0x000001d93ad79d40 GCTaskThread "GC Thread#5" [stack: 0x000000b7ec000000,0x000000b7ec100000] [id=2388]
  0x000001d93ad7a000 GCTaskThread "GC Thread#6" [stack: 0x000000b7ec100000,0x000000b7ec200000] [id=32304]
  0x000001d93a9376f0 GCTaskThread "GC Thread#7" [stack: 0x000000b7ec500000,0x000000b7ec600000] [id=21084]
  0x000001d93b464550 GCTaskThread "GC Thread#8" [stack: 0x000000b7ec800000,0x000000b7ec900000] [id=23936]
  0x000001d93b461530 GCTaskThread "GC Thread#9" [stack: 0x000000b7ec900000,0x000000b7eca00000] [id=32892]

Threads with active compile tasks:
C2 CompilerThread0    59651 8866 %     4       org.eclipse.jdt.internal.core.search.indexing.BinaryIndexer::extractReferenceFromConstantPool @ 15 (351 bytes)
C1 CompilerThread0    59652 8909       3       java.text.MessageFormat::applyPattern (422 bytes)

VM state: not at safepoint (normal execution)

VM Mutex/Monitor currently owned by a thread: None

Heap address: 0x00000000c0000000, size: 1024 MB, Compressed Oops mode: 32-bit

CDS archive(s) not mapped
Compressed class space mapped at: 0x0000000100000000-0x0000000140000000, reserved size: 1073741824
Narrow klass base: 0x0000000000000000, Narrow klass shift: 3, Narrow klass range: 0x140000000

GC Precious Log:
 CPUs: 12 total, 12 available
 Memory: 6005M
 Large Page Support: Disabled
 NUMA Support: Disabled
 Compressed Oops: Enabled (32-bit)
 Alignments: Space 512K, Generation 512K, Heap 2M
 Heap Min Capacity: 100M
 Heap Initial Capacity: 100M
 Heap Max Capacity: 1G
 Pre-touch: Disabled
 Parallel Workers: 10

Heap:
 PSYoungGen      total 20480K, used 15045K [0x00000000eab00000, 0x00000000ec080000, 0x0000000100000000)
  eden space 18944K, 73% used [0x00000000eab00000,0x00000000eb896b38,0x00000000ebd80000)
  from space 1536K, 75% used [0x00000000ebd80000,0x00000000ebea0000,0x00000000ebf00000)
  to   space 1536K, 0% used [0x00000000ebf00000,0x00000000ebf00000,0x00000000ec080000)
 ParOldGen       total 76800K, used 50691K [0x00000000c0000000, 0x00000000c4b00000, 0x00000000eab00000)
  object space 76800K, 66% used [0x00000000c0000000,0x00000000c3180d78,0x00000000c4b00000)
 Metaspace       used 71304K, committed 72384K, reserved 1114112K
  class space    used 8113K, committed 8576K, reserved 1048576K

Card table byte_map: [0x000001d91f970000,0x000001d91fb80000] _byte_map_base: 0x000001d91f370000

Marking Bits: (ParMarkBitMap*) 0x00007ffcd946d7d0
 Begin Bits: [0x000001d931c70000, 0x000001d932c70000)
 End Bits:   [0x000001d932c70000, 0x000001d933c70000)

Polling page: 0x000001d91dd80000

Metaspace:

Usage:
  Non-class:     61.71 MB used.
      Class:      7.92 MB used.
       Both:     69.63 MB used.

Virtual space:
  Non-class space:       64.00 MB reserved,      62.31 MB ( 97%) committed,  1 nodes.
      Class space:        1.00 GB reserved,       8.38 MB ( <1%) committed,  1 nodes.
             Both:        1.06 GB reserved,      70.69 MB (  6%) committed. 

Chunk freelists:
   Non-Class:  992.00 KB
       Class:  7.61 MB
        Both:  8.58 MB

MaxMetaspaceSize: unlimited
CompressedClassSpaceSize: 1.00 GB
Initial GC threshold: 21.00 MB
Current GC threshold: 117.50 MB
CDS: off
MetaspaceReclaimPolicy: balanced
 - commit_granule_bytes: 65536.
 - commit_granule_words: 8192.
 - virtual_space_node_default_size: 8388608.
 - enlarge_chunks_in_place: 1.
 - new_chunks_are_fully_committed: 0.
 - uncommit_free_chunks: 1.
 - use_allocation_guard: 0.
 - handle_deallocations: 1.


Internal statistics:

num_allocs_failed_limit: 9.
num_arena_births: 612.
num_arena_deaths: 14.
num_vsnodes_births: 2.
num_vsnodes_deaths: 0.
num_space_committed: 1131.
num_space_uncommitted: 0.
num_chunks_returned_to_freelist: 23.
num_chunks_taken_from_freelist: 3402.
num_chunk_merges: 15.
num_chunk_splits: 2173.
num_chunks_enlarged: 1334.
num_inconsistent_stats: 0.

CodeHeap 'non-profiled nmethods': size=120000Kb used=3886Kb max_used=3886Kb free=116113Kb
 bounds [0x000001d92a740000, 0x000001d92ab10000, 0x000001d931c70000]
CodeHeap 'profiled nmethods': size=120000Kb used=17188Kb max_used=17188Kb free=102811Kb
 bounds [0x000001d922c70000, 0x000001d923d40000, 0x000001d92a1a0000]
CodeHeap 'non-nmethods': size=5760Kb used=1341Kb max_used=1390Kb free=4418Kb
 bounds [0x000001d92a1a0000, 0x000001d92a410000, 0x000001d92a740000]
 total_blobs=8589 nmethods=7906 adapters=595
 compilation: enabled
              stopped_count=0, restarted_count=0
 full_count=0

Compilation events (20 events):
Event: 59.552 Thread 0x000001d938f93a50 8893   !   2       org.eclipse.jdt.internal.core.PackageFragmentRoot::getSourceModuleDescription (150 bytes)
Event: 59.553 Thread 0x000001d938f93a50 nmethod 8893 0x000001d923d31790 code [0x000001d923d31a00, 0x000001d923d320a8]
Event: 59.553 Thread 0x000001d938f93a50 8894       2       org.eclipse.jdt.internal.core.PackageFragment::getModularClassFile (9 bytes)
Event: 59.553 Thread 0x000001d938f93a50 nmethod 8894 0x000001d923d32810 code [0x000001d923d329c0, 0x000001d923d32b68]
Event: 59.553 Thread 0x000001d938f93a50 8895       2       org.eclipse.jdt.internal.core.ModularClassFile::exists (53 bytes)
Event: 59.554 Thread 0x000001d938f93a50 nmethod 8895 0x000001d923d32c90 code [0x000001d923d32e60, 0x000001d923d33148]
Event: 59.554 Thread 0x000001d938f93a50 8896       2       org.eclipse.jdt.internal.core.ModularClassFile::getModule (39 bytes)
Event: 59.554 Thread 0x000001d938f93a50 nmethod 8896 0x000001d923d33310 code [0x000001d923d33500, 0x000001d923d339a8]
Event: 59.554 Thread 0x000001d938f93a50 8897       2       org.eclipse.jdt.internal.compiler.util.JrtFileSystem::getClassfile (29 bytes)
Event: 59.554 Thread 0x000001d938f93a50 nmethod 8897 0x000001d923d33c90 code [0x000001d923d33e40, 0x000001d923d33fb8]
Event: 59.554 Thread 0x000001d938f93a50 8898       2       org.eclipse.jdt.internal.compiler.util.JrtFileSystem::getClassfileFromModule (93 bytes)
Event: 59.555 Thread 0x000001d938f93a50 nmethod 8898 0x000001d923d34090 code [0x000001d923d342e0, 0x000001d923d34958]
Event: 59.555 Thread 0x000001d938f93a50 8899       2       jdk.internal.jrtfs.JrtPath::hashCode (8 bytes)
Event: 59.555 Thread 0x000001d938f93a50 nmethod 8899 0x000001d923d34d90 code [0x000001d923d34f20, 0x000001d923d35048]
Event: 59.560 Thread 0x000001d938f93a50 8900       2       org.eclipse.jdt.core.compiler.CharOperation::fragmentEquals (89 bytes)
Event: 59.560 Thread 0x000001d938f93a50 nmethod 8900 0x000001d923d35110 code [0x000001d923d352e0, 0x000001d923d356b8]
Event: 59.575 Thread 0x000001d938f93a50 8902       2       org.eclipse.jdt.core.IClasspathEntry::isTest (61 bytes)
Event: 59.575 Thread 0x000001d938f93a50 nmethod 8902 0x000001d923d35890 code [0x000001d923d35a60, 0x000001d923d35d58]
Event: 59.580 Thread 0x000001d938f93a50 8903       2       org.eclipse.jdt.internal.core.util.HashtableOfArrayToObject::rehash (78 bytes)
Event: 59.580 Thread 0x000001d938f93a50 nmethod 8903 0x000001d923d35f90 code [0x000001d923d36140, 0x000001d923d36458]

GC Heap History (20 events):
Event: 57.979 GC heap before
{Heap before GC invocations=46 (full 3):
 PSYoungGen      total 19456K, used 19397K [0x00000000eab00000, 0x00000000ec100000, 0x0000000100000000)
  eden space 18944K, 100% used [0x00000000eab00000,0x00000000ebd80000,0x00000000ebd80000)
  from space 512K, 88% used [0x00000000ec080000,0x00000000ec0f1420,0x00000000ec100000)
  to   space 1536K, 0% used [0x00000000ebe00000,0x00000000ebe00000,0x00000000ebf80000)
 ParOldGen       total 68608K, used 60524K [0x00000000c0000000, 0x00000000c4300000, 0x00000000eab00000)
  object space 68608K, 88% used [0x00000000c0000000,0x00000000c3b1b0f0,0x00000000c4300000)
 Metaspace       used 69463K, committed 70528K, reserved 1114112K
  class space    used 7934K, committed 8384K, reserved 1048576K
}
Event: 57.980 GC heap after
{Heap after GC invocations=46 (full 3):
 PSYoungGen      total 20480K, used 1526K [0x00000000eab00000, 0x00000000ec280000, 0x0000000100000000)
  eden space 18944K, 0% used [0x00000000eab00000,0x00000000eab00000,0x00000000ebd80000)
  from space 1536K, 99% used [0x00000000ebe00000,0x00000000ebf7d808,0x00000000ebf80000)
  to   space 2560K, 0% used [0x00000000ec000000,0x00000000ec000000,0x00000000ec280000)
 ParOldGen       total 68608K, used 60993K [0x00000000c0000000, 0x00000000c4300000, 0x00000000eab00000)
  object space 68608K, 88% used [0x00000000c0000000,0x00000000c3b90510,0x00000000c4300000)
 Metaspace       used 69463K, committed 70528K, reserved 1114112K
  class space    used 7934K, committed 8384K, reserved 1048576K
}
Event: 58.174 GC heap before
{Heap before GC invocations=47 (full 3):
 PSYoungGen      total 20480K, used 20470K [0x00000000eab00000, 0x00000000ec280000, 0x0000000100000000)
  eden space 18944K, 100% used [0x00000000eab00000,0x00000000ebd80000,0x00000000ebd80000)
  from space 1536K, 99% used [0x00000000ebe00000,0x00000000ebf7d808,0x00000000ebf80000)
  to   space 2560K, 0% used [0x00000000ec000000,0x00000000ec000000,0x00000000ec280000)
 ParOldGen       total 68608K, used 60993K [0x00000000c0000000, 0x00000000c4300000, 0x00000000eab00000)
  object space 68608K, 88% used [0x00000000c0000000,0x00000000c3b90510,0x00000000c4300000)
 Metaspace       used 70327K, committed 71360K, reserved 1114112K
  class space    used 8015K, committed 8448K, reserved 1048576K
}
Event: 58.176 GC heap after
{Heap after GC invocations=47 (full 3):
 PSYoungGen      total 19968K, used 672K [0x00000000eab00000, 0x00000000ec100000, 0x0000000100000000)
  eden space 18944K, 0% used [0x00000000eab00000,0x00000000eab00000,0x00000000ebd80000)
  from space 1024K, 65% used [0x00000000ec000000,0x00000000ec0a8000,0x00000000ec100000)
  to   space 1536K, 0% used [0x00000000ebe00000,0x00000000ebe00000,0x00000000ebf80000)
 ParOldGen       total 68608K, used 62567K [0x00000000c0000000, 0x00000000c4300000, 0x00000000eab00000)
  object space 68608K, 91% used [0x00000000c0000000,0x00000000c3d19d18,0x00000000c4300000)
 Metaspace       used 70327K, committed 71360K, reserved 1114112K
  class space    used 8015K, committed 8448K, reserved 1048576K
}
Event: 58.382 GC heap before
{Heap before GC invocations=48 (full 3):
 PSYoungGen      total 19968K, used 19616K [0x00000000eab00000, 0x00000000ec100000, 0x0000000100000000)
  eden space 18944K, 100% used [0x00000000eab00000,0x00000000ebd80000,0x00000000ebd80000)
  from space 1024K, 65% used [0x00000000ec000000,0x00000000ec0a8000,0x00000000ec100000)
  to   space 1536K, 0% used [0x00000000ebe00000,0x00000000ebe00000,0x00000000ebf80000)
 ParOldGen       total 68608K, used 62567K [0x00000000c0000000, 0x00000000c4300000, 0x00000000eab00000)
  object space 68608K, 91% used [0x00000000c0000000,0x00000000c3d19d18,0x00000000c4300000)
 Metaspace       used 70871K, committed 71936K, reserved 1114112K
  class space    used 8069K, committed 8512K, reserved 1048576K
}
Event: 58.384 GC heap after
{Heap after GC invocations=48 (full 3):
 PSYoungGen      total 20480K, used 597K [0x00000000eab00000, 0x00000000ec080000, 0x0000000100000000)
  eden space 18944K, 0% used [0x00000000eab00000,0x00000000eab00000,0x00000000ebd80000)
  from space 1536K, 38% used [0x00000000ebe00000,0x00000000ebe95750,0x00000000ebf80000)
  to   space 1024K, 0% used [0x00000000ebf80000,0x00000000ebf80000,0x00000000ec080000)
 ParOldGen       total 68608K, used 62839K [0x00000000c0000000, 0x00000000c4300000, 0x00000000eab00000)
  object space 68608K, 91% used [0x00000000c0000000,0x00000000c3d5dd18,0x00000000c4300000)
 Metaspace       used 70871K, committed 71936K, reserved 1114112K
  class space    used 8069K, committed 8512K, reserved 1048576K
}
Event: 58.563 GC heap before
{Heap before GC invocations=49 (full 3):
 PSYoungGen      total 20480K, used 19541K [0x00000000eab00000, 0x00000000ec080000, 0x0000000100000000)
  eden space 18944K, 100% used [0x00000000eab00000,0x00000000ebd80000,0x00000000ebd80000)
  from space 1536K, 38% used [0x00000000ebe00000,0x00000000ebe95750,0x00000000ebf80000)
  to   space 1024K, 0% used [0x00000000ebf80000,0x00000000ebf80000,0x00000000ec080000)
 ParOldGen       total 68608K, used 62839K [0x00000000c0000000, 0x00000000c4300000, 0x00000000eab00000)
  object space 68608K, 91% used [0x00000000c0000000,0x00000000c3d5dd18,0x00000000c4300000)
 Metaspace       used 71014K, committed 72064K, reserved 1114112K
  class space    used 8083K, committed 8512K, reserved 1048576K
}
Event: 58.565 GC heap after
{Heap after GC invocations=49 (full 3):
 PSYoungGen      total 19968K, used 1014K [0x00000000eab00000, 0x00000000ec180000, 0x0000000100000000)
  eden space 18944K, 0% used [0x00000000eab00000,0x00000000eab00000,0x00000000ebd80000)
  from space 1024K, 99% used [0x00000000ebf80000,0x00000000ec07d8b0,0x00000000ec080000)
  to   space 2048K, 0% used [0x00000000ebd80000,0x00000000ebd80000,0x00000000ebf80000)
 ParOldGen       total 68608K, used 63287K [0x00000000c0000000, 0x00000000c4300000, 0x00000000eab00000)
  object space 68608K, 92% used [0x00000000c0000000,0x00000000c3dcdec8,0x00000000c4300000)
 Metaspace       used 71014K, committed 72064K, reserved 1114112K
  class space    used 8083K, committed 8512K, reserved 1048576K
}
Event: 58.684 GC heap before
{Heap before GC invocations=50 (full 3):
 PSYoungGen      total 19968K, used 19958K [0x00000000eab00000, 0x00000000ec180000, 0x0000000100000000)
  eden space 18944K, 100% used [0x00000000eab00000,0x00000000ebd80000,0x00000000ebd80000)
  from space 1024K, 99% used [0x00000000ebf80000,0x00000000ec07d8b0,0x00000000ec080000)
  to   space 2048K, 0% used [0x00000000ebd80000,0x00000000ebd80000,0x00000000ebf80000)
 ParOldGen       total 68608K, used 63287K [0x00000000c0000000, 0x00000000c4300000, 0x00000000eab00000)
  object space 68608K, 92% used [0x00000000c0000000,0x00000000c3dcdec8,0x00000000c4300000)
 Metaspace       used 71148K, committed 72192K, reserved 1114112K
  class space    used 8100K, committed 8512K, reserved 1048576K
}
Event: 58.687 GC heap after
{Heap after GC invocations=50 (full 3):
 PSYoungGen      total 20992K, used 2028K [0x00000000eab00000, 0x00000000ec480000, 0x0000000100000000)
  eden space 18944K, 0% used [0x00000000eab00000,0x00000000eab00000,0x00000000ebd80000)
  from space 2048K, 99% used [0x00000000ebd80000,0x00000000ebf7b008,0x00000000ebf80000)
  to   space 3584K, 0% used [0x00000000ec100000,0x00000000ec100000,0x00000000ec480000)
 ParOldGen       total 68608K, used 64261K [0x00000000c0000000, 0x00000000c4300000, 0x00000000eab00000)
  object space 68608K, 93% used [0x00000000c0000000,0x00000000c3ec1650,0x00000000c4300000)
 Metaspace       used 71148K, committed 72192K, reserved 1114112K
  class space    used 8100K, committed 8512K, reserved 1048576K
}
Event: 58.805 GC heap before
{Heap before GC invocations=51 (full 3):
 PSYoungGen      total 20992K, used 20972K [0x00000000eab00000, 0x00000000ec480000, 0x0000000100000000)
  eden space 18944K, 100% used [0x00000000eab00000,0x00000000ebd80000,0x00000000ebd80000)
  from space 2048K, 99% used [0x00000000ebd80000,0x00000000ebf7b008,0x00000000ebf80000)
  to   space 3584K, 0% used [0x00000000ec100000,0x00000000ec100000,0x00000000ec480000)
 ParOldGen       total 68608K, used 64261K [0x00000000c0000000, 0x00000000c4300000, 0x00000000eab00000)
  object space 68608K, 93% used [0x00000000c0000000,0x00000000c3ec1650,0x00000000c4300000)
 Metaspace       used 71148K, committed 72192K, reserved 1114112K
  class space    used 8100K, committed 8512K, reserved 1048576K
}
Event: 58.808 GC heap after
{Heap after GC invocations=51 (full 3):
 PSYoungGen      total 21504K, used 2296K [0x00000000eab00000, 0x00000000ec380000, 0x0000000100000000)
  eden space 18944K, 0% used [0x00000000eab00000,0x00000000eab00000,0x00000000ebd80000)
  from space 2560K, 89% used [0x00000000ec100000,0x00000000ec33e008,0x00000000ec380000)
  to   space 2560K, 0% used [0x00000000ebe80000,0x00000000ebe80000,0x00000000ec100000)
 ParOldGen       total 68608K, used 66081K [0x00000000c0000000, 0x00000000c4300000, 0x00000000eab00000)
  object space 68608K, 96% used [0x00000000c0000000,0x00000000c40887a0,0x00000000c4300000)
 Metaspace       used 71148K, committed 72192K, reserved 1114112K
  class space    used 8100K, committed 8512K, reserved 1048576K
}
Event: 59.025 GC heap before
{Heap before GC invocations=52 (full 3):
 PSYoungGen      total 21504K, used 21240K [0x00000000eab00000, 0x00000000ec380000, 0x0000000100000000)
  eden space 18944K, 100% used [0x00000000eab00000,0x00000000ebd80000,0x00000000ebd80000)
  from space 2560K, 89% used [0x00000000ec100000,0x00000000ec33e008,0x00000000ec380000)
  to   space 2560K, 0% used [0x00000000ebe80000,0x00000000ebe80000,0x00000000ec100000)
 ParOldGen       total 68608K, used 66081K [0x00000000c0000000, 0x00000000c4300000, 0x00000000eab00000)
  object space 68608K, 96% used [0x00000000c0000000,0x00000000c40887a0,0x00000000c4300000)
 Metaspace       used 71169K, committed 72192K, reserved 1114112K
  class space    used 8104K, committed 8512K, reserved 1048576K
}
Event: 59.029 GC heap after
{Heap after GC invocations=52 (full 3):
 PSYoungGen      total 20992K, used 1760K [0x00000000eab00000, 0x00000000ec180000, 0x0000000100000000)
  eden space 18944K, 0% used [0x00000000eab00000,0x00000000eab00000,0x00000000ebd80000)
  from space 2048K, 85% used [0x00000000ebe80000,0x00000000ec038338,0x00000000ec080000)
  to   space 1024K, 0% used [0x00000000ec080000,0x00000000ec080000,0x00000000ec180000)
 ParOldGen       total 68608K, used 68287K [0x00000000c0000000, 0x00000000c4300000, 0x00000000eab00000)
  object space 68608K, 99% used [0x00000000c0000000,0x00000000c42afdb8,0x00000000c4300000)
 Metaspace       used 71169K, committed 72192K, reserved 1114112K
  class space    used 8104K, committed 8512K, reserved 1048576K
}
Event: 59.029 GC heap before
{Heap before GC invocations=53 (full 4):
 PSYoungGen      total 20992K, used 1760K [0x00000000eab00000, 0x00000000ec180000, 0x0000000100000000)
  eden space 18944K, 0% used [0x00000000eab00000,0x00000000eab00000,0x00000000ebd80000)
  from space 2048K, 85% used [0x00000000ebe80000,0x00000000ec038338,0x00000000ec080000)
  to   space 1024K, 0% used [0x00000000ec080000,0x00000000ec080000,0x00000000ec180000)
 ParOldGen       total 68608K, used 68287K [0x00000000c0000000, 0x00000000c4300000, 0x00000000eab00000)
  object space 68608K, 99% used [0x00000000c0000000,0x00000000c42afdb8,0x00000000c4300000)
 Metaspace       used 71169K, committed 72192K, reserved 1114112K
  class space    used 8104K, committed 8512K, reserved 1048576K
}
Event: 59.109 GC heap after
{Heap after GC invocations=53 (full 4):
 PSYoungGen      total 19968K, used 0K [0x00000000eab00000, 0x00000000ec180000, 0x0000000100000000)
  eden space 18944K, 0% used [0x00000000eab00000,0x00000000eab00000,0x00000000ebd80000)
  from space 1024K, 0% used [0x00000000ec080000,0x00000000ec080000,0x00000000ec180000)
  to   space 2048K, 0% used [0x00000000ebd80000,0x00000000ebd80000,0x00000000ebf80000)
 ParOldGen       total 76800K, used 49056K [0x00000000c0000000, 0x00000000c4b00000, 0x00000000eab00000)
  object space 76800K, 63% used [0x00000000c0000000,0x00000000c2fe83c0,0x00000000c4b00000)
 Metaspace       used 71169K, committed 72192K, reserved 1114112K
  class space    used 8104K, committed 8512K, reserved 1048576K
}
Event: 59.343 GC heap before
{Heap before GC invocations=54 (full 4):
 PSYoungGen      total 19968K, used 18944K [0x00000000eab00000, 0x00000000ec180000, 0x0000000100000000)
  eden space 18944K, 100% used [0x00000000eab00000,0x00000000ebd80000,0x00000000ebd80000)
  from space 1024K, 0% used [0x00000000ec080000,0x00000000ec080000,0x00000000ec180000)
  to   space 2048K, 0% used [0x00000000ebd80000,0x00000000ebd80000,0x00000000ebf80000)
 ParOldGen       total 76800K, used 49056K [0x00000000c0000000, 0x00000000c4b00000, 0x00000000eab00000)
  object space 76800K, 63% used [0x00000000c0000000,0x00000000c2fe83c0,0x00000000c4b00000)
 Metaspace       used 71174K, committed 72192K, reserved 1114112K
  class space    used 8104K, committed 8512K, reserved 1048576K
}
Event: 59.345 GC heap after
{Heap after GC invocations=54 (full 4):
 PSYoungGen      total 20992K, used 1311K [0x00000000eab00000, 0x00000000ec100000, 0x0000000100000000)
  eden space 18944K, 0% used [0x00000000eab00000,0x00000000eab00000,0x00000000ebd80000)
  from space 2048K, 64% used [0x00000000ebd80000,0x00000000ebec7ee8,0x00000000ebf80000)
  to   space 1536K, 0% used [0x00000000ebf80000,0x00000000ebf80000,0x00000000ec100000)
 ParOldGen       total 76800K, used 49064K [0x00000000c0000000, 0x00000000c4b00000, 0x00000000eab00000)
  object space 76800K, 63% used [0x00000000c0000000,0x00000000c2fea3c0,0x00000000c4b00000)
 Metaspace       used 71174K, committed 72192K, reserved 1114112K
  class space    used 8104K, committed 8512K, reserved 1048576K
}
Event: 59.535 GC heap before
{Heap before GC invocations=55 (full 4):
 PSYoungGen      total 20992K, used 20255K [0x00000000eab00000, 0x00000000ec100000, 0x0000000100000000)
  eden space 18944K, 100% used [0x00000000eab00000,0x00000000ebd80000,0x00000000ebd80000)
  from space 2048K, 64% used [0x00000000ebd80000,0x00000000ebec7ee8,0x00000000ebf80000)
  to   space 1536K, 0% used [0x00000000ebf80000,0x00000000ebf80000,0x00000000ec100000)
 ParOldGen       total 76800K, used 49064K [0x00000000c0000000, 0x00000000c4b00000, 0x00000000eab00000)
  object space 76800K, 63% used [0x00000000c0000000,0x00000000c2fea3c0,0x00000000c4b00000)
 Metaspace       used 71210K, committed 72256K, reserved 1114112K
  class space    used 8107K, committed 8512K, reserved 1048576K
}
Event: 59.537 GC heap after
{Heap after GC invocations=55 (full 4):
 PSYoungGen      total 20480K, used 1506K [0x00000000eab00000, 0x00000000ec180000, 0x0000000100000000)
  eden space 18944K, 0% used [0x00000000eab00000,0x00000000eab00000,0x00000000ebd80000)
  from space 1536K, 98% used [0x00000000ebf80000,0x00000000ec0f8968,0x00000000ec100000)
  to   space 2048K, 0% used [0x00000000ebd80000,0x00000000ebd80000,0x00000000ebf80000)
 ParOldGen       total 76800K, used 49320K [0x00000000c0000000, 0x00000000c4b00000, 0x00000000eab00000)
  object space 76800K, 64% used [0x00000000c0000000,0x00000000c302a3c0,0x00000000c4b00000)
 Metaspace       used 71210K, committed 72256K, reserved 1114112K
  class space    used 8107K, committed 8512K, reserved 1048576K
}

Dll operation events (15 events):
Event: 0.040 Loaded shared library c:\Users\Alizha\.vscode\extensions\redhat.java-1.28.1-win32-x64\jre\17.0.10-win32-x86_64\bin\java.dll
Event: 0.771 Loaded shared library c:\Users\Alizha\.vscode\extensions\redhat.java-1.28.1-win32-x64\jre\17.0.10-win32-x86_64\bin\zip.dll
Event: 0.812 Loaded shared library C:\Users\Alizha\.vscode\extensions\redhat.java-1.28.1-win32-x64\jre\17.0.10-win32-x86_64\bin\instrument.dll
Event: 0.849 Loaded shared library C:\Users\Alizha\.vscode\extensions\redhat.java-1.28.1-win32-x64\jre\17.0.10-win32-x86_64\bin\net.dll
Event: 0.855 Loaded shared library C:\Users\Alizha\.vscode\extensions\redhat.java-1.28.1-win32-x64\jre\17.0.10-win32-x86_64\bin\nio.dll
Event: 0.870 Loaded shared library C:\Users\Alizha\.vscode\extensions\redhat.java-1.28.1-win32-x64\jre\17.0.10-win32-x86_64\bin\zip.dll
Event: 0.931 Loaded shared library C:\Users\Alizha\.vscode\extensions\redhat.java-1.28.1-win32-x64\jre\17.0.10-win32-x86_64\bin\jimage.dll
Event: 1.116 Loaded shared library c:\Users\Alizha\.vscode\extensions\redhat.java-1.28.1-win32-x64\jre\17.0.10-win32-x86_64\bin\verify.dll
Event: 3.441 Loaded shared library C:\Users\Alizha\AppData\Roaming\Code\User\globalStorage\redhat.java\1.28.1\config_win\org.eclipse.equinox.launcher\org.eclipse.equinox.launcher.win32.win32.x86_64_1.2.900.v20240129-1338\eclipse_11900.dll
Event: 10.804 Loaded shared library C:\Users\Alizha\AppData\Local\Temp\jna-1963883701\jna15343993649527217720.dll
Event: 27.912 Loaded shared library C:\Users\Alizha\.gradle\native\68d5fa5c4cc2d200863cafc0d521ce42e7d3e7ee720ec0a83991735586a16f82\windows-amd64\native-platform.dll
Event: 36.437 Loaded shared library C:\Users\Alizha\.vscode\extensions\redhat.java-1.28.1-win32-x64\jre\17.0.10-win32-x86_64\bin\management.dll
Event: 36.447 Loaded shared library C:\Users\Alizha\.vscode\extensions\redhat.java-1.28.1-win32-x64\jre\17.0.10-win32-x86_64\bin\management_ext.dll
Event: 37.631 Loaded shared library C:\Users\Alizha\.vscode\extensions\redhat.java-1.28.1-win32-x64\jre\17.0.10-win32-x86_64\bin\extnet.dll
Event: 42.174 Loaded shared library C:\Users\Alizha\.vscode\extensions\redhat.java-1.28.1-win32-x64\jre\17.0.10-win32-x86_64\bin\sunmscapi.dll

Deoptimization events (20 events):
Event: 59.507 Thread 0x000001d93b35cdf0 DEOPT PACKING pc=0x000001d923b599b8 sp=0x000000b7ecffea70
Event: 59.507 Thread 0x000001d93b35cdf0 DEOPT UNPACKING pc=0x000001d92a1f6e43 sp=0x000000b7ecffdfd8 mode 0
Event: 59.518 Thread 0x000001d93b35cdf0 DEOPT PACKING pc=0x000001d923b599b8 sp=0x000000b7ecffea70
Event: 59.518 Thread 0x000001d93b35cdf0 DEOPT UNPACKING pc=0x000001d92a1f6e43 sp=0x000000b7ecffdfd8 mode 0
Event: 59.527 Thread 0x000001d93b35cdf0 DEOPT PACKING pc=0x000001d923b599b8 sp=0x000000b7ecffea70
Event: 59.527 Thread 0x000001d93b35cdf0 DEOPT UNPACKING pc=0x000001d92a1f6e43 sp=0x000000b7ecffdfd8 mode 0
Event: 59.532 Thread 0x000001d93cd7f070 DEOPT PACKING pc=0x000001d923a437fc sp=0x000000b7ee1fe4a0
Event: 59.532 Thread 0x000001d93cd7f070 DEOPT UNPACKING pc=0x000001d92a1f6e43 sp=0x000000b7ee1fda20 mode 0
Event: 59.540 Thread 0x000001d93b35cdf0 DEOPT PACKING pc=0x000001d923b59813 sp=0x000000b7ecffea70
Event: 59.540 Thread 0x000001d93b35cdf0 DEOPT UNPACKING pc=0x000001d92a1f6e43 sp=0x000000b7ecffdfd8 mode 0
Event: 59.547 Thread 0x000001d93b35cdf0 DEOPT PACKING pc=0x000001d923b599b8 sp=0x000000b7ecffea70
Event: 59.547 Thread 0x000001d93b35cdf0 DEOPT UNPACKING pc=0x000001d92a1f6e43 sp=0x000000b7ecffdfd8 mode 0
Event: 59.555 Thread 0x000001d93b35cdf0 DEOPT PACKING pc=0x000001d923b599b8 sp=0x000000b7ecffea70
Event: 59.555 Thread 0x000001d93b35cdf0 DEOPT UNPACKING pc=0x000001d92a1f6e43 sp=0x000000b7ecffdfd8 mode 0
Event: 59.571 Thread 0x000001d93b35cdf0 DEOPT PACKING pc=0x000001d923b59813 sp=0x000000b7ecffea70
Event: 59.571 Thread 0x000001d93b35cdf0 DEOPT UNPACKING pc=0x000001d92a1f6e43 sp=0x000000b7ecffdfd8 mode 0
Event: 59.578 Thread 0x000001d93b35cdf0 DEOPT PACKING pc=0x000001d923b599b8 sp=0x000000b7ecffea70
Event: 59.578 Thread 0x000001d93b35cdf0 DEOPT UNPACKING pc=0x000001d92a1f6e43 sp=0x000000b7ecffdfd8 mode 0
Event: 59.587 Thread 0x000001d93b35cdf0 DEOPT PACKING pc=0x000001d923b59813 sp=0x000000b7ecffea70
Event: 59.587 Thread 0x000001d93b35cdf0 DEOPT UNPACKING pc=0x000001d92a1f6e43 sp=0x000000b7ecffdfd8 mode 0

Classes unloaded (7 events):
Event: 5.964 Thread 0x000001d938f63870 Unloading class 0x000000010024a400 'java/lang/invoke/LambdaForm$MH+0x000000010024a400'
Event: 5.964 Thread 0x000001d938f63870 Unloading class 0x000000010024a000 'java/lang/invoke/LambdaForm$MH+0x000000010024a000'
Event: 5.964 Thread 0x000001d938f63870 Unloading class 0x0000000100249c00 'java/lang/invoke/LambdaForm$MH+0x0000000100249c00'
Event: 5.964 Thread 0x000001d938f63870 Unloading class 0x0000000100249800 'java/lang/invoke/LambdaForm$MH+0x0000000100249800'
Event: 5.964 Thread 0x000001d938f63870 Unloading class 0x0000000100249400 'java/lang/invoke/LambdaForm$BMH+0x0000000100249400'
Event: 5.964 Thread 0x000001d938f63870 Unloading class 0x0000000100249000 'java/lang/invoke/LambdaForm$DMH+0x0000000100249000'
Event: 5.964 Thread 0x000001d938f63870 Unloading class 0x0000000100244400 'java/lang/invoke/LambdaForm$DMH+0x0000000100244400'

Classes redefined (0 events):
No events

Internal exceptions (20 events):
Event: 57.230 Thread 0x000001d93b35cdf0 Exception <a 'sun/nio/fs/WindowsException'{0x00000000eb8b4078}> (0x00000000eb8b4078) 
thrown [s\src\hotspot\share\prims\jni.cpp, line 516]
Event: 57.843 Thread 0x000001d93b35cdf0 Exception <a 'sun/nio/fs/WindowsException'{0x00000000eadd5678}> (0x00000000eadd5678) 
thrown [s\src\hotspot\share\prims\jni.cpp, line 516]
Event: 58.039 Thread 0x000001d93b35cdf0 Exception <a 'sun/nio/fs/WindowsException'{0x00000000ead8a040}> (0x00000000ead8a040) 
thrown [s\src\hotspot\share\prims\jni.cpp, line 516]
Event: 58.146 Thread 0x000001d93b35cdf0 Exception <a 'sun/nio/fs/WindowsException'{0x00000000eba74d10}> (0x00000000eba74d10) 
thrown [s\src\hotspot\share\prims\jni.cpp, line 516]
Event: 58.255 Thread 0x000001d93b35cdf0 Exception <a 'sun/nio/fs/WindowsException'{0x00000000eb370778}> (0x00000000eb370778) 
thrown [s\src\hotspot\share\prims\jni.cpp, line 516]
Event: 58.287 Thread 0x000001d93b35cdf0 Exception <a 'sun/nio/fs/WindowsException'{0x00000000eb463498}> (0x00000000eb463498) 
thrown [s\src\hotspot\share\prims\jni.cpp, line 516]
Event: 58.358 Thread 0x000001d93b35cdf0 Exception <a 'sun/nio/fs/WindowsException'{0x00000000eba58ee0}> (0x00000000eba58ee0) 
thrown [s\src\hotspot\share\prims\jni.cpp, line 516]
Event: 58.376 Thread 0x000001d93ca6afc0 Exception <a 'java/io/FileNotFoundException'{0x00000000ebbfb0d0}> (0x00000000ebbfb0d0) 
thrown [s\src\hotspot\share\prims\jni.cpp, line 516]
Event: 58.376 Thread 0x000001d93ca6afc0 Exception <a 'java/io/FileNotFoundException'{0x00000000ebbfc0f8}> (0x00000000ebbfc0f8) 
thrown [s\src\hotspot\share\prims\jni.cpp, line 516]
Event: 58.459 Thread 0x000001d93b35cdf0 Exception <a 'sun/nio/fs/WindowsException'{0x00000000eb1aa1e8}> (0x00000000eb1aa1e8) 
thrown [s\src\hotspot\share\prims\jni.cpp, line 516]
Event: 58.497 Thread 0x000001d93b35cdf0 Exception <a 'sun/nio/fs/WindowsException'{0x00000000eb301660}> (0x00000000eb301660) 
thrown [s\src\hotspot\share\prims\jni.cpp, line 516]
Event: 58.530 Thread 0x000001d93ca6afc0 Exception <a 'sun/nio/fs/WindowsException'{0x00000000eb694490}> (0x00000000eb694490) 
thrown [s\src\hotspot\share\prims\jni.cpp, line 516]
Event: 58.966 Thread 0x000001d93b35cdf0 Exception <a 'sun/nio/fs/WindowsException'{0x00000000eb6bffe8}> (0x00000000eb6bffe8) 
thrown [s\src\hotspot\share\prims\jni.cpp, line 516]
Event: 59.155 Thread 0x000001d93b35cdf0 Exception <a 'sun/nio/fs/WindowsException'{0x00000000ead674f0}> (0x00000000ead674f0) 
thrown [s\src\hotspot\share\prims\jni.cpp, line 516]
Event: 59.198 Thread 0x000001d93b35cdf0 Exception <a 'sun/nio/fs/WindowsException'{0x00000000eb047f78}> (0x00000000eb047f78) 
thrown [s\src\hotspot\share\prims\jni.cpp, line 516]
Event: 59.242 Thread 0x000001d93b35cdf0 Exception <a 'sun/nio/fs/WindowsException'{0x00000000eb341e28}> (0x00000000eb341e28) 
thrown [s\src\hotspot\share\prims\jni.cpp, line 516]
Event: 59.283 Thread 0x000001d93b35cdf0 Exception <a 'sun/nio/fs/WindowsException'{0x00000000eb56eb78}> (0x00000000eb56eb78) 
thrown [s\src\hotspot\share\prims\jni.cpp, line 516]
Event: 59.380 Thread 0x000001d93cd82820 Exception <a 'java/lang/InterruptedException'{0x00000000eb109170}> (0x00000000eb109170) 
thrown [s\src\hotspot\share\runtime\objectMonitor.cpp, line 1658]
Event: 59.420 Thread 0x000001d93b35cdf0 Exception <a 'sun/nio/fs/WindowsException'{0x00000000eb2470e0}> (0x00000000eb2470e0) 
thrown [s\src\hotspot\share\prims\jni.cpp, line 516]
Event: 59.454 Thread 0x000001d93b35cdf0 Exception <a 'sun/nio/fs/WindowsException'{0x00000000eb36c2d0}> (0x00000000eb36c2d0) 
thrown [s\src\hotspot\share\prims\jni.cpp, line 516]

VM Operations (20 events):
Event: 58.173 Executing VM operation: ParallelGCFailedAllocation
Event: 58.176 Executing VM operation: ParallelGCFailedAllocation done
Event: 58.304 Executing VM operation: HandshakeAllThreads
Event: 58.304 Executing VM operation: HandshakeAllThreads done
Event: 58.382 Executing VM operation: ParallelGCFailedAllocation
Event: 58.384 Executing VM operation: ParallelGCFailedAllocation done
Event: 58.544 Executing VM operation: HandshakeAllThreads
Event: 58.544 Executing VM operation: HandshakeAllThreads done
Event: 58.562 Executing VM operation: ParallelGCFailedAllocation
Event: 58.565 Executing VM operation: ParallelGCFailedAllocation done
Event: 58.684 Executing VM operation: ParallelGCFailedAllocation
Event: 58.687 Executing VM operation: ParallelGCFailedAllocation done
Event: 58.805 Executing VM operation: ParallelGCFailedAllocation
Event: 58.808 Executing VM operation: ParallelGCFailedAllocation done
Event: 59.025 Executing VM operation: ParallelGCFailedAllocation
Event: 59.110 Executing VM operation: ParallelGCFailedAllocation done
Event: 59.343 Executing VM operation: ParallelGCFailedAllocation
Event: 59.345 Executing VM operation: ParallelGCFailedAllocation done
Event: 59.535 Executing VM operation: ParallelGCFailedAllocation
Event: 59.537 Executing VM operation: ParallelGCFailedAllocation done

Events (20 events):
Event: 58.592 loading class java/lang/IllegalThreadStateException done
Event: 58.604 loading class java/util/concurrent/LinkedTransferQueue
Event: 58.605 loading class java/util/concurrent/TransferQueue
Event: 58.606 loading class java/util/concurrent/TransferQueue done
Event: 58.606 loading class java/util/concurrent/LinkedTransferQueue done
Event: 58.607 loading class java/util/concurrent/LinkedTransferQueue$Node
Event: 58.607 loading class java/util/concurrent/LinkedTransferQueue$Node done
Event: 58.608 Thread 0x000001d93cd7fa90 Thread added: 0x000001d93cd7fa90
Event: 58.609 Thread 0x000001d93cd80ed0 Thread added: 0x000001d93cd80ed0
Event: 58.610 Thread 0x000001d93cd82820 Thread added: 0x000001d93cd82820
Event: 58.614 Thread 0x000001d93cd813e0 Thread added: 0x000001d93cd813e0
Event: 58.919 Thread 0x000001d93cd7f070 Thread added: 0x000001d93cd7f070
Event: 59.373 Thread 0x000001d93cd7fa90 Thread exited: 0x000001d93cd7fa90
Event: 59.373 Thread 0x000001d93cd80ed0 Thread exited: 0x000001d93cd80ed0
Event: 59.380 Thread 0x000001d93cd813e0 Thread exited: 0x000001d93cd813e0
Event: 59.380 Thread 0x000001d93cd82820 Thread exited: 0x000001d93cd82820
Event: 59.429 Thread 0x000001d93cd82820 Thread added: 0x000001d93cd82820
Event: 59.430 Thread 0x000001d93cd80ed0 Thread added: 0x000001d93cd80ed0
Event: 59.430 Thread 0x000001d93cd813e0 Thread added: 0x000001d93cd813e0
Event: 59.430 Thread 0x000001d93cd818f0 Thread added: 0x000001d93cd818f0


Dynamic libraries:
0x00007ff6e1be0000 - 0x00007ff6e1bee000 	c:\Users\Alizha\.vscode\extensions\redhat.java-1.28.1-win32-x64\jre\17.0.10-win32-x86_64\bin\java.exe
0x00007ffd796d0000 - 0x00007ffd798e7000 	C:\WINDOWS\SYSTEM32\ntdll.dll
0x00007ffd77fe0000 - 0x00007ffd780a4000 	C:\WINDOWS\System32\KERNEL32.DLL
0x00007ffd76f00000 - 0x00007ffd772a6000 	C:\WINDOWS\System32\KERNELBASE.dll
0x00007ffd76c00000 - 0x00007ffd76d11000 	C:\WINDOWS\System32\ucrtbase.dll
0x00007ffd6b360000 - 0x00007ffd6b377000 	c:\Users\Alizha\.vscode\extensions\redhat.java-1.28.1-win32-x64\jre\17.0.10-win32-x86_64\bin\jli.dll
0x00007ffd6b3b0000 - 0x00007ffd6b3cb000 	c:\Users\Alizha\.vscode\extensions\redhat.java-1.28.1-win32-x64\jre\17.0.10-win32-x86_64\bin\VCRUNTIME140.dll
0x00007ffd77620000 - 0x00007ffd777ce000 	C:\WINDOWS\System32\USER32.dll
0x00007ffd57370000 - 0x00007ffd57603000 	C:\WINDOWS\WinSxS\amd64_microsoft.windows.common-controls_6595b64144ccf1df_6.0.22621.2506_none_270c5ae97388e100\COMCTL32.dll
0x00007ffd76a10000 - 0x00007ffd76a36000 	C:\WINDOWS\System32\win32u.dll
0x00007ffd791d0000 - 0x00007ffd79277000 	C:\WINDOWS\System32\msvcrt.dll
0x00007ffd791a0000 - 0x00007ffd791c9000 	C:\WINDOWS\System32\GDI32.dll
0x00007ffd76ae0000 - 0x00007ffd76bf8000 	C:\WINDOWS\System32\gdi32full.dll
0x00007ffd76a40000 - 0x00007ffd76ada000 	C:\WINDOWS\System32\msvcp_win.dll
0x00007ffd78960000 - 0x00007ffd78991000 	C:\WINDOWS\System32\IMM32.DLL
0x00007ffd6b3a0000 - 0x00007ffd6b3ac000 	c:\Users\Alizha\.vscode\extensions\redhat.java-1.28.1-win32-x64\jre\17.0.10-win32-x86_64\bin\vcruntime140_1.dll
0x00007ffcf4950000 - 0x00007ffcf49dd000 	c:\Users\Alizha\.vscode\extensions\redhat.java-1.28.1-win32-x64\jre\17.0.10-win32-x86_64\bin\msvcp140.dll
0x00007ffcd88d0000 - 0x00007ffcd9532000 	c:\Users\Alizha\.vscode\extensions\redhat.java-1.28.1-win32-x64\jre\17.0.10-win32-x86_64\bin\server\jvm.dll
0x00007ffd78e70000 - 0x00007ffd78f23000 	C:\WINDOWS\System32\ADVAPI32.dll
0x00007ffd79010000 - 0x00007ffd790b8000 	C:\WINDOWS\System32\sechost.dll
0x00007ffd76ed0000 - 0x00007ffd76ef8000 	C:\WINDOWS\System32\bcrypt.dll
0x00007ffd77ec0000 - 0x00007ffd77fd7000 	C:\WINDOWS\System32\RPCRT4.dll
0x00007ffd76730000 - 0x00007ffd7677d000 	C:\WINDOWS\SYSTEM32\POWRPROF.dll
0x00007ffd6b390000 - 0x00007ffd6b399000 	C:\WINDOWS\SYSTEM32\WSOCK32.dll
0x00007ffd78f30000 - 0x00007ffd78fa1000 	C:\WINDOWS\System32\WS2_32.dll
0x00007ffd6ece0000 - 0x00007ffd6ed14000 	C:\WINDOWS\SYSTEM32\WINMM.dll
0x00007ffd6b900000 - 0x00007ffd6b90a000 	C:\WINDOWS\SYSTEM32\VERSION.dll
0x00007ffd76710000 - 0x00007ffd76723000 	C:\WINDOWS\SYSTEM32\UMPDC.dll
0x00007ffd75a20000 - 0x00007ffd75a38000 	C:\WINDOWS\SYSTEM32\kernel.appcore.dll
0x00007ffd6b350000 - 0x00007ffd6b35a000 	c:\Users\Alizha\.vscode\extensions\redhat.java-1.28.1-win32-x64\jre\17.0.10-win32-x86_64\bin\jimage.dll
0x00007ffd743f0000 - 0x00007ffd74623000 	C:\WINDOWS\SYSTEM32\DBGHELP.DLL
0x00007ffd777d0000 - 0x00007ffd77b59000 	C:\WINDOWS\System32\combase.dll
0x00007ffd77520000 - 0x00007ffd775f7000 	C:\WINDOWS\System32\OLEAUT32.dll
0x00007ffd64970000 - 0x00007ffd649a2000 	C:\WINDOWS\SYSTEM32\dbgcore.DLL
0x00007ffd76de0000 - 0x00007ffd76e5a000 	C:\WINDOWS\System32\bcryptPrimitives.dll
0x00007ffd679b0000 - 0x00007ffd679be000 	c:\Users\Alizha\.vscode\extensions\redhat.java-1.28.1-win32-x64\jre\17.0.10-win32-x86_64\bin\instrument.dll
0x00007ffd244b0000 - 0x00007ffd244d5000 	c:\Users\Alizha\.vscode\extensions\redhat.java-1.28.1-win32-x64\jre\17.0.10-win32-x86_64\bin\java.dll
0x00007ffd24470000 - 0x00007ffd24488000 	c:\Users\Alizha\.vscode\extensions\redhat.java-1.28.1-win32-x64\jre\17.0.10-win32-x86_64\bin\zip.dll
0x00007ffd780b0000 - 0x00007ffd7890b000 	C:\WINDOWS\System32\SHELL32.dll
0x00007ffd74920000 - 0x00007ffd75216000 	C:\WINDOWS\SYSTEM32\windows.storage.dll
0x00007ffd747e0000 - 0x00007ffd7491e000 	C:\WINDOWS\SYSTEM32\wintypes.dll
0x00007ffd77cc0000 - 0x00007ffd77db3000 	C:\WINDOWS\System32\SHCORE.dll
0x00007ffd77dd0000 - 0x00007ffd77e2e000 	C:\WINDOWS\System32\shlwapi.dll
0x00007ffd76940000 - 0x00007ffd76966000 	C:\WINDOWS\SYSTEM32\profapi.dll
0x00007ffd243c0000 - 0x00007ffd243d9000 	C:\Users\Alizha\.vscode\extensions\redhat.java-1.28.1-win32-x64\jre\17.0.10-win32-x86_64\bin\net.dll
0x00007ffd70790000 - 0x00007ffd708c7000 	C:\WINDOWS\SYSTEM32\WINHTTP.dll
0x00007ffd75eb0000 - 0x00007ffd75f19000 	C:\WINDOWS\system32\mswsock.dll
0x00007ffd12e70000 - 0x00007ffd12e86000 	C:\Users\Alizha\.vscode\extensions\redhat.java-1.28.1-win32-x64\jre\17.0.10-win32-x86_64\bin\nio.dll
0x00007ffd51630000 - 0x00007ffd51640000 	c:\Users\Alizha\.vscode\extensions\redhat.java-1.28.1-win32-x64\jre\17.0.10-win32-x86_64\bin\verify.dll
0x00007ffd0eed0000 - 0x00007ffd0ef0e000 	C:\Users\Alizha\AppData\Roaming\Code\User\globalStorage\redhat.java\1.28.1\config_win\org.eclipse.equinox.launcher\org.eclipse.equinox.launcher.win32.win32.x86_64_1.2.900.v20240129-1338\eclipse_11900.dll
0x00007ffd79440000 - 0x00007ffd795e0000 	C:\WINDOWS\System32\ole32.dll
0x00007ffd76130000 - 0x00007ffd7614b000 	C:\WINDOWS\SYSTEM32\CRYPTSP.dll
0x00007ffd75980000 - 0x00007ffd759b5000 	C:\WINDOWS\system32\rsaenh.dll
0x00007ffd75fc0000 - 0x00007ffd75fec000 	C:\WINDOWS\SYSTEM32\USERENV.dll
0x00007ffd76120000 - 0x00007ffd7612c000 	C:\WINDOWS\SYSTEM32\CRYPTBASE.dll
0x00007ffd75480000 - 0x00007ffd754ad000 	C:\WINDOWS\SYSTEM32\IPHLPAPI.DLL
0x00007ffd789a0000 - 0x00007ffd789a9000 	C:\WINDOWS\System32\NSI.dll
0x00007ffd6f7a0000 - 0x00007ffd6f7b9000 	C:\WINDOWS\SYSTEM32\dhcpcsvc6.DLL
0x00007ffd6f510000 - 0x00007ffd6f52f000 	C:\WINDOWS\SYSTEM32\dhcpcsvc.DLL
0x00007ffd754f0000 - 0x00007ffd755e9000 	C:\WINDOWS\SYSTEM32\DNSAPI.dll
0x00007ffd35300000 - 0x00007ffd35345000 	C:\Users\Alizha\AppData\Local\Temp\jna-1963883701\jna15343993649527217720.dll
0x00007ffd77dc0000 - 0x00007ffd77dc8000 	C:\WINDOWS\System32\PSAPI.DLL
0x00007ffd5d3a0000 - 0x00007ffd5d3c7000 	C:\Users\Alizha\.gradle\native\68d5fa5c4cc2d200863cafc0d521ce42e7d3e7ee720ec0a83991735586a16f82\windows-amd64\native-platform.dll
0x00007ffd482c0000 - 0x00007ffd482c9000 	C:\Users\Alizha\.vscode\extensions\redhat.java-1.28.1-win32-x64\jre\17.0.10-win32-x86_64\bin\management.dll
0x00007ffd482b0000 - 0x00007ffd482bb000 	C:\Users\Alizha\.vscode\extensions\redhat.java-1.28.1-win32-x64\jre\17.0.10-win32-x86_64\bin\management_ext.dll
0x00007ffd47480000 - 0x00007ffd47489000 	C:\Users\Alizha\.vscode\extensions\redhat.java-1.28.1-win32-x64\jre\17.0.10-win32-x86_64\bin\extnet.dll
0x00007ffd2b8d0000 - 0x00007ffd2b8de000 	C:\Users\Alizha\.vscode\extensions\redhat.java-1.28.1-win32-x64\jre\17.0.10-win32-x86_64\bin\sunmscapi.dll
0x00007ffd772b0000 - 0x00007ffd77416000 	C:\WINDOWS\System32\CRYPT32.dll
0x00007ffd762e0000 - 0x00007ffd7630e000 	C:\WINDOWS\SYSTEM32\ncrypt.dll
0x00007ffd762a0000 - 0x00007ffd762d7000 	C:\WINDOWS\SYSTEM32\NTASN1.dll
0x00007ffd10210000 - 0x00007ffd10218000 	C:\WINDOWS\system32\wshunix.dll

dbghelp: loaded successfully - version: 4.0.5 - missing functions: none
symbol engine: initialized successfully - sym options: 0x614 - pdb path: .;c:\Users\Alizha\.vscode\extensions\redhat.java-1.28.1-win32-x64\jre\17.0.10-win32-x86_64\bin;C:\WINDOWS\SYSTEM32;C:\WINDOWS\WinSxS\amd64_microsoft.windows.common-controls_6595b64144ccf1df_6.0.22621.2506_none_270c5ae97388e100;c:\Users\Alizha\.vscode\extensions\redhat.java-1.28.1-win32-x64\jre\17.0.10-win32-x86_64\bin\server;C:\Users\Alizha\AppData\Roaming\Code\User\globalStorage\redhat.java\1.28.1\config_win\org.eclipse.equinox.launcher\org.eclipse.equinox.launcher.win32.win32.x86_64_1.2.900.v20240129-1338;C:\Users\Alizha\AppData\Local\Temp\jna-1963883701;C:\Users\Alizha\.gradle\native\68d5fa5c4cc2d200863cafc0d521ce42e7d3e7ee720ec0a83991735586a16f82\windows-amd64

VM Arguments:
jvm_args: --add-modules=ALL-SYSTEM --add-opens=java.base/java.util=ALL-UNNAMED --add-opens=java.base/java.lang=ALL-UNNAMED --add-opens=java.base/sun.nio.fs=ALL-UNNAMED -Declipse.application=org.eclipse.jdt.ls.core.id1 -Dosgi.bundles.defaultStartLevel=4 -Declipse.product=org.eclipse.jdt.ls.core.product -Djava.import.generatesMetadataFilesAtProjectRoot=false -DDetectVMInstallationsJob.disabled=true -Dfile.encoding=utf8 -XX:+UseParallelGC -XX:GCTimeRatio=4 -XX:AdaptiveSizePolicyWeight=90 -Dsun.zip.disableMemoryMapping=true -Xmx1G -Xms100m -Xlog:disable -javaagent:c:\Users\Alizha\.vscode\extensions\redhat.java-1.28.1-win32-x64\lombok\lombok-1.18.31.jar -XX:+HeapDumpOnOutOfMemoryError -XX:HeapDumpPath=c:\Users\Alizha\AppData\Roaming\Code\User\workspaceStorage\6312f1796dccb5b7f2a5590d40df0f54\redhat.java -Daether.dependencyCollector.impl=bf 
java_command: c:\Users\Alizha\.vscode\extensions\redhat.java-1.28.1-win32-x64\server\plugins\org.eclipse.equinox.launcher_1.6.700.v20231214-2017.jar -configuration c:\Users\Alizha\AppData\Roaming\Code\User\globalStorage\redhat.java\1.28.1\config_win -data c:\Users\Alizha\AppData\Roaming\Code\User\workspaceStorage\6312f1796dccb5b7f2a5590d40df0f54\redhat.java\jdt_ws --stdio
java_class_path (initial): c:\Users\Alizha\.vscode\extensions\redhat.java-1.28.1-win32-x64\server\plugins\org.eclipse.equinox.launcher_1.6.700.v20231214-2017.jar
Launcher Type: SUN_STANDARD

[Global flags]
    uintx AdaptiveSizePolicyWeight                 = 90                                        {product} {command line}
     intx CICompilerCount                          = 4                                         {product} {ergonomic}
    uintx GCTimeRatio                              = 4                                         {product} {command line}
     bool HeapDumpOnOutOfMemoryError               = true                                   {manageable} {command line}
    ccstr HeapDumpPath                             = c:\Users\Alizha\AppData\Roaming\Code\User\workspaceStorage\6312f1796dccb5b7f2a5590d40df0f54\redhat.java         {manageable} {command line}
   size_t InitialHeapSize                          = 104857600                                 {product} {command line}
   size_t MaxHeapSize                              = 1073741824                                {product} {command line}
   size_t MaxNewSize                               = 357564416                                 {product} {ergonomic}
   size_t MinHeapDeltaBytes                        = 524288                                    {product} {ergonomic}
   size_t MinHeapSize                              = 104857600                                 {product} {command line}
   size_t NewSize                                  = 34603008                                  {product} {ergonomic}
    uintx NonNMethodCodeHeapSize                   = 5839372                                {pd product} {ergonomic}
    uintx NonProfiledCodeHeapSize                  = 122909434                              {pd product} {ergonomic}
   size_t OldSize                                  = 70254592                                  {product} {ergonomic}
    uintx ProfiledCodeHeapSize                     = 122909434                              {pd product} {ergonomic}
    uintx ReservedCodeCacheSize                    = 251658240                              {pd product} {ergonomic}
     bool SegmentedCodeCache                       = true                                      {product} {ergonomic}
   size_t SoftMaxHeapSize                          = 1073741824                             {manageable} {ergonomic}
     bool UseCompressedClassPointers               = true                           {product lp64_product} {ergonomic}
     bool UseCompressedOops                        = true                           {product lp64_product} {ergonomic}
     bool UseLargePagesIndividualAllocation        = false                                  {pd product} {ergonomic}
     bool UseParallelGC                            = true                                      {product} {command line}

Logging:
Log output configuration:
 #0: stdout all=off uptime,level,tags
 #1: stderr all=off uptime,level,tags

Environment Variables:
JAVA_HOME=C:\Program Files\Java\jdk-17
PATH=C:\Program Files\Common Files\Oracle\Java\javapath;C:\Program Files (x86)\Common Files\Oracle\Java\javapath;C:\Program Files\PostgreSQL\15\bin;C:\WINDOWS\system32;C:\WINDOWS;C:\WINDOWS\System32\Wbem;C:\WINDOWS\System32\WindowsPowerShell\v1.0\;C:\WINDOWS\System32\OpenSSH\;C:\Program Files\kotlinc\bin;C:\Program Files\PuTTY\;C:\Program Files\Git\cmd;C:\Program Files\Docker\Docker\resources\bin;C:\Program Files\Java\jdk-17;C:\Users\Alizha\AppData\Local\Programs\Python\Python39\Scripts\;C:\Users\Alizha\AppData\Local\Programs\Python\Python39\;C:\Users\Alizha\AppData\Local\Microsoft\WindowsApps;D:\Microsoft VS Code\bin;C:\Program Files\Git;C:\Users\Alizha\c sosi\MinGW\bin;C:\Users\Alizha\Flutter\flutter_windows_3.3.7-stable\flutter\bin;
USERNAME=Alizha
OS=Windows_NT
PROCESSOR_IDENTIFIER=AMD64 Family 23 Model 104 Stepping 1, AuthenticAMD
TMP=C:\Users\Alizha\AppData\Local\Temp
TEMP=C:\Users\Alizha\AppData\Local\Temp



Periodic native trim disabled


---------------  S Y S T E M  ---------------

OS:
 Windows 11 , 64 bit Build 22621 (10.0.22621.3085)
OS uptime: 0 days 18:42 hours
Hyper-V role detected

CPU: total 12 (initial active 12) (12 cores per cpu, 2 threads per core) family 23 model 104 stepping 1 microcode 0x0, cx8, cmov, fxsr, ht, mmx, 3dnowpref, sse, sse2, sse3, ssse3, sse4a, sse4.1, sse4.2, popcnt, lzcnt, tsc, tscinvbit, avx, avx2, aes, clmul, bmi1, bmi2, adx, sha, fma, vzeroupper, clflush, clflushopt, hv
Processor Information for processor 0
  Max Mhz: 2100, Current Mhz: 1893, Mhz Limit: 2100
Processor Information for processor 1
  Max Mhz: 2100, Current Mhz: 1813, Mhz Limit: 2100
Processor Information for processor 2
  Max Mhz: 2100, Current Mhz: 1893, Mhz Limit: 2100
Processor Information for processor 3
  Max Mhz: 2100, Current Mhz: 1893, Mhz Limit: 2100
Processor Information for processor 4
  Max Mhz: 2100, Current Mhz: 1893, Mhz Limit: 2100
Processor Information for processor 5
  Max Mhz: 2100, Current Mhz: 1893, Mhz Limit: 2100
Processor Information for processor 6
  Max Mhz: 2100, Current Mhz: 1893, Mhz Limit: 2100
Processor Information for processor 7
  Max Mhz: 2100, Current Mhz: 1893, Mhz Limit: 2100
Processor Information for processor 8
  Max Mhz: 2100, Current Mhz: 1893, Mhz Limit: 2100
Processor Information for processor 9
  Max Mhz: 2100, Current Mhz: 1893, Mhz Limit: 2100
Processor Information for processor 10
  Max Mhz: 2100, Current Mhz: 1893, Mhz Limit: 2100
Processor Information for processor 11
  Max Mhz: 2100, Current Mhz: 1893, Mhz Limit: 2100

Memory: 4k page, system-wide physical 6005M (166M free)
TotalPageFile size 24437M (AvailPageFile size 13M)
current process WorkingSet (physical memory assigned to process): 255M, peak: 259M
current process commit charge ("private bytes"): 343M, peak: 346M

vm_info: OpenJDK 64-Bit Server VM (17.0.10+7) for windows-amd64 JRE (17.0.10+7), built on Jan 16 2024 23:25:11 by "admin" with MS VC++ 16.10 / 16.11 (VS2019)

END.
