#
# There is insufficient memory for the Java Runtime Environment to continue.
# Native memory allocation (malloc) failed to allocate 168800 bytes for Chunk::new
# Possible reasons:
#   The system is out of physical RAM or swap space
#   The process is running with CompressedOops enabled, and the Java Heap may be blocking the growth of the native heap
# Possible solutions:
#   Reduce memory load on the system
#   Increase physical memory or swap space
#   Check if swap backing store is full
#   Decrease Java heap size (-Xmx/-Xms)
#   Decrease number of Java threads
#   Decrease Java thread stack sizes (-Xss)
#   Set larger code cache with -XX:ReservedCodeCacheSize=
#   JVM is running with Unscaled Compressed Oops mode in which the Java heap is
#     placed in the first 4GB address space. The Java Heap base address is the
#     maximum limit for the native heap growth. Please use -XX:HeapBaseMinAddress
#     to set the Java Heap base and to place the Java Heap above 4GB virtual address.
# This output file may be truncated or incomplete.
#
#  Out of Memory Error (arena.cpp:191), pid=15240, tid=30544
#
# JRE version: OpenJDK Runtime Environment Temurin-17.0.9+9 (17.0.9+9) (build 17.0.9+9)
# Java VM: OpenJDK 64-Bit Server VM Temurin-17.0.9+9 (17.0.9+9, mixed mode, tiered, compressed oops, compressed class ptrs, parallel gc, windows-amd64)
# No core dump will be written. Minidumps are not enabled by default on client versions of Windows
#

---------------  S U M M A R Y ------------

Command Line: --add-modules=ALL-SYSTEM --add-opens=java.base/java.util=ALL-UNNAMED --add-opens=java.base/java.lang=ALL-UNNAMED --add-opens=java.base/sun.nio.fs=ALL-UNNAMED -Declipse.application=org.eclipse.jdt.ls.core.id1 -Dosgi.bundles.defaultStartLevel=4 -Declipse.product=org.eclipse.jdt.ls.core.product -Djava.import.generatesMetadataFilesAtProjectRoot=false -DDetectVMInstallationsJob.disabled=true -Dfile.encoding=utf8 -XX:+UseParallelGC -XX:GCTimeRatio=4 -XX:AdaptiveSizePolicyWeight=90 -Dsun.zip.disableMemoryMapping=true -Xmx1G -Xms100m -Xlog:disable -javaagent:c:\Users\Alizha\.vscode\extensions\redhat.java-1.25.1-win32-x64\lombok\lombok-1.18.30.jar -XX:+HeapDumpOnOutOfMemoryError -XX:HeapDumpPath=c:\Users\Alizha\AppData\Roaming\Code\User\workspaceStorage\6312f1796dccb5b7f2a5590d40df0f54\redhat.java -Daether.dependencyCollector.impl=bf c:\Users\Alizha\.vscode\extensions\redhat.java-1.25.1-win32-x64\server\plugins\org.eclipse.equinox.launcher_1.6.600.v20231106-1826.jar -configuration c:\Users\Alizha\AppData\Roaming\Code\User\globalStorage\redhat.java\1.25.1\config_win -data c:\Users\Alizha\AppData\Roaming\Code\User\workspaceStorage\6312f1796dccb5b7f2a5590d40df0f54\redhat.java\jdt_ws --stdio

Host: AMD Ryzen 5 5500U with Radeon Graphics         , 12 cores, 5G,  Windows 11 , 64 bit Build 22621 (10.0.22621.2506)
Time: Fri Dec  8 16:41:16 2023 SE Asia Standard Time elapsed time: 4.288227 seconds (0d 0h 0m 4s)

---------------  T H R E A D  ---------------

Current thread (0x000001b395f93ee0):  JavaThread "C2 CompilerThread0" daemon [_thread_in_native, id=30544, stack(0x0000006370f00000,0x0000006371000000)]


Current CompileTask:
C2:   4288 1028       4       java.util.HashMap::put (13 bytes)

Stack: [0x0000006370f00000,0x0000006371000000]
Native frames: (J=compiled Java code, j=interpreted, Vv=VM code, C=native code)
V  [jvm.dll+0x67cf49]
V  [jvm.dll+0x83478a]
V  [jvm.dll+0x83624e]
V  [jvm.dll+0x8368b3]
V  [jvm.dll+0x247f1f]
V  [jvm.dll+0xac43c]
V  [jvm.dll+0xaca8c]
V  [jvm.dll+0x367067]
V  [jvm.dll+0x3313ba]
V  [jvm.dll+0x33085a]
V  [jvm.dll+0x21a5b1]
V  [jvm.dll+0x2199d1]
V  [jvm.dll+0x1a57cd]
V  [jvm.dll+0x2297ae]
V  [jvm.dll+0x22797c]
V  [jvm.dll+0x7e9877]
V  [jvm.dll+0x7e3c3a]
V  [jvm.dll+0x67be35]
C  [ucrtbase.dll+0x29363]
C  [KERNEL32.DLL+0x1257d]
C  [ntdll.dll+0x5aa58]


---------------  P R O C E S S  ---------------

Threads class SMR info:
_java_thread_list=0x000001b3962be050, length=12, elements={
0x000001b3fb118ac0, 0x000001b3ffee7030, 0x000001b3ffee9de0, 0x000001b395f8df20,
0x000001b395f8ebb0, 0x000001b395f8f940, 0x000001b395f93230, 0x000001b395f93ee0,
0x000001b395fe9320, 0x000001b396003fc0, 0x000001b396082150, 0x000001b3977c8210
}

Java Threads: ( => current thread )
  0x000001b3fb118ac0 JavaThread "main" [_thread_in_vm, id=26172, stack(0x0000006370600000,0x0000006370700000)]
  0x000001b3ffee7030 JavaThread "Reference Handler" daemon [_thread_blocked, id=10760, stack(0x0000006370900000,0x0000006370a00000)]
  0x000001b3ffee9de0 JavaThread "Finalizer" daemon [_thread_blocked, id=12076, stack(0x0000006370a00000,0x0000006370b00000)]
  0x000001b395f8df20 JavaThread "Signal Dispatcher" daemon [_thread_blocked, id=26724, stack(0x0000006370b00000,0x0000006370c00000)]
  0x000001b395f8ebb0 JavaThread "Attach Listener" daemon [_thread_blocked, id=20360, stack(0x0000006370c00000,0x0000006370d00000)]
  0x000001b395f8f940 JavaThread "Service Thread" daemon [_thread_blocked, id=26204, stack(0x0000006370d00000,0x0000006370e00000)]
  0x000001b395f93230 JavaThread "Monitor Deflation Thread" daemon [_thread_blocked, id=7032, stack(0x0000006370e00000,0x0000006370f00000)]
=>0x000001b395f93ee0 JavaThread "C2 CompilerThread0" daemon [_thread_in_native, id=30544, stack(0x0000006370f00000,0x0000006371000000)]
  0x000001b395fe9320 JavaThread "C1 CompilerThread0" daemon [_thread_blocked, id=29700, stack(0x0000006371000000,0x0000006371100000)]
  0x000001b396003fc0 JavaThread "Sweeper thread" daemon [_thread_blocked, id=32100, stack(0x0000006371100000,0x0000006371200000)]
  0x000001b396082150 JavaThread "Common-Cleaner" daemon [_thread_blocked, id=29540, stack(0x0000006371200000,0x0000006371300000)]
  0x000001b3977c8210 JavaThread "Notification Thread" daemon [_thread_blocked, id=14668, stack(0x0000006371300000,0x0000006371400000)]

Other Threads:
  0x000001b3fb1be9d0 VMThread "VM Thread" [stack: 0x0000006370800000,0x0000006370900000] [id=16616]
  0x000001b39629e6e0 WatcherThread [stack: 0x0000006371400000,0x0000006371500000] [id=15116]
  0x000001b3fb12c590 GCTaskThread "GC Thread#0" [stack: 0x0000006370700000,0x0000006370800000] [id=29608]
  0x000001b397d57140 GCTaskThread "GC Thread#1" [stack: 0x0000006371500000,0x0000006371600000] [id=15432]
  0x000001b397d2ab20 GCTaskThread "GC Thread#2" [stack: 0x0000006371600000,0x0000006371700000] [id=29012]
  0x000001b397d2ade0 GCTaskThread "GC Thread#3" [stack: 0x0000006371700000,0x0000006371800000] [id=27268]
  0x000001b397d2b0a0 GCTaskThread "GC Thread#4" [stack: 0x0000006371800000,0x0000006371900000] [id=10296]
  0x000001b397d2b360 GCTaskThread "GC Thread#5" [stack: 0x0000006371900000,0x0000006371a00000] [id=27688]
  0x000001b397d2b620 GCTaskThread "GC Thread#6" [stack: 0x0000006371a00000,0x0000006371b00000] [id=20748]

Threads with active compile tasks:
C2 CompilerThread0     4334 1028       4       java.util.HashMap::put (13 bytes)

VM state: not at safepoint (normal execution)

VM Mutex/Monitor currently owned by a thread: None

Heap address: 0x00000000c0000000, size: 1024 MB, Compressed Oops mode: 32-bit

CDS archive(s) not mapped
Compressed class space mapped at: 0x0000000100000000-0x0000000140000000, reserved size: 1073741824
Narrow klass base: 0x0000000000000000, Narrow klass shift: 3, Narrow klass range: 0x140000000

GC Precious Log:
 CPUs: 12 total, 12 available
 Memory: 6005M
 Large Page Support: Disabled
 NUMA Support: Disabled
 Compressed Oops: Enabled (32-bit)
 Alignments: Space 512K, Generation 512K, Heap 2M
 Heap Min Capacity: 100M
 Heap Initial Capacity: 100M
 Heap Max Capacity: 1G
 Pre-touch: Disabled
 Parallel Workers: 10

Heap:
 PSYoungGen      total 29696K, used 5465K [0x00000000eab00000, 0x00000000ecc00000, 0x0000000100000000)
  eden space 25600K, 8% used [0x00000000eab00000,0x00000000ead3f450,0x00000000ec400000)
  from space 4096K, 77% used [0x00000000ec400000,0x00000000ec7170b0,0x00000000ec800000)
  to   space 4096K, 0% used [0x00000000ec800000,0x00000000ec800000,0x00000000ecc00000)
 ParOldGen       total 68608K, used 16K [0x00000000c0000000, 0x00000000c4300000, 0x00000000eab00000)
  object space 68608K, 0% used [0x00000000c0000000,0x00000000c0004000,0x00000000c4300000)
 Metaspace       used 11446K, committed 11648K, reserved 1114112K
  class space    used 1142K, committed 1216K, reserved 1048576K

Card table byte_map: [0x000001b3ff760000,0x000001b3ff970000] _byte_map_base: 0x000001b3ff160000

Marking Bits: (ParMarkBitMap*) 0x00007ff8bdf9d0b0
 Begin Bits: [0x000001b38f000000, 0x000001b390000000)
 End Bits:   [0x000001b390000000, 0x000001b391000000)

Polling page: 0x000001b3fb1c0000

Metaspace:

Usage:
  Non-class:     10.06 MB used.
      Class:      1.12 MB used.
       Both:     11.18 MB used.

Virtual space:
  Non-class space:       64.00 MB reserved,      10.19 MB ( 16%) committed,  1 nodes.
      Class space:        1.00 GB reserved,       1.19 MB ( <1%) committed,  1 nodes.
             Both:        1.06 GB reserved,      11.38 MB (  1%) committed. 

Chunk freelists:
   Non-Class:  4.92 MB
       Class:  14.66 MB
        Both:  19.58 MB

MaxMetaspaceSize: unlimited
CompressedClassSpaceSize: 1.00 GB
Initial GC threshold: 21.00 MB
Current GC threshold: 21.00 MB
CDS: off
MetaspaceReclaimPolicy: balanced
 - commit_granule_bytes: 65536.
 - commit_granule_words: 8192.
 - virtual_space_node_default_size: 8388608.
 - enlarge_chunks_in_place: 1.
 - new_chunks_are_fully_committed: 0.
 - uncommit_free_chunks: 1.
 - use_allocation_guard: 0.
 - handle_deallocations: 1.


Internal statistics:

num_allocs_failed_limit: 0.
num_arena_births: 30.
num_arena_deaths: 0.
num_vsnodes_births: 2.
num_vsnodes_deaths: 0.
num_space_committed: 182.
num_space_uncommitted: 0.
num_chunks_returned_to_freelist: 0.
num_chunks_taken_from_freelist: 118.
num_chunk_merges: 0.
num_chunk_splits: 77.
num_chunks_enlarged: 65.
num_inconsistent_stats: 0.

CodeHeap 'non-profiled nmethods': size=120000Kb used=390Kb max_used=390Kb free=119609Kb
 bounds [0x000001b387ad0000, 0x000001b387d40000, 0x000001b38f000000]
CodeHeap 'profiled nmethods': size=120000Kb used=1826Kb max_used=1826Kb free=118173Kb
 bounds [0x000001b380000000, 0x000001b380270000, 0x000001b387530000]
CodeHeap 'non-nmethods': size=5760Kb used=1146Kb max_used=1167Kb free=4614Kb
 bounds [0x000001b387530000, 0x000001b3877a0000, 0x000001b387ad0000]
 total_blobs=1475 nmethods=1038 adapters=352
 compilation: enabled
              stopped_count=0, restarted_count=0
 full_count=0

Compilation events (20 events):
Event: 4.265 Thread 0x000001b395fe9320 nmethod 1021 0x000001b3801bf310 code [0x000001b3801bf4a0, 0x000001b3801bf6b8]
Event: 4.265 Thread 0x000001b395fe9320 1022       3       jdk.internal.org.objectweb.asm.ByteVector::putByteArray (49 bytes)
Event: 4.266 Thread 0x000001b395fe9320 nmethod 1022 0x000001b3801bf790 code [0x000001b3801bf940, 0x000001b3801bfc18]
Event: 4.266 Thread 0x000001b395fe9320 1023       3       java.lang.invoke.LambdaForm::uncustomize (57 bytes)
Event: 4.267 Thread 0x000001b395fe9320 nmethod 1023 0x000001b3801bfd10 code [0x000001b3801bfec0, 0x000001b3801c01c8]
Event: 4.269 Thread 0x000001b395fe9320 1024       3       java.lang.invoke.MemberName::isResolved (13 bytes)
Event: 4.270 Thread 0x000001b395fe9320 nmethod 1024 0x000001b3801c0310 code [0x000001b3801c04a0, 0x000001b3801c0618]
Event: 4.272 Thread 0x000001b395fe9320 1025       3       java.io.DataInputStream::readBoolean (13 bytes)
Event: 4.272 Thread 0x000001b395fe9320 nmethod 1025 0x000001b3801c0690 code [0x000001b3801c0860, 0x000001b3801c0b98]
Event: 4.272 Thread 0x000001b395fe9320 1026       3       java.io.DataInputStream::readUnsignedByte (22 bytes)
Event: 4.272 Thread 0x000001b395f93ee0 1028       4       java.util.HashMap::put (13 bytes)
Event: 4.272 Thread 0x000001b395fe9320 nmethod 1026 0x000001b3801c0d10 code [0x000001b3801c0ec0, 0x000001b3801c1138]
Event: 4.272 Thread 0x000001b395fe9320 1027       1       org.eclipse.osgi.storage.BundleInfo$Generation::getBundleInfo (5 bytes)
Event: 4.273 Thread 0x000001b395fe9320 nmethod 1027 0x000001b387b31290 code [0x000001b387b31420, 0x000001b387b314f8]
Event: 4.273 Thread 0x000001b395fe9320 1029       3       java.util.Collections::unmodifiableList (47 bytes)
Event: 4.274 Thread 0x000001b395fe9320 nmethod 1029 0x000001b3801c1210 code [0x000001b3801c1440, 0x000001b3801c1d78]
Event: 4.274 Thread 0x000001b395fe9320 1030       3       java.util.Collections$UnmodifiableRandomAccessList::<init> (6 bytes)
Event: 4.274 Thread 0x000001b395fe9320 nmethod 1030 0x000001b3801c2010 code [0x000001b3801c21e0, 0x000001b3801c2548]
Event: 4.275 Thread 0x000001b395fe9320 1031   !   3       java.util.zip.ZipFile$Source::readFullyAt (74 bytes)
Event: 4.276 Thread 0x000001b395fe9320 nmethod 1031 0x000001b3801c2690 code [0x000001b3801c2880, 0x000001b3801c2e48]

GC Heap History (2 events):
Event: 4.040 GC heap before
{Heap before GC invocations=1 (full 0):
 PSYoungGen      total 29696K, used 25600K [0x00000000eab00000, 0x00000000ecc00000, 0x0000000100000000)
  eden space 25600K, 100% used [0x00000000eab00000,0x00000000ec400000,0x00000000ec400000)
  from space 4096K, 0% used [0x00000000ec800000,0x00000000ec800000,0x00000000ecc00000)
  to   space 4096K, 0% used [0x00000000ec400000,0x00000000ec400000,0x00000000ec800000)
 ParOldGen       total 68608K, used 0K [0x00000000c0000000, 0x00000000c4300000, 0x00000000eab00000)
  object space 68608K, 0% used [0x00000000c0000000,0x00000000c0000000,0x00000000c4300000)
 Metaspace       used 11025K, committed 11200K, reserved 1114112K
  class space    used 1099K, committed 1216K, reserved 1048576K
}
Event: 4.112 GC heap after
{Heap after GC invocations=1 (full 0):
 PSYoungGen      total 29696K, used 3164K [0x00000000eab00000, 0x00000000ecc00000, 0x0000000100000000)
  eden space 25600K, 0% used [0x00000000eab00000,0x00000000eab00000,0x00000000ec400000)
  from space 4096K, 77% used [0x00000000ec400000,0x00000000ec7170b0,0x00000000ec800000)
  to   space 4096K, 0% used [0x00000000ec800000,0x00000000ec800000,0x00000000ecc00000)
 ParOldGen       total 68608K, used 16K [0x00000000c0000000, 0x00000000c4300000, 0x00000000eab00000)
  object space 68608K, 0% used [0x00000000c0000000,0x00000000c0004000,0x00000000c4300000)
 Metaspace       used 11025K, committed 11200K, reserved 1114112K
  class space    used 1099K, committed 1216K, reserved 1048576K
}

Dll operation events (8 events):
Event: 0.087 Loaded shared library c:\Users\Alizha\.vscode\extensions\redhat.java-1.25.1-win32-x64\jre\17.0.9-win32-x86_64\bin\java.dll
Event: 0.873 Loaded shared library c:\Users\Alizha\.vscode\extensions\redhat.java-1.25.1-win32-x64\jre\17.0.9-win32-x86_64\bin\zip.dll
Event: 0.879 Loaded shared library C:\Users\Alizha\.vscode\extensions\redhat.java-1.25.1-win32-x64\jre\17.0.9-win32-x86_64\bin\instrument.dll
Event: 0.952 Loaded shared library C:\Users\Alizha\.vscode\extensions\redhat.java-1.25.1-win32-x64\jre\17.0.9-win32-x86_64\bin\net.dll
Event: 0.961 Loaded shared library C:\Users\Alizha\.vscode\extensions\redhat.java-1.25.1-win32-x64\jre\17.0.9-win32-x86_64\bin\nio.dll
Event: 0.984 Loaded shared library C:\Users\Alizha\.vscode\extensions\redhat.java-1.25.1-win32-x64\jre\17.0.9-win32-x86_64\bin\zip.dll
Event: 1.100 Loaded shared library C:\Users\Alizha\.vscode\extensions\redhat.java-1.25.1-win32-x64\jre\17.0.9-win32-x86_64\bin\jimage.dll
Event: 1.325 Loaded shared library c:\Users\Alizha\.vscode\extensions\redhat.java-1.25.1-win32-x64\jre\17.0.9-win32-x86_64\bin\verify.dll

Deoptimization events (20 events):
Event: 3.813 Thread 0x000001b3fb118ac0 Uncommon trap: trap_request=0xffffffde fr.pc=0x000001b387afa30c relative=0x00000000000001ec
Event: 3.813 Thread 0x000001b3fb118ac0 Uncommon trap: reason=class_check action=maybe_recompile pc=0x000001b387afa30c method=java.util.Collections$UnmodifiableCollection$1.next()Ljava/lang/Object; @ 4 c2
Event: 3.813 Thread 0x000001b3fb118ac0 DEOPT PACKING pc=0x000001b387afa30c sp=0x00000063706fe0b0
Event: 3.813 Thread 0x000001b3fb118ac0 DEOPT UNPACKING pc=0x000001b3875866a3 sp=0x00000063706fe060 mode 2
Event: 3.817 Thread 0x000001b3fb118ac0 Uncommon trap: trap_request=0xffffffde fr.pc=0x000001b387b06610 relative=0x0000000000000530
Event: 3.817 Thread 0x000001b3fb118ac0 Uncommon trap: reason=class_check action=maybe_recompile pc=0x000001b387b06610 method=java.util.Collections$UnmodifiableCollection$1.<init>(Ljava/util/Collections$UnmodifiableCollection;)V @ 17 c2
Event: 3.817 Thread 0x000001b3fb118ac0 DEOPT PACKING pc=0x000001b387b06610 sp=0x00000063706fe020
Event: 3.817 Thread 0x000001b3fb118ac0 DEOPT UNPACKING pc=0x000001b3875866a3 sp=0x00000063706fdf68 mode 2
Event: 3.817 Thread 0x000001b3fb118ac0 Uncommon trap: trap_request=0xffffff45 fr.pc=0x000001b387b1a6e4 relative=0x0000000000000244
Event: 3.817 Thread 0x000001b3fb118ac0 Uncommon trap: reason=unstable_if action=reinterpret pc=0x000001b387b1a6e4 method=java.util.HashMap.hash(Ljava/lang/Object;)I @ 1 c2
Event: 3.817 Thread 0x000001b3fb118ac0 DEOPT PACKING pc=0x000001b387b1a6e4 sp=0x00000063706fdf90
Event: 3.817 Thread 0x000001b3fb118ac0 DEOPT UNPACKING pc=0x000001b3875866a3 sp=0x00000063706fde88 mode 2
Event: 3.817 Thread 0x000001b3fb118ac0 Uncommon trap: trap_request=0xffffff45 fr.pc=0x000001b387b12214 relative=0x0000000000000094
Event: 3.817 Thread 0x000001b3fb118ac0 Uncommon trap: reason=unstable_if action=reinterpret pc=0x000001b387b12214 method=java.util.HashMap.hash(Ljava/lang/Object;)I @ 1 c2
Event: 3.817 Thread 0x000001b3fb118ac0 DEOPT PACKING pc=0x000001b387b12214 sp=0x00000063706fdff0
Event: 3.817 Thread 0x000001b3fb118ac0 DEOPT UNPACKING pc=0x000001b3875866a3 sp=0x00000063706fdf88 mode 2
Event: 3.817 Thread 0x000001b3fb118ac0 Uncommon trap: trap_request=0xffffffde fr.pc=0x000001b387b06610 relative=0x0000000000000530
Event: 3.818 Thread 0x000001b3fb118ac0 Uncommon trap: reason=class_check action=maybe_recompile pc=0x000001b387b06610 method=java.util.Collections$UnmodifiableCollection$1.<init>(Ljava/util/Collections$UnmodifiableCollection;)V @ 17 c2
Event: 3.818 Thread 0x000001b3fb118ac0 DEOPT PACKING pc=0x000001b387b06610 sp=0x00000063706fe020
Event: 3.818 Thread 0x000001b3fb118ac0 DEOPT UNPACKING pc=0x000001b3875866a3 sp=0x00000063706fdf68 mode 2

Classes unloaded (0 events):
No events

Classes redefined (0 events):
No events

Internal exceptions (20 events):
Event: 2.834 Thread 0x000001b3fb118ac0 Exception <a 'java/io/FileNotFoundException'{0x00000000eb865828}> (0x00000000eb865828) 
thrown [s\src\hotspot\share\prims\jni.cpp, line 516]
Event: 2.834 Thread 0x000001b3fb118ac0 Exception <a 'java/io/FileNotFoundException'{0x00000000eb866538}> (0x00000000eb866538) 
thrown [s\src\hotspot\share\prims\jni.cpp, line 516]
Event: 2.835 Thread 0x000001b3fb118ac0 Exception <a 'java/io/FileNotFoundException'{0x00000000eb867228}> (0x00000000eb867228) 
thrown [s\src\hotspot\share\prims\jni.cpp, line 516]
Event: 2.835 Thread 0x000001b3fb118ac0 Exception <a 'java/io/FileNotFoundException'{0x00000000eb867ee8}> (0x00000000eb867ee8) 
thrown [s\src\hotspot\share\prims\jni.cpp, line 516]
Event: 2.887 Thread 0x000001b3fb118ac0 Implicit null exception at 0x000001b387af3e72 to 0x000001b387af4390
Event: 2.888 Thread 0x000001b3fb118ac0 Implicit null exception at 0x000001b387af49f2 to 0x000001b387af4f20
Event: 2.920 Thread 0x000001b3fb118ac0 Exception <a 'java/io/FileNotFoundException'{0x00000000eb8a0d40}> (0x00000000eb8a0d40) 
thrown [s\src\hotspot\share\prims\jni.cpp, line 516]
Event: 3.657 Thread 0x000001b3fb118ac0 Exception <a 'java/lang/ClassNotFoundException'{0x00000000ec0a6d98}: sun/net/www/protocol/c/Handler> (0x00000000ec0a6d98) 
thrown [s\src\hotspot\share\classfile\systemDictionary.cpp, line 256]
Event: 3.657 Thread 0x000001b3fb118ac0 Exception <a 'java/lang/ClassNotFoundException'{0x00000000ec0a8108}: sun/net/www/protocol/c/Handler> (0x00000000ec0a8108) 
thrown [s\src\hotspot\share\classfile\systemDictionary.cpp, line 256]
Event: 3.658 Thread 0x000001b3fb118ac0 Exception <a 'java/lang/ClassNotFoundException'{0x00000000ec0a92d0}: sun/net/www/protocol/c/Handler> (0x00000000ec0a92d0) 
thrown [s\src\hotspot\share\classfile\systemDictionary.cpp, line 256]
Event: 3.690 Thread 0x000001b3fb118ac0 Exception <a 'java/io/FileNotFoundException'{0x00000000ec0cfd38}> (0x00000000ec0cfd38) 
thrown [s\src\hotspot\share\prims\jni.cpp, line 516]
Event: 3.817 Thread 0x000001b3fb118ac0 Implicit null exception at 0x000001b387b1a4ec to 0x000001b387b1a6cc
Event: 3.817 Thread 0x000001b3fb118ac0 Implicit null exception at 0x000001b387b1218f to 0x000001b387b12205
Event: 3.982 Thread 0x000001b3fb118ac0 Exception <a 'java/lang/NoSuchMethodError'{0x00000000ec39a0a8}: 'int java.lang.invoke.DirectMethodHandle$Holder.invokeStaticInit(java.lang.Object, java.lang.Object, java.lang.Object, java.lang.Object)'> (0x00000000ec39a0a8) 
thrown [s\src\hotspot\share\interpreter\linkResolver.cpp, line 759]
Event: 3.991 Thread 0x000001b3fb118ac0 Exception <a 'java/lang/NoSuchMethodError'{0x00000000ec3a4718}: 'java.lang.Object java.lang.invoke.DirectMethodHandle$Holder.invokeInterface(java.lang.Object, java.lang.Object)'> (0x00000000ec3a4718) 
thrown [s\src\hotspot\share\interpreter\linkResolver.cpp, line 759]
Event: 3.995 Thread 0x000001b3fb118ac0 Exception <a 'java/lang/IncompatibleClassChangeError'{0x00000000ec3a7f10}: Found class java.lang.Object, but interface was expected> (0x00000000ec3a7f10) 
thrown [s\src\hotspot\share\interpreter\linkResolver.cpp, line 826]
Event: 4.000 Thread 0x000001b3fb118ac0 Exception <a 'java/lang/NoSuchMethodError'{0x00000000ec3ac408}: 'void java.lang.invoke.DirectMethodHandle$Holder.invokeStatic(java.lang.Object, java.lang.Object)'> (0x00000000ec3ac408) 
thrown [s\src\hotspot\share\interpreter\linkResolver.cpp, line 759]
Event: 4.009 Thread 0x000001b3fb118ac0 Exception <a 'java/lang/NoSuchMethodError'{0x00000000ec3afc08}: 'void java.lang.invoke.DirectMethodHandle$Holder.invokeStaticInit(java.lang.Object, java.lang.Object)'> (0x00000000ec3afc08) 
thrown [s\src\hotspot\share\interpreter\linkResolver.cpp, line 759]
Event: 4.013 Thread 0x000001b3fb118ac0 Exception <a 'java/lang/NoSuchMethodError'{0x00000000ec3b7020}: 'int java.lang.invoke.DirectMethodHandle$Holder.invokeStaticInit(java.lang.Object, java.lang.Object)'> (0x00000000ec3b7020) 
thrown [s\src\hotspot\share\interpreter\linkResolver.cpp, line 759]
Event: 4.262 Thread 0x000001b3fb118ac0 Exception <a 'java/lang/NoSuchMethodError'{0x00000000eac3ff00}: 'void java.lang.invoke.DirectMethodHandle$Holder.invokeSpecial(java.lang.Object, java.lang.Object, java.lang.Object)'> (0x00000000eac3ff00) 
thrown [s\src\hotspot\share\interpreter\linkResolver.cpp, line 759]

VM Operations (16 events):
Event: 0.814 Executing VM operation: HandshakeAllThreads
Event: 0.814 Executing VM operation: HandshakeAllThreads done
Event: 1.154 Executing VM operation: HandshakeAllThreads
Event: 1.154 Executing VM operation: HandshakeAllThreads done
Event: 2.159 Executing VM operation: Cleanup
Event: 2.160 Executing VM operation: Cleanup done
Event: 2.700 Executing VM operation: HandshakeAllThreads
Event: 2.700 Executing VM operation: HandshakeAllThreads done
Event: 2.804 Executing VM operation: HandshakeAllThreads
Event: 2.804 Executing VM operation: HandshakeAllThreads done
Event: 3.609 Executing VM operation: HandshakeAllThreads
Event: 3.609 Executing VM operation: HandshakeAllThreads done
Event: 3.609 Executing VM operation: Cleanup
Event: 3.609 Executing VM operation: Cleanup done
Event: 4.040 Executing VM operation: ParallelGCFailedAllocation
Event: 4.112 Executing VM operation: ParallelGCFailedAllocation done

Events (20 events):
Event: 4.152 loading class sun/nio/ch/FileKey
Event: 4.152 loading class sun/nio/ch/FileKey done
Event: 4.153 loading class sun/nio/ch/FileLockTable$FileLockReference
Event: 4.153 loading class sun/nio/ch/FileLockTable$FileLockReference done
Event: 4.164 loading class java/util/function/IntUnaryOperator
Event: 4.164 loading class java/util/function/IntUnaryOperator done
Event: 4.167 loading class java/io/DeleteOnExitHook
Event: 4.167 loading class java/io/DeleteOnExitHook done
Event: 4.167 loading class java/io/DeleteOnExitHook$1
Event: 4.167 loading class java/io/DeleteOnExitHook$1 done
Event: 4.168 loading class java/lang/Shutdown
Event: 4.168 loading class java/lang/Shutdown done
Event: 4.168 loading class java/lang/Shutdown$Lock
Event: 4.168 loading class java/lang/Shutdown$Lock done
Event: 4.169 loading class java/util/ComparableTimSort
Event: 4.170 loading class java/util/ComparableTimSort done
Event: 4.199 loading class java/io/DataInputStream
Event: 4.212 loading class java/io/DataInputStream done
Event: 4.266 loading class java/lang/invoke/DirectMethodHandle$Special
Event: 4.266 loading class java/lang/invoke/DirectMethodHandle$Special done


Dynamic libraries:
0x00007ff7af120000 - 0x00007ff7af12e000 	c:\Users\Alizha\.vscode\extensions\redhat.java-1.25.1-win32-x64\jre\17.0.9-win32-x86_64\bin\java.exe
0x00007ff950450000 - 0x00007ff950667000 	C:\WINDOWS\SYSTEM32\ntdll.dll
0x00007ff94e980000 - 0x00007ff94ea44000 	C:\WINDOWS\System32\KERNEL32.DLL
0x00007ff94d9d0000 - 0x00007ff94dd75000 	C:\WINDOWS\System32\KERNELBASE.dll
0x00007ff94a550000 - 0x00007ff94a5e7000 	C:\WINDOWS\SYSTEM32\apphelp.dll
0x00007ff94de00000 - 0x00007ff94df11000 	C:\WINDOWS\System32\ucrtbase.dll
0x00007ff920480000 - 0x00007ff920497000 	c:\Users\Alizha\.vscode\extensions\redhat.java-1.25.1-win32-x64\jre\17.0.9-win32-x86_64\bin\jli.dll
0x00007ff94edf0000 - 0x00007ff94ef9e000 	C:\WINDOWS\System32\USER32.dll
0x00007ff94d7c0000 - 0x00007ff94d7e6000 	C:\WINDOWS\System32\win32u.dll
0x00007ff9503e0000 - 0x00007ff950409000 	C:\WINDOWS\System32\GDI32.dll
0x00007ff94e080000 - 0x00007ff94e199000 	C:\WINDOWS\System32\gdi32full.dll
0x00007ff94dfe0000 - 0x00007ff94e07a000 	C:\WINDOWS\System32\msvcp_win.dll
0x00007ff9242d0000 - 0x00007ff9242eb000 	c:\Users\Alizha\.vscode\extensions\redhat.java-1.25.1-win32-x64\jre\17.0.9-win32-x86_64\bin\VCRUNTIME140.dll
0x00007ff930830000 - 0x00007ff930ac3000 	C:\WINDOWS\WinSxS\amd64_microsoft.windows.common-controls_6595b64144ccf1df_6.0.22621.2506_none_270c5ae97388e100\COMCTL32.dll
0x00007ff94fda0000 - 0x00007ff94fe47000 	C:\WINDOWS\System32\msvcrt.dll
0x00007ff94f490000 - 0x00007ff94f4c1000 	C:\WINDOWS\System32\IMM32.DLL
0x00007ff940890000 - 0x00007ff94089c000 	c:\Users\Alizha\.vscode\extensions\redhat.java-1.25.1-win32-x64\jre\17.0.9-win32-x86_64\bin\vcruntime140_1.dll
0x00007ff90be50000 - 0x00007ff90bedd000 	c:\Users\Alizha\.vscode\extensions\redhat.java-1.25.1-win32-x64\jre\17.0.9-win32-x86_64\bin\msvcp140.dll
0x00007ff8bd400000 - 0x00007ff8be061000 	c:\Users\Alizha\.vscode\extensions\redhat.java-1.25.1-win32-x64\jre\17.0.9-win32-x86_64\bin\server\jvm.dll
0x00007ff94f320000 - 0x00007ff94f3d1000 	C:\WINDOWS\System32\ADVAPI32.dll
0x00007ff94f3e0000 - 0x00007ff94f486000 	C:\WINDOWS\System32\sechost.dll
0x00007ff94ecd0000 - 0x00007ff94ede7000 	C:\WINDOWS\System32\RPCRT4.dll
0x00007ff94d5e0000 - 0x00007ff94d62d000 	C:\WINDOWS\SYSTEM32\POWRPROF.dll
0x00007ff9256b0000 - 0x00007ff9256b9000 	C:\WINDOWS\SYSTEM32\WSOCK32.dll
0x00007ff94ec50000 - 0x00007ff94ecc1000 	C:\WINDOWS\System32\WS2_32.dll
0x00007ff9454c0000 - 0x00007ff9454f4000 	C:\WINDOWS\SYSTEM32\WINMM.dll
0x00007ff943820000 - 0x00007ff94382a000 	C:\WINDOWS\SYSTEM32\VERSION.dll
0x00007ff94d4c0000 - 0x00007ff94d4d3000 	C:\WINDOWS\SYSTEM32\UMPDC.dll
0x00007ff94c730000 - 0x00007ff94c748000 	C:\WINDOWS\SYSTEM32\kernel.appcore.dll
0x00007ff93fe40000 - 0x00007ff93fe4a000 	c:\Users\Alizha\.vscode\extensions\redhat.java-1.25.1-win32-x64\jre\17.0.9-win32-x86_64\bin\jimage.dll
0x00007ff94b2c0000 - 0x00007ff94b4f3000 	C:\WINDOWS\SYSTEM32\DBGHELP.DLL
0x00007ff94fe50000 - 0x00007ff9501d9000 	C:\WINDOWS\System32\combase.dll
0x00007ff94e8a0000 - 0x00007ff94e977000 	C:\WINDOWS\System32\OLEAUT32.dll
0x00007ff938130000 - 0x00007ff938162000 	C:\WINDOWS\SYSTEM32\dbgcore.DLL
0x00007ff94dd80000 - 0x00007ff94ddfa000 	C:\WINDOWS\System32\bcryptPrimitives.dll
0x00007ff93cd60000 - 0x00007ff93cd6e000 	c:\Users\Alizha\.vscode\extensions\redhat.java-1.25.1-win32-x64\jre\17.0.9-win32-x86_64\bin\instrument.dll
0x00007ff91b9a0000 - 0x00007ff91b9c5000 	c:\Users\Alizha\.vscode\extensions\redhat.java-1.25.1-win32-x64\jre\17.0.9-win32-x86_64\bin\java.dll
0x00007ff91c4d0000 - 0x00007ff91c4e8000 	c:\Users\Alizha\.vscode\extensions\redhat.java-1.25.1-win32-x64\jre\17.0.9-win32-x86_64\bin\zip.dll
0x00007ff94f540000 - 0x00007ff94fd99000 	C:\WINDOWS\System32\SHELL32.dll
0x00007ff94b690000 - 0x00007ff94bf84000 	C:\WINDOWS\SYSTEM32\windows.storage.dll
0x00007ff94b550000 - 0x00007ff94b68e000 	C:\WINDOWS\SYSTEM32\wintypes.dll
0x00007ff94e7a0000 - 0x00007ff94e893000 	C:\WINDOWS\System32\SHCORE.dll
0x00007ff94e620000 - 0x00007ff94e67e000 	C:\WINDOWS\System32\shlwapi.dll
0x00007ff94d6f0000 - 0x00007ff94d716000 	C:\WINDOWS\SYSTEM32\profapi.dll
0x00007ff91aa90000 - 0x00007ff91aaa9000 	C:\Users\Alizha\.vscode\extensions\redhat.java-1.25.1-win32-x64\jre\17.0.9-win32-x86_64\bin\net.dll
0x00007ff947860000 - 0x00007ff947997000 	C:\WINDOWS\SYSTEM32\WINHTTP.dll
0x00007ff94cc40000 - 0x00007ff94cca9000 	C:\WINDOWS\system32\mswsock.dll
0x00007ff91aa20000 - 0x00007ff91aa36000 	C:\Users\Alizha\.vscode\extensions\redhat.java-1.25.1-win32-x64\jre\17.0.9-win32-x86_64\bin\nio.dll
0x00007ff935820000 - 0x00007ff935830000 	c:\Users\Alizha\.vscode\extensions\redhat.java-1.25.1-win32-x64\jre\17.0.9-win32-x86_64\bin\verify.dll

dbghelp: loaded successfully - version: 4.0.5 - missing functions: none
symbol engine: initialized successfully - sym options: 0x614 - pdb path: .;c:\Users\Alizha\.vscode\extensions\redhat.java-1.25.1-win32-x64\jre\17.0.9-win32-x86_64\bin;C:\WINDOWS\SYSTEM32;C:\WINDOWS\WinSxS\amd64_microsoft.windows.common-controls_6595b64144ccf1df_6.0.22621.2506_none_270c5ae97388e100;c:\Users\Alizha\.vscode\extensions\redhat.java-1.25.1-win32-x64\jre\17.0.9-win32-x86_64\bin\server

VM Arguments:
jvm_args: --add-modules=ALL-SYSTEM --add-opens=java.base/java.util=ALL-UNNAMED --add-opens=java.base/java.lang=ALL-UNNAMED --add-opens=java.base/sun.nio.fs=ALL-UNNAMED -Declipse.application=org.eclipse.jdt.ls.core.id1 -Dosgi.bundles.defaultStartLevel=4 -Declipse.product=org.eclipse.jdt.ls.core.product -Djava.import.generatesMetadataFilesAtProjectRoot=false -DDetectVMInstallationsJob.disabled=true -Dfile.encoding=utf8 -XX:+UseParallelGC -XX:GCTimeRatio=4 -XX:AdaptiveSizePolicyWeight=90 -Dsun.zip.disableMemoryMapping=true -Xmx1G -Xms100m -Xlog:disable -javaagent:c:\Users\Alizha\.vscode\extensions\redhat.java-1.25.1-win32-x64\lombok\lombok-1.18.30.jar -XX:+HeapDumpOnOutOfMemoryError -XX:HeapDumpPath=c:\Users\Alizha\AppData\Roaming\Code\User\workspaceStorage\6312f1796dccb5b7f2a5590d40df0f54\redhat.java -Daether.dependencyCollector.impl=bf 
java_command: c:\Users\Alizha\.vscode\extensions\redhat.java-1.25.1-win32-x64\server\plugins\org.eclipse.equinox.launcher_1.6.600.v20231106-1826.jar -configuration c:\Users\Alizha\AppData\Roaming\Code\User\globalStorage\redhat.java\1.25.1\config_win -data c:\Users\Alizha\AppData\Roaming\Code\User\workspaceStorage\6312f1796dccb5b7f2a5590d40df0f54\redhat.java\jdt_ws --stdio
java_class_path (initial): c:\Users\Alizha\.vscode\extensions\redhat.java-1.25.1-win32-x64\server\plugins\org.eclipse.equinox.launcher_1.6.600.v20231106-1826.jar
Launcher Type: SUN_STANDARD

[Global flags]
    uintx AdaptiveSizePolicyWeight                 = 90                                        {product} {command line}
     intx CICompilerCount                          = 4                                         {product} {ergonomic}
    uintx GCTimeRatio                              = 4                                         {product} {command line}
     bool HeapDumpOnOutOfMemoryError               = true                                   {manageable} {command line}
    ccstr HeapDumpPath                             = c:\Users\Alizha\AppData\Roaming\Code\User\workspaceStorage\6312f1796dccb5b7f2a5590d40df0f54\redhat.java         {manageable} {command line}
   size_t InitialHeapSize                          = 104857600                                 {product} {command line}
   size_t MaxHeapSize                              = 1073741824                                {product} {command line}
   size_t MaxNewSize                               = 357564416                                 {product} {ergonomic}
   size_t MinHeapDeltaBytes                        = 524288                                    {product} {ergonomic}
   size_t MinHeapSize                              = 104857600                                 {product} {command line}
   size_t NewSize                                  = 34603008                                  {product} {ergonomic}
    uintx NonNMethodCodeHeapSize                   = 5839372                                {pd product} {ergonomic}
    uintx NonProfiledCodeHeapSize                  = 122909434                              {pd product} {ergonomic}
   size_t OldSize                                  = 70254592                                  {product} {ergonomic}
    uintx ProfiledCodeHeapSize                     = 122909434                              {pd product} {ergonomic}
    uintx ReservedCodeCacheSize                    = 251658240                              {pd product} {ergonomic}
     bool SegmentedCodeCache                       = true                                      {product} {ergonomic}
   size_t SoftMaxHeapSize                          = 1073741824                             {manageable} {ergonomic}
     bool UseCompressedClassPointers               = true                           {product lp64_product} {ergonomic}
     bool UseCompressedOops                        = true                           {product lp64_product} {ergonomic}
     bool UseLargePagesIndividualAllocation        = false                                  {pd product} {ergonomic}
     bool UseParallelGC                            = true                                      {product} {command line}

Logging:
Log output configuration:
 #0: stdout all=off uptime,level,tags
 #1: stderr all=off uptime,level,tags

Environment Variables:
JAVA_HOME=C:\Program Files\Java\jdk-17
PATH=C:\Program Files\Common Files\Oracle\Java\javapath;C:\Program Files\PostgreSQL\15\bin;C:\Program Files (x86)\Common Files\Oracle\Java\javapath;C:\WINDOWS\system32;C:\WINDOWS;C:\WINDOWS\System32\Wbem;C:\WINDOWS\System32\WindowsPowerShell\v1.0\;C:\WINDOWS\System32\OpenSSH\;C:\Program Files\kotlinc\bin;C:\Program Files\PuTTY\;C:\Program Files\Git\cmd;C:\Program Files\Docker\Docker\resources\bin;C:\Program Files\Java\jdk-17;C:\Users\Alizha\AppData\Local\Programs\Python\Python39\Scripts\;C:\Users\Alizha\AppData\Local\Programs\Python\Python39\;C:\Users\Alizha\AppData\Local\Microsoft\WindowsApps;D:\Microsoft VS Code\bin;C:\Program Files\Git;C:\Users\Alizha\c sosi\MinGW\bin;C:\Users\Alizha\Flutter\flutter_windows_3.3.7-stable\flutter\bin;
USERNAME=Alizha
OS=Windows_NT
PROCESSOR_IDENTIFIER=AMD64 Family 23 Model 104 Stepping 1, AuthenticAMD
TMP=C:\Users\Alizha\AppData\Local\Temp
TEMP=C:\Users\Alizha\AppData\Local\Temp



Periodic native trim disabled


---------------  S Y S T E M  ---------------

OS:
 Windows 11 , 64 bit Build 22621 (10.0.22621.2506)
OS uptime: 0 days 16:33 hours
Hyper-V role detected

CPU: total 12 (initial active 12) (12 cores per cpu, 2 threads per core) family 23 model 104 stepping 1 microcode 0x0, cx8, cmov, fxsr, ht, mmx, 3dnowpref, sse, sse2, sse3, ssse3, sse4a, sse4.1, sse4.2, popcnt, lzcnt, tsc, tscinvbit, avx, avx2, aes, clmul, bmi1, bmi2, adx, sha, fma, vzeroupper, clflush, clflushopt, hv
Processor Information for all 12 processors :
  Max Mhz: 2100, Current Mhz: 1893, Mhz Limit: 2100

Memory: 4k page, system-wide physical 6005M (14M free)
TotalPageFile size 24437M (AvailPageFile size 6M)
current process WorkingSet (physical memory assigned to process): 78M, peak: 78M
current process commit charge ("private bytes"): 205M, peak: 205M

vm_info: OpenJDK 64-Bit Server VM (17.0.9+9) for windows-amd64 JRE (17.0.9+9), built on Oct 26 2023 14:01:42 by "admin" with MS VC++ 16.10 / 16.11 (VS2019)

END.
