#
# There is insufficient memory for the Java Runtime Environment to continue.
# Native memory allocation (malloc) failed to allocate 1098976 bytes for Chunk::new
# Possible reasons:
#   The system is out of physical RAM or swap space
#   The process is running with CompressedOops enabled, and the Java Heap may be blocking the growth of the native heap
# Possible solutions:
#   Reduce memory load on the system
#   Increase physical memory or swap space
#   Check if swap backing store is full
#   Decrease Java heap size (-Xmx/-Xms)
#   Decrease number of Java threads
#   Decrease Java thread stack sizes (-Xss)
#   Set larger code cache with -XX:ReservedCodeCacheSize=
#   JVM is running with Unscaled Compressed Oops mode in which the Java heap is
#     placed in the first 4GB address space. The Java Heap base address is the
#     maximum limit for the native heap growth. Please use -XX:HeapBaseMinAddress
#     to set the Java Heap base and to place the Java Heap above 4GB virtual address.
# This output file may be truncated or incomplete.
#
#  Out of Memory Error (arena.cpp:189), pid=16864, tid=22296
#
# JRE version: Java(TM) SE Runtime Environment (17.0.8+9) (build 17.0.8+9-LTS-211)
# Java VM: Java HotSpot(TM) 64-Bit Server VM (17.0.8+9-LTS-211, mixed mode, sharing, tiered, compressed oops, compressed class ptrs, g1 gc, windows-amd64)
# No core dump will be written. Minidumps are not enabled by default on client versions of Windows
#

---------------  S U M M A R Y ------------

Command Line: -XX:+ShowCodeDetailsInExceptionMessages apap.tutorial.bacabaca.BacabacaApplication

Host: AMD Ryzen 5 5500U with Radeon Graphics         , 12 cores, 5G,  Windows 11 , 64 bit Build 22621 (10.0.22621.2506)
Time: Thu Dec  7 20:46:37 2023 SE Asia Standard Time elapsed time: 1747.934773 seconds (0d 0h 29m 7s)

---------------  T H R E A D  ---------------

Current thread (0x000001f37edcecb0):  JavaThread "C2 CompilerThread0" daemon [_thread_in_native, id=22296, stack(0x000000abb7500000,0x000000abb7600000)]


Current CompileTask:
C2:1747934 14249       4       org.springframework.boot.context.properties.source.SoftReferenceConfigurationPropertyCache::get (67 bytes)

Stack: [0x000000abb7500000,0x000000abb7600000]
Native frames: (J=compiled Java code, j=interpreted, Vv=VM code, C=native code)
V  [jvm.dll+0x677d0a]
V  [jvm.dll+0x7d8c54]
V  [jvm.dll+0x7da3fe]
V  [jvm.dll+0x7daa63]
V  [jvm.dll+0x245c5f]
V  [jvm.dll+0xaaa6b]
V  [jvm.dll+0xab00c]
V  [jvm.dll+0x2ab5cf]
V  [jvm.dll+0x580435]
V  [jvm.dll+0x220b22]
V  [jvm.dll+0x220eff]
V  [jvm.dll+0x219e56]
V  [jvm.dll+0x217329]
V  [jvm.dll+0x1a3af0]
V  [jvm.dll+0x2270be]
V  [jvm.dll+0x22535b]
V  [jvm.dll+0x78e7bc]
V  [jvm.dll+0x788bba]
V  [jvm.dll+0x676b35]
C  [ucrtbase.dll+0x29363]
C  [KERNEL32.DLL+0x1257d]
C  [ntdll.dll+0x5aa58]


---------------  P R O C E S S  ---------------

Threads class SMR info:
_java_thread_list=0x000001f3486e40d0, length=29, elements={
0x000001f37eda74f0, 0x000001f37eda8360, 0x000001f37edbe8d0, 0x000001f37edc12a0,
0x000001f37edc1c50, 0x000001f37edc2600, 0x000001f37edcecb0, 0x000001f37edd2d80,
0x000001f37edd5b90, 0x000001f37f013f50, 0x000001f37f019bf0, 0x000001f37f5d3fc0,
0x000001f3465cdad0, 0x000001f3465cdfa0, 0x000001f34874cef0, 0x000001f34874c550,
0x000001f34874e700, 0x000001f348749060, 0x000001f3465c92a0, 0x000001f3465cd600,
0x000001f3465ce470, 0x000001f3465c9770, 0x000001f3465cb920, 0x000001f3465cd130,
0x000001f3465ce940, 0x000001f3465c8900, 0x000001f3465caf80, 0x000001f3465c8dd0,
0x000001f3465ca110
}

Java Threads: ( => current thread )
  0x000001f37eda74f0 JavaThread "Reference Handler" daemon [_thread_blocked, id=10060, stack(0x000000abb6f00000,0x000000abb7000000)]
  0x000001f37eda8360 JavaThread "Finalizer" daemon [_thread_blocked, id=19996, stack(0x000000abb7000000,0x000000abb7100000)]
  0x000001f37edbe8d0 JavaThread "Signal Dispatcher" daemon [_thread_blocked, id=15304, stack(0x000000abb7100000,0x000000abb7200000)]
  0x000001f37edc12a0 JavaThread "Attach Listener" daemon [_thread_blocked, id=23192, stack(0x000000abb7200000,0x000000abb7300000)]
  0x000001f37edc1c50 JavaThread "Service Thread" daemon [_thread_blocked, id=23660, stack(0x000000abb7300000,0x000000abb7400000)]
  0x000001f37edc2600 JavaThread "Monitor Deflation Thread" daemon [_thread_blocked, id=16884, stack(0x000000abb7400000,0x000000abb7500000)]
=>0x000001f37edcecb0 JavaThread "C2 CompilerThread0" daemon [_thread_in_native, id=22296, stack(0x000000abb7500000,0x000000abb7600000)]
  0x000001f37edd2d80 JavaThread "C1 CompilerThread0" daemon [_thread_blocked, id=2104, stack(0x000000abb7600000,0x000000abb7700000)]
  0x000001f37edd5b90 JavaThread "Sweeper thread" daemon [_thread_blocked, id=19976, stack(0x000000abb7700000,0x000000abb7800000)]
  0x000001f37f013f50 JavaThread "Notification Thread" daemon [_thread_blocked, id=24596, stack(0x000000abb7800000,0x000000abb7900000)]
  0x000001f37f019bf0 JavaThread "Common-Cleaner" daemon [_thread_blocked, id=18192, stack(0x000000abb7a00000,0x000000abb7b00000)]
  0x000001f37f5d3fc0 JavaThread "PostgreSQL-JDBC-Cleaner" daemon [_thread_blocked, id=21652, stack(0x000000abb8900000,0x000000abb8a00000)]
  0x000001f3465cdad0 JavaThread "Thread-16" daemon [_thread_in_native, id=13852, stack(0x000000abb9d00000,0x000000abb9e00000)]
  0x000001f3465cdfa0 JavaThread "boundedElastic-evictor-1" daemon [_thread_blocked, id=17756, stack(0x000000abb8c00000,0x000000abb8d00000)]
  0x000001f34874cef0 JavaThread "DestroyJavaVM" [_thread_blocked, id=23644, stack(0x000000abb6800000,0x000000abb6900000)]
  0x000001f34874c550 JavaThread "Thread-1" [_thread_blocked, id=4992, stack(0x000000abb6500000,0x000000abb6600000)]
  0x000001f34874e700 JavaThread "Thread-18" [_thread_blocked, id=2452, stack(0x000000abba700000,0x000000abba800000)]
  0x000001f348749060 JavaThread "File Watcher" daemon [_thread_in_native, id=22080, stack(0x000000abb6700000,0x000000abb6800000)]
  0x000001f3465c92a0 JavaThread "Thread-34" [_thread_blocked, id=8572, stack(0x000000abbaa00000,0x000000abbab00000)]
  0x000001f3465cd600 JavaThread "restartedMain" [_thread_in_vm, id=22324, stack(0x000000abb8a00000,0x000000abb8b00000)]
  0x000001f3465ce470 JavaThread "File Watcher" daemon [_thread_blocked, id=2516, stack(0x000000abb7f00000,0x000000abb8000000)]
  0x000001f3465c9770 JavaThread "restartedMain" [_thread_in_native, id=2828, stack(0x000000abb8000000,0x000000abb8100000)]
  0x000001f3465cb920 JavaThread "HikariPool-4 housekeeper" daemon [_thread_blocked, id=20284, stack(0x000000abb8b00000,0x000000abb8c00000)]
  0x000001f3465cd130 JavaThread "HikariPool-5 housekeeper" daemon [_thread_blocked, id=23920, stack(0x000000abb8d00000,0x000000abb8e00000)]
  0x000001f3465ce940 JavaThread "HikariPool-4 connection adder" daemon [_thread_blocked, id=11576, stack(0x000000abb8e00000,0x000000abb8f00000)]
  0x000001f3465c8900 JavaThread "HikariPool-5 connection adder" daemon [_thread_blocked, id=25688, stack(0x000000abb8f00000,0x000000abb9000000)]
  0x000001f3465caf80 JavaThread "Catalina-utility-1" [_thread_new, id=20264, stack(0x0000000000000000,0x0000000000000000)]
  0x000001f3465c8dd0 JavaThread "Catalina-utility-2" [_thread_new, id=26316, stack(0x0000000000000000,0x0000000000000000)]
  0x000001f3465ca110 JavaThread "container-1" [_thread_new, id=2472, stack(0x0000000000000000,0x0000000000000000)]

Other Threads:
  0x000001f37eda18f0 VMThread "VM Thread" [stack: 0x000000abb6e00000,0x000000abb6f00000] [id=8916]
  0x000001f361c69a00 WatcherThread [stack: 0x000000abb7900000,0x000000abb7a00000] [id=24588]
  0x000001f361c48a90 GCTaskThread "GC Thread#0" [stack: 0x000000abb6900000,0x000000abb6a00000] [id=16552]
  0x000001f37fa0d050 GCTaskThread "GC Thread#1" [stack: 0x000000abb7b00000,0x000000abb7c00000] [id=20856]
  0x000001f37faf5880 GCTaskThread "GC Thread#2" [stack: 0x000000abb7c00000,0x000000abb7d00000] [id=25232]
  0x000001f37faf5b30 GCTaskThread "GC Thread#3" [stack: 0x000000abb7d00000,0x000000abb7e00000] [id=12812]
  0x000001f37faf5de0 GCTaskThread "GC Thread#4" [stack: 0x000000abb7e00000,0x000000abb7f00000] [id=10044]
  0x000001f3452b0d60 GCTaskThread "GC Thread#5" [stack: 0x000000abb8300000,0x000000abb8400000] [id=12444]
  0x000001f34507ba50 GCTaskThread "GC Thread#6" [stack: 0x000000abb8400000,0x000000abb8500000] [id=25148]
  0x000001f345247550 GCTaskThread "GC Thread#7" [stack: 0x000000abb8500000,0x000000abb8600000] [id=23352]
  0x000001f3459a6f70 GCTaskThread "GC Thread#8" [stack: 0x000000abb8700000,0x000000abb8800000] [id=25456]
  0x000001f345718e90 GCTaskThread "GC Thread#9" [stack: 0x000000abb8800000,0x000000abb8900000] [id=5264]
  0x000001f361c55590 ConcurrentGCThread "G1 Main Marker" [stack: 0x000000abb6a00000,0x000000abb6b00000] [id=22472]
  0x000001f361c55fa0 ConcurrentGCThread "G1 Conc#0" [stack: 0x000000abb6b00000,0x000000abb6c00000] [id=20384]
  0x000001f346443570 ConcurrentGCThread "G1 Conc#1" [stack: 0x000000abb8200000,0x000000abb8300000] [id=9516]
  0x000001f3464442e0 ConcurrentGCThread "G1 Conc#2" [stack: 0x000000abb8600000,0x000000abb8700000] [id=20692]
  0x000001f37ec600a0 ConcurrentGCThread "G1 Refine#0" [stack: 0x000000abb6c00000,0x000000abb6d00000] [id=24744]
  0x000001f37ec608d0 ConcurrentGCThread "G1 Service" [stack: 0x000000abb6d00000,0x000000abb6e00000] [id=24700]

Threads with active compile tasks:
C2 CompilerThread0  1747986 14249       4       org.springframework.boot.context.properties.source.SoftReferenceConfigurationPropertyCache::get (67 bytes)

VM state: not at safepoint (normal execution)

VM Mutex/Monitor currently owned by a thread: None

Heap address: 0x00000000a2200000, size: 1502 MB, Compressed Oops mode: 32-bit

CDS archive(s) mapped at: [0x000001f300000000-0x000001f300bd0000-0x000001f300bd0000), size 12386304, SharedBaseAddress: 0x000001f300000000, ArchiveRelocationMode: 1.
Compressed class space mapped at: 0x000001f301000000-0x000001f341000000, reserved size: 1073741824
Narrow klass base: 0x000001f300000000, Narrow klass shift: 0, Narrow klass range: 0x100000000

GC Precious Log:
 CPUs: 12 total, 12 available
 Memory: 6005M
 Large Page Support: Disabled
 NUMA Support: Disabled
 Compressed Oops: Enabled (32-bit)
 Heap Region Size: 1M
 Heap Min Capacity: 8M
 Heap Initial Capacity: 94M
 Heap Max Capacity: 1502M
 Pre-touch: Disabled
 Parallel Workers: 10
 Concurrent Workers: 3
 Concurrent Refinement Workers: 10
 Periodic GC: Disabled

Heap:
 garbage-first heap   total 122880K, used 79871K [0x00000000a2200000, 0x0000000100000000)
  region size 1024K, 41 young (41984K), 4 survivors (4096K)
 Metaspace       used 88911K, committed 89600K, reserved 1179648K
  class space    used 11623K, committed 11968K, reserved 1048576K

Heap Regions: E=young(eden), S=young(survivor), O=old, HS=humongous(starts), HC=humongous(continues), CS=collection set, F=free, OA=open archive, CA=closed archive, TAMS=top-at-mark-start (previous, next)
|   0|0x00000000a2200000, 0x00000000a2300000, 0x00000000a2300000|100%|HS|  |TAMS 0x00000000a2300000, 0x00000000a2200000| Complete 
|   1|0x00000000a2300000, 0x00000000a2400000, 0x00000000a2400000|100%| O|  |TAMS 0x00000000a2400000, 0x00000000a2300000| Untracked 
|   2|0x00000000a2400000, 0x00000000a2500000, 0x00000000a2500000|100%| O|  |TAMS 0x00000000a2500000, 0x00000000a2400000| Untracked 
|   3|0x00000000a2500000, 0x00000000a2600000, 0x00000000a2600000|100%| O|  |TAMS 0x00000000a2600000, 0x00000000a2500000| Untracked 
|   4|0x00000000a2600000, 0x00000000a26ffff0, 0x00000000a2700000| 99%| O|  |TAMS 0x00000000a26ffff0, 0x00000000a2600000| Untracked 
|   5|0x00000000a2700000, 0x00000000a2800000, 0x00000000a2800000|100%| O|  |TAMS 0x00000000a2800000, 0x00000000a2700000| Untracked 
|   6|0x00000000a2800000, 0x00000000a28ffff0, 0x00000000a2900000| 99%| O|  |TAMS 0x00000000a28ffff0, 0x00000000a2800000| Untracked 
|   7|0x00000000a2900000, 0x00000000a29ff0f8, 0x00000000a2a00000| 99%| O|  |TAMS 0x00000000a29ff0f8, 0x00000000a2900000| Untracked 
|   8|0x00000000a2a00000, 0x00000000a2afffd8, 0x00000000a2b00000| 99%| O|  |TAMS 0x00000000a2afffd8, 0x00000000a2a00000| Untracked 
|   9|0x00000000a2b00000, 0x00000000a2c00000, 0x00000000a2c00000|100%| O|  |TAMS 0x00000000a2c00000, 0x00000000a2b00000| Untracked 
|  10|0x00000000a2c00000, 0x00000000a2cfffe8, 0x00000000a2d00000| 99%| O|  |TAMS 0x00000000a2cfffe8, 0x00000000a2c00000| Untracked 
|  11|0x00000000a2d00000, 0x00000000a2dfffc8, 0x00000000a2e00000| 99%| O|  |TAMS 0x00000000a2dfffc8, 0x00000000a2d00000| Untracked 
|  12|0x00000000a2e00000, 0x00000000a2efffe8, 0x00000000a2f00000| 99%| O|  |TAMS 0x00000000a2efffe8, 0x00000000a2e00000| Untracked 
|  13|0x00000000a2f00000, 0x00000000a2ffffb0, 0x00000000a3000000| 99%| O|  |TAMS 0x00000000a2ffffb0, 0x00000000a2f00000| Untracked 
|  14|0x00000000a3000000, 0x00000000a30fffd0, 0x00000000a3100000| 99%| O|  |TAMS 0x00000000a30fffd0, 0x00000000a3000000| Untracked 
|  15|0x00000000a3100000, 0x00000000a3200000, 0x00000000a3200000|100%| O|  |TAMS 0x00000000a3200000, 0x00000000a3100000| Untracked 
|  16|0x00000000a3200000, 0x00000000a32fffb0, 0x00000000a3300000| 99%| O|  |TAMS 0x00000000a32fffb0, 0x00000000a3200000| Untracked 
|  17|0x00000000a3300000, 0x00000000a3400000, 0x00000000a3400000|100%| O|  |TAMS 0x00000000a3400000, 0x00000000a3300000| Untracked 
|  18|0x00000000a3400000, 0x00000000a34fffd0, 0x00000000a3500000| 99%| O|  |TAMS 0x00000000a34fffd0, 0x00000000a3400000| Untracked 
|  19|0x00000000a3500000, 0x00000000a35fffb0, 0x00000000a3600000| 99%| O|  |TAMS 0x00000000a35fffb0, 0x00000000a3500000| Untracked 
|  20|0x00000000a3600000, 0x00000000a36ffff0, 0x00000000a3700000| 99%| O|  |TAMS 0x00000000a36ffff0, 0x00000000a3600000| Untracked 
|  21|0x00000000a3700000, 0x00000000a37ffff8, 0x00000000a3800000| 99%| O|  |TAMS 0x00000000a37ffff8, 0x00000000a3700000| Untracked 
|  22|0x00000000a3800000, 0x00000000a3900000, 0x00000000a3900000|100%| O|  |TAMS 0x00000000a3900000, 0x00000000a3800000| Untracked 
|  23|0x00000000a3900000, 0x00000000a3a00000, 0x00000000a3a00000|100%| O|  |TAMS 0x00000000a3a00000, 0x00000000a3900000| Untracked 
|  24|0x00000000a3a00000, 0x00000000a3affff0, 0x00000000a3b00000| 99%| O|  |TAMS 0x00000000a3affff0, 0x00000000a3a00000| Untracked 
|  25|0x00000000a3b00000, 0x00000000a3c00000, 0x00000000a3c00000|100%| O|  |TAMS 0x00000000a3c00000, 0x00000000a3b00000| Untracked 
|  26|0x00000000a3c00000, 0x00000000a3cfffc8, 0x00000000a3d00000| 99%| O|  |TAMS 0x00000000a3cfffc8, 0x00000000a3c00000| Untracked 
|  27|0x00000000a3d00000, 0x00000000a3dffff0, 0x00000000a3e00000| 99%| O|  |TAMS 0x00000000a3dffff0, 0x00000000a3d00000| Untracked 
|  28|0x00000000a3e00000, 0x00000000a3f00000, 0x00000000a3f00000|100%| O|  |TAMS 0x00000000a3f00000, 0x00000000a3e00000| Untracked 
|  29|0x00000000a3f00000, 0x00000000a3faee88, 0x00000000a4000000| 68%| O|  |TAMS 0x00000000a3faee88, 0x00000000a3f00000| Untracked 
|  30|0x00000000a4000000, 0x00000000a40b4638, 0x00000000a4100000| 70%| O|  |TAMS 0x00000000a40b4638, 0x00000000a4000000| Untracked 
|  31|0x00000000a4100000, 0x00000000a41ffff0, 0x00000000a4200000| 99%| O|  |TAMS 0x00000000a41ffff0, 0x00000000a4100000| Untracked 
|  32|0x00000000a4200000, 0x00000000a4300000, 0x00000000a4300000|100%| O|  |TAMS 0x00000000a4200000, 0x00000000a4200000| Untracked 
|  33|0x00000000a4300000, 0x00000000a4400000, 0x00000000a4400000|100%| O|  |TAMS 0x00000000a4300000, 0x00000000a4300000| Untracked 
|  34|0x00000000a4400000, 0x00000000a44fe490, 0x00000000a4500000| 99%| O|  |TAMS 0x00000000a44fe490, 0x00000000a4400000| Untracked 
|  35|0x00000000a4500000, 0x00000000a45e4350, 0x00000000a4600000| 89%| O|  |TAMS 0x00000000a45e4350, 0x00000000a4500000| Untracked 
|  36|0x00000000a4600000, 0x00000000a46fffe8, 0x00000000a4700000| 99%| O|  |TAMS 0x00000000a46fffe8, 0x00000000a4600000| Untracked 
|  37|0x00000000a4700000, 0x00000000a4800000, 0x00000000a4800000|100%| O|  |TAMS 0x00000000a4700000, 0x00000000a4700000| Untracked 
|  38|0x00000000a4800000, 0x00000000a4900000, 0x00000000a4900000|100%| O|  |TAMS 0x00000000a4800000, 0x00000000a4800000| Untracked 
|  39|0x00000000a4900000, 0x00000000a490cc00, 0x00000000a4a00000|  4%| O|  |TAMS 0x00000000a4900000, 0x00000000a4900000| Untracked 
|  40|0x00000000a4a00000, 0x00000000a4a00000, 0x00000000a4b00000|  0%| F|  |TAMS 0x00000000a4a00000, 0x00000000a4a00000| Untracked 
|  41|0x00000000a4b00000, 0x00000000a4b059e8, 0x00000000a4c00000|  2%| O|  |TAMS 0x00000000a4b059e8, 0x00000000a4b00000| Untracked 
|  42|0x00000000a4c00000, 0x00000000a4c10438, 0x00000000a4d00000|  6%| O|  |TAMS 0x00000000a4c10438, 0x00000000a4c00000| Untracked 
|  43|0x00000000a4d00000, 0x00000000a4d00000, 0x00000000a4e00000|  0%| F|  |TAMS 0x00000000a4d00000, 0x00000000a4d00000| Untracked 
|  44|0x00000000a4e00000, 0x00000000a4e00000, 0x00000000a4f00000|  0%| F|  |TAMS 0x00000000a4e00000, 0x00000000a4e00000| Untracked 
|  45|0x00000000a4f00000, 0x00000000a4f00000, 0x00000000a5000000|  0%| F|  |TAMS 0x00000000a4f00000, 0x00000000a4f00000| Untracked 
|  46|0x00000000a5000000, 0x00000000a5000000, 0x00000000a5100000|  0%| F|  |TAMS 0x00000000a5000000, 0x00000000a5000000| Untracked 
|  47|0x00000000a5100000, 0x00000000a5100000, 0x00000000a5200000|  0%| F|  |TAMS 0x00000000a5100000, 0x00000000a5100000| Untracked 
|  48|0x00000000a5200000, 0x00000000a5200000, 0x00000000a5300000|  0%| F|  |TAMS 0x00000000a5200000, 0x00000000a5200000| Untracked 
|  49|0x00000000a5300000, 0x00000000a5300000, 0x00000000a5400000|  0%| F|  |TAMS 0x00000000a5300000, 0x00000000a5300000| Untracked 
|  50|0x00000000a5400000, 0x00000000a5400000, 0x00000000a5500000|  0%| F|  |TAMS 0x00000000a5400000, 0x00000000a5400000| Untracked 
|  51|0x00000000a5500000, 0x00000000a5500000, 0x00000000a5600000|  0%| F|  |TAMS 0x00000000a5500000, 0x00000000a5500000| Untracked 
|  52|0x00000000a5600000, 0x00000000a5600000, 0x00000000a5700000|  0%| F|  |TAMS 0x00000000a5600000, 0x00000000a5600000| Untracked 
|  53|0x00000000a5700000, 0x00000000a5700000, 0x00000000a5800000|  0%| F|  |TAMS 0x00000000a5700000, 0x00000000a5700000| Untracked 
|  54|0x00000000a5800000, 0x00000000a5800000, 0x00000000a5900000|  0%| F|  |TAMS 0x00000000a5800000, 0x00000000a5800000| Untracked 
|  55|0x00000000a5900000, 0x00000000a5900000, 0x00000000a5a00000|  0%| F|  |TAMS 0x00000000a5900000, 0x00000000a5900000| Untracked 
|  56|0x00000000a5a00000, 0x00000000a5a00000, 0x00000000a5b00000|  0%| F|  |TAMS 0x00000000a5a00000, 0x00000000a5a00000| Untracked 
|  57|0x00000000a5b00000, 0x00000000a5b00000, 0x00000000a5c00000|  0%| F|  |TAMS 0x00000000a5b00000, 0x00000000a5b00000| Untracked 
|  58|0x00000000a5c00000, 0x00000000a5c00000, 0x00000000a5d00000|  0%| F|  |TAMS 0x00000000a5c00000, 0x00000000a5c00000| Untracked 
|  59|0x00000000a5d00000, 0x00000000a5d00000, 0x00000000a5e00000|  0%| F|  |TAMS 0x00000000a5d00000, 0x00000000a5d00000| Untracked 
|  60|0x00000000a5e00000, 0x00000000a5e98a18, 0x00000000a5f00000| 59%| S|CS|TAMS 0x00000000a5e00000, 0x00000000a5e00000| Complete 
|  61|0x00000000a5f00000, 0x00000000a6000000, 0x00000000a6000000|100%| S|CS|TAMS 0x00000000a5f00000, 0x00000000a5f00000| Complete 
|  62|0x00000000a6000000, 0x00000000a6100000, 0x00000000a6100000|100%| S|CS|TAMS 0x00000000a6000000, 0x00000000a6000000| Complete 
|  63|0x00000000a6100000, 0x00000000a6200000, 0x00000000a6200000|100%| S|CS|TAMS 0x00000000a6100000, 0x00000000a6100000| Complete 
|  64|0x00000000a6200000, 0x00000000a6200000, 0x00000000a6300000|  0%| F|  |TAMS 0x00000000a6200000, 0x00000000a6200000| Untracked 
|  65|0x00000000a6300000, 0x00000000a6300000, 0x00000000a6400000|  0%| F|  |TAMS 0x00000000a6300000, 0x00000000a6300000| Untracked 
|  66|0x00000000a6400000, 0x00000000a6400000, 0x00000000a6500000|  0%| F|  |TAMS 0x00000000a6400000, 0x00000000a6400000| Untracked 
|  67|0x00000000a6500000, 0x00000000a6500000, 0x00000000a6600000|  0%| F|  |TAMS 0x00000000a6500000, 0x00000000a6500000| Untracked 
|  68|0x00000000a6600000, 0x00000000a6600000, 0x00000000a6700000|  0%| F|  |TAMS 0x00000000a6600000, 0x00000000a6600000| Untracked 
|  69|0x00000000a6700000, 0x00000000a6700000, 0x00000000a6800000|  0%| F|  |TAMS 0x00000000a6700000, 0x00000000a6700000| Untracked 
|  70|0x00000000a6800000, 0x00000000a6800000, 0x00000000a6900000|  0%| F|  |TAMS 0x00000000a6800000, 0x00000000a6800000| Untracked 
|  71|0x00000000a6900000, 0x00000000a6900000, 0x00000000a6a00000|  0%| F|  |TAMS 0x00000000a6900000, 0x00000000a6900000| Untracked 
|  72|0x00000000a6a00000, 0x00000000a6a00000, 0x00000000a6b00000|  0%| F|  |TAMS 0x00000000a6a00000, 0x00000000a6a00000| Untracked 
|  73|0x00000000a6b00000, 0x00000000a6b00000, 0x00000000a6c00000|  0%| F|  |TAMS 0x00000000a6b00000, 0x00000000a6b00000| Untracked 
|  74|0x00000000a6c00000, 0x00000000a6c00000, 0x00000000a6d00000|  0%| F|  |TAMS 0x00000000a6c00000, 0x00000000a6c00000| Untracked 
|  75|0x00000000a6d00000, 0x00000000a6d00000, 0x00000000a6e00000|  0%| F|  |TAMS 0x00000000a6d00000, 0x00000000a6d00000| Untracked 
|  76|0x00000000a6e00000, 0x00000000a6e00000, 0x00000000a6f00000|  0%| F|  |TAMS 0x00000000a6e00000, 0x00000000a6e00000| Untracked 
|  77|0x00000000a6f00000, 0x00000000a6f00000, 0x00000000a7000000|  0%| F|  |TAMS 0x00000000a6f00000, 0x00000000a6f00000| Untracked 
|  78|0x00000000a7000000, 0x00000000a7000000, 0x00000000a7100000|  0%| F|  |TAMS 0x00000000a7000000, 0x00000000a7000000| Untracked 
|  79|0x00000000a7100000, 0x00000000a7100000, 0x00000000a7200000|  0%| F|  |TAMS 0x00000000a7100000, 0x00000000a7100000| Untracked 
|  80|0x00000000a7200000, 0x00000000a7200000, 0x00000000a7300000|  0%| F|  |TAMS 0x00000000a7200000, 0x00000000a7200000| Untracked 
|  81|0x00000000a7300000, 0x00000000a7300000, 0x00000000a7400000|  0%| F|  |TAMS 0x00000000a7300000, 0x00000000a7300000| Untracked 
|  82|0x00000000a7400000, 0x00000000a7400000, 0x00000000a7500000|  0%| F|  |TAMS 0x00000000a7400000, 0x00000000a7400000| Untracked 
|  83|0x00000000a7500000, 0x00000000a7600000, 0x00000000a7600000|100%| E|CS|TAMS 0x00000000a7500000, 0x00000000a7500000| Complete 
|  84|0x00000000a7600000, 0x00000000a7700000, 0x00000000a7700000|100%| E|CS|TAMS 0x00000000a7600000, 0x00000000a7600000| Complete 
|  85|0x00000000a7700000, 0x00000000a7800000, 0x00000000a7800000|100%| E|CS|TAMS 0x00000000a7700000, 0x00000000a7700000| Complete 
|  86|0x00000000a7800000, 0x00000000a7900000, 0x00000000a7900000|100%| E|CS|TAMS 0x00000000a7800000, 0x00000000a7800000| Complete 
|  87|0x00000000a7900000, 0x00000000a7a00000, 0x00000000a7a00000|100%| E|CS|TAMS 0x00000000a7900000, 0x00000000a7900000| Complete 
|  88|0x00000000a7a00000, 0x00000000a7b00000, 0x00000000a7b00000|100%| E|CS|TAMS 0x00000000a7a00000, 0x00000000a7a00000| Complete 
|  89|0x00000000a7b00000, 0x00000000a7c00000, 0x00000000a7c00000|100%| E|CS|TAMS 0x00000000a7b00000, 0x00000000a7b00000| Complete 
|  90|0x00000000a7c00000, 0x00000000a7d00000, 0x00000000a7d00000|100%| E|CS|TAMS 0x00000000a7c00000, 0x00000000a7c00000| Complete 
|  91|0x00000000a7d00000, 0x00000000a7e00000, 0x00000000a7e00000|100%| E|CS|TAMS 0x00000000a7d00000, 0x00000000a7d00000| Complete 
|  92|0x00000000a7e00000, 0x00000000a7f00000, 0x00000000a7f00000|100%| E|CS|TAMS 0x00000000a7e00000, 0x00000000a7e00000| Complete 
|  93|0x00000000a7f00000, 0x00000000a8000000, 0x00000000a8000000|100%| E|CS|TAMS 0x00000000a7f00000, 0x00000000a7f00000| Complete 
|  94|0x00000000a8000000, 0x00000000a8100000, 0x00000000a8100000|100%| E|CS|TAMS 0x00000000a8000000, 0x00000000a8000000| Complete 
|  95|0x00000000a8100000, 0x00000000a8200000, 0x00000000a8200000|100%| E|CS|TAMS 0x00000000a8100000, 0x00000000a8100000| Complete 
|  96|0x00000000a8200000, 0x00000000a8300000, 0x00000000a8300000|100%| E|CS|TAMS 0x00000000a8200000, 0x00000000a8200000| Complete 
|  97|0x00000000a8300000, 0x00000000a8400000, 0x00000000a8400000|100%| E|CS|TAMS 0x00000000a8300000, 0x00000000a8300000| Complete 
|  98|0x00000000a8400000, 0x00000000a8500000, 0x00000000a8500000|100%| E|CS|TAMS 0x00000000a8400000, 0x00000000a8400000| Complete 
|  99|0x00000000a8500000, 0x00000000a8600000, 0x00000000a8600000|100%| E|CS|TAMS 0x00000000a8500000, 0x00000000a8500000| Complete 
| 100|0x00000000a8600000, 0x00000000a8700000, 0x00000000a8700000|100%| E|CS|TAMS 0x00000000a8600000, 0x00000000a8600000| Complete 
| 101|0x00000000a8700000, 0x00000000a8800000, 0x00000000a8800000|100%| E|CS|TAMS 0x00000000a8700000, 0x00000000a8700000| Complete 
| 102|0x00000000a8800000, 0x00000000a8900000, 0x00000000a8900000|100%| E|CS|TAMS 0x00000000a8800000, 0x00000000a8800000| Complete 
| 103|0x00000000a8900000, 0x00000000a8a00000, 0x00000000a8a00000|100%| E|CS|TAMS 0x00000000a8900000, 0x00000000a8900000| Complete 
| 104|0x00000000a8a00000, 0x00000000a8b00000, 0x00000000a8b00000|100%| E|CS|TAMS 0x00000000a8a00000, 0x00000000a8a00000| Complete 
| 105|0x00000000a8b00000, 0x00000000a8c00000, 0x00000000a8c00000|100%| E|CS|TAMS 0x00000000a8b00000, 0x00000000a8b00000| Complete 
| 106|0x00000000a8c00000, 0x00000000a8d00000, 0x00000000a8d00000|100%| E|CS|TAMS 0x00000000a8c00000, 0x00000000a8c00000| Complete 
| 107|0x00000000a8d00000, 0x00000000a8e00000, 0x00000000a8e00000|100%| E|CS|TAMS 0x00000000a8d00000, 0x00000000a8d00000| Complete 
| 108|0x00000000a8e00000, 0x00000000a8f00000, 0x00000000a8f00000|100%| E|CS|TAMS 0x00000000a8e00000, 0x00000000a8e00000| Complete 
| 109|0x00000000a8f00000, 0x00000000a9000000, 0x00000000a9000000|100%| E|CS|TAMS 0x00000000a8f00000, 0x00000000a8f00000| Complete 
| 110|0x00000000a9000000, 0x00000000a9100000, 0x00000000a9100000|100%| E|CS|TAMS 0x00000000a9000000, 0x00000000a9000000| Complete 
| 111|0x00000000a9100000, 0x00000000a9200000, 0x00000000a9200000|100%| E|CS|TAMS 0x00000000a9100000, 0x00000000a9100000| Complete 
| 112|0x00000000a9200000, 0x00000000a9300000, 0x00000000a9300000|100%| E|CS|TAMS 0x00000000a9200000, 0x00000000a9200000| Complete 
| 113|0x00000000a9300000, 0x00000000a9400000, 0x00000000a9400000|100%| E|CS|TAMS 0x00000000a9300000, 0x00000000a9300000| Complete 
| 114|0x00000000a9400000, 0x00000000a9500000, 0x00000000a9500000|100%| E|CS|TAMS 0x00000000a9400000, 0x00000000a9400000| Complete 
| 115|0x00000000a9500000, 0x00000000a9600000, 0x00000000a9600000|100%| E|CS|TAMS 0x00000000a9500000, 0x00000000a9500000| Complete 
| 116|0x00000000a9600000, 0x00000000a9700000, 0x00000000a9700000|100%| E|CS|TAMS 0x00000000a9600000, 0x00000000a9600000| Complete 
| 117|0x00000000a9700000, 0x00000000a9800000, 0x00000000a9800000|100%| E|CS|TAMS 0x00000000a9700000, 0x00000000a9700000| Complete 
| 118|0x00000000a9800000, 0x00000000a9900000, 0x00000000a9900000|100%| E|CS|TAMS 0x00000000a9800000, 0x00000000a9800000| Complete 
| 119|0x00000000a9900000, 0x00000000a9a00000, 0x00000000a9a00000|100%| E|CS|TAMS 0x00000000a9900000, 0x00000000a9900000| Complete 

Card table byte_map: [0x000001f378cc0000,0x000001f378fb0000] _byte_map_base: 0x000001f3787af000

Marking Bits (Prev, Next): (CMBitMap*) 0x000001f361c490e0, (CMBitMap*) 0x000001f361c490a0
 Prev Bits: [0x000001f37aa20000, 0x000001f37c198000)
 Next Bits: [0x000001f3792a0000, 0x000001f37aa18000)

Polling page: 0x000001f35fb40000

Metaspace:

Usage:
  Non-class:     75.48 MB used.
      Class:     11.35 MB used.
       Both:     86.83 MB used.

Virtual space:
  Non-class space:      128.00 MB reserved,      75.81 MB ( 59%) committed,  2 nodes.
      Class space:        1.00 GB reserved,      11.69 MB (  1%) committed,  1 nodes.
             Both:        1.12 GB reserved,      87.50 MB (  8%) committed. 

Chunk freelists:
   Non-Class:  3.45 MB
       Class:  4.36 MB
        Both:  7.81 MB

MaxMetaspaceSize: unlimited
CompressedClassSpaceSize: 1.00 GB
Initial GC threshold: 21.00 MB
Current GC threshold: 144.38 MB
CDS: on
MetaspaceReclaimPolicy: balanced
 - commit_granule_bytes: 65536.
 - commit_granule_words: 8192.
 - virtual_space_node_default_size: 8388608.
 - enlarge_chunks_in_place: 1.
 - new_chunks_are_fully_committed: 0.
 - uncommit_free_chunks: 1.
 - use_allocation_guard: 0.
 - handle_deallocations: 1.


Internal statistics:

num_allocs_failed_limit: 6.
num_arena_births: 1228.
num_arena_deaths: 320.
num_vsnodes_births: 3.
num_vsnodes_deaths: 0.
num_space_committed: 1400.
num_space_uncommitted: 0.
num_chunks_returned_to_freelist: 377.
num_chunks_taken_from_freelist: 4838.
num_chunk_merges: 122.
num_chunk_splits: 3254.
num_chunks_enlarged: 2407.
num_purges: 20.
num_inconsistent_stats: 0.

CodeHeap 'non-profiled nmethods': size=120000Kb used=9751Kb max_used=9751Kb free=110249Kb
 bounds [0x000001f370f50000, 0x000001f3718e0000, 0x000001f378480000]
CodeHeap 'profiled nmethods': size=120000Kb used=23835Kb max_used=23835Kb free=96164Kb
 bounds [0x000001f369480000, 0x000001f36abd0000, 0x000001f3709b0000]
CodeHeap 'non-nmethods': size=5760Kb used=1376Kb max_used=1433Kb free=4384Kb
 bounds [0x000001f3709b0000, 0x000001f370c20000, 0x000001f370f50000]
 total_blobs=13649 nmethods=12933 adapters=626
 compilation: enabled
              stopped_count=0, restarted_count=0
 full_count=0

Compilation events (20 events):
Event: 1747.823 Thread 0x000001f37edd2d80 15083       1       org.hibernate.mapping.Constraint::getName (5 bytes)
Event: 1747.823 Thread 0x000001f37edd2d80 nmethod 15083 0x000001f3718d4410 code [0x000001f3718d45a0, 0x000001f3718d4678]
Event: 1747.823 Thread 0x000001f37edd2d80 15084       1       org.hibernate.tool.schema.internal.HibernateSchemaManagementTool$JdbcContextImpl::getSqlStatementLogger (5 bytes)
Event: 1747.823 Thread 0x000001f37edd2d80 nmethod 15084 0x000001f3718d4710 code [0x000001f3718d48a0, 0x000001f3718d4978]
Event: 1747.829 Thread 0x000001f37edd2d80 15085   !   2       org.springframework.aop.framework.ProxyCreatorSupport::adviceChanged (67 bytes)
Event: 1747.830 Thread 0x000001f37edd2d80 nmethod 15085 0x000001f36abb7690 code [0x000001f36abb7880, 0x000001f36abb7c28]
Event: 1747.830 Thread 0x000001f37edd2d80 15086       2       org.springframework.aop.framework.AdvisedSupport::adviceChanged (10 bytes)
Event: 1747.830 Thread 0x000001f37edd2d80 nmethod 15086 0x000001f36abb7e90 code [0x000001f36abb8020, 0x000001f36abb8148]
Event: 1747.876 Thread 0x000001f37edd2d80 15087       1       org.hibernate.metamodel.model.domain.internal.AbstractSqmPathSource::getSqmPathType (5 bytes)
Event: 1747.876 Thread 0x000001f37edd2d80 nmethod 15087 0x000001f3718d4a10 code [0x000001f3718d4ba0, 0x000001f3718d4c78]
Event: 1747.877 Thread 0x000001f37edd2d80 15088       1       org.springframework.data.repository.query.ReturnedType::getDomainType (5 bytes)
Event: 1747.877 Thread 0x000001f37edd2d80 nmethod 15088 0x000001f3718d4d10 code [0x000001f3718d4ea0, 0x000001f3718d4f78]
Event: 1747.877 Thread 0x000001f37edd2d80 15089       1       org.springframework.data.mapping.PropertyPath::getSegment (5 bytes)
Event: 1747.878 Thread 0x000001f37edd2d80 nmethod 15089 0x000001f3718d5010 code [0x000001f3718d51a0, 0x000001f3718d5278]
Event: 1747.878 Thread 0x000001f37edd2d80 15090       2       org.hibernate.query.sqm.tree.expression.AbstractSqmExpression::<init> (7 bytes)
Event: 1747.878 Thread 0x000001f37edd2d80 nmethod 15090 0x000001f36abb8210 code [0x000001f36abb83a0, 0x000001f36abb8578]
Event: 1747.878 Thread 0x000001f37edd2d80 15091       2       org.hibernate.query.sqm.tree.jpa.AbstractJpaSelection::<init> (7 bytes)
Event: 1747.878 Thread 0x000001f37edd2d80 nmethod 15091 0x000001f36abb8610 code [0x000001f36abb87a0, 0x000001f36abb8958]
Event: 1747.888 Thread 0x000001f37edd2d80 15092 %     3       java.lang.StackTraceElement::of @ 7 (68 bytes)
Event: 1747.889 Thread 0x000001f37edd2d80 nmethod 15092% 0x000001f36abb8a10 code [0x000001f36abb8c00, 0x000001f36abb92d8]

GC Heap History (20 events):
Event: 1722.072 GC heap before
{Heap before GC invocations=79 (full 2):
 garbage-first heap   total 82944K, used 64177K [0x00000000a2200000, 0x0000000100000000)
  region size 1024K, 27 young (27648K), 2 survivors (2048K)
 Metaspace       used 87130K, committed 87744K, reserved 1179648K
  class space    used 11490K, committed 11776K, reserved 1048576K
}
Event: 1722.076 GC heap after
{Heap after GC invocations=80 (full 2):
 garbage-first heap   total 82944K, used 40254K [0x00000000a2200000, 0x0000000100000000)
  region size 1024K, 4 young (4096K), 4 survivors (4096K)
 Metaspace       used 87130K, committed 87744K, reserved 1179648K
  class space    used 11490K, committed 11776K, reserved 1048576K
}
Event: 1722.296 GC heap before
{Heap before GC invocations=81 (full 2):
 garbage-first heap   total 82944K, used 64830K [0x00000000a2200000, 0x0000000100000000)
  region size 1024K, 28 young (28672K), 4 survivors (4096K)
 Metaspace       used 87350K, committed 87936K, reserved 1179648K
  class space    used 11505K, committed 11776K, reserved 1048576K
}
Event: 1722.300 GC heap after
{Heap after GC invocations=82 (full 2):
 garbage-first heap   total 82944K, used 40902K [0x00000000a2200000, 0x0000000100000000)
  region size 1024K, 3 young (3072K), 3 survivors (3072K)
 Metaspace       used 87350K, committed 87936K, reserved 1179648K
  class space    used 11505K, committed 11776K, reserved 1048576K
}
Event: 1722.303 GC heap before
{Heap before GC invocations=82 (full 2):
 garbage-first heap   total 82944K, used 41926K [0x00000000a2200000, 0x0000000100000000)
  region size 1024K, 4 young (4096K), 3 survivors (3072K)
 Metaspace       used 87350K, committed 87936K, reserved 1179648K
  class space    used 11505K, committed 11776K, reserved 1048576K
}
Event: 1722.306 GC heap after
{Heap after GC invocations=83 (full 2):
 garbage-first heap   total 122880K, used 40216K [0x00000000a2200000, 0x0000000100000000)
  region size 1024K, 1 young (1024K), 1 survivors (1024K)
 Metaspace       used 87350K, committed 87936K, reserved 1179648K
  class space    used 11505K, committed 11776K, reserved 1048576K
}
Event: 1725.151 GC heap before
{Heap before GC invocations=83 (full 2):
 garbage-first heap   total 122880K, used 94488K [0x00000000a2200000, 0x0000000100000000)
  region size 1024K, 54 young (55296K), 1 survivors (1024K)
 Metaspace       used 87596K, committed 88256K, reserved 1179648K
  class space    used 11522K, committed 11840K, reserved 1048576K
}
Event: 1725.156 GC heap after
{Heap after GC invocations=84 (full 2):
 garbage-first heap   total 122880K, used 42285K [0x00000000a2200000, 0x0000000100000000)
  region size 1024K, 3 young (3072K), 3 survivors (3072K)
 Metaspace       used 87596K, committed 88256K, reserved 1179648K
  class space    used 11522K, committed 11840K, reserved 1048576K
}
Event: 1732.554 GC heap before
{Heap before GC invocations=85 (full 2):
 garbage-first heap   total 122880K, used 95533K [0x00000000a2200000, 0x0000000100000000)
  region size 1024K, 55 young (56320K), 3 survivors (3072K)
 Metaspace       used 87615K, committed 88256K, reserved 1179648K
  class space    used 11522K, committed 11840K, reserved 1048576K
}
Event: 1732.558 GC heap after
{Heap after GC invocations=86 (full 2):
 garbage-first heap   total 122880K, used 42203K [0x00000000a2200000, 0x0000000100000000)
  region size 1024K, 3 young (3072K), 3 survivors (3072K)
 Metaspace       used 87615K, committed 88256K, reserved 1179648K
  class space    used 11522K, committed 11840K, reserved 1048576K
}
Event: 1733.005 GC heap before
{Heap before GC invocations=86 (full 2):
 garbage-first heap   total 122880K, used 45275K [0x00000000a2200000, 0x0000000100000000)
  region size 1024K, 6 young (6144K), 3 survivors (3072K)
 Metaspace       used 87616K, committed 88256K, reserved 1179648K
  class space    used 11522K, committed 11840K, reserved 1048576K
}
Event: 1733.008 GC heap after
{Heap after GC invocations=87 (full 2):
 garbage-first heap   total 122880K, used 42011K [0x00000000a2200000, 0x0000000100000000)
  region size 1024K, 1 young (1024K), 1 survivors (1024K)
 Metaspace       used 87616K, committed 88256K, reserved 1179648K
  class space    used 11522K, committed 11840K, reserved 1048576K
}
Event: 1741.448 GC heap before
{Heap before GC invocations=87 (full 2):
 garbage-first heap   total 122880K, used 99355K [0x00000000a2200000, 0x0000000100000000)
  region size 1024K, 57 young (58368K), 1 survivors (1024K)
 Metaspace       used 87616K, committed 88256K, reserved 1179648K
  class space    used 11522K, committed 11840K, reserved 1048576K
}
Event: 1741.451 GC heap after
{Heap after GC invocations=88 (full 2):
 garbage-first heap   total 122880K, used 41741K [0x00000000a2200000, 0x0000000100000000)
  region size 1024K, 1 young (1024K), 1 survivors (1024K)
 Metaspace       used 87616K, committed 88256K, reserved 1179648K
  class space    used 11522K, committed 11840K, reserved 1048576K
}
Event: 1743.681 GC heap before
{Heap before GC invocations=89 (full 2):
 garbage-first heap   total 122880K, used 55053K [0x00000000a2200000, 0x0000000100000000)
  region size 1024K, 15 young (15360K), 1 survivors (1024K)
 Metaspace       used 87645K, committed 88320K, reserved 1179648K
  class space    used 11522K, committed 11840K, reserved 1048576K
}
Event: 1743.773 GC heap after
{Heap after GC invocations=90 (full 3):
 garbage-first heap   total 122880K, used 35178K [0x00000000a2200000, 0x0000000100000000)
  region size 1024K, 0 young (0K), 0 survivors (0K)
 Metaspace       used 87645K, committed 88320K, reserved 1179648K
  class space    used 11522K, committed 11840K, reserved 1048576K
}
Event: 1745.154 GC heap before
{Heap before GC invocations=90 (full 3):
 garbage-first heap   total 122880K, used 100714K [0x00000000a2200000, 0x0000000100000000)
  region size 1024K, 64 young (65536K), 0 survivors (0K)
 Metaspace       used 88041K, committed 88704K, reserved 1179648K
  class space    used 11570K, committed 11904K, reserved 1048576K
}
Event: 1745.160 GC heap after
{Heap after GC invocations=91 (full 3):
 garbage-first heap   total 122880K, used 39781K [0x00000000a2200000, 0x0000000100000000)
  region size 1024K, 5 young (5120K), 5 survivors (5120K)
 Metaspace       used 88041K, committed 88704K, reserved 1179648K
  class space    used 11570K, committed 11904K, reserved 1048576K
}
Event: 1746.293 GC heap before
{Heap before GC invocations=92 (full 3):
 garbage-first heap   total 122880K, used 97125K [0x00000000a2200000, 0x0000000100000000)
  region size 1024K, 61 young (62464K), 5 survivors (5120K)
 Metaspace       used 88387K, committed 89024K, reserved 1179648K
  class space    used 11591K, committed 11904K, reserved 1048576K
}
Event: 1746.300 GC heap after
{Heap after GC invocations=93 (full 3):
 garbage-first heap   total 122880K, used 43007K [0x00000000a2200000, 0x0000000100000000)
  region size 1024K, 4 young (4096K), 4 survivors (4096K)
 Metaspace       used 88387K, committed 89024K, reserved 1179648K
  class space    used 11591K, committed 11904K, reserved 1048576K
}

Deoptimization events (20 events):
Event: 1746.787 Thread 0x000001f3465cd600 Uncommon trap: trap_request=0xffffff45 fr.pc=0x000001f3714b4224 relative=0x00000000000005c4
Event: 1746.787 Thread 0x000001f3465cd600 Uncommon trap: reason=unstable_if action=reinterpret pc=0x000001f3714b4224 method=org.jboss.logging.Slf4jLocationAwareLogger.isEnabled(Lorg/jboss/logging/Logger$Level;)Z @ 12 c2
Event: 1746.787 Thread 0x000001f3465cd600 DEOPT PACKING pc=0x000001f3714b4224 sp=0x000000abb8af80e0
Event: 1746.787 Thread 0x000001f3465cd600 DEOPT UNPACKING pc=0x000001f370a023a3 sp=0x000000abb8af8060 mode 2
Event: 1746.997 Thread 0x000001f3465c9770 Uncommon trap: trap_request=0xffffff45 fr.pc=0x000001f371734b7c relative=0x000000000000453c
Event: 1746.997 Thread 0x000001f3465c9770 Uncommon trap: reason=unstable_if action=reinterpret pc=0x000001f371734b7c method=org.postgresql.core.v3.QueryExecutorImpl.processResults(Lorg/postgresql/core/ResultHandler;IZ)V @ 1730 c2
Event: 1746.997 Thread 0x000001f3465c9770 DEOPT PACKING pc=0x000001f371734b7c sp=0x000000abb80f8200
Event: 1746.997 Thread 0x000001f3465c9770 DEOPT UNPACKING pc=0x000001f370a023a3 sp=0x000000abb80f81c0 mode 2
Event: 1746.997 Thread 0x000001f3465c9770 Uncommon trap: trap_request=0xffffff45 fr.pc=0x000001f371532a18 relative=0x0000000000000098
Event: 1746.997 Thread 0x000001f3465c9770 Uncommon trap: reason=unstable_if action=reinterpret pc=0x000001f371532a18 method=java.util.ArrayDeque.circularClear([Ljava/lang/Object;II)V @ 14 c2
Event: 1746.997 Thread 0x000001f3465c9770 DEOPT PACKING pc=0x000001f371532a18 sp=0x000000abb80f81a0
Event: 1746.997 Thread 0x000001f3465c9770 DEOPT UNPACKING pc=0x000001f370a023a3 sp=0x000000abb80f80d0 mode 2
Event: 1746.997 Thread 0x000001f3465c9770 Uncommon trap: trap_request=0xffffff45 fr.pc=0x000001f371623b58 relative=0x0000000000000058
Event: 1746.997 Thread 0x000001f3465c9770 Uncommon trap: reason=unstable_if action=reinterpret pc=0x000001f371623b58 method=org.postgresql.core.ResultHandlerBase.handleCompletion()V @ 6 c2
Event: 1746.997 Thread 0x000001f3465c9770 DEOPT PACKING pc=0x000001f371623b58 sp=0x000000abb80f82c0
Event: 1746.997 Thread 0x000001f3465c9770 DEOPT UNPACKING pc=0x000001f370a023a3 sp=0x000000abb80f8250 mode 2
Event: 1747.107 Thread 0x000001f3465c9770 Uncommon trap: trap_request=0xffffff45 fr.pc=0x000001f371532cdc relative=0x000000000000005c
Event: 1747.107 Thread 0x000001f3465c9770 Uncommon trap: reason=unstable_if action=reinterpret pc=0x000001f371532cdc method=java.util.ArrayDeque.circularClear([Ljava/lang/Object;II)V @ 14 c2
Event: 1747.107 Thread 0x000001f3465c9770 DEOPT PACKING pc=0x000001f371532cdc sp=0x000000abb80f8130
Event: 1747.107 Thread 0x000001f3465c9770 DEOPT UNPACKING pc=0x000001f370a023a3 sp=0x000000abb80f80d0 mode 2

Classes unloaded (20 events):
Event: 1713.473 Thread 0x000001f37eda18f0 Unloading class 0x000001f301115c00 'java/lang/invoke/LambdaForm$MH+0x000001f301115c00'
Event: 1713.473 Thread 0x000001f37eda18f0 Unloading class 0x000001f301115800 'java/lang/invoke/LambdaForm$MH+0x000001f301115800'
Event: 1713.473 Thread 0x000001f37eda18f0 Unloading class 0x000001f301115400 'java/lang/invoke/LambdaForm$MH+0x000001f301115400'
Event: 1713.473 Thread 0x000001f37eda18f0 Unloading class 0x000001f301115000 'java/lang/invoke/LambdaForm$MH+0x000001f301115000'
Event: 1713.473 Thread 0x000001f37eda18f0 Unloading class 0x000001f301114c00 'java/lang/invoke/LambdaForm$MH+0x000001f301114c00'
Event: 1713.473 Thread 0x000001f37eda18f0 Unloading class 0x000001f301114800 'java/lang/invoke/LambdaForm$MH+0x000001f301114800'
Event: 1713.473 Thread 0x000001f37eda18f0 Unloading class 0x000001f301114400 'java/lang/invoke/LambdaForm$MH+0x000001f301114400'
Event: 1713.473 Thread 0x000001f37eda18f0 Unloading class 0x000001f30102d800 'java/lang/invoke/LambdaForm$MH+0x000001f30102d800'
Event: 1713.473 Thread 0x000001f37eda18f0 Unloading class 0x000001f30102d400 'java/lang/invoke/LambdaForm$MH+0x000001f30102d400'
Event: 1713.473 Thread 0x000001f37eda18f0 Unloading class 0x000001f30102d000 'java/lang/invoke/LambdaForm$MH+0x000001f30102d000'
Event: 1713.473 Thread 0x000001f37eda18f0 Unloading class 0x000001f30102cc00 'java/lang/invoke/LambdaForm$MH+0x000001f30102cc00'
Event: 1713.473 Thread 0x000001f37eda18f0 Unloading class 0x000001f30102c800 'java/lang/invoke/LambdaForm$MH+0x000001f30102c800'
Event: 1719.924 Thread 0x000001f37eda18f0 Unloading class 0x000001f301010800 'jdk/internal/reflect/GeneratedSerializationConstructorAccessor30'
Event: 1719.924 Thread 0x000001f37eda18f0 Unloading class 0x000001f301011400 'jdk/internal/reflect/GeneratedSerializationConstructorAccessor29'
Event: 1719.924 Thread 0x000001f37eda18f0 Unloading class 0x000001f30133d000 'jdk/internal/reflect/GeneratedSerializationConstructorAccessor28'
Event: 1722.120 Thread 0x000001f37eda18f0 Unloading class 0x000001f301b5c000 'org/apache/catalina/loader/JdbcLeakPrevention'
Event: 1725.202 Thread 0x000001f37eda18f0 Unloading class 0x000001f301b78c00 'jdk/internal/reflect/GeneratedSerializationConstructorAccessor31'
Event: 1741.506 Thread 0x000001f37eda18f0 Unloading class 0x000001f301b80800 'jdk/internal/reflect/GeneratedSerializationConstructorAccessor33'
Event: 1741.506 Thread 0x000001f37eda18f0 Unloading class 0x000001f301b80400 'jdk/internal/reflect/GeneratedSerializationConstructorAccessor32'
Event: 1745.205 Thread 0x000001f37eda18f0 Unloading class 0x000001f301b80800 'org/apache/catalina/loader/JdbcLeakPrevention'

Classes redefined (0 events):
No events

Internal exceptions (20 events):
Event: 1745.494 Thread 0x000001f3465cd600 Exception <a 'java/lang/NoClassDefFoundError'{0x00000000a8cb1168}: org/springframework/session/jdbc/JdbcIndexedSessionRepository> (0x00000000a8cb1168) 
thrown [s\open\src\hotspot\share\oops\constantPool.cpp, line 835]
Event: 1745.500 Thread 0x000001f3465cd600 Exception <a 'java/lang/NoClassDefFoundError'{0x00000000a8cfb598}: org/jooq/DSLContext> (0x00000000a8cfb598) 
thrown [s\open\src\hotspot\share\oops\constantPool.cpp, line 835]
Event: 1745.546 Thread 0x000001f3465c9770 Exception <a 'java/lang/NoClassDefFoundError'{0x00000000a89efe88}: org/flywaydb/core/Flyway> (0x00000000a89efe88) 
thrown [s\open\src\hotspot\share\oops\constantPool.cpp, line 835]
Event: 1745.546 Thread 0x000001f3465c9770 Exception <a 'java/lang/NoClassDefFoundError'{0x00000000a89f04d8}: liquibase/integration/spring/SpringLiquibase> (0x00000000a89f04d8) 
thrown [s\open\src\hotspot\share\oops\constantPool.cpp, line 835]
Event: 1745.552 Thread 0x000001f3465c9770 Exception <a 'java/lang/NoClassDefFoundError'{0x00000000a8813538}: org/springframework/batch/core/repository/JobRepository> (0x00000000a8813538) 
thrown [s\open\src\hotspot\share\oops\constantPool.cpp, line 835]
Event: 1745.552 Thread 0x000001f3465c9770 Exception <a 'java/lang/NoClassDefFoundError'{0x00000000a8813b80}: org/quartz/Scheduler> (0x00000000a8813b80) 
thrown [s\open\src\hotspot\share\oops\constantPool.cpp, line 835]
Event: 1745.552 Thread 0x000001f3465c9770 Exception <a 'java/lang/NoClassDefFoundError'{0x00000000a88141f0}: org/springframework/session/jdbc/JdbcIndexedSessionRepository> (0x00000000a88141f0) 
thrown [s\open\src\hotspot\share\oops\constantPool.cpp, line 835]
Event: 1745.559 Thread 0x000001f3465c9770 Exception <a 'java/lang/NoClassDefFoundError'{0x00000000a884c790}: org/jooq/DSLContext> (0x00000000a884c790) 
thrown [s\open\src\hotspot\share\oops\constantPool.cpp, line 835]
Event: 1745.777 Thread 0x000001f3465cd600 Exception <a 'sun/nio/fs/WindowsException'{0x00000000a7c79f58}> (0x00000000a7c79f58) 
thrown [s\open\src\hotspot\share\prims\jni.cpp, line 516]
Event: 1745.777 Thread 0x000001f3465cd600 Exception <a 'sun/nio/fs/WindowsException'{0x00000000a7c7a648}> (0x00000000a7c7a648) 
thrown [s\open\src\hotspot\share\prims\jni.cpp, line 516]
Event: 1745.777 Thread 0x000001f3465cd600 Exception <a 'sun/nio/fs/WindowsException'{0x00000000a7c7ad28}> (0x00000000a7c7ad28) 
thrown [s\open\src\hotspot\share\prims\jni.cpp, line 516]
Event: 1745.782 Thread 0x000001f3465c9770 Exception <a 'sun/nio/fs/WindowsException'{0x00000000a7b82ab8}> (0x00000000a7b82ab8) 
thrown [s\open\src\hotspot\share\prims\jni.cpp, line 516]
Event: 1745.783 Thread 0x000001f3465c9770 Exception <a 'sun/nio/fs/WindowsException'{0x00000000a7b831a8}> (0x00000000a7b831a8) 
thrown [s\open\src\hotspot\share\prims\jni.cpp, line 516]
Event: 1745.783 Thread 0x000001f3465c9770 Exception <a 'sun/nio/fs/WindowsException'{0x00000000a7b83888}> (0x00000000a7b83888) 
thrown [s\open\src\hotspot\share\prims\jni.cpp, line 516]
Event: 1745.820 Thread 0x000001f3465cd600 Exception <a 'java/io/FileNotFoundException'{0x00000000a7a1b758}> (0x00000000a7a1b758) 
thrown [s\open\src\hotspot\share\prims\jni.cpp, line 516]
Event: 1745.820 Thread 0x000001f3465cd600 Exception <a 'java/io/FileNotFoundException'{0x00000000a7a1c9e0}> (0x00000000a7a1c9e0) 
thrown [s\open\src\hotspot\share\prims\jni.cpp, line 516]
Event: 1745.820 Thread 0x000001f3465cd600 Exception <a 'java/io/FileNotFoundException'{0x00000000a7a1dc70}> (0x00000000a7a1dc70) 
thrown [s\open\src\hotspot\share\prims\jni.cpp, line 516]
Event: 1745.832 Thread 0x000001f3465c9770 Exception <a 'java/io/FileNotFoundException'{0x00000000a7bf8a98}> (0x00000000a7bf8a98) 
thrown [s\open\src\hotspot\share\prims\jni.cpp, line 516]
Event: 1745.833 Thread 0x000001f3465c9770 Exception <a 'java/io/FileNotFoundException'{0x00000000a7bf9d20}> (0x00000000a7bf9d20) 
thrown [s\open\src\hotspot\share\prims\jni.cpp, line 516]
Event: 1745.834 Thread 0x000001f3465c9770 Exception <a 'java/io/FileNotFoundException'{0x00000000a7bfafb0}> (0x00000000a7bfafb0) 
thrown [s\open\src\hotspot\share\prims\jni.cpp, line 516]

VM Operations (20 events):
Event: 1743.647 Executing VM operation: ThreadDump
Event: 1743.647 Executing VM operation: ThreadDump done
Event: 1743.648 Executing VM operation: ThreadDump
Event: 1743.648 Executing VM operation: ThreadDump done
Event: 1743.679 Executing VM operation: G1CollectFull
Event: 1743.774 Executing VM operation: G1CollectFull done
Event: 1745.154 Executing VM operation: G1CollectForAllocation
Event: 1745.160 Executing VM operation: G1CollectForAllocation done
Event: 1745.204 Executing VM operation: G1Concurrent
Event: 1745.236 Executing VM operation: G1Concurrent done
Event: 1745.254 Executing VM operation: G1Concurrent
Event: 1745.256 Executing VM operation: G1Concurrent done
Event: 1746.268 Executing VM operation: Cleanup
Event: 1746.270 Executing VM operation: Cleanup done
Event: 1746.293 Executing VM operation: G1CollectForAllocation
Event: 1746.300 Executing VM operation: G1CollectForAllocation done
Event: 1746.781 Executing VM operation: HandshakeAllThreads
Event: 1746.781 Executing VM operation: HandshakeAllThreads done
Event: 1747.787 Executing VM operation: Cleanup
Event: 1747.788 Executing VM operation: Cleanup done

Events (20 events):
Event: 1743.665 Thread 0x000001f3465ca110 Thread added: 0x000001f3465ca110
Event: 1743.665 Thread 0x000001f3487503e0 Thread exited: 0x000001f3487503e0
Event: 1743.666 Thread 0x000001f3465ca110 Thread exited: 0x000001f3465ca110
Event: 1743.675 Thread 0x000001f3465c9c40 Thread exited: 0x000001f3465c9c40
Event: 1743.774 Thread 0x000001f3465cc790 Thread added: 0x000001f3465cc790
Event: 1743.774 Thread 0x000001f3465cc790 Thread exited: 0x000001f3465cc790
Event: 1743.775 Thread 0x000001f3465cd600 Thread added: 0x000001f3465cd600
Event: 1743.812 Thread 0x000001f34874dd60 Thread exited: 0x000001f34874dd60
Event: 1743.813 Thread 0x000001f3465ce470 Thread added: 0x000001f3465ce470
Event: 1743.891 Thread 0x000001f3465c9770 Thread added: 0x000001f3465c9770
Event: 1744.271 Thread 0x000001f3465c8900 Thread added: 0x000001f3465c8900
Event: 1744.350 Thread 0x000001f3465c8dd0 Thread added: 0x000001f3465c8dd0
Event: 1744.363 Thread 0x000001f3465c8900 Thread exited: 0x000001f3465c8900
Event: 1744.430 Thread 0x000001f3465c8dd0 Thread exited: 0x000001f3465c8dd0
Event: 1746.090 Thread 0x000001f3465cb920 Thread added: 0x000001f3465cb920
Event: 1746.117 Thread 0x000001f3465cd130 Thread added: 0x000001f3465cd130
Event: 1746.192 Thread 0x000001f3465ce940 Thread added: 0x000001f3465ce940
Event: 1746.225 Thread 0x000001f3465c8900 Thread added: 0x000001f3465c8900
Event: 1746.987 loading class java/text/MessageFormat$Field
Event: 1746.992 loading class java/text/MessageFormat$Field done


Dynamic libraries:
0x00007ff6a40f0000 - 0x00007ff6a4100000 	C:\Program Files\Java\jdk-17\bin\java.exe
0x00007ffa16a90000 - 0x00007ffa16ca7000 	C:\WINDOWS\SYSTEM32\ntdll.dll
0x00007ffa159a0000 - 0x00007ffa15a64000 	C:\WINDOWS\System32\KERNEL32.DLL
0x00007ffa13e00000 - 0x00007ffa141a5000 	C:\WINDOWS\System32\KERNELBASE.dll
0x00007ffa141b0000 - 0x00007ffa142c1000 	C:\WINDOWS\System32\ucrtbase.dll
0x00007ffa09cb0000 - 0x00007ffa09cc9000 	C:\Program Files\Java\jdk-17\bin\jli.dll
0x00007ffa09be0000 - 0x00007ffa09bfb000 	C:\Program Files\Java\jdk-17\bin\VCRUNTIME140.dll
0x00007ffa16650000 - 0x00007ffa16701000 	C:\WINDOWS\System32\ADVAPI32.dll
0x00007ffa147e0000 - 0x00007ffa14887000 	C:\WINDOWS\System32\msvcrt.dll
0x00007ffa16590000 - 0x00007ffa16636000 	C:\WINDOWS\System32\sechost.dll
0x00007ffa15660000 - 0x00007ffa15777000 	C:\WINDOWS\System32\RPCRT4.dll
0x00007ffa148e0000 - 0x00007ffa14a8e000 	C:\WINDOWS\System32\USER32.dll
0x00007ffa14640000 - 0x00007ffa14666000 	C:\WINDOWS\System32\win32u.dll
0x00007ff9f6f70000 - 0x00007ff9f7203000 	C:\WINDOWS\WinSxS\amd64_microsoft.windows.common-controls_6595b64144ccf1df_6.0.22621.2506_none_270c5ae97388e100\COMCTL32.dll
0x00007ffa167f0000 - 0x00007ffa16819000 	C:\WINDOWS\System32\GDI32.dll
0x00007ffa142d0000 - 0x00007ffa143e9000 	C:\WINDOWS\System32\gdi32full.dll
0x00007ffa145a0000 - 0x00007ffa1463a000 	C:\WINDOWS\System32\msvcp_win.dll
0x00007ffa09650000 - 0x00007ffa0965a000 	C:\WINDOWS\SYSTEM32\VERSION.dll
0x00007ffa15570000 - 0x00007ffa155a1000 	C:\WINDOWS\System32\IMM32.DLL
0x00007ffa0d530000 - 0x00007ffa0d53c000 	C:\Program Files\Java\jdk-17\bin\vcruntime140_1.dll
0x00007ff9ad230000 - 0x00007ff9ad2be000 	C:\Program Files\Java\jdk-17\bin\msvcp140.dll
0x00007ff98e1e0000 - 0x00007ff98edbe000 	C:\Program Files\Java\jdk-17\bin\server\jvm.dll
0x00007ffa16820000 - 0x00007ffa16828000 	C:\WINDOWS\System32\PSAPI.DLL
0x00007ffa0d520000 - 0x00007ffa0d529000 	C:\WINDOWS\SYSTEM32\WSOCK32.dll
0x00007ffa0c030000 - 0x00007ffa0c064000 	C:\WINDOWS\SYSTEM32\WINMM.dll
0x00007ffa169d0000 - 0x00007ffa16a41000 	C:\WINDOWS\System32\WS2_32.dll
0x00007ffa12d70000 - 0x00007ffa12d88000 	C:\WINDOWS\SYSTEM32\kernel.appcore.dll
0x00007ffa09d20000 - 0x00007ffa09d2a000 	C:\Program Files\Java\jdk-17\bin\jimage.dll
0x00007ffa11900000 - 0x00007ffa11b33000 	C:\WINDOWS\SYSTEM32\DBGHELP.DLL
0x00007ffa14d50000 - 0x00007ffa150d9000 	C:\WINDOWS\System32\combase.dll
0x00007ffa16710000 - 0x00007ffa167e7000 	C:\WINDOWS\System32\OLEAUT32.dll
0x00007ffa01480000 - 0x00007ffa014b2000 	C:\WINDOWS\SYSTEM32\dbgcore.DLL
0x00007ffa14520000 - 0x00007ffa1459a000 	C:\WINDOWS\System32\bcryptPrimitives.dll
0x00007ffa08280000 - 0x00007ffa082a5000 	C:\Program Files\Java\jdk-17\bin\java.dll
0x00007ff9a83a0000 - 0x00007ff9a8477000 	C:\Program Files\Java\jdk-17\bin\jsvml.dll
0x00007ffa15b10000 - 0x00007ffa16369000 	C:\WINDOWS\System32\SHELL32.dll
0x00007ffa11cd0000 - 0x00007ffa125c4000 	C:\WINDOWS\SYSTEM32\windows.storage.dll
0x00007ffa11b90000 - 0x00007ffa11cce000 	C:\WINDOWS\SYSTEM32\wintypes.dll
0x00007ffa14c50000 - 0x00007ffa14d43000 	C:\WINDOWS\System32\SHCORE.dll
0x00007ffa15940000 - 0x00007ffa1599e000 	C:\WINDOWS\System32\shlwapi.dll
0x00007ffa13d30000 - 0x00007ffa13d56000 	C:\WINDOWS\SYSTEM32\profapi.dll
0x00007ffa09bc0000 - 0x00007ffa09bd9000 	C:\Program Files\Java\jdk-17\bin\net.dll
0x00007ffa0dcb0000 - 0x00007ffa0dde7000 	C:\WINDOWS\SYSTEM32\WINHTTP.dll
0x00007ffa13260000 - 0x00007ffa132c9000 	C:\WINDOWS\system32\mswsock.dll
0x00007ff9c87b0000 - 0x00007ff9c87c6000 	C:\Program Files\Java\jdk-17\bin\nio.dll
0x00007ff9c7f90000 - 0x00007ff9c7fa8000 	C:\Program Files\Java\jdk-17\bin\zip.dll
0x00007ffa0af00000 - 0x00007ffa0af0a000 	C:\Program Files\Java\jdk-17\bin\management.dll
0x00007ffa0aef0000 - 0x00007ffa0aefb000 	C:\Program Files\Java\jdk-17\bin\management_ext.dll
0x00007ffa134d0000 - 0x00007ffa134eb000 	C:\WINDOWS\SYSTEM32\CRYPTSP.dll
0x00007ffa12d30000 - 0x00007ffa12d65000 	C:\WINDOWS\system32\rsaenh.dll
0x00007ffa13370000 - 0x00007ffa1339c000 	C:\WINDOWS\SYSTEM32\USERENV.dll
0x00007ffa136c0000 - 0x00007ffa136e8000 	C:\WINDOWS\SYSTEM32\bcrypt.dll
0x00007ffa134f0000 - 0x00007ffa134fc000 	C:\WINDOWS\SYSTEM32\CRYPTBASE.dll
0x00007ffa12870000 - 0x00007ffa1289d000 	C:\WINDOWS\SYSTEM32\IPHLPAPI.DLL
0x00007ffa15b00000 - 0x00007ffa15b09000 	C:\WINDOWS\System32\NSI.dll
0x00007ffa0cd60000 - 0x00007ffa0cd79000 	C:\WINDOWS\SYSTEM32\dhcpcsvc6.DLL
0x00007ffa0c8b0000 - 0x00007ffa0c8cf000 	C:\WINDOWS\SYSTEM32\dhcpcsvc.DLL
0x00007ffa128a0000 - 0x00007ffa12999000 	C:\WINDOWS\SYSTEM32\DNSAPI.dll
0x00007ffa0d3e0000 - 0x00007ffa0d3ee000 	C:\Program Files\Java\jdk-17\bin\sunmscapi.dll
0x00007ffa14670000 - 0x00007ffa147d6000 	C:\WINDOWS\System32\CRYPT32.dll
0x00007ffa13690000 - 0x00007ffa136bd000 	C:\WINDOWS\SYSTEM32\ncrypt.dll
0x00007ffa13650000 - 0x00007ffa13687000 	C:\WINDOWS\SYSTEM32\NTASN1.dll
0x00007ff9ff320000 - 0x00007ff9ff330000 	C:\Program Files\Java\jdk-17\bin\verify.dll
0x00007ffa0d280000 - 0x00007ffa0d28a000 	C:\Windows\System32\rasadhlp.dll
0x00007ffa0a960000 - 0x00007ffa0a9e3000 	C:\WINDOWS\System32\fwpuclnt.dll
0x00007ffa0d2e0000 - 0x00007ffa0d2e8000 	C:\WINDOWS\system32\wshunix.dll
0x00007ff9c0cc0000 - 0x00007ff9c0cd7000 	C:\WINDOWS\system32\napinsp.dll
0x00007ff9c0ca0000 - 0x00007ff9c0cbb000 	C:\WINDOWS\system32\pnrpnsp.dll
0x00007ff9ad710000 - 0x00007ff9ad721000 	C:\WINDOWS\System32\winrnr.dll
0x00007ffa0bdb0000 - 0x00007ffa0bdc5000 	C:\WINDOWS\system32\wshbth.dll
0x00007ff9b0600000 - 0x00007ff9b0621000 	C:\WINDOWS\system32\nlansp_c.dll

dbghelp: loaded successfully - version: 4.0.5 - missing functions: none
symbol engine: initialized successfully - sym options: 0x614 - pdb path: .;C:\Program Files\Java\jdk-17\bin;C:\WINDOWS\SYSTEM32;C:\WINDOWS\WinSxS\amd64_microsoft.windows.common-controls_6595b64144ccf1df_6.0.22621.2506_none_270c5ae97388e100;C:\Program Files\Java\jdk-17\bin\server

VM Arguments:
jvm_args: -XX:+ShowCodeDetailsInExceptionMessages 
java_command: apap.tutorial.bacabaca.BacabacaApplication
java_class_path (initial): C:\Users\Alizha\tutorial-apap-2106652000\bacabaca\bin\main;C:\Users\Alizha\tutorial-apap-2106652000\bacabaca\bin\test;C:\Users\Alizha\tutorial-apap-2106652000\bacabaca\bin\default;C:\Users\Alizha\.gradle\caches\modules-2\files-2.1\org.projectlombok\lombok\1.18.26\8f8cf0372abf564913e9796623aac4c8ea44025a\lombok-1.18.26.jar;C:\Users\Alizha\.gradle\caches\modules-2\files-2.1\org.springframework.boot\spring-boot-starter-thymeleaf\3.1.3\234ffde0db9f68f387ce99928053c9be103be789\spring-boot-starter-thymeleaf-3.1.3.jar;C:\Users\Alizha\.gradle\caches\modules-2\files-2.1\org.springframework.boot\spring-boot-starter-web\3.1.3\d4326db157b4cf73647ae69b588de0dc65cb702\spring-boot-starter-web-3.1.3.jar;C:\Users\Alizha\.gradle\caches\modules-2\files-2.1\org.springframework.boot\spring-boot-starter-data-jpa\3.1.3\f0a12154dd3ecee15f6b0ad9cc8025cb600cbbfc\spring-boot-starter-data-jpa-3.1.3.jar;C:\Users\Alizha\.gradle\caches\modules-2\files-2.1\org.springframework.boot\spring-boot-starter-validation\2.7.3\c2e59c8d4df01dfecbdeac96693944ffcb2527ae\spring-boot-starter-validation-2.7.3.jar;C:\Users\Alizha\.gradle\caches\modules-2\files-2.1\org.mapstruct\mapstruct\1.5.0.Final\5ddc1ae583f0ac6ab4302524121474fb9396d74a\mapstruct-1.5.0.Final.jar;C:\Users\Alizha\.gradle\caches\modules-2\files-2.1\com.github.javafaker\javafaker\1.0.2\be0ff271b1208416822db4438864df47f90af92f\javafaker-1.0.2.jar;C:\Users\Alizha\.gradle\caches\modules-2\files-2.1\io.jsonwebtoken\jjwt\0.9.1\54d2abfc3e63a28824d35bf600d6a5d627da681a\jjwt-0.9.1.jar;C:\Users\Alizha\.gradle\caches\modules-2\files-2.1\org.springframework.boot\spring-boot-starter-webflux\3.1.3\9967939450421879c901e90385113a4092fd31a7\spring-boot-starter-webflux-3.1.3.jar;C:\Users\Alizha\.gradle\caches\modules-2\files-2.1\org.springframework.boot\spring-boot-starter-json\3.1.3\853a7b3152846d685e38c34ad8e14f221228c846\spring-boot-starter-json-3.1.3.jar;C:\Users\Alizha\.gradle\caches\modules-2\files-2.1\com.fasterxml.jackson.dataty
Launcher Type: SUN_STANDARD

[Global flags]
     intx CICompilerCount                          = 4                                         {product} {ergonomic}
     uint ConcGCThreads                            = 3                                         {product} {ergonomic}
     uint G1ConcRefinementThreads                  = 10                                        {product} {ergonomic}
   size_t G1HeapRegionSize                         = 1048576                                   {product} {ergonomic}
    uintx GCDrainStackTargetSize                   = 64                                        {product} {ergonomic}
   size_t InitialHeapSize                          = 98566144                                  {product} {ergonomic}
   size_t MarkStackSize                            = 4194304                                   {product} {ergonomic}
   size_t MaxHeapSize                              = 1574961152                                {product} {ergonomic}
   size_t MaxNewSize                               = 944766976                                 {product} {ergonomic}
   size_t MinHeapDeltaBytes                        = 1048576                                   {product} {ergonomic}
   size_t MinHeapSize                              = 8388608                                   {product} {ergonomic}
    uintx NonNMethodCodeHeapSize                   = 5839372                                {pd product} {ergonomic}
    uintx NonProfiledCodeHeapSize                  = 122909434                              {pd product} {ergonomic}
    uintx ProfiledCodeHeapSize                     = 122909434                              {pd product} {ergonomic}
    uintx ReservedCodeCacheSize                    = 251658240                              {pd product} {ergonomic}
     bool SegmentedCodeCache                       = true                                      {product} {ergonomic}
     bool ShowCodeDetailsInExceptionMessages       = true                                   {manageable} {command line}
   size_t SoftMaxHeapSize                          = 1574961152                             {manageable} {ergonomic}
     bool UseCompressedClassPointers               = true                           {product lp64_product} {ergonomic}
     bool UseCompressedOops                        = true                           {product lp64_product} {ergonomic}
     bool UseG1GC                                  = true                                      {product} {ergonomic}
     bool UseLargePagesIndividualAllocation        = false                                  {pd product} {ergonomic}

Logging:
Log output configuration:
 #0: stdout all=warning uptime,level,tags
 #1: stderr all=off uptime,level,tags

Environment Variables:
JAVA_HOME=C:\Program Files\Java\jdk-17
PATH=C:\Program Files\Common Files\Oracle\Java\javapath;C:\Program Files\PostgreSQL\15\bin;C:\Program Files (x86)\Common Files\Oracle\Java\javapath;C:\WINDOWS\system32;C:\WINDOWS;C:\WINDOWS\System32\Wbem;C:\WINDOWS\System32\WindowsPowerShell\v1.0\;C:\WINDOWS\System32\OpenSSH\;C:\Program Files\kotlinc\bin;C:\Program Files\PuTTY\;C:\Program Files\Git\cmd;C:\Program Files\Docker\Docker\resources\bin;C:\Program Files\Java\jdk-17;C:\Users\Alizha\AppData\Local\Programs\Python\Python39\Scripts\;C:\Users\Alizha\AppData\Local\Programs\Python\Python39\;C:\Users\Alizha\AppData\Local\Microsoft\WindowsApps;D:\Microsoft VS Code\bin;C:\Program Files\Git;C:\Users\Alizha\c sosi\MinGW\bin;C:\Users\Alizha\Flutter\flutter_windows_3.3.7-stable\flutter\bin;
USERNAME=Alizha
LANG=en_US.UTF-8
OS=Windows_NT
PROCESSOR_IDENTIFIER=AMD64 Family 23 Model 104 Stepping 1, AuthenticAMD



---------------  S Y S T E M  ---------------

OS:
 Windows 11 , 64 bit Build 22621 (10.0.22621.2506)
OS uptime: 0 days 0:40 hours
Hyper-V role detected

CPU: total 12 (initial active 12) (12 cores per cpu, 2 threads per core) family 23 model 104 stepping 1 microcode 0x0, cx8, cmov, fxsr, ht, mmx, 3dnowpref, sse, sse2, sse3, ssse3, sse4a, sse4.1, sse4.2, popcnt, lzcnt, tsc, tscinvbit, avx, avx2, aes, clmul, bmi1, bmi2, adx, sha, fma, vzeroupper, clflush, clflushopt, hv

Memory: 4k page, system-wide physical 6005M (136M free)
TotalPageFile size 24437M (AvailPageFile size 3M)
current process WorkingSet (physical memory assigned to process): 356M, peak: 357M
current process commit charge ("private bytes"): 422M, peak: 424M

vm_info: Java HotSpot(TM) 64-Bit Server VM (17.0.8+9-LTS-211) for windows-amd64 JRE (17.0.8+9-LTS-211), built on Jun 14 2023 10:34:31 by "mach5one" with MS VC++ 17.1 (VS2022)

END.
