#
# There is insufficient memory for the Java Runtime Environment to continue.
# Native memory allocation (malloc) failed to allocate 288656 bytes for Chunk::new
# Possible reasons:
#   The system is out of physical RAM or swap space
#   The process is running with CompressedOops enabled, and the Java Heap may be blocking the growth of the native heap
# Possible solutions:
#   Reduce memory load on the system
#   Increase physical memory or swap space
#   Check if swap backing store is full
#   Decrease Java heap size (-Xmx/-Xms)
#   Decrease number of Java threads
#   Decrease Java thread stack sizes (-Xss)
#   Set larger code cache with -XX:ReservedCodeCacheSize=
#   JVM is running with Unscaled Compressed Oops mode in which the Java heap is
#     placed in the first 4GB address space. The Java Heap base address is the
#     maximum limit for the native heap growth. Please use -XX:HeapBaseMinAddress
#     to set the Java Heap base and to place the Java Heap above 4GB virtual address.
# This output file may be truncated or incomplete.
#
#  Out of Memory Error (arena.cpp:191), pid=29240, tid=7140
#
# JRE version: OpenJDK Runtime Environment Temurin-17.0.9+9 (17.0.9+9) (build 17.0.9+9)
# Java VM: OpenJDK 64-Bit Server VM Temurin-17.0.9+9 (17.0.9+9, mixed mode, tiered, compressed oops, compressed class ptrs, g1 gc, windows-amd64)
# No core dump will be written. Minidumps are not enabled by default on client versions of Windows
#

---------------  S U M M A R Y ------------

Command Line: --add-opens=java.base/java.lang=ALL-UNNAMED --add-opens=java.base/java.io=ALL-UNNAMED --add-opens=java.base/java.util=ALL-UNNAMED -Dplugin.dir=C:\Users\Alizha\.vscode\extensions\redhat.java-1.25.1-win32-x64\server\..\..\vscjava.vscode-gradle-3.13.5\server\plugins com.microsoft.java.bs.core.Launcher

Host: AMD Ryzen 5 5500U with Radeon Graphics         , 12 cores, 5G,  Windows 11 , 64 bit Build 22621 (10.0.22621.2506)
Time: Fri Dec  8 16:45:37 2023 SE Asia Standard Time elapsed time: 39.712264 seconds (0d 0h 0m 39s)

---------------  T H R E A D  ---------------

Current thread (0x000001f39a123010):  JavaThread "C2 CompilerThread0" daemon [_thread_in_native, id=7140, stack(0x000000d3e0c00000,0x000000d3e0d00000)]


Current CompileTask:
C2:  39712 1721 %     4       java.io.WinNTFileSystem::normalize @ 58 (224 bytes)

Stack: [0x000000d3e0c00000,0x000000d3e0d00000]
Native frames: (J=compiled Java code, j=interpreted, Vv=VM code, C=native code)
V  [jvm.dll+0x67cf49]
V  [jvm.dll+0x83478a]
V  [jvm.dll+0x83624e]
V  [jvm.dll+0x8368b3]
V  [jvm.dll+0x247f1f]
V  [jvm.dll+0xac43c]
V  [jvm.dll+0xaca8c]
V  [jvm.dll+0x367067]
V  [jvm.dll+0x3313ba]
V  [jvm.dll+0x33085a]
V  [jvm.dll+0x21a5b1]
V  [jvm.dll+0x2199d1]
V  [jvm.dll+0x1a57cd]
V  [jvm.dll+0x2297ae]
V  [jvm.dll+0x22797c]
V  [jvm.dll+0x7e9877]
V  [jvm.dll+0x7e3c3a]
V  [jvm.dll+0x67be35]
C  [ucrtbase.dll+0x29363]
C  [KERNEL32.DLL+0x1257d]
C  [ntdll.dll+0x5aa58]


---------------  P R O C E S S  ---------------

Threads class SMR info:
_java_thread_list=0x000001f39a90ebd0, length=16, elements={
0x000001f395fd9390, 0x000001f395fdb3b0, 0x000001f39a108070, 0x000001f39a108940,
0x000001f39a10b220, 0x000001f39a10baf0, 0x000001f39a123010, 0x000001f39a10eea0,
0x000001f39a1260d0, 0x000001f39a2a0010, 0x000001f39a2a7520, 0x000001f39a897670,
0x000001f3fd928450, 0x000001f39a897b50, 0x000001f39a876600, 0x000001f39a3e57c0
}

Java Threads: ( => current thread )
  0x000001f395fd9390 JavaThread "Reference Handler" daemon [_thread_blocked, id=30916, stack(0x000000d3e0600000,0x000000d3e0700000)]
  0x000001f395fdb3b0 JavaThread "Finalizer" daemon [_thread_blocked, id=26124, stack(0x000000d3e0700000,0x000000d3e0800000)]
  0x000001f39a108070 JavaThread "Signal Dispatcher" daemon [_thread_blocked, id=21784, stack(0x000000d3e0800000,0x000000d3e0900000)]
  0x000001f39a108940 JavaThread "Attach Listener" daemon [_thread_blocked, id=20064, stack(0x000000d3e0900000,0x000000d3e0a00000)]
  0x000001f39a10b220 JavaThread "Service Thread" daemon [_thread_blocked, id=28328, stack(0x000000d3e0a00000,0x000000d3e0b00000)]
  0x000001f39a10baf0 JavaThread "Monitor Deflation Thread" daemon [_thread_blocked, id=8156, stack(0x000000d3e0b00000,0x000000d3e0c00000)]
=>0x000001f39a123010 JavaThread "C2 CompilerThread0" daemon [_thread_in_native, id=7140, stack(0x000000d3e0c00000,0x000000d3e0d00000)]
  0x000001f39a10eea0 JavaThread "C1 CompilerThread0" daemon [_thread_blocked, id=26460, stack(0x000000d3e0d00000,0x000000d3e0e00000)]
  0x000001f39a1260d0 JavaThread "Sweeper thread" daemon [_thread_blocked, id=31056, stack(0x000000d3e0e00000,0x000000d3e0f00000)]
  0x000001f39a2a0010 JavaThread "Common-Cleaner" daemon [_thread_blocked, id=5788, stack(0x000000d3e0f00000,0x000000d3e1000000)]
  0x000001f39a2a7520 JavaThread "Notification Thread" daemon [_thread_blocked, id=29688, stack(0x000000d3e1000000,0x000000d3e1100000)]
  0x000001f39a897670 JavaThread "pool-1-thread-1" [_thread_blocked, id=26988, stack(0x000000d3e1200000,0x000000d3e1300000)]
  0x000001f3fd928450 JavaThread "DestroyJavaVM" [_thread_blocked, id=8284, stack(0x000000d3dff00000,0x000000d3e0000000)]
  0x000001f39a897b50 JavaThread "ForkJoinPool.commonPool-worker-1" daemon [_thread_blocked, id=28652, stack(0x000000d3e1300000,0x000000d3e1400000)]
  0x000001f39a876600 JavaThread "Connection worker" daemon [_thread_in_vm, id=32320, stack(0x000000d3e1400000,0x000000d3e1500000)]
  0x000001f39a3e57c0 JavaThread "ForkJoinPool.commonPool-worker-2" daemon [_thread_blocked, id=30060, stack(0x000000d3e1500000,0x000000d3e1600000)]

Other Threads:
  0x000001f395fc1dc0 VMThread "VM Thread" [stack: 0x000000d3e0500000,0x000000d3e0600000] [id=27628]
  0x000001f39a28c010 WatcherThread [stack: 0x000000d3e1100000,0x000000d3e1200000] [id=28116]
  0x000001f3fd973940 GCTaskThread "GC Thread#0" [stack: 0x000000d3e0000000,0x000000d3e0100000] [id=16916]
  0x000001f39abeeb30 GCTaskThread "GC Thread#1" [stack: 0x000000d3e1600000,0x000000d3e1700000] [id=20784]
  0x000001f39abeedf0 GCTaskThread "GC Thread#2" [stack: 0x000000d3e1700000,0x000000d3e1800000] [id=26024]
  0x000001f39a301070 GCTaskThread "GC Thread#3" [stack: 0x000000d3e1800000,0x000000d3e1900000] [id=15420]
  0x000001f39aed17c0 GCTaskThread "GC Thread#4" [stack: 0x000000d3e1900000,0x000000d3e1a00000] [id=20820]
  0x000001f39aee6b90 GCTaskThread "GC Thread#5" [stack: 0x000000d3e1a00000,0x000000d3e1b00000] [id=20484]
  0x000001f39a302370 GCTaskThread "GC Thread#6" [stack: 0x000000d3e1b00000,0x000000d3e1c00000] [id=30812]
  0x000001f39a302630 GCTaskThread "GC Thread#7" [stack: 0x000000d3e1c00000,0x000000d3e1d00000] [id=17288]
  0x000001f39a37c0c0 GCTaskThread "GC Thread#8" [stack: 0x000000d3e1d00000,0x000000d3e1e00000] [id=18176]
  0x000001f39a645cd0 GCTaskThread "GC Thread#9" [stack: 0x000000d3e1e00000,0x000000d3e1f00000] [id=14972]
  0x000001f3fd981370 ConcurrentGCThread "G1 Main Marker" [stack: 0x000000d3e0100000,0x000000d3e0200000] [id=26088]
  0x000001f3fd982cb0 ConcurrentGCThread "G1 Conc#0" [stack: 0x000000d3e0200000,0x000000d3e0300000] [id=21708]
  0x000001f395e324c0 ConcurrentGCThread "G1 Refine#0" [stack: 0x000000d3e0300000,0x000000d3e0400000] [id=31528]
  0x000001f395e32e00 ConcurrentGCThread "G1 Service" [stack: 0x000000d3e0400000,0x000000d3e0500000] [id=31480]

Threads with active compile tasks:
C2 CompilerThread0    39769 1721 %     4       java.io.WinNTFileSystem::normalize @ 58 (224 bytes)

VM state: not at safepoint (normal execution)

VM Mutex/Monitor currently owned by a thread: None

Heap address: 0x00000000a2200000, size: 1502 MB, Compressed Oops mode: 32-bit

CDS archive(s) not mapped
Compressed class space mapped at: 0x0000000100000000-0x0000000140000000, reserved size: 1073741824
Narrow klass base: 0x0000000000000000, Narrow klass shift: 3, Narrow klass range: 0x140000000

GC Precious Log:
 CPUs: 12 total, 12 available
 Memory: 6005M
 Large Page Support: Disabled
 NUMA Support: Disabled
 Compressed Oops: Enabled (32-bit)
 Heap Region Size: 1M
 Heap Min Capacity: 8M
 Heap Initial Capacity: 94M
 Heap Max Capacity: 1502M
 Pre-touch: Disabled
 Parallel Workers: 10
 Concurrent Workers: 3
 Concurrent Refinement Workers: 10
 Periodic GC: Disabled

Heap:
 garbage-first heap   total 96256K, used 44702K [0x00000000a2200000, 0x0000000100000000)
  region size 1024K, 32 young (32768K), 2 survivors (2048K)
 Metaspace       used 17294K, committed 17472K, reserved 1114112K
  class space    used 2033K, committed 2112K, reserved 1048576K

Heap Regions: E=young(eden), S=young(survivor), O=old, HS=humongous(starts), HC=humongous(continues), CS=collection set, F=free, OA=open archive, CA=closed archive, TAMS=top-at-mark-start (previous, next)
|   0|0x00000000a2200000, 0x00000000a2300000, 0x00000000a2300000|100%|HS|  |TAMS 0x00000000a2200000, 0x00000000a2200000| Complete 
|   1|0x00000000a2300000, 0x00000000a2400000, 0x00000000a2400000|100%|HC|  |TAMS 0x00000000a2300000, 0x00000000a2300000| Complete 
|   2|0x00000000a2400000, 0x00000000a2500000, 0x00000000a2500000|100%|HC|  |TAMS 0x00000000a2400000, 0x00000000a2400000| Complete 
|   3|0x00000000a2500000, 0x00000000a2600000, 0x00000000a2600000|100%|HC|  |TAMS 0x00000000a2500000, 0x00000000a2500000| Complete 
|   4|0x00000000a2600000, 0x00000000a2700000, 0x00000000a2700000|100%| O|  |TAMS 0x00000000a2600000, 0x00000000a2600000| Untracked 
|   5|0x00000000a2700000, 0x00000000a2800000, 0x00000000a2800000|100%| O|  |TAMS 0x00000000a2700000, 0x00000000a2700000| Untracked 
|   6|0x00000000a2800000, 0x00000000a2900000, 0x00000000a2900000|100%| O|  |TAMS 0x00000000a2800000, 0x00000000a2800000| Untracked 
|   7|0x00000000a2900000, 0x00000000a2a00000, 0x00000000a2a00000|100%| O|  |TAMS 0x00000000a2900000, 0x00000000a2900000| Untracked 
|   8|0x00000000a2a00000, 0x00000000a2b00000, 0x00000000a2b00000|100%| O|  |TAMS 0x00000000a2a00000, 0x00000000a2a00000| Untracked 
|   9|0x00000000a2b00000, 0x00000000a2c00000, 0x00000000a2c00000|100%| O|  |TAMS 0x00000000a2b00000, 0x00000000a2b00000| Untracked 
|  10|0x00000000a2c00000, 0x00000000a2d00000, 0x00000000a2d00000|100%| O|  |TAMS 0x00000000a2c00000, 0x00000000a2c00000| Untracked 
|  11|0x00000000a2d00000, 0x00000000a2e00000, 0x00000000a2e00000|100%| O|  |TAMS 0x00000000a2d00000, 0x00000000a2d00000| Untracked 
|  12|0x00000000a2e00000, 0x00000000a2e19e00, 0x00000000a2f00000| 10%| O|  |TAMS 0x00000000a2e00000, 0x00000000a2e00000| Untracked 
|  13|0x00000000a2f00000, 0x00000000a3000000, 0x00000000a3000000|100%|HS|  |TAMS 0x00000000a2f00000, 0x00000000a2f00000| Complete 
|  14|0x00000000a3000000, 0x00000000a3000000, 0x00000000a3100000|  0%| F|  |TAMS 0x00000000a3000000, 0x00000000a3000000| Untracked 
|  15|0x00000000a3100000, 0x00000000a3100000, 0x00000000a3200000|  0%| F|  |TAMS 0x00000000a3100000, 0x00000000a3100000| Untracked 
|  16|0x00000000a3200000, 0x00000000a3200000, 0x00000000a3300000|  0%| F|  |TAMS 0x00000000a3200000, 0x00000000a3200000| Untracked 
|  17|0x00000000a3300000, 0x00000000a3300000, 0x00000000a3400000|  0%| F|  |TAMS 0x00000000a3300000, 0x00000000a3300000| Untracked 
|  18|0x00000000a3400000, 0x00000000a3400000, 0x00000000a3500000|  0%| F|  |TAMS 0x00000000a3400000, 0x00000000a3400000| Untracked 
|  19|0x00000000a3500000, 0x00000000a3500000, 0x00000000a3600000|  0%| F|  |TAMS 0x00000000a3500000, 0x00000000a3500000| Untracked 
|  20|0x00000000a3600000, 0x00000000a3600000, 0x00000000a3700000|  0%| F|  |TAMS 0x00000000a3600000, 0x00000000a3600000| Untracked 
|  21|0x00000000a3700000, 0x00000000a3700000, 0x00000000a3800000|  0%| F|  |TAMS 0x00000000a3700000, 0x00000000a3700000| Untracked 
|  22|0x00000000a3800000, 0x00000000a3800000, 0x00000000a3900000|  0%| F|  |TAMS 0x00000000a3800000, 0x00000000a3800000| Untracked 
|  23|0x00000000a3900000, 0x00000000a3900000, 0x00000000a3a00000|  0%| F|  |TAMS 0x00000000a3900000, 0x00000000a3900000| Untracked 
|  24|0x00000000a3a00000, 0x00000000a3a00000, 0x00000000a3b00000|  0%| F|  |TAMS 0x00000000a3a00000, 0x00000000a3a00000| Untracked 
|  25|0x00000000a3b00000, 0x00000000a3b00000, 0x00000000a3c00000|  0%| F|  |TAMS 0x00000000a3b00000, 0x00000000a3b00000| Untracked 
|  26|0x00000000a3c00000, 0x00000000a3c00000, 0x00000000a3d00000|  0%| F|  |TAMS 0x00000000a3c00000, 0x00000000a3c00000| Untracked 
|  27|0x00000000a3d00000, 0x00000000a3d00000, 0x00000000a3e00000|  0%| F|  |TAMS 0x00000000a3d00000, 0x00000000a3d00000| Untracked 
|  28|0x00000000a3e00000, 0x00000000a3e00000, 0x00000000a3f00000|  0%| F|  |TAMS 0x00000000a3e00000, 0x00000000a3e00000| Untracked 
|  29|0x00000000a3f00000, 0x00000000a3f00000, 0x00000000a4000000|  0%| F|  |TAMS 0x00000000a3f00000, 0x00000000a3f00000| Untracked 
|  30|0x00000000a4000000, 0x00000000a4000000, 0x00000000a4100000|  0%| F|  |TAMS 0x00000000a4000000, 0x00000000a4000000| Untracked 
|  31|0x00000000a4100000, 0x00000000a4100000, 0x00000000a4200000|  0%| F|  |TAMS 0x00000000a4100000, 0x00000000a4100000| Untracked 
|  32|0x00000000a4200000, 0x00000000a4200000, 0x00000000a4300000|  0%| F|  |TAMS 0x00000000a4200000, 0x00000000a4200000| Untracked 
|  33|0x00000000a4300000, 0x00000000a4300000, 0x00000000a4400000|  0%| F|  |TAMS 0x00000000a4300000, 0x00000000a4300000| Untracked 
|  34|0x00000000a4400000, 0x00000000a4400000, 0x00000000a4500000|  0%| F|  |TAMS 0x00000000a4400000, 0x00000000a4400000| Untracked 
|  35|0x00000000a4500000, 0x00000000a4500000, 0x00000000a4600000|  0%| F|  |TAMS 0x00000000a4500000, 0x00000000a4500000| Untracked 
|  36|0x00000000a4600000, 0x00000000a4600000, 0x00000000a4700000|  0%| F|  |TAMS 0x00000000a4600000, 0x00000000a4600000| Untracked 
|  37|0x00000000a4700000, 0x00000000a4700000, 0x00000000a4800000|  0%| F|  |TAMS 0x00000000a4700000, 0x00000000a4700000| Untracked 
|  38|0x00000000a4800000, 0x00000000a4800000, 0x00000000a4900000|  0%| F|  |TAMS 0x00000000a4800000, 0x00000000a4800000| Untracked 
|  39|0x00000000a4900000, 0x00000000a4900000, 0x00000000a4a00000|  0%| F|  |TAMS 0x00000000a4900000, 0x00000000a4900000| Untracked 
|  40|0x00000000a4a00000, 0x00000000a4a00000, 0x00000000a4b00000|  0%| F|  |TAMS 0x00000000a4a00000, 0x00000000a4a00000| Untracked 
|  41|0x00000000a4b00000, 0x00000000a4b00000, 0x00000000a4c00000|  0%| F|  |TAMS 0x00000000a4b00000, 0x00000000a4b00000| Untracked 
|  42|0x00000000a4c00000, 0x00000000a4c00000, 0x00000000a4d00000|  0%| F|  |TAMS 0x00000000a4c00000, 0x00000000a4c00000| Untracked 
|  43|0x00000000a4d00000, 0x00000000a4d00000, 0x00000000a4e00000|  0%| F|  |TAMS 0x00000000a4d00000, 0x00000000a4d00000| Untracked 
|  44|0x00000000a4e00000, 0x00000000a4e00000, 0x00000000a4f00000|  0%| F|  |TAMS 0x00000000a4e00000, 0x00000000a4e00000| Untracked 
|  45|0x00000000a4f00000, 0x00000000a4f00000, 0x00000000a5000000|  0%| F|  |TAMS 0x00000000a4f00000, 0x00000000a4f00000| Untracked 
|  46|0x00000000a5000000, 0x00000000a5000000, 0x00000000a5100000|  0%| F|  |TAMS 0x00000000a5000000, 0x00000000a5000000| Untracked 
|  47|0x00000000a5100000, 0x00000000a5100000, 0x00000000a5200000|  0%| F|  |TAMS 0x00000000a5100000, 0x00000000a5100000| Untracked 
|  48|0x00000000a5200000, 0x00000000a5200000, 0x00000000a5300000|  0%| F|  |TAMS 0x00000000a5200000, 0x00000000a5200000| Untracked 
|  49|0x00000000a5300000, 0x00000000a5300000, 0x00000000a5400000|  0%| F|  |TAMS 0x00000000a5300000, 0x00000000a5300000| Untracked 
|  50|0x00000000a5400000, 0x00000000a5400000, 0x00000000a5500000|  0%| F|  |TAMS 0x00000000a5400000, 0x00000000a5400000| Untracked 
|  51|0x00000000a5500000, 0x00000000a5500000, 0x00000000a5600000|  0%| F|  |TAMS 0x00000000a5500000, 0x00000000a5500000| Untracked 
|  52|0x00000000a5600000, 0x00000000a5600000, 0x00000000a5700000|  0%| F|  |TAMS 0x00000000a5600000, 0x00000000a5600000| Untracked 
|  53|0x00000000a5700000, 0x00000000a5700000, 0x00000000a5800000|  0%| F|  |TAMS 0x00000000a5700000, 0x00000000a5700000| Untracked 
|  54|0x00000000a5800000, 0x00000000a5800000, 0x00000000a5900000|  0%| F|  |TAMS 0x00000000a5800000, 0x00000000a5800000| Untracked 
|  55|0x00000000a5900000, 0x00000000a5900000, 0x00000000a5a00000|  0%| F|  |TAMS 0x00000000a5900000, 0x00000000a5900000| Untracked 
|  56|0x00000000a5a00000, 0x00000000a5a00000, 0x00000000a5b00000|  0%| F|  |TAMS 0x00000000a5a00000, 0x00000000a5a00000| Untracked 
|  57|0x00000000a5b00000, 0x00000000a5b00000, 0x00000000a5c00000|  0%| F|  |TAMS 0x00000000a5b00000, 0x00000000a5b00000| Untracked 
|  58|0x00000000a5c00000, 0x00000000a5c00000, 0x00000000a5d00000|  0%| F|  |TAMS 0x00000000a5c00000, 0x00000000a5c00000| Untracked 
|  59|0x00000000a5d00000, 0x00000000a5d00000, 0x00000000a5e00000|  0%| F|  |TAMS 0x00000000a5d00000, 0x00000000a5d00000| Untracked 
|  60|0x00000000a5e00000, 0x00000000a5e00000, 0x00000000a5f00000|  0%| F|  |TAMS 0x00000000a5e00000, 0x00000000a5e00000| Untracked 
|  61|0x00000000a5f00000, 0x00000000a5f00000, 0x00000000a6000000|  0%| F|  |TAMS 0x00000000a5f00000, 0x00000000a5f00000| Untracked 
|  62|0x00000000a6000000, 0x00000000a6100000, 0x00000000a6100000|100%| E|  |TAMS 0x00000000a6000000, 0x00000000a6000000| Complete 
|  63|0x00000000a6100000, 0x00000000a6200000, 0x00000000a6200000|100%| E|CS|TAMS 0x00000000a6100000, 0x00000000a6100000| Complete 
|  64|0x00000000a6200000, 0x00000000a6300000, 0x00000000a6300000|100%| E|CS|TAMS 0x00000000a6200000, 0x00000000a6200000| Complete 
|  65|0x00000000a6300000, 0x00000000a6400000, 0x00000000a6400000|100%| E|CS|TAMS 0x00000000a6300000, 0x00000000a6300000| Complete 
|  66|0x00000000a6400000, 0x00000000a6500000, 0x00000000a6500000|100%| E|CS|TAMS 0x00000000a6400000, 0x00000000a6400000| Complete 
|  67|0x00000000a6500000, 0x00000000a658da70, 0x00000000a6600000| 55%| S|CS|TAMS 0x00000000a6500000, 0x00000000a6500000| Complete 
|  68|0x00000000a6600000, 0x00000000a6700000, 0x00000000a6700000|100%| E|CS|TAMS 0x00000000a6600000, 0x00000000a6600000| Complete 
|  69|0x00000000a6700000, 0x00000000a6800000, 0x00000000a6800000|100%| E|CS|TAMS 0x00000000a6700000, 0x00000000a6700000| Complete 
|  70|0x00000000a6800000, 0x00000000a6900000, 0x00000000a6900000|100%| E|CS|TAMS 0x00000000a6800000, 0x00000000a6800000| Complete 
|  71|0x00000000a6900000, 0x00000000a6a00000, 0x00000000a6a00000|100%| S|CS|TAMS 0x00000000a6900000, 0x00000000a6900000| Complete 
|  72|0x00000000a6a00000, 0x00000000a6b00000, 0x00000000a6b00000|100%| E|CS|TAMS 0x00000000a6a00000, 0x00000000a6a00000| Complete 
|  73|0x00000000a6b00000, 0x00000000a6c00000, 0x00000000a6c00000|100%| E|CS|TAMS 0x00000000a6b00000, 0x00000000a6b00000| Complete 
|  74|0x00000000a6c00000, 0x00000000a6d00000, 0x00000000a6d00000|100%| E|CS|TAMS 0x00000000a6c00000, 0x00000000a6c00000| Complete 
|  75|0x00000000a6d00000, 0x00000000a6e00000, 0x00000000a6e00000|100%| E|CS|TAMS 0x00000000a6d00000, 0x00000000a6d00000| Complete 
|  76|0x00000000a6e00000, 0x00000000a6f00000, 0x00000000a6f00000|100%| E|CS|TAMS 0x00000000a6e00000, 0x00000000a6e00000| Complete 
|  77|0x00000000a6f00000, 0x00000000a7000000, 0x00000000a7000000|100%| E|CS|TAMS 0x00000000a6f00000, 0x00000000a6f00000| Complete 
|  78|0x00000000a7000000, 0x00000000a7100000, 0x00000000a7100000|100%| E|CS|TAMS 0x00000000a7000000, 0x00000000a7000000| Complete 
|  79|0x00000000a7100000, 0x00000000a7200000, 0x00000000a7200000|100%| E|CS|TAMS 0x00000000a7100000, 0x00000000a7100000| Complete 
|  80|0x00000000a7200000, 0x00000000a7300000, 0x00000000a7300000|100%| E|CS|TAMS 0x00000000a7200000, 0x00000000a7200000| Complete 
|  81|0x00000000a7300000, 0x00000000a7400000, 0x00000000a7400000|100%| E|CS|TAMS 0x00000000a7300000, 0x00000000a7300000| Complete 
|  82|0x00000000a7400000, 0x00000000a7500000, 0x00000000a7500000|100%| E|CS|TAMS 0x00000000a7400000, 0x00000000a7400000| Complete 
|  83|0x00000000a7500000, 0x00000000a7600000, 0x00000000a7600000|100%| E|CS|TAMS 0x00000000a7500000, 0x00000000a7500000| Complete 
|  84|0x00000000a7600000, 0x00000000a7700000, 0x00000000a7700000|100%| E|CS|TAMS 0x00000000a7600000, 0x00000000a7600000| Complete 
|  85|0x00000000a7700000, 0x00000000a7800000, 0x00000000a7800000|100%| E|CS|TAMS 0x00000000a7700000, 0x00000000a7700000| Complete 
|  86|0x00000000a7800000, 0x00000000a7900000, 0x00000000a7900000|100%| E|CS|TAMS 0x00000000a7800000, 0x00000000a7800000| Complete 
|  87|0x00000000a7900000, 0x00000000a7a00000, 0x00000000a7a00000|100%| E|CS|TAMS 0x00000000a7900000, 0x00000000a7900000| Complete 
|  88|0x00000000a7a00000, 0x00000000a7b00000, 0x00000000a7b00000|100%| E|CS|TAMS 0x00000000a7a00000, 0x00000000a7a00000| Complete 
|  89|0x00000000a7b00000, 0x00000000a7c00000, 0x00000000a7c00000|100%| E|CS|TAMS 0x00000000a7b00000, 0x00000000a7b00000| Complete 
|  90|0x00000000a7c00000, 0x00000000a7d00000, 0x00000000a7d00000|100%| E|CS|TAMS 0x00000000a7c00000, 0x00000000a7c00000| Complete 
|  91|0x00000000a7d00000, 0x00000000a7e00000, 0x00000000a7e00000|100%| E|CS|TAMS 0x00000000a7d00000, 0x00000000a7d00000| Complete 
|  92|0x00000000a7e00000, 0x00000000a7f00000, 0x00000000a7f00000|100%| E|CS|TAMS 0x00000000a7e00000, 0x00000000a7e00000| Complete 
|  93|0x00000000a7f00000, 0x00000000a8000000, 0x00000000a8000000|100%| E|CS|TAMS 0x00000000a7f00000, 0x00000000a7f00000| Complete 

Card table byte_map: [0x000001f3fe210000,0x000001f3fe500000] _byte_map_base: 0x000001f3fdcff000

Marking Bits (Prev, Next): (CMBitMap*) 0x000001f3fd973e70, (CMBitMap*) 0x000001f3fd973eb0
 Prev Bits: [0x000001f3fe7f0000, 0x000001f3fff68000)
 Next Bits: [0x000001f391be0000, 0x000001f393358000)

Polling page: 0x000001f3fb8b0000

Metaspace:

Usage:
  Non-class:     14.91 MB used.
      Class:      1.99 MB used.
       Both:     16.90 MB used.

Virtual space:
  Non-class space:       64.00 MB reserved,      15.00 MB ( 23%) committed,  1 nodes.
      Class space:        1.00 GB reserved,       2.12 MB ( <1%) committed,  1 nodes.
             Both:        1.06 GB reserved,      17.12 MB (  2%) committed. 

Chunk freelists:
   Non-Class:  784.00 KB
       Class:  13.92 MB
        Both:  14.69 MB

MaxMetaspaceSize: unlimited
CompressedClassSpaceSize: 1.00 GB
Initial GC threshold: 21.00 MB
Current GC threshold: 21.00 MB
CDS: off
MetaspaceReclaimPolicy: balanced
 - commit_granule_bytes: 65536.
 - commit_granule_words: 8192.
 - virtual_space_node_default_size: 8388608.
 - enlarge_chunks_in_place: 1.
 - new_chunks_are_fully_committed: 0.
 - uncommit_free_chunks: 1.
 - use_allocation_guard: 0.
 - handle_deallocations: 1.


Internal statistics:

num_allocs_failed_limit: 0.
num_arena_births: 74.
num_arena_deaths: 0.
num_vsnodes_births: 2.
num_vsnodes_deaths: 0.
num_space_committed: 274.
num_space_uncommitted: 0.
num_chunks_returned_to_freelist: 0.
num_chunks_taken_from_freelist: 352.
num_chunk_merges: 0.
num_chunk_splits: 223.
num_chunks_enlarged: 177.
num_inconsistent_stats: 0.

CodeHeap 'non-profiled nmethods': size=120000Kb used=796Kb max_used=796Kb free=119203Kb
 bounds [0x000001f38a6b0000, 0x000001f38a920000, 0x000001f391be0000]
CodeHeap 'profiled nmethods': size=120000Kb used=3537Kb max_used=3537Kb free=116462Kb
 bounds [0x000001f382be0000, 0x000001f382f60000, 0x000001f38a110000]
CodeHeap 'non-nmethods': size=5760Kb used=1172Kb max_used=1205Kb free=4587Kb
 bounds [0x000001f38a110000, 0x000001f38a380000, 0x000001f38a6b0000]
 total_blobs=2206 nmethods=1738 adapters=381
 compilation: enabled
              stopped_count=0, restarted_count=0
 full_count=0

Compilation events (20 events):
Event: 39.649 Thread 0x000001f39a10eea0 nmethod 1715 0x000001f382f49790 code [0x000001f382f49a20, 0x000001f382f4a758]
Event: 39.649 Thread 0x000001f39a10eea0 1716       3       java.nio.file.attribute.FileTime::equals (28 bytes)
Event: 39.649 Thread 0x000001f39a10eea0 nmethod 1716 0x000001f382f4ab90 code [0x000001f382f4ad40, 0x000001f382f4b108]
Event: 39.649 Thread 0x000001f39a10eea0 1717       3       java.nio.file.attribute.FileTime::compareTo (154 bytes)
Event: 39.651 Thread 0x000001f39a10eea0 nmethod 1717 0x000001f382f4b210 code [0x000001f382f4b520, 0x000001f382f4c3f8]
Event: 39.651 Thread 0x000001f39a10eea0 1718       1       java.security.PermissionCollection::isReadOnly (5 bytes)
Event: 39.651 Thread 0x000001f39a10eea0 nmethod 1718 0x000001f38a776a90 code [0x000001f38a776c20, 0x000001f38a776cf8]
Event: 39.654 Thread 0x000001f39a10eea0 1719       3       java.util.concurrent.ConcurrentHashMap::sumCount (60 bytes)
Event: 39.655 Thread 0x000001f39a10eea0 nmethod 1719 0x000001f382f4c910 code [0x000001f382f4cac0, 0x000001f382f4cd18]
Event: 39.666 Thread 0x000001f39a10eea0 1720       3       java.util.regex.Pattern$Start::match (90 bytes)
Event: 39.667 Thread 0x000001f39a10eea0 nmethod 1720 0x000001f382f4ce10 code [0x000001f382f4cfe0, 0x000001f382f4d3e8]
Event: 39.676 Thread 0x000001f39a123010 1721 %     4       java.io.WinNTFileSystem::normalize @ 58 (224 bytes)
Event: 39.686 Thread 0x000001f39a10eea0 1723       1       java.net.URLConnection::getUseCaches (5 bytes)
Event: 39.686 Thread 0x000001f39a10eea0 nmethod 1723 0x000001f38a776d90 code [0x000001f38a776f20, 0x000001f38a776ff8]
Event: 39.689 Thread 0x000001f39a10eea0 1724       3       java.nio.ByteBuffer::array (35 bytes)
Event: 39.689 Thread 0x000001f39a10eea0 nmethod 1724 0x000001f382f4d590 code [0x000001f382f4d760, 0x000001f382f4da38]
Event: 39.701 Thread 0x000001f39a10eea0 1726       3       java.util.regex.Pattern::expr (142 bytes)
Event: 39.702 Thread 0x000001f39a10eea0 nmethod 1726 0x000001f382f4db90 code [0x000001f382f4dde0, 0x000001f382f4e8c8]
Event: 39.702 Thread 0x000001f39a10eea0 1727       3       java.util.regex.Pattern$Node::study (21 bytes)
Event: 39.703 Thread 0x000001f39a10eea0 nmethod 1727 0x000001f382f4ec90 code [0x000001f382f4ee40, 0x000001f382f4f088]

GC Heap History (4 events):
Event: 21.605 GC heap before
{Heap before GC invocations=0 (full 0):
 garbage-first heap   total 96256K, used 26624K [0x00000000a2200000, 0x0000000100000000)
  region size 1024K, 23 young (23552K), 0 survivors (0K)
 Metaspace       used 14170K, committed 14336K, reserved 1114112K
  class space    used 1544K, committed 1600K, reserved 1048576K
}
Event: 21.635 GC heap after
{Heap after GC invocations=1 (full 0):
 garbage-first heap   total 96256K, used 12153K [0x00000000a2200000, 0x0000000100000000)
  region size 1024K, 3 young (3072K), 3 survivors (3072K)
 Metaspace       used 14170K, committed 14336K, reserved 1114112K
  class space    used 1544K, committed 1600K, reserved 1048576K
}
Event: 26.517 GC heap before
{Heap before GC invocations=1 (full 0):
 garbage-first heap   total 96256K, used 34681K [0x00000000a2200000, 0x0000000100000000)
  region size 1024K, 25 young (25600K), 3 survivors (3072K)
 Metaspace       used 16510K, committed 16768K, reserved 1114112K
  class space    used 1911K, committed 2048K, reserved 1048576K
}
Event: 26.526 GC heap after
{Heap after GC invocations=2 (full 0):
 garbage-first heap   total 96256K, used 13982K [0x00000000a2200000, 0x0000000100000000)
  region size 1024K, 2 young (2048K), 2 survivors (2048K)
 Metaspace       used 16510K, committed 16768K, reserved 1114112K
  class space    used 1911K, committed 2048K, reserved 1048576K
}

Dll operation events (7 events):
Event: 0.037 Loaded shared library C:\Users\Alizha\.vscode\extensions\redhat.java-1.25.1-win32-x64\jre\17.0.9-win32-x86_64\bin\java.dll
Event: 0.537 Loaded shared library C:\Users\Alizha\.vscode\extensions\redhat.java-1.25.1-win32-x64\jre\17.0.9-win32-x86_64\bin\net.dll
Event: 0.550 Loaded shared library C:\Users\Alizha\.vscode\extensions\redhat.java-1.25.1-win32-x64\jre\17.0.9-win32-x86_64\bin\nio.dll
Event: 0.695 Loaded shared library C:\Users\Alizha\.vscode\extensions\redhat.java-1.25.1-win32-x64\jre\17.0.9-win32-x86_64\bin\zip.dll
Event: 1.045 Loaded shared library C:\Users\Alizha\.vscode\extensions\redhat.java-1.25.1-win32-x64\jre\17.0.9-win32-x86_64\bin\jimage.dll
Event: 6.402 Loaded shared library C:\Users\Alizha\.vscode\extensions\redhat.java-1.25.1-win32-x64\jre\17.0.9-win32-x86_64\bin\verify.dll
Event: 24.368 Loaded shared library C:\Users\Alizha\.gradle\native\c067742578af261105cb4f569cf0c3c89f3d7b1fecec35dd04571415982c5e48\windows-amd64\native-platform.dll

Deoptimization events (20 events):
Event: 27.933 Thread 0x000001f39a876600 DEOPT PACKING pc=0x000001f382c537ce sp=0x000000d3e14fc6f0
Event: 27.933 Thread 0x000001f39a876600 DEOPT UNPACKING pc=0x000001f38a167143 sp=0x000000d3e14fbbe0 mode 0
Event: 29.476 Thread 0x000001f39a876600 DEOPT PACKING pc=0x000001f382eb0d59 sp=0x000000d3e14fc4f0
Event: 29.476 Thread 0x000001f39a876600 DEOPT UNPACKING pc=0x000001f38a167143 sp=0x000000d3e14fb9e8 mode 0
Event: 29.476 Thread 0x000001f39a876600 DEOPT PACKING pc=0x000001f382c537ce sp=0x000000d3e14fc500
Event: 29.476 Thread 0x000001f39a876600 DEOPT UNPACKING pc=0x000001f38a167143 sp=0x000000d3e14fb9f0 mode 0
Event: 33.560 Thread 0x000001f39a876600 DEOPT PACKING pc=0x000001f382dec3db sp=0x000000d3e14fc580
Event: 33.560 Thread 0x000001f39a876600 DEOPT UNPACKING pc=0x000001f38a167143 sp=0x000000d3e14fbae0 mode 0
Event: 33.767 Thread 0x000001f39a876600 DEOPT PACKING pc=0x000001f382e13499 sp=0x000000d3e14fbbc0
Event: 33.767 Thread 0x000001f39a876600 DEOPT UNPACKING pc=0x000001f38a167143 sp=0x000000d3e14fb150 mode 0
Event: 35.958 Thread 0x000001f39a876600 DEOPT PACKING pc=0x000001f382e0ba44 sp=0x000000d3e14fb940
Event: 35.958 Thread 0x000001f39a876600 DEOPT UNPACKING pc=0x000001f38a167143 sp=0x000000d3e14faec0 mode 0
Event: 38.171 Thread 0x000001f39a876600 Uncommon trap: trap_request=0xffffffec fr.pc=0x000001f38a716b44 relative=0x0000000000000164
Event: 38.171 Thread 0x000001f39a876600 Uncommon trap: reason=null_assert_or_unreached0 action=make_not_entrant pc=0x000001f38a716b44 method=java.security.AccessController.doPrivileged(Ljava/security/PrivilegedExceptionAction;Ljava/security/AccessControlContext;)Ljava/lang/Object; @ 25 c2
Event: 38.171 Thread 0x000001f39a876600 DEOPT PACKING pc=0x000001f38a716b44 sp=0x000000d3e14fc290
Event: 38.171 Thread 0x000001f39a876600 DEOPT UNPACKING pc=0x000001f38a1669a3 sp=0x000000d3e14fc1b0 mode 2
Event: 39.553 Thread 0x000001f39a876600 DEOPT PACKING pc=0x000001f382ea9838 sp=0x000000d3e14fb600
Event: 39.553 Thread 0x000001f39a876600 DEOPT UNPACKING pc=0x000001f38a167143 sp=0x000000d3e14fab18 mode 0
Event: 39.688 Thread 0x000001f39a876600 DEOPT PACKING pc=0x000001f382ea9838 sp=0x000000d3e14fc640
Event: 39.688 Thread 0x000001f39a876600 DEOPT UNPACKING pc=0x000001f38a167143 sp=0x000000d3e14fbb58 mode 0

Classes unloaded (0 events):
No events

Classes redefined (0 events):
No events

Internal exceptions (20 events):
Event: 5.683 Thread 0x000001f3fd928450 Exception <a 'java/lang/NoSuchMethodError'{0x00000000a776e9f0}: 'java.lang.Object java.lang.invoke.DirectMethodHandle$Holder.newInvokeSpecial(java.lang.Object, java.lang.Object, java.lang.Object, java.lang.Object, java.lang.Object)'> (0x00000000a776e9f0) 
thrown [s\src\hotspot\share\interpreter\linkResolver.cpp, line 759]
Event: 5.705 Thread 0x000001f3fd928450 Exception <a 'java/lang/NoSuchMethodError'{0x00000000a77a4500}: 'void java.lang.invoke.DirectMethodHandle$Holder.invokeSpecial(java.lang.Object, java.lang.Object, java.lang.Object)'> (0x00000000a77a4500) 
thrown [s\src\hotspot\share\interpreter\linkResolver.cpp, line 759]
Event: 5.917 Thread 0x000001f39a897670 Exception <a 'java/lang/NoSuchMethodError'{0x00000000a76a4db0}: 'java.lang.Object java.lang.invoke.Invokers$Holder.linkToTargetMethod(java.lang.Object, long, java.lang.Object, java.lang.Object)'> (0x00000000a76a4db0) 
thrown [s\src\hotspot\share\interpreter\linkResolver.cpp, line 759]
Event: 5.993 Thread 0x000001f39a897b50 Exception <a 'java/lang/NoSuchMethodError'{0x00000000a7551448}: 'int java.lang.invoke.DirectMethodHandle$Holder.invokeStatic(java.lang.Object, java.lang.Object, int)'> (0x00000000a7551448) 
thrown [s\src\hotspot\share\interpreter\linkResolver.cpp, line 759]
Event: 6.429 Thread 0x000001f39a897b50 Exception <a 'java/lang/NoClassDefFoundError'{0x00000000a73d6578}: org/slf4j/impl/StaticLoggerBinder> (0x00000000a73d6578) 
thrown [s\src\hotspot\share\classfile\systemDictionary.cpp, line 245]
Event: 6.431 Thread 0x000001f39a897b50 Exception <a 'java/io/IOException'{0x00000000a73d6e28}> (0x00000000a73d6e28) 
thrown [s\src\hotspot\share\prims\jni.cpp, line 516]
Event: 6.431 Thread 0x000001f39a897b50 Exception <a 'java/io/IOException'{0x00000000a73d7468}> (0x00000000a73d7468) 
thrown [s\src\hotspot\share\prims\jni.cpp, line 516]
Event: 6.431 Thread 0x000001f39a897b50 Exception <a 'java/io/IOException'{0x00000000a73d7ba8}> (0x00000000a73d7ba8) 
thrown [s\src\hotspot\share\prims\jni.cpp, line 516]
Event: 6.431 Thread 0x000001f39a897b50 Exception <a 'java/io/IOException'{0x00000000a73d8160}> (0x00000000a73d8160) 
thrown [s\src\hotspot\share\prims\jni.cpp, line 516]
Event: 6.431 Thread 0x000001f39a897b50 Exception <a 'java/io/IOException'{0x00000000a73d88e8}> (0x00000000a73d88e8) 
thrown [s\src\hotspot\share\prims\jni.cpp, line 516]
Event: 6.431 Thread 0x000001f39a897b50 Exception <a 'java/io/IOException'{0x00000000a73d8ea0}> (0x00000000a73d8ea0) 
thrown [s\src\hotspot\share\prims\jni.cpp, line 516]
Event: 6.958 Thread 0x000001f39a876600 Exception <a 'java/lang/NoSuchMethodError'{0x00000000a6e4cb38}: 'void java.lang.invoke.DirectMethodHandle$Holder.invokeInterface(java.lang.Object, java.lang.Object, java.lang.Object)'> (0x00000000a6e4cb38) 
thrown [s\src\hotspot\share\interpreter\linkResolver.cpp, line 759]
Event: 24.178 Thread 0x000001f39a876600 Exception <a 'java/lang/NoSuchMethodError'{0x00000000a7be32f8}: 'java.lang.Object java.lang.invoke.DirectMethodHandle$Holder.invokeVirtual(java.lang.Object, java.lang.Object, java.lang.Object, java.lang.Object, java.lang.Object, java.lang.Object, java.lang.Object)'> (0x00000000a7be32f8) 
thrown [s\src\hotspot\share\interpreter\linkResolver.cpp, line 759]
Event: 24.183 Thread 0x000001f39a876600 Exception <a 'java/lang/NoSuchMethodError'{0x00000000a7bf4598}: 'java.lang.Object java.lang.invoke.Invokers$Holder.invoker(java.lang.Object, java.lang.Object, java.lang.Object)'> (0x00000000a7bf4598) 
thrown [s\src\hotspot\share\interpreter\linkResolver.cpp, line 759]
Event: 24.215 Thread 0x000001f39a876600 Exception <a 'java/lang/NoSuchMethodError'{0x00000000a7bfd648}: 'java.lang.Object java.lang.invoke.DirectMethodHandle$Holder.invokeStatic(java.lang.Object, java.lang.Object, int)'> (0x00000000a7bfd648) 
thrown [s\src\hotspot\share\interpreter\linkResolver.cpp, line 759]
Event: 24.219 Thread 0x000001f39a876600 Exception <a 'java/lang/NoSuchMethodError'{0x00000000a7a09888}: 'void java.lang.invoke.DelegatingMethodHandle$Holder.delegate(java.lang.Object, java.lang.Object, int, java.lang.Object)'> (0x00000000a7a09888) 
thrown [s\src\hotspot\share\interpreter\linkResolver.cpp, line 759]
Event: 24.220 Thread 0x000001f39a876600 Exception <a 'java/lang/NoSuchMethodError'{0x00000000a7a0dd68}: 'int java.lang.invoke.DirectMethodHandle$Holder.invokeSpecial(java.lang.Object, java.lang.Object, java.lang.Object)'> (0x00000000a7a0dd68) 
thrown [s\src\hotspot\share\interpreter\linkResolver.cpp, line 759]
Event: 24.226 Thread 0x000001f39a876600 Exception <a 'java/lang/NoSuchMethodError'{0x00000000a7a1dc98}: 'java.lang.Object java.lang.invoke.Invokers$Holder.invokeExact_MT(java.lang.Object, java.lang.Object, java.lang.Object, java.lang.Object)'> (0x00000000a7a1dc98) 
thrown [s\src\hotspot\share\interpreter\linkResolver.cpp, line 759]
Event: 24.576 Thread 0x000001f39a876600 Exception <a 'java/lang/NoSuchMethodError'{0x00000000a78f2610}: 'int java.lang.invoke.DirectMethodHandle$Holder.invokeStaticInit(java.lang.Object, java.lang.Object)'> (0x00000000a78f2610) 
thrown [s\src\hotspot\share\interpreter\linkResolver.cpp, line 759]
Event: 39.465 Thread 0x000001f39a876600 Exception <a 'java/lang/NoSuchMethodError'{0x00000000a66c3940}: 'java.lang.Object java.lang.invoke.DirectMethodHandle$Holder.invokeStaticInit(java.lang.Object)'> (0x00000000a66c3940) 
thrown [s\src\hotspot\share\interpreter\linkResolver.cpp, line 759]

VM Operations (20 events):
Event: 25.752 Executing VM operation: Cleanup
Event: 25.752 Executing VM operation: Cleanup done
Event: 26.517 Executing VM operation: G1CollectForAllocation
Event: 26.526 Executing VM operation: G1CollectForAllocation done
Event: 28.552 Executing VM operation: Cleanup
Event: 28.552 Executing VM operation: Cleanup done
Event: 31.592 Executing VM operation: Cleanup
Event: 31.592 Executing VM operation: Cleanup done
Event: 32.603 Executing VM operation: Cleanup
Event: 32.603 Executing VM operation: Cleanup done
Event: 33.616 Executing VM operation: Cleanup
Event: 33.616 Executing VM operation: Cleanup done
Event: 34.627 Executing VM operation: Cleanup
Event: 34.627 Executing VM operation: Cleanup done
Event: 35.642 Executing VM operation: Cleanup
Event: 35.642 Executing VM operation: Cleanup done
Event: 36.652 Executing VM operation: Cleanup
Event: 36.652 Executing VM operation: Cleanup done
Event: 38.682 Executing VM operation: Cleanup
Event: 38.682 Executing VM operation: Cleanup done

Events (20 events):
Event: 24.223 loading class java/lang/invoke/BoundMethodHandle$Species_LLL
Event: 24.223 loading class java/lang/invoke/BoundMethodHandle$Species_LLL done
Event: 24.283 loading class java/lang/UnsatisfiedLinkError
Event: 24.284 loading class java/lang/UnsatisfiedLinkError done
Event: 24.333 loading class java/nio/channels/spi/AbstractInterruptibleChannel$1
Event: 24.333 loading class sun/nio/ch/Interruptible
Event: 24.333 loading class sun/nio/ch/Interruptible done
Event: 24.333 loading class java/nio/channels/spi/AbstractInterruptibleChannel$1 done
Event: 24.370 loading class jdk/internal/loader/NativeLibraries$Unloader
Event: 24.370 loading class jdk/internal/loader/NativeLibraries$Unloader done
Event: 24.376 loading class java/util/RegularEnumSet$EnumSetIterator
Event: 24.377 loading class java/util/RegularEnumSet$EnumSetIterator done
Event: 38.170 loading class java/security/PrivilegedActionException
Event: 38.170 loading class java/security/PrivilegedActionException done
Event: 39.463 loading class java/lang/IllegalAccessError
Event: 39.463 loading class java/lang/IllegalAccessError done
Event: 39.467 loading class java/lang/Process
Event: 39.468 loading class java/lang/Process done
Event: 39.468 loading class java/lang/ProcessBuilder
Event: 39.468 loading class java/lang/ProcessBuilder done


Dynamic libraries:
0x00007ff7af120000 - 0x00007ff7af12e000 	C:\Users\Alizha\.vscode\extensions\redhat.java-1.25.1-win32-x64\jre\17.0.9-win32-x86_64\bin\java.exe
0x00007ff950450000 - 0x00007ff950667000 	C:\WINDOWS\SYSTEM32\ntdll.dll
0x00007ff94e980000 - 0x00007ff94ea44000 	C:\WINDOWS\System32\KERNEL32.DLL
0x00007ff94d9d0000 - 0x00007ff94dd75000 	C:\WINDOWS\System32\KERNELBASE.dll
0x00007ff94a550000 - 0x00007ff94a5e7000 	C:\WINDOWS\SYSTEM32\apphelp.dll
0x00007ff94de00000 - 0x00007ff94df11000 	C:\WINDOWS\System32\ucrtbase.dll
0x00007ff920480000 - 0x00007ff920497000 	C:\Users\Alizha\.vscode\extensions\redhat.java-1.25.1-win32-x64\jre\17.0.9-win32-x86_64\bin\jli.dll
0x00007ff94edf0000 - 0x00007ff94ef9e000 	C:\WINDOWS\System32\USER32.dll
0x00007ff94d7c0000 - 0x00007ff94d7e6000 	C:\WINDOWS\System32\win32u.dll
0x00007ff9503e0000 - 0x00007ff950409000 	C:\WINDOWS\System32\GDI32.dll
0x00007ff94e080000 - 0x00007ff94e199000 	C:\WINDOWS\System32\gdi32full.dll
0x00007ff94dfe0000 - 0x00007ff94e07a000 	C:\WINDOWS\System32\msvcp_win.dll
0x00007ff930830000 - 0x00007ff930ac3000 	C:\WINDOWS\WinSxS\amd64_microsoft.windows.common-controls_6595b64144ccf1df_6.0.22621.2506_none_270c5ae97388e100\COMCTL32.dll
0x00007ff9242d0000 - 0x00007ff9242eb000 	C:\Users\Alizha\.vscode\extensions\redhat.java-1.25.1-win32-x64\jre\17.0.9-win32-x86_64\bin\VCRUNTIME140.dll
0x00007ff94fda0000 - 0x00007ff94fe47000 	C:\WINDOWS\System32\msvcrt.dll
0x00007ff94f490000 - 0x00007ff94f4c1000 	C:\WINDOWS\System32\IMM32.DLL
0x00007ff940890000 - 0x00007ff94089c000 	C:\Users\Alizha\.vscode\extensions\redhat.java-1.25.1-win32-x64\jre\17.0.9-win32-x86_64\bin\vcruntime140_1.dll
0x00007ff90be50000 - 0x00007ff90bedd000 	C:\Users\Alizha\.vscode\extensions\redhat.java-1.25.1-win32-x64\jre\17.0.9-win32-x86_64\bin\msvcp140.dll
0x00007ff8bd400000 - 0x00007ff8be061000 	C:\Users\Alizha\.vscode\extensions\redhat.java-1.25.1-win32-x64\jre\17.0.9-win32-x86_64\bin\server\jvm.dll
0x00007ff94f320000 - 0x00007ff94f3d1000 	C:\WINDOWS\System32\ADVAPI32.dll
0x00007ff94f3e0000 - 0x00007ff94f486000 	C:\WINDOWS\System32\sechost.dll
0x00007ff94ecd0000 - 0x00007ff94ede7000 	C:\WINDOWS\System32\RPCRT4.dll
0x00007ff9256b0000 - 0x00007ff9256b9000 	C:\WINDOWS\SYSTEM32\WSOCK32.dll
0x00007ff9454c0000 - 0x00007ff9454f4000 	C:\WINDOWS\SYSTEM32\WINMM.dll
0x00007ff94ec50000 - 0x00007ff94ecc1000 	C:\WINDOWS\System32\WS2_32.dll
0x00007ff94d5e0000 - 0x00007ff94d62d000 	C:\WINDOWS\SYSTEM32\POWRPROF.dll
0x00007ff943820000 - 0x00007ff94382a000 	C:\WINDOWS\SYSTEM32\VERSION.dll
0x00007ff94d4c0000 - 0x00007ff94d4d3000 	C:\WINDOWS\SYSTEM32\UMPDC.dll
0x00007ff94c730000 - 0x00007ff94c748000 	C:\WINDOWS\SYSTEM32\kernel.appcore.dll
0x00007ff93fe40000 - 0x00007ff93fe4a000 	C:\Users\Alizha\.vscode\extensions\redhat.java-1.25.1-win32-x64\jre\17.0.9-win32-x86_64\bin\jimage.dll
0x00007ff94b2c0000 - 0x00007ff94b4f3000 	C:\WINDOWS\SYSTEM32\DBGHELP.DLL
0x00007ff94fe50000 - 0x00007ff9501d9000 	C:\WINDOWS\System32\combase.dll
0x00007ff94e8a0000 - 0x00007ff94e977000 	C:\WINDOWS\System32\OLEAUT32.dll
0x00007ff938130000 - 0x00007ff938162000 	C:\WINDOWS\SYSTEM32\dbgcore.DLL
0x00007ff94dd80000 - 0x00007ff94ddfa000 	C:\WINDOWS\System32\bcryptPrimitives.dll
0x00007ff91b9a0000 - 0x00007ff91b9c5000 	C:\Users\Alizha\.vscode\extensions\redhat.java-1.25.1-win32-x64\jre\17.0.9-win32-x86_64\bin\java.dll
0x00007ff91c4d0000 - 0x00007ff91c4e8000 	C:\Users\Alizha\.vscode\extensions\redhat.java-1.25.1-win32-x64\jre\17.0.9-win32-x86_64\bin\zip.dll
0x00007ff94f540000 - 0x00007ff94fd99000 	C:\WINDOWS\System32\SHELL32.dll
0x00007ff94b690000 - 0x00007ff94bf84000 	C:\WINDOWS\SYSTEM32\windows.storage.dll
0x00007ff94b550000 - 0x00007ff94b68e000 	C:\WINDOWS\SYSTEM32\wintypes.dll
0x00007ff94e7a0000 - 0x00007ff94e893000 	C:\WINDOWS\System32\SHCORE.dll
0x00007ff94e620000 - 0x00007ff94e67e000 	C:\WINDOWS\System32\shlwapi.dll
0x00007ff94d6f0000 - 0x00007ff94d716000 	C:\WINDOWS\SYSTEM32\profapi.dll
0x00007ff91aa90000 - 0x00007ff91aaa9000 	C:\Users\Alizha\.vscode\extensions\redhat.java-1.25.1-win32-x64\jre\17.0.9-win32-x86_64\bin\net.dll
0x00007ff947860000 - 0x00007ff947997000 	C:\WINDOWS\SYSTEM32\WINHTTP.dll
0x00007ff94cc40000 - 0x00007ff94cca9000 	C:\WINDOWS\system32\mswsock.dll
0x00007ff91aa20000 - 0x00007ff91aa36000 	C:\Users\Alizha\.vscode\extensions\redhat.java-1.25.1-win32-x64\jre\17.0.9-win32-x86_64\bin\nio.dll
0x00007ff935820000 - 0x00007ff935830000 	C:\Users\Alizha\.vscode\extensions\redhat.java-1.25.1-win32-x64\jre\17.0.9-win32-x86_64\bin\verify.dll
0x00007ff925ef0000 - 0x00007ff925f17000 	C:\Users\Alizha\.gradle\native\c067742578af261105cb4f569cf0c3c89f3d7b1fecec35dd04571415982c5e48\windows-amd64\native-platform.dll

dbghelp: loaded successfully - version: 4.0.5 - missing functions: none
symbol engine: initialized successfully - sym options: 0x614 - pdb path: .;C:\Users\Alizha\.vscode\extensions\redhat.java-1.25.1-win32-x64\jre\17.0.9-win32-x86_64\bin;C:\WINDOWS\SYSTEM32;C:\WINDOWS\WinSxS\amd64_microsoft.windows.common-controls_6595b64144ccf1df_6.0.22621.2506_none_270c5ae97388e100;C:\Users\Alizha\.vscode\extensions\redhat.java-1.25.1-win32-x64\jre\17.0.9-win32-x86_64\bin\server;C:\Users\Alizha\.gradle\native\c067742578af261105cb4f569cf0c3c89f3d7b1fecec35dd04571415982c5e48\windows-amd64

VM Arguments:
jvm_args: --add-opens=java.base/java.lang=ALL-UNNAMED --add-opens=java.base/java.io=ALL-UNNAMED --add-opens=java.base/java.util=ALL-UNNAMED -Dplugin.dir=C:\Users\Alizha\.vscode\extensions\redhat.java-1.25.1-win32-x64\server\..\..\vscjava.vscode-gradle-3.13.5\server\plugins 
java_command: com.microsoft.java.bs.core.Launcher
java_class_path (initial): C:\Users\Alizha\.vscode\extensions\redhat.java-1.25.1-win32-x64\server\..\..\vscjava.vscode-gradle-3.13.5\server\server.jar;C:\Users\Alizha\.vscode\extensions\redhat.java-1.25.1-win32-x64\server\..\..\vscjava.vscode-gradle-3.13.5\server\runtime\bsp4j-2.1.0-M4.jar;C:\Users\Alizha\.vscode\extensions\redhat.java-1.25.1-win32-x64\server\..\..\vscjava.vscode-gradle-3.13.5\server\runtime\checker-qual-3.5.0.jar;C:\Users\Alizha\.vscode\extensions\redhat.java-1.25.1-win32-x64\server\..\..\vscjava.vscode-gradle-3.13.5\server\runtime\commons-lang3-3.13.0.jar;C:\Users\Alizha\.vscode\extensions\redhat.java-1.25.1-win32-x64\server\..\..\vscjava.vscode-gradle-3.13.5\server\runtime\error_prone_annotations-2.3.4.jar;C:\Users\Alizha\.vscode\extensions\redhat.java-1.25.1-win32-x64\server\..\..\vscjava.vscode-gradle-3.13.5\server\runtime\failureaccess-1.0.1.jar;C:\Users\Alizha\.vscode\extensions\redhat.java-1.25.1-win32-x64\server\..\..\vscjava.vscode-gradle-3.13.5\server\runtime\gradle-tooling-api-8.1.1.jar;C:\Users\Alizha\.vscode\extensions\redhat.java-1.25.1-win32-x64\server\..\..\vscjava.vscode-gradle-3.13.5\server\runtime\gson-2.9.1.jar;C:\Users\Alizha\.vscode\extensions\redhat.java-1.25.1-win32-x64\server\..\..\vscjava.vscode-gradle-3.13.5\server\runtime\guava-30.1-jre.jar;C:\Users\Alizha\.vscode\extensions\redhat.java-1.25.1-win32-x64\server\..\..\vscjava.vscode-gradle-3.13.5\server\runtime\j2objc-annotations-1.3.jar;C:\Users\Alizha\.vscode\extensions\redhat.java-1.25.1-win32-x64\server\..\..\vscjava.vscode-gradle-3.13.5\server\runtime\jsr305-3.0.2.jar;C:\Users\Alizha\.vscode\extensions\redhat.java-1.25.1-win32-x64\server\..\..\vscjava.vscode-gradle-3.13.5\server\runtime\listenablefuture-9999.0-empty-to-avoid-conflict-with-guava.jar;C:\Users\Alizha\.vscode\extensions\redhat.java-1.25.1-win32-x64\server\..\..\vscjava.vscode-gradle-3.13.5\server\runtime\model.jar;C:\Users\Alizha\.vscode\extensions\redhat.java-1.25.1-win32-x64\server\..\..\vscjava.vscod
Launcher Type: SUN_STANDARD

[Global flags]
     intx CICompilerCount                          = 4                                         {product} {ergonomic}
     uint ConcGCThreads                            = 3                                         {product} {ergonomic}
     uint G1ConcRefinementThreads                  = 10                                        {product} {ergonomic}
   size_t G1HeapRegionSize                         = 1048576                                   {product} {ergonomic}
    uintx GCDrainStackTargetSize                   = 64                                        {product} {ergonomic}
   size_t InitialHeapSize                          = 98566144                                  {product} {ergonomic}
   size_t MarkStackSize                            = 4194304                                   {product} {ergonomic}
   size_t MaxHeapSize                              = 1574961152                                {product} {ergonomic}
   size_t MaxNewSize                               = 944766976                                 {product} {ergonomic}
   size_t MinHeapDeltaBytes                        = 1048576                                   {product} {ergonomic}
   size_t MinHeapSize                              = 8388608                                   {product} {ergonomic}
    uintx NonNMethodCodeHeapSize                   = 5839372                                {pd product} {ergonomic}
    uintx NonProfiledCodeHeapSize                  = 122909434                              {pd product} {ergonomic}
    uintx ProfiledCodeHeapSize                     = 122909434                              {pd product} {ergonomic}
    uintx ReservedCodeCacheSize                    = 251658240                              {pd product} {ergonomic}
     bool SegmentedCodeCache                       = true                                      {product} {ergonomic}
   size_t SoftMaxHeapSize                          = 1574961152                             {manageable} {ergonomic}
     bool UseCompressedClassPointers               = true                           {product lp64_product} {ergonomic}
     bool UseCompressedOops                        = true                           {product lp64_product} {ergonomic}
     bool UseG1GC                                  = true                                      {product} {ergonomic}
     bool UseLargePagesIndividualAllocation        = false                                  {pd product} {ergonomic}

Logging:
Log output configuration:
 #0: stdout all=warning uptime,level,tags
 #1: stderr all=off uptime,level,tags

Environment Variables:
JAVA_HOME=C:\Program Files\Java\jdk-17
PATH=C:\Program Files\Common Files\Oracle\Java\javapath;C:\Program Files\PostgreSQL\15\bin;C:\Program Files (x86)\Common Files\Oracle\Java\javapath;C:\WINDOWS\system32;C:\WINDOWS;C:\WINDOWS\System32\Wbem;C:\WINDOWS\System32\WindowsPowerShell\v1.0\;C:\WINDOWS\System32\OpenSSH\;C:\Program Files\kotlinc\bin;C:\Program Files\PuTTY\;C:\Program Files\Git\cmd;C:\Program Files\Docker\Docker\resources\bin;C:\Program Files\Java\jdk-17;C:\Users\Alizha\AppData\Local\Programs\Python\Python39\Scripts\;C:\Users\Alizha\AppData\Local\Programs\Python\Python39\;C:\Users\Alizha\AppData\Local\Microsoft\WindowsApps;D:\Microsoft VS Code\bin;C:\Program Files\Git;C:\Users\Alizha\c sosi\MinGW\bin;C:\Users\Alizha\Flutter\flutter_windows_3.3.7-stable\flutter\bin;
USERNAME=Alizha
OS=Windows_NT
PROCESSOR_IDENTIFIER=AMD64 Family 23 Model 104 Stepping 1, AuthenticAMD
TMP=C:\Users\Alizha\AppData\Local\Temp
TEMP=C:\Users\Alizha\AppData\Local\Temp



Periodic native trim disabled


---------------  S Y S T E M  ---------------

OS:
 Windows 11 , 64 bit Build 22621 (10.0.22621.2506)
OS uptime: 0 days 16:37 hours
Hyper-V role detected

CPU: total 12 (initial active 12) (12 cores per cpu, 2 threads per core) family 23 model 104 stepping 1 microcode 0x0, cx8, cmov, fxsr, ht, mmx, 3dnowpref, sse, sse2, sse3, ssse3, sse4a, sse4.1, sse4.2, popcnt, lzcnt, tsc, tscinvbit, avx, avx2, aes, clmul, bmi1, bmi2, adx, sha, fma, vzeroupper, clflush, clflushopt, hv
Processor Information for all 12 processors :
  Max Mhz: 2100, Current Mhz: 1893, Mhz Limit: 2100

Memory: 4k page, system-wide physical 6005M (139M free)
TotalPageFile size 24437M (AvailPageFile size 14M)
current process WorkingSet (physical memory assigned to process): 81M, peak: 90M
current process commit charge ("private bytes"): 214M, peak: 214M

vm_info: OpenJDK 64-Bit Server VM (17.0.9+9) for windows-amd64 JRE (17.0.9+9), built on Oct 26 2023 14:01:42 by "admin" with MS VC++ 16.10 / 16.11 (VS2019)

END.
