#
# There is insufficient memory for the Java Runtime Environment to continue.
# Native memory allocation (mmap) failed to map 98566144 bytes for G1 virtual space
# Possible reasons:
#   The system is out of physical RAM or swap space
#   The process is running with CompressedOops enabled, and the Java Heap may be blocking the growth of the native heap
# Possible solutions:
#   Reduce memory load on the system
#   Increase physical memory or swap space
#   Check if swap backing store is full
#   Decrease Java heap size (-Xmx/-Xms)
#   Decrease number of Java threads
#   Decrease Java thread stack sizes (-Xss)
#   Set larger code cache with -XX:ReservedCodeCacheSize=
#   JVM is running with Unscaled Compressed Oops mode in which the Java heap is
#     placed in the first 4GB address space. The Java Heap base address is the
#     maximum limit for the native heap growth. Please use -XX:HeapBaseMinAddress
#     to set the Java Heap base and to place the Java Heap above 4GB virtual address.
# This output file may be truncated or incomplete.
#
#  Out of Memory Error (os_windows.cpp:3550), pid=23248, tid=27952
#
# JRE version:  (17.0.8+9) (build )
# Java VM: Java HotSpot(TM) 64-Bit Server VM (17.0.8+9-LTS-211, mixed mode, sharing, tiered, compressed oops, compressed class ptrs, g1 gc, windows-amd64)
# No core dump will be written. Minidumps are not enabled by default on client versions of Windows
#

---------------  S U M M A R Y ------------

Command Line: -Dfile.encoding=utf8 c:\Users\Alizha\.vscode\extensions\vscjava.vscode-gradle-3.13.5\lib\gradle-language-server.jar

Host: AMD Ryzen 5 5500U with Radeon Graphics         , 12 cores, 5G,  Windows 11 , 64 bit Build 22621 (10.0.22621.2506)
Time: Wed Dec  6 15:19:54 2023 SE Asia Standard Time elapsed time: 0.015449 seconds (0d 0h 0m 0s)

---------------  T H R E A D  ---------------

Current thread (0x0000024f1ac5ac50):  JavaThread "Unknown thread" [_thread_in_vm, id=27952, stack(0x000000fea4e00000,0x000000fea4f00000)]

Stack: [0x000000fea4e00000,0x000000fea4f00000]
Native frames: (J=compiled Java code, j=interpreted, Vv=VM code, C=native code)
V  [jvm.dll+0x677d0a]
V  [jvm.dll+0x7d8c54]
V  [jvm.dll+0x7da3fe]
V  [jvm.dll+0x7daa63]
V  [jvm.dll+0x245c5f]
V  [jvm.dll+0x674bb9]
V  [jvm.dll+0x6694f2]
V  [jvm.dll+0x3031d6]
V  [jvm.dll+0x30a756]
V  [jvm.dll+0x359f9e]
V  [jvm.dll+0x35a1cf]
V  [jvm.dll+0x2da3e8]
V  [jvm.dll+0x2db354]
V  [jvm.dll+0x7aa711]
V  [jvm.dll+0x367b51]
V  [jvm.dll+0x789979]
V  [jvm.dll+0x3eb05f]
V  [jvm.dll+0x3ecae1]
C  [jli.dll+0x5297]
C  [ucrtbase.dll+0x29363]
C  [KERNEL32.DLL+0x1257d]
C  [ntdll.dll+0x5aa58]


---------------  P R O C E S S  ---------------

Threads class SMR info:
_java_thread_list=0x00007ff9dd2559d8, length=0, elements={
}

Java Threads: ( => current thread )

Other Threads:
  0x0000024f1aca6fa0 GCTaskThread "GC Thread#0" [stack: 0x000000fea4f00000,0x000000fea5000000] [id=36672]
  0x0000024f1acb3aa0 ConcurrentGCThread "G1 Main Marker" [stack: 0x000000fea5000000,0x000000fea5100000] [id=26348]
  0x0000024f1acb54c0 ConcurrentGCThread "G1 Conc#0" [stack: 0x000000fea5100000,0x000000fea5200000] [id=28564]

[error occurred during error reporting (printing all threads), id 0xc0000005, EXCEPTION_ACCESS_VIOLATION (0xc0000005) at pc=0x00007ff9dca8b047]

VM state: not at safepoint (not fully initialized)

VM Mutex/Monitor currently owned by a thread:  ([mutex/lock_event])
[0x0000024f1ac55a40] Heap_lock - owner thread: 0x0000024f1ac5ac50

Heap address: 0x00000000a2200000, size: 1502 MB, Compressed Oops mode: 32-bit

CDS archive(s) mapped at: [0x0000000000000000-0x0000000000000000-0x0000000000000000), size 0, SharedBaseAddress: 0x0000000800000000, ArchiveRelocationMode: 1.
Narrow klass base: 0x0000000000000000, Narrow klass shift: 0, Narrow klass range: 0x0

GC Precious Log:
<Empty>

Heap:
 garbage-first heap   total 0K, used 0K [0x00000000a2200000, 0x0000000100000000)
  region size 1024K, 0 young (0K), 0 survivors (0K)

[error occurred during error reporting (printing heap information), id 0xc0000005, EXCEPTION_ACCESS_VIOLATION (0xc0000005) at pc=0x00007ff9dce71499]

GC Heap History (0 events):
No events

Deoptimization events (0 events):
No events

Classes unloaded (0 events):
No events

Classes redefined (0 events):
No events

Internal exceptions (0 events):
No events

VM Operations (0 events):
No events

Events (1 events):
Event: 0.011 Loaded shared library C:\Program Files\Java\jdk-17\bin\java.dll


Dynamic libraries:
0x00007ff73f3e0000 - 0x00007ff73f3f0000 	C:\Program Files\Java\jdk-17\bin\java.exe
0x00007ffa9b710000 - 0x00007ffa9b927000 	C:\WINDOWS\SYSTEM32\ntdll.dll
0x00007ffa9a9e0000 - 0x00007ffa9aaa4000 	C:\WINDOWS\System32\KERNEL32.DLL
0x00007ffa98d80000 - 0x00007ffa99125000 	C:\WINDOWS\System32\KERNELBASE.dll
0x00007ffa992a0000 - 0x00007ffa993b1000 	C:\WINDOWS\System32\ucrtbase.dll
0x00007ffa6a160000 - 0x00007ffa6a179000 	C:\Program Files\Java\jdk-17\bin\jli.dll
0x00007ffa73d00000 - 0x00007ffa73d1b000 	C:\Program Files\Java\jdk-17\bin\VCRUNTIME140.dll
0x00007ffa9b590000 - 0x00007ffa9b641000 	C:\WINDOWS\System32\ADVAPI32.dll
0x00007ffa9aab0000 - 0x00007ffa9ab57000 	C:\WINDOWS\System32\msvcrt.dll
0x00007ffa99690000 - 0x00007ffa99736000 	C:\WINDOWS\System32\sechost.dll
0x00007ffa9a140000 - 0x00007ffa9a257000 	C:\WINDOWS\System32\RPCRT4.dll
0x00007ffa9a260000 - 0x00007ffa9a40e000 	C:\WINDOWS\System32\USER32.dll
0x00007ffa97d40000 - 0x00007ffa97fd3000 	C:\WINDOWS\WinSxS\amd64_microsoft.windows.common-controls_6595b64144ccf1df_6.0.22621.2506_none_270c5ae97388e100\COMCTL32.dll
0x00007ffa9ad20000 - 0x00007ffa9ad49000 	C:\WINDOWS\System32\GDI32.dll
0x00007ffa98ba0000 - 0x00007ffa98bc6000 	C:\WINDOWS\System32\win32u.dll
0x00007ffa98a80000 - 0x00007ffa98b99000 	C:\WINDOWS\System32\gdi32full.dll
0x00007ffa993c0000 - 0x00007ffa9945a000 	C:\WINDOWS\System32\msvcp_win.dll
0x00007ffa8f800000 - 0x00007ffa8f80a000 	C:\WINDOWS\SYSTEM32\VERSION.dll
0x00007ffa9adb0000 - 0x00007ffa9ade1000 	C:\WINDOWS\System32\IMM32.DLL
0x00007ffa8d2e0000 - 0x00007ffa8d2ec000 	C:\Program Files\Java\jdk-17\bin\vcruntime140_1.dll
0x00007ffa50550000 - 0x00007ffa505de000 	C:\Program Files\Java\jdk-17\bin\msvcp140.dll
0x00007ff9dc7a0000 - 0x00007ff9dd37e000 	C:\Program Files\Java\jdk-17\bin\server\jvm.dll
0x00007ffa99680000 - 0x00007ffa99688000 	C:\WINDOWS\System32\PSAPI.DLL
0x00007ffa93a60000 - 0x00007ffa93a69000 	C:\WINDOWS\SYSTEM32\WSOCK32.dll
0x00007ffa91bb0000 - 0x00007ffa91be4000 	C:\WINDOWS\SYSTEM32\WINMM.dll
0x00007ffa9b650000 - 0x00007ffa9b6c1000 	C:\WINDOWS\System32\WS2_32.dll
0x00007ffa97310000 - 0x00007ffa97328000 	C:\WINDOWS\SYSTEM32\kernel.appcore.dll
0x00007ffa8cb90000 - 0x00007ffa8cb9a000 	C:\Program Files\Java\jdk-17\bin\jimage.dll
0x00007ffa98380000 - 0x00007ffa985b3000 	C:\WINDOWS\SYSTEM32\DBGHELP.DLL
0x00007ffa9af60000 - 0x00007ffa9b2e9000 	C:\WINDOWS\System32\combase.dll
0x00007ffa9b3b0000 - 0x00007ffa9b487000 	C:\WINDOWS\System32\OLEAUT32.dll
0x00007ffa981c0000 - 0x00007ffa981f2000 	C:\WINDOWS\SYSTEM32\dbgcore.DLL
0x00007ffa98d00000 - 0x00007ffa98d7a000 	C:\WINDOWS\System32\bcryptPrimitives.dll
0x00007ffa50520000 - 0x00007ffa50545000 	C:\Program Files\Java\jdk-17\bin\java.dll

dbghelp: loaded successfully - version: 4.0.5 - missing functions: none
symbol engine: initialized successfully - sym options: 0x614 - pdb path: .;C:\Program Files\Java\jdk-17\bin;C:\WINDOWS\SYSTEM32;C:\WINDOWS\WinSxS\amd64_microsoft.windows.common-controls_6595b64144ccf1df_6.0.22621.2506_none_270c5ae97388e100;C:\Program Files\Java\jdk-17\bin\server

VM Arguments:
jvm_args: -Dfile.encoding=utf8 
java_command: c:\Users\Alizha\.vscode\extensions\vscjava.vscode-gradle-3.13.5\lib\gradle-language-server.jar
java_class_path (initial): c:\Users\Alizha\.vscode\extensions\vscjava.vscode-gradle-3.13.5\lib\gradle-language-server.jar
Launcher Type: SUN_STANDARD

[Global flags]
     intx CICompilerCount                          = 4                                         {product} {ergonomic}
     uint ConcGCThreads                            = 3                                         {product} {ergonomic}
     uint G1ConcRefinementThreads                  = 10                                        {product} {ergonomic}
   size_t G1HeapRegionSize                         = 1048576                                   {product} {ergonomic}
    uintx GCDrainStackTargetSize                   = 64                                        {product} {ergonomic}
   size_t InitialHeapSize                          = 98566144                                  {product} {ergonomic}
   size_t MarkStackSize                            = 4194304                                   {product} {ergonomic}
   size_t MaxHeapSize                              = 1574961152                                {product} {ergonomic}
   size_t MinHeapDeltaBytes                        = 1048576                                   {product} {ergonomic}
   size_t MinHeapSize                              = 8388608                                   {product} {ergonomic}
    uintx NonNMethodCodeHeapSize                   = 5839372                                {pd product} {ergonomic}
    uintx NonProfiledCodeHeapSize                  = 122909434                              {pd product} {ergonomic}
    uintx ProfiledCodeHeapSize                     = 122909434                              {pd product} {ergonomic}
    uintx ReservedCodeCacheSize                    = 251658240                              {pd product} {ergonomic}
     bool SegmentedCodeCache                       = true                                      {product} {ergonomic}
   size_t SoftMaxHeapSize                          = 1574961152                             {manageable} {ergonomic}
     bool UseCompressedClassPointers               = true                           {product lp64_product} {ergonomic}
     bool UseCompressedOops                        = true                           {product lp64_product} {ergonomic}
     bool UseG1GC                                  = true                                      {product} {ergonomic}
     bool UseLargePagesIndividualAllocation        = false                                  {pd product} {ergonomic}

Logging:
Log output configuration:
 #0: stdout all=warning uptime,level,tags
 #1: stderr all=off uptime,level,tags

Environment Variables:
JAVA_HOME=C:\Program Files\Java\jdk-17
PATH=C:\Program Files\Common Files\Oracle\Java\javapath;C:\Program Files\PostgreSQL\15\bin;C:\Program Files (x86)\Common Files\Oracle\Java\javapath;C:\WINDOWS\system32;C:\WINDOWS;C:\WINDOWS\System32\Wbem;C:\WINDOWS\System32\WindowsPowerShell\v1.0\;C:\WINDOWS\System32\OpenSSH\;C:\Program Files\kotlinc\bin;C:\Program Files\PuTTY\;C:\Program Files\Git\cmd;C:\Program Files\Docker\Docker\resources\bin;C:\Program Files\Java\jdk-17;C:\Users\Alizha\AppData\Local\Programs\Python\Python39\Scripts\;C:\Users\Alizha\AppData\Local\Programs\Python\Python39\;C:\Users\Alizha\AppData\Local\Microsoft\WindowsApps;D:\Microsoft VS Code\bin;C:\Program Files\Git;C:\Users\Alizha\c sosi\MinGW\bin;C:\Users\Alizha\Flutter\flutter_windows_3.3.7-stable\flutter\bin;
USERNAME=Alizha
OS=Windows_NT
PROCESSOR_IDENTIFIER=AMD64 Family 23 Model 104 Stepping 1, AuthenticAMD



---------------  S Y S T E M  ---------------

OS:
 Windows 11 , 64 bit Build 22621 (10.0.22621.2506)
OS uptime: 5 days 22:15 hours
Hyper-V role detected

CPU: total 12 (initial active 12) (12 cores per cpu, 2 threads per core) family 23 model 104 stepping 1 microcode 0x0, cx8, cmov, fxsr, ht, mmx, 3dnowpref, sse, sse2, sse3, ssse3, sse4a, sse4.1, sse4.2, popcnt, lzcnt, tsc, tscinvbit, avx, avx2, aes, clmul, bmi1, bmi2, adx, sha, fma, vzeroupper, clflush, clflushopt, hv

Memory: 4k page, system-wide physical 6005M (876M free)
TotalPageFile size 24437M (AvailPageFile size 12M)
current process WorkingSet (physical memory assigned to process): 11M, peak: 11M
current process commit charge ("private bytes"): 64M, peak: 158M

vm_info: Java HotSpot(TM) 64-Bit Server VM (17.0.8+9-LTS-211) for windows-amd64 JRE (17.0.8+9-LTS-211), built on Jun 14 2023 10:34:31 by "mach5one" with MS VC++ 17.1 (VS2022)

END.
