#
# There is insufficient memory for the Java Runtime Environment to continue.
# Native memory allocation (malloc) failed to allocate 2770576 bytes for Chunk::new
# Possible reasons:
#   The system is out of physical RAM or swap space
#   The process is running with CompressedOops enabled, and the Java Heap may be blocking the growth of the native heap
# Possible solutions:
#   Reduce memory load on the system
#   Increase physical memory or swap space
#   Check if swap backing store is full
#   Decrease Java heap size (-Xmx/-Xms)
#   Decrease number of Java threads
#   Decrease Java thread stack sizes (-Xss)
#   Set larger code cache with -XX:ReservedCodeCacheSize=
#   JVM is running with Unscaled Compressed Oops mode in which the Java heap is
#     placed in the first 4GB address space. The Java Heap base address is the
#     maximum limit for the native heap growth. Please use -XX:HeapBaseMinAddress
#     to set the Java Heap base and to place the Java Heap above 4GB virtual address.
# This output file may be truncated or incomplete.
#
#  Out of Memory Error (arena.cpp:191), pid=29592, tid=12924
#
# JRE version: OpenJDK Runtime Environment Temurin-17.0.9+9 (17.0.9+9) (build 17.0.9+9)
# Java VM: OpenJDK 64-Bit Server VM Temurin-17.0.9+9 (17.0.9+9, mixed mode, tiered, compressed oops, compressed class ptrs, parallel gc, windows-amd64)
# No core dump will be written. Minidumps are not enabled by default on client versions of Windows
#

---------------  S U M M A R Y ------------

Command Line: --add-modules=ALL-SYSTEM --add-opens=java.base/java.util=ALL-UNNAMED --add-opens=java.base/java.lang=ALL-UNNAMED --add-opens=java.base/sun.nio.fs=ALL-UNNAMED -Declipse.application=org.eclipse.jdt.ls.core.id1 -Dosgi.bundles.defaultStartLevel=4 -Declipse.product=org.eclipse.jdt.ls.core.product -Djava.import.generatesMetadataFilesAtProjectRoot=false -DDetectVMInstallationsJob.disabled=true -Dfile.encoding=utf8 -XX:+UseParallelGC -XX:GCTimeRatio=4 -XX:AdaptiveSizePolicyWeight=90 -Dsun.zip.disableMemoryMapping=true -Xmx1G -Xms100m -Xlog:disable -javaagent:c:\Users\Alizha\.vscode\extensions\redhat.java-1.25.1-win32-x64\lombok\lombok-1.18.30.jar c:\Users\Alizha\.vscode\extensions\redhat.java-1.25.1-win32-x64\server\plugins\org.eclipse.equinox.launcher_1.6.600.v20231106-1826.jar -configuration c:\Users\Alizha\AppData\Roaming\Code\User\globalStorage\redhat.java\1.25.1\config_ss_win -data c:\Users\Alizha\AppData\Roaming\Code\User\workspaceStorage\f65aa70a5428b1d08d2d85f953cf23d1\redhat.java\ss_ws --stdio

Host: AMD Ryzen 5 5500U with Radeon Graphics         , 12 cores, 5G,  Windows 11 , 64 bit Build 22621 (10.0.22621.2506)
Time: Fri Dec  8 16:45:52 2023 SE Asia Standard Time elapsed time: 17.404833 seconds (0d 0h 0m 17s)

---------------  T H R E A D  ---------------

Current thread (0x00000211692d7d70):  JavaThread "C2 CompilerThread0" daemon [_thread_in_native, id=12924, stack(0x000000391ae00000,0x000000391af00000)]


Current CompileTask:
C2:  17404 4141   !   4       org.eclipse.osgi.internal.loader.classpath.ClasspathManager::findLocalClass (210 bytes)

Stack: [0x000000391ae00000,0x000000391af00000]
Native frames: (J=compiled Java code, j=interpreted, Vv=VM code, C=native code)
V  [jvm.dll+0x67cf49]
V  [jvm.dll+0x83478a]
V  [jvm.dll+0x83624e]
V  [jvm.dll+0x8368b3]
V  [jvm.dll+0x247f1f]
V  [jvm.dll+0xac43c]
V  [jvm.dll+0xaca8c]
V  [jvm.dll+0x367012]
V  [jvm.dll+0x1bd722]
V  [jvm.dll+0x21a709]
V  [jvm.dll+0x2199d1]
V  [jvm.dll+0x1a57cd]
V  [jvm.dll+0x2297ae]
V  [jvm.dll+0x22797c]
V  [jvm.dll+0x7e9877]
V  [jvm.dll+0x7e3c3a]
V  [jvm.dll+0x67be35]
C  [ucrtbase.dll+0x29363]
C  [KERNEL32.DLL+0x1257d]
C  [ntdll.dll+0x5aa58]


---------------  P R O C E S S  ---------------

Threads class SMR info:
_java_thread_list=0x000002116b9b9630, length=27, elements={
0x000002115037afe0, 0x00000211641f5020, 0x00000211641f7560, 0x00000211692b4ad0,
0x00000211692d2840, 0x00000211692d57e0, 0x00000211692d70c0, 0x00000211692d7d70,
0x00000211692f45d0, 0x0000021169377330, 0x00000211693d56f0, 0x00000211695b82c0,
0x000002116b087c70, 0x000002116b47c2f0, 0x000002116b47caa0, 0x000002116b4695f0,
0x000002116b1265c0, 0x000002116b1274f0, 0x000002116b128420, 0x000002116b126fe0,
0x000002116b126ad0, 0x000002116b1260b0, 0x000002116b127f10, 0x000002116b127a00,
0x000002116b128930, 0x000002116b125180, 0x000002116ca55b40
}

Java Threads: ( => current thread )
  0x000002115037afe0 JavaThread "main" [_thread_blocked, id=3840, stack(0x000000391a500000,0x000000391a600000)]
  0x00000211641f5020 JavaThread "Reference Handler" daemon [_thread_blocked, id=13848, stack(0x000000391a800000,0x000000391a900000)]
  0x00000211641f7560 JavaThread "Finalizer" daemon [_thread_blocked, id=7456, stack(0x000000391a900000,0x000000391aa00000)]
  0x00000211692b4ad0 JavaThread "Signal Dispatcher" daemon [_thread_blocked, id=30692, stack(0x000000391aa00000,0x000000391ab00000)]
  0x00000211692d2840 JavaThread "Attach Listener" daemon [_thread_blocked, id=30892, stack(0x000000391ab00000,0x000000391ac00000)]
  0x00000211692d57e0 JavaThread "Service Thread" daemon [_thread_blocked, id=2104, stack(0x000000391ac00000,0x000000391ad00000)]
  0x00000211692d70c0 JavaThread "Monitor Deflation Thread" daemon [_thread_blocked, id=29004, stack(0x000000391ad00000,0x000000391ae00000)]
=>0x00000211692d7d70 JavaThread "C2 CompilerThread0" daemon [_thread_in_native, id=12924, stack(0x000000391ae00000,0x000000391af00000)]
  0x00000211692f45d0 JavaThread "C1 CompilerThread0" daemon [_thread_blocked, id=14436, stack(0x000000391af00000,0x000000391b000000)]
  0x0000021169377330 JavaThread "Sweeper thread" daemon [_thread_blocked, id=25044, stack(0x000000391b000000,0x000000391b100000)]
  0x00000211693d56f0 JavaThread "Common-Cleaner" daemon [_thread_blocked, id=21908, stack(0x000000391b100000,0x000000391b200000)]
  0x00000211695b82c0 JavaThread "Notification Thread" daemon [_thread_blocked, id=30620, stack(0x000000391b200000,0x000000391b300000)]
  0x000002116b087c70 JavaThread "Active Thread: Equinox Container: 22ec3083-187a-4e5c-91d0-a73bcb77c3f3" [_thread_blocked, id=23600, stack(0x000000391ba00000,0x000000391bb00000)]
  0x000002116b47c2f0 JavaThread "Framework Event Dispatcher: Equinox Container: 22ec3083-187a-4e5c-91d0-a73bcb77c3f3" daemon [_thread_blocked, id=27696, stack(0x000000391bb00000,0x000000391bc00000)]
  0x000002116b47caa0 JavaThread "Start Level: Equinox Container: 22ec3083-187a-4e5c-91d0-a73bcb77c3f3" daemon [_thread_blocked, id=13296, stack(0x000000391bc00000,0x000000391bd00000)]
  0x000002116b4695f0 JavaThread "SCR Component Actor" daemon [_thread_blocked, id=30860, stack(0x000000391bd00000,0x000000391be00000)]
  0x000002116b1265c0 JavaThread "Worker-JM" [_thread_blocked, id=16228, stack(0x000000391c000000,0x000000391c100000)]
  0x000002116b1274f0 JavaThread "Worker-0" [_thread_blocked, id=26340, stack(0x000000391c300000,0x000000391c400000)]
  0x000002116b128420 JavaThread "Worker-1" [_thread_blocked, id=13872, stack(0x000000391c400000,0x000000391c500000)]
  0x000002116b126fe0 JavaThread "JNA Cleaner" daemon [_thread_blocked, id=5388, stack(0x000000391c500000,0x000000391c600000)]
  0x000002116b126ad0 JavaThread "pool-2-thread-1" [_thread_blocked, id=5980, stack(0x000000391c600000,0x000000391c700000)]
  0x000002116b1260b0 JavaThread "WorkspaceEventsHandler" [_thread_blocked, id=11900, stack(0x000000391c700000,0x000000391c800000)]
  0x000002116b127f10 JavaThread "pool-1-thread-1" [_thread_in_native, id=15428, stack(0x000000391c800000,0x000000391c900000)]
  0x000002116b127a00 JavaThread "ForkJoinPool.commonPool-worker-1" daemon [_thread_blocked, id=7968, stack(0x000000391bf00000,0x000000391c000000)]
  0x000002116b128930 JavaThread "ForkJoinPool.commonPool-worker-2" daemon [_thread_blocked, id=32628, stack(0x000000391c900000,0x000000391ca00000)]
  0x000002116b125180 JavaThread "ForkJoinPool.commonPool-worker-3" daemon [_thread_blocked, id=29368, stack(0x000000391ca00000,0x000000391cb00000)]
  0x000002116ca55b40 JavaThread "Worker-2" [_thread_blocked, id=11364, stack(0x000000391cb00000,0x000000391cc00000)]

Other Threads:
  0x00000211692a4870 VMThread "VM Thread" [stack: 0x000000391a700000,0x000000391a800000] [id=7020]
  0x00000211695b87a0 WatcherThread [stack: 0x000000391b300000,0x000000391b400000] [id=6172]
  0x000002115038eab0 GCTaskThread "GC Thread#0" [stack: 0x000000391a600000,0x000000391a700000] [id=21912]
  0x000002116ace2700 GCTaskThread "GC Thread#1" [stack: 0x000000391b400000,0x000000391b500000] [id=21500]
  0x000002116ace29c0 GCTaskThread "GC Thread#2" [stack: 0x000000391b500000,0x000000391b600000] [id=5564]
  0x000002116acdf6e0 GCTaskThread "GC Thread#3" [stack: 0x000000391b600000,0x000000391b700000] [id=27924]
  0x000002116acdf9a0 GCTaskThread "GC Thread#4" [stack: 0x000000391b700000,0x000000391b800000] [id=17028]
  0x000002116b003b30 GCTaskThread "GC Thread#5" [stack: 0x000000391b800000,0x000000391b900000] [id=19852]
  0x000002116b003df0 GCTaskThread "GC Thread#6" [stack: 0x000000391b900000,0x000000391ba00000] [id=15764]
  0x000002116b07bea0 GCTaskThread "GC Thread#7" [stack: 0x000000391be00000,0x000000391bf00000] [id=9476]
  0x000002116b6c2200 GCTaskThread "GC Thread#8" [stack: 0x000000391c100000,0x000000391c200000] [id=31880]
  0x000002116b6c2770 GCTaskThread "GC Thread#9" [stack: 0x000000391c200000,0x000000391c300000] [id=20948]

Threads with active compile tasks:
C2 CompilerThread0    17444 4141   !   4       org.eclipse.osgi.internal.loader.classpath.ClasspathManager::findLocalClass (210 bytes)

VM state: not at safepoint (normal execution)

VM Mutex/Monitor currently owned by a thread: None

Heap address: 0x00000000c0000000, size: 1024 MB, Compressed Oops mode: 32-bit

CDS archive(s) not mapped
Compressed class space mapped at: 0x0000000100000000-0x0000000140000000, reserved size: 1073741824
Narrow klass base: 0x0000000000000000, Narrow klass shift: 3, Narrow klass range: 0x140000000

GC Precious Log:
 CPUs: 12 total, 12 available
 Memory: 6005M
 Large Page Support: Disabled
 NUMA Support: Disabled
 Compressed Oops: Enabled (32-bit)
 Alignments: Space 512K, Generation 512K, Heap 2M
 Heap Min Capacity: 100M
 Heap Initial Capacity: 100M
 Heap Max Capacity: 1G
 Pre-touch: Disabled
 Parallel Workers: 10

Heap:
 PSYoungGen      total 22528K, used 14229K [0x00000000eab00000, 0x00000000ec300000, 0x0000000100000000)
  eden space 21504K, 62% used [0x00000000eab00000,0x00000000eb8356d8,0x00000000ec000000)
  from space 1024K, 68% used [0x00000000ec200000,0x00000000ec2b0000,0x00000000ec300000)
  to   space 1024K, 0% used [0x00000000ec100000,0x00000000ec100000,0x00000000ec200000)
 ParOldGen       total 68608K, used 25190K [0x00000000c0000000, 0x00000000c4300000, 0x00000000eab00000)
  object space 68608K, 36% used [0x00000000c0000000,0x00000000c1899850,0x00000000c4300000)
 Metaspace       used 44293K, committed 45120K, reserved 1114112K
  class space    used 4505K, committed 4864K, reserved 1048576K

Card table byte_map: [0x000002114fd30000,0x000002114ff40000] _byte_map_base: 0x000002114f730000

Marking Bits: (ParMarkBitMap*) 0x00007ff8bdf9d0b0
 Begin Bits: [0x0000021162000000, 0x0000021163000000)
 End Bits:   [0x0000021163000000, 0x0000021164000000)

Polling page: 0x000002114fb20000

Metaspace:

Usage:
  Non-class:     38.86 MB used.
      Class:      4.40 MB used.
       Both:     43.26 MB used.

Virtual space:
  Non-class space:       64.00 MB reserved,      39.31 MB ( 61%) committed,  1 nodes.
      Class space:        1.00 GB reserved,       4.75 MB ( <1%) committed,  1 nodes.
             Both:        1.06 GB reserved,      44.06 MB (  4%) committed. 

Chunk freelists:
   Non-Class:  7.91 MB
       Class:  11.15 MB
        Both:  19.06 MB

MaxMetaspaceSize: unlimited
CompressedClassSpaceSize: 1.00 GB
Initial GC threshold: 21.00 MB
Current GC threshold: 58.38 MB
CDS: off
MetaspaceReclaimPolicy: balanced
 - commit_granule_bytes: 65536.
 - commit_granule_words: 8192.
 - virtual_space_node_default_size: 8388608.
 - enlarge_chunks_in_place: 1.
 - new_chunks_are_fully_committed: 0.
 - uncommit_free_chunks: 1.
 - use_allocation_guard: 0.
 - handle_deallocations: 1.


Internal statistics:

num_allocs_failed_limit: 6.
num_arena_births: 414.
num_arena_deaths: 14.
num_vsnodes_births: 2.
num_vsnodes_deaths: 0.
num_space_committed: 705.
num_space_uncommitted: 0.
num_chunks_returned_to_freelist: 20.
num_chunks_taken_from_freelist: 1860.
num_chunk_merges: 10.
num_chunk_splits: 1227.
num_chunks_enlarged: 828.
num_inconsistent_stats: 0.

CodeHeap 'non-profiled nmethods': size=120000Kb used=2009Kb max_used=2009Kb free=117991Kb
 bounds [0x000002115aad0000, 0x000002115ad40000, 0x0000021162000000]
CodeHeap 'profiled nmethods': size=120000Kb used=9424Kb max_used=9424Kb free=110576Kb
 bounds [0x0000021153000000, 0x0000021153940000, 0x000002115a530000]
CodeHeap 'non-nmethods': size=5760Kb used=1314Kb max_used=1332Kb free=4445Kb
 bounds [0x000002115a530000, 0x000002115a7a0000, 0x000002115aad0000]
 total_blobs=5021 nmethods=4371 adapters=564
 compilation: enabled
              stopped_count=0, restarted_count=0
 full_count=0

Compilation events (20 events):
Event: 17.055 Thread 0x00000211692f45d0 4384       2       java.util.Arrays::fill (28 bytes)
Event: 17.055 Thread 0x00000211692f45d0 nmethod 4384 0x000002115392ec90 code [0x000002115392ee40, 0x000002115392f068]
Event: 17.059 Thread 0x00000211692f45d0 4385       2       java.lang.invoke.LambdaFormBuffer::indexOf (33 bytes)
Event: 17.060 Thread 0x00000211692f45d0 nmethod 4385 0x000002115392f210 code [0x000002115392f3c0, 0x000002115392f5b8]
Event: 17.061 Thread 0x00000211692f45d0 4386       2       java.lang.Module::getLayer (43 bytes)
Event: 17.062 Thread 0x00000211692f45d0 nmethod 4386 0x000002115392f690 code [0x000002115392f840, 0x000002115392fa28]
Event: 17.067 Thread 0x00000211692f45d0 4387       2       com.google.gson.internal.$Gson$Types::equals (283 bytes)
Event: 17.068 Thread 0x00000211692f45d0 nmethod 4387 0x000002115392fb10 code [0x000002115392fe80, 0x0000021153930c78]
Event: 17.069 Thread 0x00000211692f45d0 4388       2       org.eclipse.lsp4j.jsonrpc.json.adapters.TypeUtils::isTwoTuple (39 bytes)
Event: 17.069 Thread 0x00000211692f45d0 nmethod 4388 0x0000021153931110 code [0x00000211539312e0, 0x00000211539315a8]
Event: 17.076 Thread 0x00000211692f45d0 4389       2       jdk.internal.loader.AbstractClassLoaderValue::sub (10 bytes)
Event: 17.077 Thread 0x00000211692f45d0 nmethod 4389 0x0000021153931690 code [0x0000021153931820, 0x00000211539319b8]
Event: 17.077 Thread 0x00000211692f45d0 4390       2       jdk.internal.loader.AbstractClassLoaderValue$Sub::<init> (15 bytes)
Event: 17.077 Thread 0x00000211692f45d0 nmethod 4390 0x0000021153931a90 code [0x0000021153931c20, 0x0000021153931d58]
Event: 17.077 Thread 0x00000211692f45d0 4391   !   2       jdk.internal.loader.AbstractClassLoaderValue::computeIfAbsent (113 bytes)
Event: 17.078 Thread 0x00000211692f45d0 nmethod 4391 0x0000021153931e10 code [0x0000021153932020, 0x00000211539325e8]
Event: 17.078 Thread 0x00000211692f45d0 4392   !   2       sun.reflect.annotation.AnnotationParser::parseAnnotation2 (271 bytes)
Event: 17.081 Thread 0x00000211692f45d0 nmethod 4392 0x0000021153932a90 code [0x0000021153932da0, 0x0000021153933808]
Event: 17.081 Thread 0x00000211692f45d0 4393       1       java.nio.charset.Charset::name (5 bytes)
Event: 17.081 Thread 0x00000211692f45d0 nmethod 4393 0x000002115acc6110 code [0x000002115acc62a0, 0x000002115acc6378]

GC Heap History (20 events):
Event: 10.933 GC heap before
{Heap before GC invocations=9 (full 1):
 PSYoungGen      total 25600K, used 21496K [0x00000000eab00000, 0x00000000eca80000, 0x0000000100000000)
  eden space 24064K, 83% used [0x00000000eab00000,0x00000000ebe81a00,0x00000000ec280000)
  from space 1536K, 99% used [0x00000000ec480000,0x00000000ec5fc758,0x00000000ec600000)
  to   space 4096K, 0% used [0x00000000ec680000,0x00000000ec680000,0x00000000eca80000)
 ParOldGen       total 68608K, used 8465K [0x00000000c0000000, 0x00000000c4300000, 0x00000000eab00000)
  object space 68608K, 12% used [0x00000000c0000000,0x00000000c0844600,0x00000000c4300000)
 Metaspace       used 35182K, committed 35840K, reserved 1114112K
  class space    used 3559K, committed 3840K, reserved 1048576K
}
Event: 10.936 GC heap after
{Heap after GC invocations=9 (full 1):
 PSYoungGen      total 27136K, used 3037K [0x00000000eab00000, 0x00000000ec980000, 0x0000000100000000)
  eden space 24064K, 0% used [0x00000000eab00000,0x00000000eab00000,0x00000000ec280000)
  from space 3072K, 98% used [0x00000000ec680000,0x00000000ec977718,0x00000000ec980000)
  to   space 3584K, 0% used [0x00000000ec280000,0x00000000ec280000,0x00000000ec600000)
 ParOldGen       total 68608K, used 8473K [0x00000000c0000000, 0x00000000c4300000, 0x00000000eab00000)
  object space 68608K, 12% used [0x00000000c0000000,0x00000000c0846600,0x00000000c4300000)
 Metaspace       used 35182K, committed 35840K, reserved 1114112K
  class space    used 3559K, committed 3840K, reserved 1048576K
}
Event: 10.936 GC heap before
{Heap before GC invocations=10 (full 2):
 PSYoungGen      total 27136K, used 3037K [0x00000000eab00000, 0x00000000ec980000, 0x0000000100000000)
  eden space 24064K, 0% used [0x00000000eab00000,0x00000000eab00000,0x00000000ec280000)
  from space 3072K, 98% used [0x00000000ec680000,0x00000000ec977718,0x00000000ec980000)
  to   space 3584K, 0% used [0x00000000ec280000,0x00000000ec280000,0x00000000ec600000)
 ParOldGen       total 68608K, used 8473K [0x00000000c0000000, 0x00000000c4300000, 0x00000000eab00000)
  object space 68608K, 12% used [0x00000000c0000000,0x00000000c0846600,0x00000000c4300000)
 Metaspace       used 35182K, committed 35840K, reserved 1114112K
  class space    used 3559K, committed 3840K, reserved 1048576K
}
Event: 10.970 GC heap after
{Heap after GC invocations=10 (full 2):
 PSYoungGen      total 27136K, used 0K [0x00000000eab00000, 0x00000000ec980000, 0x0000000100000000)
  eden space 24064K, 0% used [0x00000000eab00000,0x00000000eab00000,0x00000000ec280000)
  from space 3072K, 0% used [0x00000000ec680000,0x00000000ec680000,0x00000000ec980000)
  to   space 3584K, 0% used [0x00000000ec280000,0x00000000ec280000,0x00000000ec600000)
 ParOldGen       total 68608K, used 11113K [0x00000000c0000000, 0x00000000c4300000, 0x00000000eab00000)
  object space 68608K, 16% used [0x00000000c0000000,0x00000000c0ada760,0x00000000c4300000)
 Metaspace       used 35182K, committed 35840K, reserved 1114112K
  class space    used 3559K, committed 3840K, reserved 1048576K
}
Event: 11.615 GC heap before
{Heap before GC invocations=11 (full 2):
 PSYoungGen      total 27136K, used 24064K [0x00000000eab00000, 0x00000000ec980000, 0x0000000100000000)
  eden space 24064K, 100% used [0x00000000eab00000,0x00000000ec280000,0x00000000ec280000)
  from space 3072K, 0% used [0x00000000ec680000,0x00000000ec680000,0x00000000ec980000)
  to   space 3584K, 0% used [0x00000000ec280000,0x00000000ec280000,0x00000000ec600000)
 ParOldGen       total 68608K, used 11113K [0x00000000c0000000, 0x00000000c4300000, 0x00000000eab00000)
  object space 68608K, 16% used [0x00000000c0000000,0x00000000c0ada760,0x00000000c4300000)
 Metaspace       used 36509K, committed 37248K, reserved 1114112K
  class space    used 3712K, committed 4032K, reserved 1048576K
}
Event: 11.618 GC heap after
{Heap after GC invocations=11 (full 2):
 PSYoungGen      total 26112K, used 2368K [0x00000000eab00000, 0x00000000ec800000, 0x0000000100000000)
  eden space 23552K, 0% used [0x00000000eab00000,0x00000000eab00000,0x00000000ec200000)
  from space 2560K, 92% used [0x00000000ec280000,0x00000000ec4d0020,0x00000000ec500000)
  to   space 3072K, 0% used [0x00000000ec500000,0x00000000ec500000,0x00000000ec800000)
 ParOldGen       total 68608K, used 11121K [0x00000000c0000000, 0x00000000c4300000, 0x00000000eab00000)
  object space 68608K, 16% used [0x00000000c0000000,0x00000000c0adc760,0x00000000c4300000)
 Metaspace       used 36509K, committed 37248K, reserved 1114112K
  class space    used 3712K, committed 4032K, reserved 1048576K
}
Event: 11.920 GC heap before
{Heap before GC invocations=12 (full 2):
 PSYoungGen      total 26112K, used 25920K [0x00000000eab00000, 0x00000000ec800000, 0x0000000100000000)
  eden space 23552K, 100% used [0x00000000eab00000,0x00000000ec200000,0x00000000ec200000)
  from space 2560K, 92% used [0x00000000ec280000,0x00000000ec4d0020,0x00000000ec500000)
  to   space 3072K, 0% used [0x00000000ec500000,0x00000000ec500000,0x00000000ec800000)
 ParOldGen       total 68608K, used 11121K [0x00000000c0000000, 0x00000000c4300000, 0x00000000eab00000)
  object space 68608K, 16% used [0x00000000c0000000,0x00000000c0adc760,0x00000000c4300000)
 Metaspace       used 36709K, committed 37440K, reserved 1114112K
  class space    used 3730K, committed 4096K, reserved 1048576K
}
Event: 11.925 GC heap after
{Heap after GC invocations=12 (full 2):
 PSYoungGen      total 24576K, used 3040K [0x00000000eab00000, 0x00000000ecb80000, 0x0000000100000000)
  eden space 21504K, 0% used [0x00000000eab00000,0x00000000eab00000,0x00000000ec000000)
  from space 3072K, 98% used [0x00000000ec500000,0x00000000ec7f8020,0x00000000ec800000)
  to   space 5120K, 0% used [0x00000000ec000000,0x00000000ec000000,0x00000000ec500000)
 ParOldGen       total 68608K, used 12497K [0x00000000c0000000, 0x00000000c4300000, 0x00000000eab00000)
  object space 68608K, 18% used [0x00000000c0000000,0x00000000c0c34760,0x00000000c4300000)
 Metaspace       used 36709K, committed 37440K, reserved 1114112K
  class space    used 3730K, committed 4096K, reserved 1048576K
}
Event: 12.055 GC heap before
{Heap before GC invocations=13 (full 2):
 PSYoungGen      total 24576K, used 24544K [0x00000000eab00000, 0x00000000ecb80000, 0x0000000100000000)
  eden space 21504K, 100% used [0x00000000eab00000,0x00000000ec000000,0x00000000ec000000)
  from space 3072K, 98% used [0x00000000ec500000,0x00000000ec7f8020,0x00000000ec800000)
  to   space 5120K, 0% used [0x00000000ec000000,0x00000000ec000000,0x00000000ec500000)
 ParOldGen       total 68608K, used 12497K [0x00000000c0000000, 0x00000000c4300000, 0x00000000eab00000)
  object space 68608K, 18% used [0x00000000c0000000,0x00000000c0c34760,0x00000000c4300000)
 Metaspace       used 36771K, committed 37504K, reserved 1114112K
  class space    used 3743K, committed 4096K, reserved 1048576K
}
Event: 12.061 GC heap after
{Heap after GC invocations=13 (full 2):
 PSYoungGen      total 24576K, used 2816K [0x00000000eab00000, 0x00000000ec700000, 0x0000000100000000)
  eden space 21504K, 0% used [0x00000000eab00000,0x00000000eab00000,0x00000000ec000000)
  from space 3072K, 91% used [0x00000000ec000000,0x00000000ec2c0020,0x00000000ec300000)
  to   space 3584K, 0% used [0x00000000ec380000,0x00000000ec380000,0x00000000ec700000)
 ParOldGen       total 68608K, used 15516K [0x00000000c0000000, 0x00000000c4300000, 0x00000000eab00000)
  object space 68608K, 22% used [0x00000000c0000000,0x00000000c0f27110,0x00000000c4300000)
 Metaspace       used 36771K, committed 37504K, reserved 1114112K
  class space    used 3743K, committed 4096K, reserved 1048576K
}
Event: 12.172 GC heap before
{Heap before GC invocations=14 (full 2):
 PSYoungGen      total 24576K, used 24320K [0x00000000eab00000, 0x00000000ec700000, 0x0000000100000000)
  eden space 21504K, 100% used [0x00000000eab00000,0x00000000ec000000,0x00000000ec000000)
  from space 3072K, 91% used [0x00000000ec000000,0x00000000ec2c0020,0x00000000ec300000)
  to   space 3584K, 0% used [0x00000000ec380000,0x00000000ec380000,0x00000000ec700000)
 ParOldGen       total 68608K, used 15516K [0x00000000c0000000, 0x00000000c4300000, 0x00000000eab00000)
  object space 68608K, 22% used [0x00000000c0000000,0x00000000c0f27110,0x00000000c4300000)
 Metaspace       used 36771K, committed 37504K, reserved 1114112K
  class space    used 3743K, committed 4096K, reserved 1048576K
}
Event: 12.177 GC heap after
{Heap after GC invocations=14 (full 2):
 PSYoungGen      total 24064K, used 2464K [0x00000000eab00000, 0x00000000ec600000, 0x0000000100000000)
  eden space 21504K, 0% used [0x00000000eab00000,0x00000000eab00000,0x00000000ec000000)
  from space 2560K, 96% used [0x00000000ec380000,0x00000000ec5e8000,0x00000000ec600000)
  to   space 3072K, 0% used [0x00000000ec000000,0x00000000ec000000,0x00000000ec300000)
 ParOldGen       total 68608K, used 18219K [0x00000000c0000000, 0x00000000c4300000, 0x00000000eab00000)
  object space 68608K, 26% used [0x00000000c0000000,0x00000000c11cacf0,0x00000000c4300000)
 Metaspace       used 36771K, committed 37504K, reserved 1114112K
  class space    used 3743K, committed 4096K, reserved 1048576K
}
Event: 12.327 GC heap before
{Heap before GC invocations=15 (full 2):
 PSYoungGen      total 24064K, used 23968K [0x00000000eab00000, 0x00000000ec600000, 0x0000000100000000)
  eden space 21504K, 100% used [0x00000000eab00000,0x00000000ec000000,0x00000000ec000000)
  from space 2560K, 96% used [0x00000000ec380000,0x00000000ec5e8000,0x00000000ec600000)
  to   space 3072K, 0% used [0x00000000ec000000,0x00000000ec000000,0x00000000ec300000)
 ParOldGen       total 68608K, used 18219K [0x00000000c0000000, 0x00000000c4300000, 0x00000000eab00000)
  object space 68608K, 26% used [0x00000000c0000000,0x00000000c11cacf0,0x00000000c4300000)
 Metaspace       used 36771K, committed 37504K, reserved 1114112K
  class space    used 3743K, committed 4096K, reserved 1048576K
}
Event: 12.332 GC heap after
{Heap after GC invocations=15 (full 2):
 PSYoungGen      total 24064K, used 2528K [0x00000000eab00000, 0x00000000ec500000, 0x0000000100000000)
  eden space 21504K, 0% used [0x00000000eab00000,0x00000000eab00000,0x00000000ec000000)
  from space 2560K, 98% used [0x00000000ec000000,0x00000000ec278010,0x00000000ec280000)
  to   space 2560K, 0% used [0x00000000ec280000,0x00000000ec280000,0x00000000ec500000)
 ParOldGen       total 68608K, used 20571K [0x00000000c0000000, 0x00000000c4300000, 0x00000000eab00000)
  object space 68608K, 29% used [0x00000000c0000000,0x00000000c1416cf0,0x00000000c4300000)
 Metaspace       used 36771K, committed 37504K, reserved 1114112K
  class space    used 3743K, committed 4096K, reserved 1048576K
}
Event: 12.978 GC heap before
{Heap before GC invocations=16 (full 2):
 PSYoungGen      total 24064K, used 24020K [0x00000000eab00000, 0x00000000ec500000, 0x0000000100000000)
  eden space 21504K, 99% used [0x00000000eab00000,0x00000000ebffd320,0x00000000ec000000)
  from space 2560K, 98% used [0x00000000ec000000,0x00000000ec278010,0x00000000ec280000)
  to   space 2560K, 0% used [0x00000000ec280000,0x00000000ec280000,0x00000000ec500000)
 ParOldGen       total 68608K, used 20571K [0x00000000c0000000, 0x00000000c4300000, 0x00000000eab00000)
  object space 68608K, 29% used [0x00000000c0000000,0x00000000c1416cf0,0x00000000c4300000)
 Metaspace       used 38753K, committed 39488K, reserved 1114112K
  class space    used 3979K, committed 4288K, reserved 1048576K
}
Event: 12.983 GC heap after
{Heap after GC invocations=16 (full 2):
 PSYoungGen      total 24064K, used 2103K [0x00000000eab00000, 0x00000000ec500000, 0x0000000100000000)
  eden space 21504K, 0% used [0x00000000eab00000,0x00000000eab00000,0x00000000ec000000)
  from space 2560K, 82% used [0x00000000ec280000,0x00000000ec48dd60,0x00000000ec500000)
  to   space 2560K, 0% used [0x00000000ec000000,0x00000000ec000000,0x00000000ec280000)
 ParOldGen       total 68608K, used 22936K [0x00000000c0000000, 0x00000000c4300000, 0x00000000eab00000)
  object space 68608K, 33% used [0x00000000c0000000,0x00000000c1666058,0x00000000c4300000)
 Metaspace       used 38753K, committed 39488K, reserved 1114112K
  class space    used 3979K, committed 4288K, reserved 1048576K
}
Event: 13.980 GC heap before
{Heap before GC invocations=17 (full 2):
 PSYoungGen      total 24064K, used 23572K [0x00000000eab00000, 0x00000000ec500000, 0x0000000100000000)
  eden space 21504K, 99% used [0x00000000eab00000,0x00000000ebff7468,0x00000000ec000000)
  from space 2560K, 82% used [0x00000000ec280000,0x00000000ec48dd60,0x00000000ec500000)
  to   space 2560K, 0% used [0x00000000ec000000,0x00000000ec000000,0x00000000ec280000)
 ParOldGen       total 68608K, used 22936K [0x00000000c0000000, 0x00000000c4300000, 0x00000000eab00000)
  object space 68608K, 33% used [0x00000000c0000000,0x00000000c1666058,0x00000000c4300000)
 Metaspace       used 39964K, committed 40704K, reserved 1114112K
  class space    used 4128K, committed 4480K, reserved 1048576K
}
Event: 13.984 GC heap after
{Heap after GC invocations=17 (full 2):
 PSYoungGen      total 22016K, used 320K [0x00000000eab00000, 0x00000000ec300000, 0x0000000100000000)
  eden space 21504K, 0% used [0x00000000eab00000,0x00000000eab00000,0x00000000ec000000)
  from space 512K, 62% used [0x00000000ec000000,0x00000000ec050000,0x00000000ec080000)
  to   space 1024K, 0% used [0x00000000ec200000,0x00000000ec200000,0x00000000ec300000)
 ParOldGen       total 68608K, used 24926K [0x00000000c0000000, 0x00000000c4300000, 0x00000000eab00000)
  object space 68608K, 36% used [0x00000000c0000000,0x00000000c1857850,0x00000000c4300000)
 Metaspace       used 39964K, committed 40704K, reserved 1114112K
  class space    used 4128K, committed 4480K, reserved 1048576K
}
Event: 16.116 GC heap before
{Heap before GC invocations=18 (full 2):
 PSYoungGen      total 22016K, used 21823K [0x00000000eab00000, 0x00000000ec300000, 0x0000000100000000)
  eden space 21504K, 99% used [0x00000000eab00000,0x00000000ebffff80,0x00000000ec000000)
  from space 512K, 62% used [0x00000000ec000000,0x00000000ec050000,0x00000000ec080000)
  to   space 1024K, 0% used [0x00000000ec200000,0x00000000ec200000,0x00000000ec300000)
 ParOldGen       total 68608K, used 24926K [0x00000000c0000000, 0x00000000c4300000, 0x00000000eab00000)
  object space 68608K, 36% used [0x00000000c0000000,0x00000000c1857850,0x00000000c4300000)
 Metaspace       used 42469K, committed 43200K, reserved 1114112K
  class space    used 4323K, committed 4672K, reserved 1048576K
}
Event: 16.119 GC heap after
{Heap after GC invocations=18 (full 2):
 PSYoungGen      total 22528K, used 704K [0x00000000eab00000, 0x00000000ec300000, 0x0000000100000000)
  eden space 21504K, 0% used [0x00000000eab00000,0x00000000eab00000,0x00000000ec000000)
  from space 1024K, 68% used [0x00000000ec200000,0x00000000ec2b0000,0x00000000ec300000)
  to   space 1024K, 0% used [0x00000000ec100000,0x00000000ec100000,0x00000000ec200000)
 ParOldGen       total 68608K, used 25190K [0x00000000c0000000, 0x00000000c4300000, 0x00000000eab00000)
  object space 68608K, 36% used [0x00000000c0000000,0x00000000c1899850,0x00000000c4300000)
 Metaspace       used 42469K, committed 43200K, reserved 1114112K
  class space    used 4323K, committed 4672K, reserved 1048576K
}

Dll operation events (10 events):
Event: 0.023 Loaded shared library c:\Users\Alizha\.vscode\extensions\redhat.java-1.25.1-win32-x64\jre\17.0.9-win32-x86_64\bin\java.dll
Event: 0.481 Loaded shared library c:\Users\Alizha\.vscode\extensions\redhat.java-1.25.1-win32-x64\jre\17.0.9-win32-x86_64\bin\zip.dll
Event: 0.488 Loaded shared library C:\Users\Alizha\.vscode\extensions\redhat.java-1.25.1-win32-x64\jre\17.0.9-win32-x86_64\bin\instrument.dll
Event: 0.540 Loaded shared library C:\Users\Alizha\.vscode\extensions\redhat.java-1.25.1-win32-x64\jre\17.0.9-win32-x86_64\bin\net.dll
Event: 0.544 Loaded shared library C:\Users\Alizha\.vscode\extensions\redhat.java-1.25.1-win32-x64\jre\17.0.9-win32-x86_64\bin\nio.dll
Event: 0.572 Loaded shared library C:\Users\Alizha\.vscode\extensions\redhat.java-1.25.1-win32-x64\jre\17.0.9-win32-x86_64\bin\zip.dll
Event: 0.608 Loaded shared library C:\Users\Alizha\.vscode\extensions\redhat.java-1.25.1-win32-x64\jre\17.0.9-win32-x86_64\bin\jimage.dll
Event: 0.796 Loaded shared library c:\Users\Alizha\.vscode\extensions\redhat.java-1.25.1-win32-x64\jre\17.0.9-win32-x86_64\bin\verify.dll
Event: 4.128 Loaded shared library C:\Users\Alizha\AppData\Roaming\Code\User\globalStorage\redhat.java\1.25.1\config_ss_win\org.eclipse.equinox.launcher\org.eclipse.equinox.launcher.win32.win32.x86_64_1.2.800.v20231003-1442\eclipse_11802.dll
Event: 9.468 Loaded shared library C:\Users\Alizha\AppData\Local\Temp\jna-1963883701\jna13268257028090540001.dll

Deoptimization events (20 events):
Event: 16.727 Thread 0x000002116b128420 DEOPT PACKING pc=0x00000211536f3a7a sp=0x000000391c4fcb70
Event: 16.727 Thread 0x000002116b128420 DEOPT UNPACKING pc=0x000002115a586e43 sp=0x000000391c4fbfe0 mode 0
Event: 16.729 Thread 0x000002116b128420 DEOPT PACKING pc=0x00000211536f3a7a sp=0x000000391c4fcb70
Event: 16.729 Thread 0x000002116b128420 DEOPT UNPACKING pc=0x000002115a586e43 sp=0x000000391c4fbfe0 mode 0
Event: 16.781 Thread 0x000002116b128420 Uncommon trap: trap_request=0xffffff45 fr.pc=0x000002115abeb8f0 relative=0x0000000000000230
Event: 16.781 Thread 0x000002116b128420 Uncommon trap: reason=unstable_if action=reinterpret pc=0x000002115abeb8f0 method=java.util.HashMap.getNode(Ljava/lang/Object;)Ljava/util/HashMap$Node; @ 66 c2
Event: 16.781 Thread 0x000002116b128420 DEOPT PACKING pc=0x000002115abeb8f0 sp=0x000000391c4fd480
Event: 16.781 Thread 0x000002116b128420 DEOPT UNPACKING pc=0x000002115a5866a3 sp=0x000000391c4fd398 mode 2
Event: 16.936 Thread 0x000002116b128420 Uncommon trap: trap_request=0xffffff45 fr.pc=0x000002115acb8c8c relative=0x000000000000008c
Event: 16.936 Thread 0x000002116b128420 Uncommon trap: reason=unstable_if action=reinterpret pc=0x000002115acb8c8c method=java.util.Hashtable$Enumerator.nextElement()Ljava/lang/Object; @ 87 c2
Event: 16.936 Thread 0x000002116b128420 DEOPT PACKING pc=0x000002115acb8c8c sp=0x000000391c4fe950
Event: 16.936 Thread 0x000002116b128420 DEOPT UNPACKING pc=0x000002115a5866a3 sp=0x000000391c4fe8d0 mode 2
Event: 16.985 Thread 0x000002116b128420 DEOPT PACKING pc=0x00000211536f3a7a sp=0x000000391c4fddf0
Event: 16.985 Thread 0x000002116b128420 DEOPT UNPACKING pc=0x000002115a586e43 sp=0x000000391c4fd260 mode 0
Event: 16.986 Thread 0x000002116b128420 DEOPT PACKING pc=0x00000211536f3a7a sp=0x000000391c4fddf0
Event: 16.986 Thread 0x000002116b128420 DEOPT UNPACKING pc=0x000002115a586e43 sp=0x000000391c4fd260 mode 0
Event: 16.988 Thread 0x000002116b128420 DEOPT PACKING pc=0x0000021153760b00 sp=0x000000391c4fe0a0
Event: 16.988 Thread 0x000002116b128420 DEOPT UNPACKING pc=0x000002115a586e43 sp=0x000000391c4fd5e8 mode 0
Event: 16.989 Thread 0x000002116b128420 DEOPT PACKING pc=0x00000211536f3a7a sp=0x000000391c4fddf0
Event: 16.989 Thread 0x000002116b128420 DEOPT UNPACKING pc=0x000002115a586e43 sp=0x000000391c4fd260 mode 0

Classes unloaded (7 events):
Event: 5.862 Thread 0x00000211692a4870 Unloading class 0x000000010021e000 'java/lang/invoke/LambdaForm$MH+0x000000010021e000'
Event: 5.862 Thread 0x00000211692a4870 Unloading class 0x000000010021dc00 'java/lang/invoke/LambdaForm$MH+0x000000010021dc00'
Event: 5.862 Thread 0x00000211692a4870 Unloading class 0x000000010021d800 'java/lang/invoke/LambdaForm$MH+0x000000010021d800'
Event: 5.862 Thread 0x00000211692a4870 Unloading class 0x000000010021d400 'java/lang/invoke/LambdaForm$MH+0x000000010021d400'
Event: 5.862 Thread 0x00000211692a4870 Unloading class 0x000000010021d000 'java/lang/invoke/LambdaForm$BMH+0x000000010021d000'
Event: 5.862 Thread 0x00000211692a4870 Unloading class 0x000000010021cc00 'java/lang/invoke/LambdaForm$DMH+0x000000010021cc00'
Event: 5.862 Thread 0x00000211692a4870 Unloading class 0x000000010021a000 'java/lang/invoke/LambdaForm$DMH+0x000000010021a000'

Classes redefined (0 events):
No events

Internal exceptions (20 events):
Event: 10.858 Thread 0x000002116b127f10 Exception <a 'sun/nio/fs/WindowsException'{0x00000000ebcfcc78}> (0x00000000ebcfcc78) 
thrown [s\src\hotspot\share\prims\jni.cpp, line 516]
Event: 10.864 Thread 0x000002116b1274f0 Exception <a 'java/io/FileNotFoundException'{0x00000000ebd17378}> (0x00000000ebd17378) 
thrown [s\src\hotspot\share\prims\jni.cpp, line 516]
Event: 10.865 Thread 0x000002116b1274f0 Exception <a 'java/io/FileNotFoundException'{0x00000000ebd18380}> (0x00000000ebd18380) 
thrown [s\src\hotspot\share\prims\jni.cpp, line 516]
Event: 11.069 Thread 0x000002116b127f10 Exception <a 'java/lang/NoSuchMethodError'{0x00000000eade5fb0}: 'int java.lang.invoke.DirectMethodHandle$Holder.invokeVirtual(java.lang.Object, java.lang.Object)'> (0x00000000eade5fb0) 
thrown [s\src\hotspot\share\interpreter\linkResolver.cpp, line 759]
Event: 11.084 Thread 0x000002116b1274f0 Exception <a 'java/lang/NoSuchMethodError'{0x00000000eae2ed98}: 'java.lang.Object java.lang.invoke.Invokers$Holder.invoke_MT(java.lang.Object, java.lang.Object, java.lang.Object)'> (0x00000000eae2ed98) 
thrown [s\src\hotspot\share\interpreter\linkResolver.cpp, line 759]
Event: 11.644 Thread 0x000002116b1274f0 Exception <a 'java/io/FileNotFoundException'{0x00000000eacbb5e0}> (0x00000000eacbb5e0) 
thrown [s\src\hotspot\share\prims\jni.cpp, line 516]
Event: 11.645 Thread 0x000002116b1274f0 Exception <a 'java/io/FileNotFoundException'{0x00000000eacbcb28}> (0x00000000eacbcb28) 
thrown [s\src\hotspot\share\prims\jni.cpp, line 516]
Event: 11.647 Thread 0x000002116b1274f0 Exception <a 'java/lang/NoSuchMethodError'{0x00000000eacc8cd8}: 'void java.lang.invoke.DirectMethodHandle$Holder.invokeStaticInit(java.lang.Object, java.lang.Object, java.lang.Object)'> (0x00000000eacc8cd8) 
thrown [s\src\hotspot\share\interpreter\linkResolver.cpp, line 759]
Event: 12.506 Thread 0x000002116b127a00 Exception <a 'java/lang/NoSuchMethodError'{0x00000000eb1e1cd8}: 'java.lang.Object java.lang.invoke.DirectMethodHandle$Holder.invokeInterface(java.lang.Object, java.lang.Object, java.lang.Object)'> (0x00000000eb1e1cd8) 
thrown [s\src\hotspot\share\interpreter\linkResolver.cpp, line 759]
Event: 12.506 Thread 0x000002116b128930 Exception <a 'java/lang/NoSuchMethodError'{0x00000000eb20c728}: 'java.lang.Object java.lang.invoke.DirectMethodHandle$Holder.invokeInterface(java.lang.Object, java.lang.Object, java.lang.Object)'> (0x00000000eb20c728) 
thrown [s\src\hotspot\share\interpreter\linkResolver.cpp, line 759]
Event: 12.506 Thread 0x000002116b127f10 Exception <a 'java/lang/NoSuchMethodError'{0x00000000eb2302c0}: 'java.lang.Object java.lang.invoke.DirectMethodHandle$Holder.invokeInterface(java.lang.Object, java.lang.Object, java.lang.Object)'> (0x00000000eb2302c0) 
thrown [s\src\hotspot\share\interpreter\linkResolver.cpp, line 759]
Event: 13.079 Thread 0x000002116b127a00 Exception <a 'java/lang/LinkageError'{0x00000000eadb13e8}: loader lombok.launch.ShadowClassLoader @a1bfd5b attempted duplicate class definition for lombok.launch.PatchFixesHider$Transform. (lombok.launch.PatchFixesHider$Transform is in unnamed module of loader lombok.launch.ShadowClassLoader @a1bfd5b, parent loader org.eclipse.osgi.internal.loader.EquinoxClassLoader @5191e22b)> (0x00000000eadb13e8) 
thrown [s\src\hotspot\share\classfile\systemDictionary.cpp, line 1724]
Event: 13.079 Thread 0x000002116b128930 Exception <a 'java/lang/LinkageError'{0x00000000eac33ba0}: loader lombok.launch.ShadowClassLoader @a1bfd5b attempted duplicate class definition for lombok.launch.PatchFixesHider$Transform. (lombok.launch.PatchFixesHider$Transform is in unnamed module of loader lombok.launch.ShadowClassLoader @a1bfd5b, parent loader org.eclipse.osgi.internal.loader.EquinoxClassLoader @5191e22b)> (0x00000000eac33ba0) 
thrown [s\src\hotspot\share\classfile\systemDictionary.cpp, line 1724]
Event: 14.182 Thread 0x000002116b127f10 Implicit null exception at 0x000002115ac0bf4f to 0x000002115ac0cc50
Event: 16.269 Thread 0x000002116b128420 Exception <a 'java/lang/NoSuchMethodError'{0x00000000eadbd258}: 'int java.lang.invoke.DirectMethodHandle$Holder.invokeStatic(java.lang.Object, java.lang.Object, java.lang.Object, int)'> (0x00000000eadbd258) 
thrown [s\src\hotspot\share\interpreter\linkResolver.cpp, line 759]
Event: 16.315 Thread 0x000002116b128420 Exception <a 'java/lang/NoSuchMethodError'{0x00000000eae55220}: 'int java.lang.invoke.DirectMethodHandle$Holder.invokeVirtual(java.lang.Object, java.lang.Object, java.lang.Object)'> (0x00000000eae55220) 
thrown [s\src\hotspot\share\interpreter\linkResolver.cpp, line 759]
Event: 16.325 Thread 0x000002116b128420 Exception <a 'java/lang/NoSuchMethodError'{0x00000000eae777c0}: 'int java.lang.invoke.DirectMethodHandle$Holder.invokeSpecialIFC(java.lang.Object, java.lang.Object, java.lang.Object)'> (0x00000000eae777c0) 
thrown [s\src\hotspot\share\interpreter\linkResolver.cpp, line 759]
Event: 16.585 Thread 0x000002116b128420 Exception <a 'java/io/FileNotFoundException'{0x00000000eb11b760}> (0x00000000eb11b760) 
thrown [s\src\hotspot\share\prims\jni.cpp, line 516]
Event: 16.974 Thread 0x000002116b128420 Exception <a 'java/io/FileNotFoundException'{0x00000000eb6af478}> (0x00000000eb6af478) 
thrown [s\src\hotspot\share\prims\jni.cpp, line 516]
Event: 16.976 Thread 0x000002116b128420 Exception <a 'java/io/FileNotFoundException'{0x00000000eb6b0498}> (0x00000000eb6b0498) 
thrown [s\src\hotspot\share\prims\jni.cpp, line 516]

VM Operations (20 events):
Event: 12.596 Executing VM operation: HandshakeAllThreads
Event: 12.596 Executing VM operation: HandshakeAllThreads done
Event: 12.956 Executing VM operation: HandshakeAllThreads
Event: 12.956 Executing VM operation: HandshakeAllThreads done
Event: 12.956 Executing VM operation: HandshakeAllThreads
Event: 12.956 Executing VM operation: HandshakeAllThreads done
Event: 12.977 Executing VM operation: ParallelGCFailedAllocation
Event: 12.984 Executing VM operation: ParallelGCFailedAllocation done
Event: 13.980 Executing VM operation: ParallelGCFailedAllocation
Event: 13.984 Executing VM operation: ParallelGCFailedAllocation done
Event: 14.531 Executing VM operation: HandshakeAllThreads
Event: 14.532 Executing VM operation: HandshakeAllThreads done
Event: 15.531 Executing VM operation: Cleanup
Event: 15.532 Executing VM operation: Cleanup done
Event: 16.116 Executing VM operation: ParallelGCFailedAllocation
Event: 16.119 Executing VM operation: ParallelGCFailedAllocation done
Event: 16.333 Executing VM operation: HandshakeAllThreads
Event: 16.333 Executing VM operation: HandshakeAllThreads done
Event: 16.749 Executing VM operation: HandshakeAllThreads
Event: 16.749 Executing VM operation: HandshakeAllThreads done

Events (20 events):
Event: 13.568 loading class java/util/Vector$1
Event: 13.568 loading class java/util/Vector$1 done
Event: 14.182 loading class java/util/Collections$UnmodifiableSortedSet
Event: 14.184 loading class java/util/Collections$UnmodifiableSortedSet done
Event: 14.301 loading class java/util/regex/Pattern$Caret
Event: 14.303 loading class java/util/regex/Pattern$Caret done
Event: 14.557 loading class java/util/Hashtable$ValueCollection
Event: 14.559 loading class java/util/Hashtable$ValueCollection done
Event: 15.039 loading class java/util/WeakHashMap$KeyIterator
Event: 15.040 loading class java/util/WeakHashMap$KeyIterator done
Event: 15.062 loading class java/util/concurrent/CompletionException
Event: 15.063 loading class java/util/concurrent/CompletionException done
Event: 15.069 loading class java/util/regex/PatternSyntaxException
Event: 15.070 loading class java/util/regex/PatternSyntaxException done
Event: 15.085 Thread 0x000002116b125180 Thread added: 0x000002116b125180
Event: 16.318 loading class java/util/stream/ReduceOps$4
Event: 16.319 loading class java/util/stream/ReduceOps$4 done
Event: 16.319 loading class java/util/stream/ReduceOps$4ReducingSink
Event: 16.319 loading class java/util/stream/ReduceOps$4ReducingSink done
Event: 16.579 Thread 0x000002116ca55b40 Thread added: 0x000002116ca55b40


Dynamic libraries:
0x00007ff7af120000 - 0x00007ff7af12e000 	c:\Users\Alizha\.vscode\extensions\redhat.java-1.25.1-win32-x64\jre\17.0.9-win32-x86_64\bin\java.exe
0x00007ff950450000 - 0x00007ff950667000 	C:\WINDOWS\SYSTEM32\ntdll.dll
0x00007ff94e980000 - 0x00007ff94ea44000 	C:\WINDOWS\System32\KERNEL32.DLL
0x00007ff94d9d0000 - 0x00007ff94dd75000 	C:\WINDOWS\System32\KERNELBASE.dll
0x00007ff94a550000 - 0x00007ff94a5e7000 	C:\WINDOWS\SYSTEM32\apphelp.dll
0x00007ff94de00000 - 0x00007ff94df11000 	C:\WINDOWS\System32\ucrtbase.dll
0x00007ff9242d0000 - 0x00007ff9242eb000 	c:\Users\Alizha\.vscode\extensions\redhat.java-1.25.1-win32-x64\jre\17.0.9-win32-x86_64\bin\VCRUNTIME140.dll
0x00007ff920480000 - 0x00007ff920497000 	c:\Users\Alizha\.vscode\extensions\redhat.java-1.25.1-win32-x64\jre\17.0.9-win32-x86_64\bin\jli.dll
0x00007ff94edf0000 - 0x00007ff94ef9e000 	C:\WINDOWS\System32\USER32.dll
0x00007ff94d7c0000 - 0x00007ff94d7e6000 	C:\WINDOWS\System32\win32u.dll
0x00007ff9503e0000 - 0x00007ff950409000 	C:\WINDOWS\System32\GDI32.dll
0x00007ff930830000 - 0x00007ff930ac3000 	C:\WINDOWS\WinSxS\amd64_microsoft.windows.common-controls_6595b64144ccf1df_6.0.22621.2506_none_270c5ae97388e100\COMCTL32.dll
0x00007ff94fda0000 - 0x00007ff94fe47000 	C:\WINDOWS\System32\msvcrt.dll
0x00007ff94e080000 - 0x00007ff94e199000 	C:\WINDOWS\System32\gdi32full.dll
0x00007ff94dfe0000 - 0x00007ff94e07a000 	C:\WINDOWS\System32\msvcp_win.dll
0x00007ff94f490000 - 0x00007ff94f4c1000 	C:\WINDOWS\System32\IMM32.DLL
0x00007ff940890000 - 0x00007ff94089c000 	c:\Users\Alizha\.vscode\extensions\redhat.java-1.25.1-win32-x64\jre\17.0.9-win32-x86_64\bin\vcruntime140_1.dll
0x00007ff90be50000 - 0x00007ff90bedd000 	c:\Users\Alizha\.vscode\extensions\redhat.java-1.25.1-win32-x64\jre\17.0.9-win32-x86_64\bin\msvcp140.dll
0x00007ff8bd400000 - 0x00007ff8be061000 	c:\Users\Alizha\.vscode\extensions\redhat.java-1.25.1-win32-x64\jre\17.0.9-win32-x86_64\bin\server\jvm.dll
0x00007ff94f320000 - 0x00007ff94f3d1000 	C:\WINDOWS\System32\ADVAPI32.dll
0x00007ff94f3e0000 - 0x00007ff94f486000 	C:\WINDOWS\System32\sechost.dll
0x00007ff94ecd0000 - 0x00007ff94ede7000 	C:\WINDOWS\System32\RPCRT4.dll
0x00007ff94d5e0000 - 0x00007ff94d62d000 	C:\WINDOWS\SYSTEM32\POWRPROF.dll
0x00007ff9454c0000 - 0x00007ff9454f4000 	C:\WINDOWS\SYSTEM32\WINMM.dll
0x00007ff943820000 - 0x00007ff94382a000 	C:\WINDOWS\SYSTEM32\VERSION.dll
0x00007ff9256b0000 - 0x00007ff9256b9000 	C:\WINDOWS\SYSTEM32\WSOCK32.dll
0x00007ff94ec50000 - 0x00007ff94ecc1000 	C:\WINDOWS\System32\WS2_32.dll
0x00007ff94d4c0000 - 0x00007ff94d4d3000 	C:\WINDOWS\SYSTEM32\UMPDC.dll
0x00007ff94c730000 - 0x00007ff94c748000 	C:\WINDOWS\SYSTEM32\kernel.appcore.dll
0x00007ff93fe40000 - 0x00007ff93fe4a000 	c:\Users\Alizha\.vscode\extensions\redhat.java-1.25.1-win32-x64\jre\17.0.9-win32-x86_64\bin\jimage.dll
0x00007ff94b2c0000 - 0x00007ff94b4f3000 	C:\WINDOWS\SYSTEM32\DBGHELP.DLL
0x00007ff94fe50000 - 0x00007ff9501d9000 	C:\WINDOWS\System32\combase.dll
0x00007ff94e8a0000 - 0x00007ff94e977000 	C:\WINDOWS\System32\OLEAUT32.dll
0x00007ff938130000 - 0x00007ff938162000 	C:\WINDOWS\SYSTEM32\dbgcore.DLL
0x00007ff94dd80000 - 0x00007ff94ddfa000 	C:\WINDOWS\System32\bcryptPrimitives.dll
0x00007ff93cd60000 - 0x00007ff93cd6e000 	c:\Users\Alizha\.vscode\extensions\redhat.java-1.25.1-win32-x64\jre\17.0.9-win32-x86_64\bin\instrument.dll
0x00007ff91b9a0000 - 0x00007ff91b9c5000 	c:\Users\Alizha\.vscode\extensions\redhat.java-1.25.1-win32-x64\jre\17.0.9-win32-x86_64\bin\java.dll
0x00007ff91c4d0000 - 0x00007ff91c4e8000 	c:\Users\Alizha\.vscode\extensions\redhat.java-1.25.1-win32-x64\jre\17.0.9-win32-x86_64\bin\zip.dll
0x00007ff94f540000 - 0x00007ff94fd99000 	C:\WINDOWS\System32\SHELL32.dll
0x00007ff94b690000 - 0x00007ff94bf84000 	C:\WINDOWS\SYSTEM32\windows.storage.dll
0x00007ff94b550000 - 0x00007ff94b68e000 	C:\WINDOWS\SYSTEM32\wintypes.dll
0x00007ff94e7a0000 - 0x00007ff94e893000 	C:\WINDOWS\System32\SHCORE.dll
0x00007ff94e620000 - 0x00007ff94e67e000 	C:\WINDOWS\System32\shlwapi.dll
0x00007ff94d6f0000 - 0x00007ff94d716000 	C:\WINDOWS\SYSTEM32\profapi.dll
0x00007ff91aa90000 - 0x00007ff91aaa9000 	C:\Users\Alizha\.vscode\extensions\redhat.java-1.25.1-win32-x64\jre\17.0.9-win32-x86_64\bin\net.dll
0x00007ff947860000 - 0x00007ff947997000 	C:\WINDOWS\SYSTEM32\WINHTTP.dll
0x00007ff94cc40000 - 0x00007ff94cca9000 	C:\WINDOWS\system32\mswsock.dll
0x00007ff91aa20000 - 0x00007ff91aa36000 	C:\Users\Alizha\.vscode\extensions\redhat.java-1.25.1-win32-x64\jre\17.0.9-win32-x86_64\bin\nio.dll
0x00007ff935820000 - 0x00007ff935830000 	c:\Users\Alizha\.vscode\extensions\redhat.java-1.25.1-win32-x64\jre\17.0.9-win32-x86_64\bin\verify.dll
0x00007ff914f00000 - 0x00007ff914f3e000 	C:\Users\Alizha\AppData\Roaming\Code\User\globalStorage\redhat.java\1.25.1\config_ss_win\org.eclipse.equinox.launcher\org.eclipse.equinox.launcher.win32.win32.x86_64_1.2.800.v20231003-1442\eclipse_11802.dll
0x00007ff94f170000 - 0x00007ff94f310000 	C:\WINDOWS\System32\ole32.dll
0x00007ff94ce90000 - 0x00007ff94ceab000 	C:\WINDOWS\SYSTEM32\CRYPTSP.dll
0x00007ff94c6f0000 - 0x00007ff94c725000 	C:\WINDOWS\system32\rsaenh.dll
0x00007ff94cd30000 - 0x00007ff94cd5c000 	C:\WINDOWS\SYSTEM32\USERENV.dll
0x00007ff94d080000 - 0x00007ff94d0a8000 	C:\WINDOWS\SYSTEM32\bcrypt.dll
0x00007ff94ceb0000 - 0x00007ff94cebc000 	C:\WINDOWS\SYSTEM32\CRYPTBASE.dll
0x00007ff94c1e0000 - 0x00007ff94c20d000 	C:\WINDOWS\SYSTEM32\IPHLPAPI.DLL
0x00007ff94f310000 - 0x00007ff94f319000 	C:\WINDOWS\System32\NSI.dll
0x00007ff9462d0000 - 0x00007ff9462e9000 	C:\WINDOWS\SYSTEM32\dhcpcsvc6.DLL
0x00007ff946260000 - 0x00007ff94627f000 	C:\WINDOWS\SYSTEM32\dhcpcsvc.DLL
0x00007ff94c250000 - 0x00007ff94c349000 	C:\WINDOWS\SYSTEM32\DNSAPI.dll
0x00007ff91b830000 - 0x00007ff91b875000 	C:\Users\Alizha\AppData\Local\Temp\jna-1963883701\jna13268257028090540001.dll
0x00007ff94f160000 - 0x00007ff94f168000 	C:\WINDOWS\System32\PSAPI.DLL

dbghelp: loaded successfully - version: 4.0.5 - missing functions: none
symbol engine: initialized successfully - sym options: 0x614 - pdb path: .;c:\Users\Alizha\.vscode\extensions\redhat.java-1.25.1-win32-x64\jre\17.0.9-win32-x86_64\bin;C:\WINDOWS\SYSTEM32;C:\WINDOWS\WinSxS\amd64_microsoft.windows.common-controls_6595b64144ccf1df_6.0.22621.2506_none_270c5ae97388e100;c:\Users\Alizha\.vscode\extensions\redhat.java-1.25.1-win32-x64\jre\17.0.9-win32-x86_64\bin\server;C:\Users\Alizha\AppData\Roaming\Code\User\globalStorage\redhat.java\1.25.1\config_ss_win\org.eclipse.equinox.launcher\org.eclipse.equinox.launcher.win32.win32.x86_64_1.2.800.v20231003-1442;C:\Users\Alizha\AppData\Local\Temp\jna-1963883701

VM Arguments:
jvm_args: --add-modules=ALL-SYSTEM --add-opens=java.base/java.util=ALL-UNNAMED --add-opens=java.base/java.lang=ALL-UNNAMED --add-opens=java.base/sun.nio.fs=ALL-UNNAMED -Declipse.application=org.eclipse.jdt.ls.core.id1 -Dosgi.bundles.defaultStartLevel=4 -Declipse.product=org.eclipse.jdt.ls.core.product -Djava.import.generatesMetadataFilesAtProjectRoot=false -DDetectVMInstallationsJob.disabled=true -Dfile.encoding=utf8 -XX:+UseParallelGC -XX:GCTimeRatio=4 -XX:AdaptiveSizePolicyWeight=90 -Dsun.zip.disableMemoryMapping=true -Xmx1G -Xms100m -Xlog:disable -javaagent:c:\Users\Alizha\.vscode\extensions\redhat.java-1.25.1-win32-x64\lombok\lombok-1.18.30.jar 
java_command: c:\Users\Alizha\.vscode\extensions\redhat.java-1.25.1-win32-x64\server\plugins\org.eclipse.equinox.launcher_1.6.600.v20231106-1826.jar -configuration c:\Users\Alizha\AppData\Roaming\Code\User\globalStorage\redhat.java\1.25.1\config_ss_win -data c:\Users\Alizha\AppData\Roaming\Code\User\workspaceStorage\f65aa70a5428b1d08d2d85f953cf23d1\redhat.java\ss_ws --stdio
java_class_path (initial): c:\Users\Alizha\.vscode\extensions\redhat.java-1.25.1-win32-x64\server\plugins\org.eclipse.equinox.launcher_1.6.600.v20231106-1826.jar
Launcher Type: SUN_STANDARD

[Global flags]
    uintx AdaptiveSizePolicyWeight                 = 90                                        {product} {command line}
     intx CICompilerCount                          = 4                                         {product} {ergonomic}
    uintx GCTimeRatio                              = 4                                         {product} {command line}
   size_t InitialHeapSize                          = 104857600                                 {product} {command line}
   size_t MaxHeapSize                              = 1073741824                                {product} {command line}
   size_t MaxNewSize                               = 357564416                                 {product} {ergonomic}
   size_t MinHeapDeltaBytes                        = 524288                                    {product} {ergonomic}
   size_t MinHeapSize                              = 104857600                                 {product} {command line}
   size_t NewSize                                  = 34603008                                  {product} {ergonomic}
    uintx NonNMethodCodeHeapSize                   = 5839372                                {pd product} {ergonomic}
    uintx NonProfiledCodeHeapSize                  = 122909434                              {pd product} {ergonomic}
   size_t OldSize                                  = 70254592                                  {product} {ergonomic}
    uintx ProfiledCodeHeapSize                     = 122909434                              {pd product} {ergonomic}
    uintx ReservedCodeCacheSize                    = 251658240                              {pd product} {ergonomic}
     bool SegmentedCodeCache                       = true                                      {product} {ergonomic}
   size_t SoftMaxHeapSize                          = 1073741824                             {manageable} {ergonomic}
     bool UseCompressedClassPointers               = true                           {product lp64_product} {ergonomic}
     bool UseCompressedOops                        = true                           {product lp64_product} {ergonomic}
     bool UseLargePagesIndividualAllocation        = false                                  {pd product} {ergonomic}
     bool UseParallelGC                            = true                                      {product} {command line}

Logging:
Log output configuration:
 #0: stdout all=off uptime,level,tags
 #1: stderr all=off uptime,level,tags

Environment Variables:
JAVA_HOME=C:\Program Files\Java\jdk-17
PATH=C:\Program Files\Common Files\Oracle\Java\javapath;C:\Program Files\PostgreSQL\15\bin;C:\Program Files (x86)\Common Files\Oracle\Java\javapath;C:\WINDOWS\system32;C:\WINDOWS;C:\WINDOWS\System32\Wbem;C:\WINDOWS\System32\WindowsPowerShell\v1.0\;C:\WINDOWS\System32\OpenSSH\;C:\Program Files\kotlinc\bin;C:\Program Files\PuTTY\;C:\Program Files\Git\cmd;C:\Program Files\Docker\Docker\resources\bin;C:\Program Files\Java\jdk-17;C:\Users\Alizha\AppData\Local\Programs\Python\Python39\Scripts\;C:\Users\Alizha\AppData\Local\Programs\Python\Python39\;C:\Users\Alizha\AppData\Local\Microsoft\WindowsApps;D:\Microsoft VS Code\bin;C:\Program Files\Git;C:\Users\Alizha\c sosi\MinGW\bin;C:\Users\Alizha\Flutter\flutter_windows_3.3.7-stable\flutter\bin;
USERNAME=Alizha
OS=Windows_NT
PROCESSOR_IDENTIFIER=AMD64 Family 23 Model 104 Stepping 1, AuthenticAMD
TMP=C:\Users\Alizha\AppData\Local\Temp
TEMP=C:\Users\Alizha\AppData\Local\Temp



Periodic native trim disabled


---------------  S Y S T E M  ---------------

OS:
 Windows 11 , 64 bit Build 22621 (10.0.22621.2506)
OS uptime: 0 days 16:37 hours
Hyper-V role detected

CPU: total 12 (initial active 12) (12 cores per cpu, 2 threads per core) family 23 model 104 stepping 1 microcode 0x0, cx8, cmov, fxsr, ht, mmx, 3dnowpref, sse, sse2, sse3, ssse3, sse4a, sse4.1, sse4.2, popcnt, lzcnt, tsc, tscinvbit, avx, avx2, aes, clmul, bmi1, bmi2, adx, sha, fma, vzeroupper, clflush, clflushopt, hv
Processor Information for all 12 processors :
  Max Mhz: 2100, Current Mhz: 1893, Mhz Limit: 2100

Memory: 4k page, system-wide physical 6005M (6M free)
TotalPageFile size 24437M (AvailPageFile size 4M)
current process WorkingSet (physical memory assigned to process): 122M, peak: 144M
current process commit charge ("private bytes"): 274M, peak: 278M

vm_info: OpenJDK 64-Bit Server VM (17.0.9+9) for windows-amd64 JRE (17.0.9+9), built on Oct 26 2023 14:01:42 by "admin" with MS VC++ 16.10 / 16.11 (VS2019)

END.
