#
# There is insufficient memory for the Java Runtime Environment to continue.
# Native memory allocation (malloc) failed to allocate 32744 bytes for ChunkPool::allocate
# Possible reasons:
#   The system is out of physical RAM or swap space
#   The process is running with CompressedOops enabled, and the Java Heap may be blocking the growth of the native heap
# Possible solutions:
#   Reduce memory load on the system
#   Increase physical memory or swap space
#   Check if swap backing store is full
#   Decrease Java heap size (-Xmx/-Xms)
#   Decrease number of Java threads
#   Set larger code cache with -XX:ReservedCodeCacheSize=
#   JVM is running with Unscaled Compressed Oops mode in which the Java heap is
#     placed in the first 4GB address space. The Java Heap base address is the
#     maximum limit for the native heap growth. Please use -XX:HeapBaseMinAddress
#     to set the Java Heap base and to place the Java Heap above 4GB virtual address.
# This output file may be truncated or incomplete.
#
#  Out of Memory Error (arena.cpp:79), pid=23472, tid=2280
#
# JRE version: OpenJDK Runtime Environment Temurin-17.0.9+9 (17.0.9+9) (build 17.0.9+9)
# Java VM: OpenJDK 64-Bit Server VM Temurin-17.0.9+9 (17.0.9+9, mixed mode, tiered, compressed oops, compressed class ptrs, parallel gc, windows-amd64)
# No core dump will be written. Minidumps are not enabled by default on client versions of Windows
#

---------------  S U M M A R Y ------------

Command Line: --add-modules=ALL-SYSTEM --add-opens=java.base/java.util=ALL-UNNAMED --add-opens=java.base/java.lang=ALL-UNNAMED --add-opens=java.base/sun.nio.fs=ALL-UNNAMED -Declipse.application=org.eclipse.jdt.ls.core.id1 -Dosgi.bundles.defaultStartLevel=4 -Declipse.product=org.eclipse.jdt.ls.core.product -Djava.import.generatesMetadataFilesAtProjectRoot=false -DDetectVMInstallationsJob.disabled=true -Dfile.encoding=utf8 -XX:+UseParallelGC -XX:GCTimeRatio=4 -XX:AdaptiveSizePolicyWeight=90 -Dsun.zip.disableMemoryMapping=true -Xmx1G -Xms100m -Xlog:disable -javaagent:c:\Users\Alizha\.vscode\extensions\redhat.java-1.25.1-win32-x64\lombok\lombok-1.18.30.jar c:\Users\Alizha\.vscode\extensions\redhat.java-1.25.1-win32-x64\server\plugins\org.eclipse.equinox.launcher_1.6.600.v20231106-1826.jar -configuration c:\Users\Alizha\AppData\Roaming\Code\User\globalStorage\redhat.java\1.25.1\config_ss_win -data c:\Users\Alizha\AppData\Roaming\Code\User\workspaceStorage\f65aa70a5428b1d08d2d85f953cf23d1\redhat.java\ss_ws --stdio

Host: AMD Ryzen 5 5500U with Radeon Graphics         , 12 cores, 5G,  Windows 11 , 64 bit Build 22621 (10.0.22621.2506)
Time: Fri Dec  8 16:45:30 2023 SE Asia Standard Time elapsed time: 7.427670 seconds (0d 0h 0m 7s)

---------------  T H R E A D  ---------------

Current thread (0x0000026949718f90):  JavaThread "C2 CompilerThread0" daemon [_thread_in_native, id=2280, stack(0x000000758f500000,0x000000758f600000)]


Current CompileTask:
C2:   7427 2330       4       org.lombokweb.asm.ClassReader::readMethod (1066 bytes)

Stack: [0x000000758f500000,0x000000758f600000]
Native frames: (J=compiled Java code, j=interpreted, Vv=VM code, C=native code)
V  [jvm.dll+0x67cf49]
V  [jvm.dll+0x83478a]
V  [jvm.dll+0x83624e]
V  [jvm.dll+0x8368b3]
V  [jvm.dll+0x247f1f]
V  [jvm.dll+0xac65c]
V  [jvm.dll+0xaca8c]
V  [jvm.dll+0x6ca832]
V  [jvm.dll+0x1bd630]
V  [jvm.dll+0x21a709]
V  [jvm.dll+0x2199d1]
V  [jvm.dll+0x1a57cd]
V  [jvm.dll+0x2297ae]
V  [jvm.dll+0x22797c]
V  [jvm.dll+0x7e9877]
V  [jvm.dll+0x7e3c3a]
V  [jvm.dll+0x67be35]
C  [ucrtbase.dll+0x29363]
C  [KERNEL32.DLL+0x1257d]
C  [ntdll.dll+0x5aa58]


---------------  P R O C E S S  ---------------

Threads class SMR info:
_java_thread_list=0x000002694bf24b20, length=20, elements={
0x00000269307ca350, 0x0000026944646010, 0x00000269446478b0, 0x00000269496f5220,
0x00000269497129e0, 0x0000026949715a70, 0x0000026949717440, 0x0000026949718f90,
0x0000026949719a40, 0x000002694971abe0, 0x000002693082ef90, 0x000002694aea4830,
0x000002694b3ea5c0, 0x000002694b4b82e0, 0x000002694b5a7e10, 0x000002694b4e8f40,
0x000002694b4b4fb0, 0x000002694b540a80, 0x000002694b543810, 0x000002694b540f90
}

Java Threads: ( => current thread )
  0x00000269307ca350 JavaThread "main" [_thread_blocked, id=31488, stack(0x000000758ec00000,0x000000758ed00000)]
  0x0000026944646010 JavaThread "Reference Handler" daemon [_thread_blocked, id=31296, stack(0x000000758ef00000,0x000000758f000000)]
  0x00000269446478b0 JavaThread "Finalizer" daemon [_thread_blocked, id=14344, stack(0x000000758f000000,0x000000758f100000)]
  0x00000269496f5220 JavaThread "Signal Dispatcher" daemon [_thread_blocked, id=21984, stack(0x000000758f100000,0x000000758f200000)]
  0x00000269497129e0 JavaThread "Attach Listener" daemon [_thread_blocked, id=3364, stack(0x000000758f200000,0x000000758f300000)]
  0x0000026949715a70 JavaThread "Service Thread" daemon [_thread_blocked, id=2044, stack(0x000000758f300000,0x000000758f400000)]
  0x0000026949717440 JavaThread "Monitor Deflation Thread" daemon [_thread_blocked, id=18012, stack(0x000000758f400000,0x000000758f500000)]
=>0x0000026949718f90 JavaThread "C2 CompilerThread0" daemon [_thread_in_native, id=2280, stack(0x000000758f500000,0x000000758f600000)]
  0x0000026949719a40 JavaThread "C1 CompilerThread0" daemon [_thread_in_native, id=15812, stack(0x000000758f600000,0x000000758f700000)]
  0x000002694971abe0 JavaThread "Sweeper thread" daemon [_thread_blocked, id=12820, stack(0x000000758f700000,0x000000758f800000)]
  0x000002693082ef90 JavaThread "Common-Cleaner" daemon [_thread_blocked, id=18088, stack(0x000000758f800000,0x000000758f900000)]
  0x000002694aea4830 JavaThread "Notification Thread" daemon [_thread_blocked, id=8044, stack(0x000000758f900000,0x000000758fa00000)]
  0x000002694b3ea5c0 JavaThread "Active Thread: Equinox Container: f5efb0ea-271d-453d-ae0d-f6cbd3a59ba9" [_thread_blocked, id=32316, stack(0x0000007590100000,0x0000007590200000)]
  0x000002694b4b82e0 JavaThread "Framework Event Dispatcher: Equinox Container: f5efb0ea-271d-453d-ae0d-f6cbd3a59ba9" daemon [_thread_blocked, id=10904, stack(0x0000007590200000,0x0000007590300000)]
  0x000002694b5a7e10 JavaThread "Start Level: Equinox Container: f5efb0ea-271d-453d-ae0d-f6cbd3a59ba9" daemon [_thread_in_native, id=19528, stack(0x0000007590300000,0x0000007590400000)]
  0x000002694b4e8f40 JavaThread "SCR Component Actor" daemon [_thread_blocked, id=23092, stack(0x0000007590400000,0x0000007590500000)]
  0x000002694b4b4fb0 JavaThread "SCR Component Registry" daemon [_thread_blocked, id=19292, stack(0x0000007590600000,0x0000007590700000)]
  0x000002694b540a80 JavaThread "Worker-JM" [_thread_blocked, id=26608, stack(0x0000007590700000,0x0000007590800000)]
  0x000002694b543810 JavaThread "Worker-0" [_thread_blocked, id=15708, stack(0x0000007590a00000,0x0000007590b00000)]
  0x000002694b540f90 JavaThread "Worker-1" [_thread_blocked, id=29204, stack(0x0000007590b00000,0x0000007590c00000)]

Other Threads:
  0x000002693086ec10 VMThread "VM Thread" [stack: 0x000000758ee00000,0x000000758ef00000] [id=20932]
  0x0000026949a5e1e0 WatcherThread [stack: 0x000000758fa00000,0x000000758fb00000] [id=29776]
  0x00000269307de0a0 GCTaskThread "GC Thread#0" [stack: 0x000000758ed00000,0x000000758ee00000] [id=9740]
  0x000002694b067c50 GCTaskThread "GC Thread#1" [stack: 0x000000758fb00000,0x000000758fc00000] [id=27216]
  0x000002694b370c60 GCTaskThread "GC Thread#2" [stack: 0x000000758fc00000,0x000000758fd00000] [id=29708]
  0x000002694b38bcd0 GCTaskThread "GC Thread#3" [stack: 0x000000758fd00000,0x000000758fe00000] [id=11908]
  0x000002694b38bf90 GCTaskThread "GC Thread#4" [stack: 0x000000758fe00000,0x000000758ff00000] [id=15500]
  0x000002694b370f20 GCTaskThread "GC Thread#5" [stack: 0x000000758ff00000,0x0000007590000000] [id=29312]
  0x000002694b3711e0 GCTaskThread "GC Thread#6" [stack: 0x0000007590000000,0x0000007590100000] [id=29300]
  0x000002694b5ef170 GCTaskThread "GC Thread#7" [stack: 0x0000007590500000,0x0000007590600000] [id=27624]
  0x000002694b962060 GCTaskThread "GC Thread#8" [stack: 0x0000007590800000,0x0000007590900000] [id=30132]
  0x000002694b809e80 GCTaskThread "GC Thread#9" [stack: 0x0000007590900000,0x0000007590a00000] [id=30700]

Threads with active compile tasks:
C2 CompilerThread0     7456 2330       4       org.lombokweb.asm.ClassReader::readMethod (1066 bytes)
C1 CompilerThread0     7456 2437       3       sun.security.provider.SHA::implCompress0 (506 bytes)

VM state: not at safepoint (normal execution)

VM Mutex/Monitor currently owned by a thread: None

Heap address: 0x00000000c0000000, size: 1024 MB, Compressed Oops mode: 32-bit

CDS archive(s) not mapped
Compressed class space mapped at: 0x0000000100000000-0x0000000140000000, reserved size: 1073741824
Narrow klass base: 0x0000000000000000, Narrow klass shift: 3, Narrow klass range: 0x140000000

GC Precious Log:
 CPUs: 12 total, 12 available
 Memory: 6005M
 Large Page Support: Disabled
 NUMA Support: Disabled
 Compressed Oops: Enabled (32-bit)
 Alignments: Space 512K, Generation 512K, Heap 2M
 Heap Min Capacity: 100M
 Heap Initial Capacity: 100M
 Heap Max Capacity: 1G
 Pre-touch: Disabled
 Parallel Workers: 10

Heap:
 PSYoungGen      total 26112K, used 4108K [0x00000000eab00000, 0x00000000ec780000, 0x0000000100000000)
  eden space 24576K, 11% used [0x00000000eab00000,0x00000000eadd4200,0x00000000ec300000)
  from space 1536K, 78% used [0x00000000ec600000,0x00000000ec72efb8,0x00000000ec780000)
  to   space 1536K, 0% used [0x00000000ec480000,0x00000000ec480000,0x00000000ec600000)
 ParOldGen       total 68608K, used 6642K [0x00000000c0000000, 0x00000000c4300000, 0x00000000eab00000)
  object space 68608K, 9% used [0x00000000c0000000,0x00000000c067c928,0x00000000c4300000)
 Metaspace       used 27865K, committed 28288K, reserved 1114112K
  class space    used 2692K, committed 2880K, reserved 1048576K

Card table byte_map: [0x0000026930150000,0x0000026930360000] _byte_map_base: 0x000002692fb50000

Marking Bits: (ParMarkBitMap*) 0x00007ff8bdf9d0b0
 Begin Bits: [0x0000026942450000, 0x0000026943450000)
 End Bits:   [0x0000026943450000, 0x0000026944450000)

Polling page: 0x000002692e770000

Metaspace:

Usage:
  Non-class:     24.58 MB used.
      Class:      2.63 MB used.
       Both:     27.21 MB used.

Virtual space:
  Non-class space:       64.00 MB reserved,      24.81 MB ( 39%) committed,  1 nodes.
      Class space:        1.00 GB reserved,       2.81 MB ( <1%) committed,  1 nodes.
             Both:        1.06 GB reserved,      27.62 MB (  3%) committed. 

Chunk freelists:
   Non-Class:  7.20 MB
       Class:  13.01 MB
        Both:  20.21 MB

MaxMetaspaceSize: unlimited
CompressedClassSpaceSize: 1.00 GB
Initial GC threshold: 21.00 MB
Current GC threshold: 35.00 MB
CDS: off
MetaspaceReclaimPolicy: balanced
 - commit_granule_bytes: 65536.
 - commit_granule_words: 8192.
 - virtual_space_node_default_size: 8388608.
 - enlarge_chunks_in_place: 1.
 - new_chunks_are_fully_committed: 0.
 - uncommit_free_chunks: 1.
 - use_allocation_guard: 0.
 - handle_deallocations: 1.


Internal statistics:

num_allocs_failed_limit: 3.
num_arena_births: 282.
num_arena_deaths: 14.
num_vsnodes_births: 2.
num_vsnodes_deaths: 0.
num_space_committed: 442.
num_space_uncommitted: 0.
num_chunks_returned_to_freelist: 17.
num_chunks_taken_from_freelist: 1030.
num_chunk_merges: 4.
num_chunk_splits: 674.
num_chunks_enlarged: 478.
num_inconsistent_stats: 0.

CodeHeap 'non-profiled nmethods': size=120000Kb used=921Kb max_used=921Kb free=119078Kb
 bounds [0x000002693af20000, 0x000002693b190000, 0x0000026942450000]
CodeHeap 'profiled nmethods': size=120000Kb used=4919Kb max_used=4919Kb free=115080Kb
 bounds [0x0000026933450000, 0x0000026933920000, 0x000002693a980000]
CodeHeap 'non-nmethods': size=5760Kb used=1233Kb max_used=1240Kb free=4526Kb
 bounds [0x000002693a980000, 0x000002693abf0000, 0x000002693af20000]
 total_blobs=2969 nmethods=2426 adapters=457
 compilation: enabled
              stopped_count=0, restarted_count=0
 full_count=0

Compilation events (20 events):
Event: 6.986 Thread 0x0000026949719a40 2425       3       java.lang.invoke.DirectMethodHandle$Holder::invokeStatic (14 bytes)
Event: 6.987 Thread 0x0000026949719a40 nmethod 2425 0x0000026933919c90 code [0x0000026933919e60, 0x000002693391a238]
Event: 6.987 Thread 0x0000026949719a40 2426       3       java.lang.invoke.DirectMethodHandle$Holder::invokeStatic (17 bytes)
Event: 6.987 Thread 0x0000026949719a40 nmethod 2426 0x000002693391a390 code [0x000002693391a560, 0x000002693391a8f8]
Event: 6.987 Thread 0x0000026949719a40 2427       3       java.lang.invoke.LambdaForm$MH/0x0000000100198800::invoke (32 bytes)
Event: 6.987 Thread 0x0000026949719a40 nmethod 2427 0x000002693391aa10 code [0x000002693391abe0, 0x000002693391afd8]
Event: 6.987 Thread 0x0000026949719a40 2428       3       java.lang.invoke.DirectMethodHandle$Holder::invokeStatic (21 bytes)
Event: 6.988 Thread 0x0000026949719a40 nmethod 2428 0x000002693391b110 code [0x000002693391b2e0, 0x000002693391b698]
Event: 6.988 Thread 0x0000026949719a40 2429       3       org.eclipse.core.internal.preferences.PreferencesService::getDefault (20 bytes)
Event: 6.988 Thread 0x0000026949719a40 nmethod 2429 0x000002693391b810 code [0x000002693391b9e0, 0x000002693391be48]
Event: 6.996 Thread 0x0000026949719a40 2430       2       java.util.HashMap::putVal (300 bytes)
Event: 6.998 Thread 0x0000026949719a40 nmethod 2430 0x000002693391c010 code [0x000002693391c260, 0x000002693391c938]
Event: 6.998 Thread 0x0000026949719a40 2432       3       java.lang.Character::toUpperCase (6 bytes)
Event: 6.999 Thread 0x0000026949719a40 nmethod 2432 0x000002693391cd90 code [0x000002693391cf40, 0x000002693391d198]
Event: 6.999 Thread 0x0000026949719a40 2433       3       java.lang.Character::toUpperCase (9 bytes)
Event: 6.999 Thread 0x0000026949719a40 nmethod 2433 0x000002693391d290 code [0x000002693391d440, 0x000002693391d638]
Event: 6.999 Thread 0x0000026949719a40 2431       3       java.util.TreeMap::leftOf (13 bytes)
Event: 6.999 Thread 0x0000026949719a40 nmethod 2431 0x000002693391d710 code [0x000002693391d8a0, 0x000002693391da18]
Event: 7.365 Thread 0x0000026949719a40 2435       3       java.util.HashSet::contains (9 bytes)
Event: 7.365 Thread 0x0000026949719a40 nmethod 2435 0x000002693391db10 code [0x000002693391dcc0, 0x000002693391de88]

GC Heap History (14 events):
Event: 2.521 GC heap before
{Heap before GC invocations=1 (full 0):
 PSYoungGen      total 29696K, used 25600K [0x00000000eab00000, 0x00000000ecc00000, 0x0000000100000000)
  eden space 25600K, 100% used [0x00000000eab00000,0x00000000ec400000,0x00000000ec400000)
  from space 4096K, 0% used [0x00000000ec800000,0x00000000ec800000,0x00000000ecc00000)
  to   space 4096K, 0% used [0x00000000ec400000,0x00000000ec400000,0x00000000ec800000)
 ParOldGen       total 68608K, used 0K [0x00000000c0000000, 0x00000000c4300000, 0x00000000eab00000)
  object space 68608K, 0% used [0x00000000c0000000,0x00000000c0000000,0x00000000c4300000)
 Metaspace       used 11033K, committed 11200K, reserved 1114112K
  class space    used 1099K, committed 1216K, reserved 1048576K
}
Event: 2.535 GC heap after
{Heap after GC invocations=1 (full 0):
 PSYoungGen      total 29696K, used 3155K [0x00000000eab00000, 0x00000000ecc00000, 0x0000000100000000)
  eden space 25600K, 0% used [0x00000000eab00000,0x00000000eab00000,0x00000000ec400000)
  from space 4096K, 77% used [0x00000000ec400000,0x00000000ec714c18,0x00000000ec800000)
  to   space 4096K, 0% used [0x00000000ec800000,0x00000000ec800000,0x00000000ecc00000)
 ParOldGen       total 68608K, used 8K [0x00000000c0000000, 0x00000000c4300000, 0x00000000eab00000)
  object space 68608K, 0% used [0x00000000c0000000,0x00000000c0002000,0x00000000c4300000)
 Metaspace       used 11033K, committed 11200K, reserved 1114112K
  class space    used 1099K, committed 1216K, reserved 1048576K
}
Event: 4.031 GC heap before
{Heap before GC invocations=2 (full 0):
 PSYoungGen      total 29696K, used 28755K [0x00000000eab00000, 0x00000000ecc00000, 0x0000000100000000)
  eden space 25600K, 100% used [0x00000000eab00000,0x00000000ec400000,0x00000000ec400000)
  from space 4096K, 77% used [0x00000000ec400000,0x00000000ec714c18,0x00000000ec800000)
  to   space 4096K, 0% used [0x00000000ec800000,0x00000000ec800000,0x00000000ecc00000)
 ParOldGen       total 68608K, used 8K [0x00000000c0000000, 0x00000000c4300000, 0x00000000eab00000)
  object space 68608K, 0% used [0x00000000c0000000,0x00000000c0002000,0x00000000c4300000)
 Metaspace       used 15133K, committed 15424K, reserved 1114112K
  class space    used 1533K, committed 1664K, reserved 1048576K
}
Event: 4.040 GC heap after
{Heap after GC invocations=2 (full 0):
 PSYoungGen      total 29696K, used 4092K [0x00000000eab00000, 0x00000000ecc00000, 0x0000000100000000)
  eden space 25600K, 0% used [0x00000000eab00000,0x00000000eab00000,0x00000000ec400000)
  from space 4096K, 99% used [0x00000000ec800000,0x00000000ecbff0a0,0x00000000ecc00000)
  to   space 4096K, 0% used [0x00000000ec400000,0x00000000ec400000,0x00000000ec800000)
 ParOldGen       total 68608K, used 740K [0x00000000c0000000, 0x00000000c4300000, 0x00000000eab00000)
  object space 68608K, 1% used [0x00000000c0000000,0x00000000c00b9350,0x00000000c4300000)
 Metaspace       used 15133K, committed 15424K, reserved 1114112K
  class space    used 1533K, committed 1664K, reserved 1048576K
}
Event: 5.369 GC heap before
{Heap before GC invocations=3 (full 0):
 PSYoungGen      total 29696K, used 29692K [0x00000000eab00000, 0x00000000ecc00000, 0x0000000100000000)
  eden space 25600K, 100% used [0x00000000eab00000,0x00000000ec400000,0x00000000ec400000)
  from space 4096K, 99% used [0x00000000ec800000,0x00000000ecbff0a0,0x00000000ecc00000)
  to   space 4096K, 0% used [0x00000000ec400000,0x00000000ec400000,0x00000000ec800000)
 ParOldGen       total 68608K, used 740K [0x00000000c0000000, 0x00000000c4300000, 0x00000000eab00000)
  object space 68608K, 1% used [0x00000000c0000000,0x00000000c00b9350,0x00000000c4300000)
 Metaspace       used 20268K, committed 20672K, reserved 1114112K
  class space    used 2071K, committed 2240K, reserved 1048576K
}
Event: 5.378 GC heap after
{Heap after GC invocations=3 (full 0):
 PSYoungGen      total 29696K, used 4080K [0x00000000eab00000, 0x00000000ecc00000, 0x0000000100000000)
  eden space 25600K, 0% used [0x00000000eab00000,0x00000000eab00000,0x00000000ec400000)
  from space 4096K, 99% used [0x00000000ec400000,0x00000000ec7fc3c0,0x00000000ec800000)
  to   space 4096K, 0% used [0x00000000ec800000,0x00000000ec800000,0x00000000ecc00000)
 ParOldGen       total 68608K, used 2520K [0x00000000c0000000, 0x00000000c4300000, 0x00000000eab00000)
  object space 68608K, 3% used [0x00000000c0000000,0x00000000c02763c0,0x00000000c4300000)
 Metaspace       used 20268K, committed 20672K, reserved 1114112K
  class space    used 2071K, committed 2240K, reserved 1048576K
}
Event: 5.603 GC heap before
{Heap before GC invocations=4 (full 0):
 PSYoungGen      total 29696K, used 9178K [0x00000000eab00000, 0x00000000ecc00000, 0x0000000100000000)
  eden space 25600K, 19% used [0x00000000eab00000,0x00000000eaffa7d8,0x00000000ec400000)
  from space 4096K, 99% used [0x00000000ec400000,0x00000000ec7fc3c0,0x00000000ec800000)
  to   space 4096K, 0% used [0x00000000ec800000,0x00000000ec800000,0x00000000ecc00000)
 ParOldGen       total 68608K, used 2520K [0x00000000c0000000, 0x00000000c4300000, 0x00000000eab00000)
  object space 68608K, 3% used [0x00000000c0000000,0x00000000c02763c0,0x00000000c4300000)
 Metaspace       used 21080K, committed 21504K, reserved 1114112K
  class space    used 2159K, committed 2368K, reserved 1048576K
}
Event: 5.608 GC heap after
{Heap after GC invocations=4 (full 0):
 PSYoungGen      total 29696K, used 4080K [0x00000000eab00000, 0x00000000ecc00000, 0x0000000100000000)
  eden space 25600K, 0% used [0x00000000eab00000,0x00000000eab00000,0x00000000ec400000)
  from space 4096K, 99% used [0x00000000ec800000,0x00000000ecbfc3e0,0x00000000ecc00000)
  to   space 4096K, 0% used [0x00000000ec400000,0x00000000ec400000,0x00000000ec800000)
 ParOldGen       total 68608K, used 2712K [0x00000000c0000000, 0x00000000c4300000, 0x00000000eab00000)
  object space 68608K, 3% used [0x00000000c0000000,0x00000000c02a63d0,0x00000000c4300000)
 Metaspace       used 21080K, committed 21504K, reserved 1114112K
  class space    used 2159K, committed 2368K, reserved 1048576K
}
Event: 5.608 GC heap before
{Heap before GC invocations=5 (full 1):
 PSYoungGen      total 29696K, used 4080K [0x00000000eab00000, 0x00000000ecc00000, 0x0000000100000000)
  eden space 25600K, 0% used [0x00000000eab00000,0x00000000eab00000,0x00000000ec400000)
  from space 4096K, 99% used [0x00000000ec800000,0x00000000ecbfc3e0,0x00000000ecc00000)
  to   space 4096K, 0% used [0x00000000ec400000,0x00000000ec400000,0x00000000ec800000)
 ParOldGen       total 68608K, used 2712K [0x00000000c0000000, 0x00000000c4300000, 0x00000000eab00000)
  object space 68608K, 3% used [0x00000000c0000000,0x00000000c02a63d0,0x00000000c4300000)
 Metaspace       used 21080K, committed 21504K, reserved 1114112K
  class space    used 2159K, committed 2368K, reserved 1048576K
}
Event: 5.639 GC heap after
{Heap after GC invocations=5 (full 1):
 PSYoungGen      total 29696K, used 0K [0x00000000eab00000, 0x00000000ecc00000, 0x0000000100000000)
  eden space 25600K, 0% used [0x00000000eab00000,0x00000000eab00000,0x00000000ec400000)
  from space 4096K, 0% used [0x00000000ec800000,0x00000000ec800000,0x00000000ecc00000)
  to   space 4096K, 0% used [0x00000000ec400000,0x00000000ec400000,0x00000000ec800000)
 ParOldGen       total 68608K, used 6626K [0x00000000c0000000, 0x00000000c4300000, 0x00000000eab00000)
  object space 68608K, 9% used [0x00000000c0000000,0x00000000c0678928,0x00000000c4300000)
 Metaspace       used 21067K, committed 21504K, reserved 1114112K
  class space    used 2156K, committed 2368K, reserved 1048576K
}
Event: 6.285 GC heap before
{Heap before GC invocations=6 (full 1):
 PSYoungGen      total 29696K, used 25600K [0x00000000eab00000, 0x00000000ecc00000, 0x0000000100000000)
  eden space 25600K, 100% used [0x00000000eab00000,0x00000000ec400000,0x00000000ec400000)
  from space 4096K, 0% used [0x00000000ec800000,0x00000000ec800000,0x00000000ecc00000)
  to   space 4096K, 0% used [0x00000000ec400000,0x00000000ec400000,0x00000000ec800000)
 ParOldGen       total 68608K, used 6626K [0x00000000c0000000, 0x00000000c4300000, 0x00000000eab00000)
  object space 68608K, 9% used [0x00000000c0000000,0x00000000c0678928,0x00000000c4300000)
 Metaspace       used 24526K, committed 24960K, reserved 1114112K
  class space    used 2408K, committed 2624K, reserved 1048576K
}
Event: 6.287 GC heap after
{Heap after GC invocations=6 (full 1):
 PSYoungGen      total 26112K, used 634K [0x00000000eab00000, 0x00000000ec880000, 0x0000000100000000)
  eden space 25088K, 0% used [0x00000000eab00000,0x00000000eab00000,0x00000000ec380000)
  from space 1024K, 62% used [0x00000000ec400000,0x00000000ec49ebb8,0x00000000ec500000)
  to   space 2560K, 0% used [0x00000000ec600000,0x00000000ec600000,0x00000000ec880000)
 ParOldGen       total 68608K, used 6634K [0x00000000c0000000, 0x00000000c4300000, 0x00000000eab00000)
  object space 68608K, 9% used [0x00000000c0000000,0x00000000c067a928,0x00000000c4300000)
 Metaspace       used 24526K, committed 24960K, reserved 1114112K
  class space    used 2408K, committed 2624K, reserved 1048576K
}
Event: 6.866 GC heap before
{Heap before GC invocations=7 (full 1):
 PSYoungGen      total 26112K, used 25722K [0x00000000eab00000, 0x00000000ec880000, 0x0000000100000000)
  eden space 25088K, 100% used [0x00000000eab00000,0x00000000ec380000,0x00000000ec380000)
  from space 1024K, 62% used [0x00000000ec400000,0x00000000ec49ebb8,0x00000000ec500000)
  to   space 2560K, 0% used [0x00000000ec600000,0x00000000ec600000,0x00000000ec880000)
 ParOldGen       total 68608K, used 6634K [0x00000000c0000000, 0x00000000c4300000, 0x00000000eab00000)
  object space 68608K, 9% used [0x00000000c0000000,0x00000000c067a928,0x00000000c4300000)
 Metaspace       used 27342K, committed 27840K, reserved 1114112K
  class space    used 2639K, committed 2880K, reserved 1048576K
}
Event: 6.868 GC heap after
{Heap after GC invocations=7 (full 1):
 PSYoungGen      total 26112K, used 1211K [0x00000000eab00000, 0x00000000ec780000, 0x0000000100000000)
  eden space 24576K, 0% used [0x00000000eab00000,0x00000000eab00000,0x00000000ec300000)
  from space 1536K, 78% used [0x00000000ec600000,0x00000000ec72efb8,0x00000000ec780000)
  to   space 1536K, 0% used [0x00000000ec480000,0x00000000ec480000,0x00000000ec600000)
 ParOldGen       total 68608K, used 6642K [0x00000000c0000000, 0x00000000c4300000, 0x00000000eab00000)
  object space 68608K, 9% used [0x00000000c0000000,0x00000000c067c928,0x00000000c4300000)
 Metaspace       used 27342K, committed 27840K, reserved 1114112K
  class space    used 2639K, committed 2880K, reserved 1048576K
}

Dll operation events (9 events):
Event: 0.021 Loaded shared library c:\Users\Alizha\.vscode\extensions\redhat.java-1.25.1-win32-x64\jre\17.0.9-win32-x86_64\bin\java.dll
Event: 0.525 Loaded shared library c:\Users\Alizha\.vscode\extensions\redhat.java-1.25.1-win32-x64\jre\17.0.9-win32-x86_64\bin\zip.dll
Event: 0.532 Loaded shared library C:\Users\Alizha\.vscode\extensions\redhat.java-1.25.1-win32-x64\jre\17.0.9-win32-x86_64\bin\instrument.dll
Event: 0.594 Loaded shared library C:\Users\Alizha\.vscode\extensions\redhat.java-1.25.1-win32-x64\jre\17.0.9-win32-x86_64\bin\net.dll
Event: 0.599 Loaded shared library C:\Users\Alizha\.vscode\extensions\redhat.java-1.25.1-win32-x64\jre\17.0.9-win32-x86_64\bin\nio.dll
Event: 0.617 Loaded shared library C:\Users\Alizha\.vscode\extensions\redhat.java-1.25.1-win32-x64\jre\17.0.9-win32-x86_64\bin\zip.dll
Event: 0.661 Loaded shared library C:\Users\Alizha\.vscode\extensions\redhat.java-1.25.1-win32-x64\jre\17.0.9-win32-x86_64\bin\jimage.dll
Event: 0.806 Loaded shared library c:\Users\Alizha\.vscode\extensions\redhat.java-1.25.1-win32-x64\jre\17.0.9-win32-x86_64\bin\verify.dll
Event: 3.649 Loaded shared library C:\Users\Alizha\AppData\Roaming\Code\User\globalStorage\redhat.java\1.25.1\config_ss_win\org.eclipse.equinox.launcher\org.eclipse.equinox.launcher.win32.win32.x86_64_1.2.800.v20231003-1442\eclipse_11802.dll

Deoptimization events (20 events):
Event: 6.825 Thread 0x000002694b5a7e10 Uncommon trap: trap_request=0xffffff45 fr.pc=0x000002693af6b9f4 relative=0x0000000000000074
Event: 6.825 Thread 0x000002694b5a7e10 Uncommon trap: reason=unstable_if action=reinterpret pc=0x000002693af6b9f4 method=jdk.internal.misc.Unsafe.convEndian(ZJ)J @ 4 c2
Event: 6.825 Thread 0x000002694b5a7e10 DEOPT PACKING pc=0x000002693af6b9f4 sp=0x00000075903f86d0
Event: 6.825 Thread 0x000002694b5a7e10 DEOPT UNPACKING pc=0x000002693a9d66a3 sp=0x00000075903f85f8 mode 2
Event: 6.995 Thread 0x000002694b5a7e10 Uncommon trap: trap_request=0xffffffc6 fr.pc=0x000002693afa9a7c relative=0x000000000000093c
Event: 6.995 Thread 0x000002694b5a7e10 Uncommon trap: reason=bimorphic_or_optimized_type_check action=maybe_recompile pc=0x000002693afa9a7c method=java.util.HashMap.putVal(ILjava/lang/Object;Ljava/lang/Object;ZZ)Ljava/lang/Object; @ 56 c2
Event: 6.995 Thread 0x000002694b5a7e10 DEOPT PACKING pc=0x000002693afa9a7c sp=0x00000075903fdaf0
Event: 6.995 Thread 0x000002694b5a7e10 DEOPT UNPACKING pc=0x000002693a9d66a3 sp=0x00000075903fda48 mode 2
Event: 6.996 Thread 0x000002694b5a7e10 Uncommon trap: trap_request=0xffffffc6 fr.pc=0x000002693afa9a7c relative=0x000000000000093c
Event: 6.996 Thread 0x000002694b5a7e10 Uncommon trap: reason=bimorphic_or_optimized_type_check action=maybe_recompile pc=0x000002693afa9a7c method=java.util.HashMap.putVal(ILjava/lang/Object;Ljava/lang/Object;ZZ)Ljava/lang/Object; @ 56 c2
Event: 6.996 Thread 0x000002694b5a7e10 DEOPT PACKING pc=0x000002693afa9a7c sp=0x00000075903fdaf0
Event: 6.996 Thread 0x000002694b5a7e10 DEOPT UNPACKING pc=0x000002693a9d66a3 sp=0x00000075903fda48 mode 2
Event: 6.996 Thread 0x000002694b5a7e10 Uncommon trap: trap_request=0xffffffc6 fr.pc=0x000002693afa9a7c relative=0x000000000000093c
Event: 6.996 Thread 0x000002694b5a7e10 Uncommon trap: reason=bimorphic_or_optimized_type_check action=maybe_recompile pc=0x000002693afa9a7c method=java.util.HashMap.putVal(ILjava/lang/Object;Ljava/lang/Object;ZZ)Ljava/lang/Object; @ 56 c2
Event: 6.996 Thread 0x000002694b5a7e10 DEOPT PACKING pc=0x000002693afa9a7c sp=0x00000075903fdaf0
Event: 6.996 Thread 0x000002694b5a7e10 DEOPT UNPACKING pc=0x000002693a9d66a3 sp=0x00000075903fda48 mode 2
Event: 6.996 Thread 0x000002694b5a7e10 Uncommon trap: trap_request=0xffffffc6 fr.pc=0x000002693afa9a7c relative=0x000000000000093c
Event: 6.996 Thread 0x000002694b5a7e10 Uncommon trap: reason=bimorphic_or_optimized_type_check action=maybe_recompile pc=0x000002693afa9a7c method=java.util.HashMap.putVal(ILjava/lang/Object;Ljava/lang/Object;ZZ)Ljava/lang/Object; @ 56 c2
Event: 6.996 Thread 0x000002694b5a7e10 DEOPT PACKING pc=0x000002693afa9a7c sp=0x00000075903fdaf0
Event: 6.996 Thread 0x000002694b5a7e10 DEOPT UNPACKING pc=0x000002693a9d66a3 sp=0x00000075903fda48 mode 2

Classes unloaded (7 events):
Event: 5.612 Thread 0x000002693086ec10 Unloading class 0x000000010021c000 'java/lang/invoke/LambdaForm$MH+0x000000010021c000'
Event: 5.612 Thread 0x000002693086ec10 Unloading class 0x000000010021bc00 'java/lang/invoke/LambdaForm$MH+0x000000010021bc00'
Event: 5.612 Thread 0x000002693086ec10 Unloading class 0x000000010021b800 'java/lang/invoke/LambdaForm$MH+0x000000010021b800'
Event: 5.612 Thread 0x000002693086ec10 Unloading class 0x000000010021b400 'java/lang/invoke/LambdaForm$MH+0x000000010021b400'
Event: 5.612 Thread 0x000002693086ec10 Unloading class 0x000000010021b000 'java/lang/invoke/LambdaForm$BMH+0x000000010021b000'
Event: 5.612 Thread 0x000002693086ec10 Unloading class 0x000000010021ac00 'java/lang/invoke/LambdaForm$DMH+0x000000010021ac00'
Event: 5.612 Thread 0x000002693086ec10 Unloading class 0x0000000100218000 'java/lang/invoke/LambdaForm$DMH+0x0000000100218000'

Classes redefined (0 events):
No events

Internal exceptions (20 events):
Event: 5.097 Thread 0x000002694b5a7e10 Exception <a 'java/lang/NoSuchMethodError'{0x00000000ebe7af78}: 'java.lang.Object java.lang.invoke.Invokers$Holder.invokeExact_MT(java.lang.Object, java.lang.Object, java.lang.Object, java.lang.Object)'> (0x00000000ebe7af78) 
thrown [s\src\hotspot\share\interpreter\linkResolver.cpp, line 759]
Event: 5.218 Thread 0x000002694b5a7e10 Exception <a 'java/io/FileNotFoundException'{0x00000000ec0d8840}> (0x00000000ec0d8840) 
thrown [s\src\hotspot\share\prims\jni.cpp, line 516]
Event: 5.327 Thread 0x000002694b5a7e10 Exception <a 'java/lang/NoSuchMethodError'{0x00000000ec34d040}: 'java.lang.Object java.lang.invoke.DirectMethodHandle$Holder.newInvokeSpecial(java.lang.Object, java.lang.Object, java.lang.Object, java.lang.Object, java.lang.Object)'> (0x00000000ec34d040) 
thrown [s\src\hotspot\share\interpreter\linkResolver.cpp, line 759]
Event: 5.532 Thread 0x000002694b5a7e10 Exception <a 'java/lang/NoSuchMethodError'{0x00000000eadf33c0}: 'java.lang.Object java.lang.invoke.DirectMethodHandle$Holder.invokeSpecial(java.lang.Object, java.lang.Object, java.lang.Object, long, java.lang.Object)'> (0x00000000eadf33c0) 
thrown [s\src\hotspot\share\interpreter\linkResolver.cpp, line 759]
Event: 5.534 Thread 0x000002694b5a7e10 Exception <a 'java/lang/NoSuchMethodError'{0x00000000eadfb7d0}: 'java.lang.Object java.lang.invoke.DirectMethodHandle$Holder.newInvokeSpecial(java.lang.Object, java.lang.Object, java.lang.Object, long)'> (0x00000000eadfb7d0) 
thrown [s\src\hotspot\share\interpreter\linkResolver.cpp, line 759]
Event: 5.535 Thread 0x000002694b5a7e10 Exception <a 'java/lang/NoSuchMethodError'{0x00000000eadffd70}: 'java.lang.Object java.lang.invoke.DirectMethodHandle$Holder.invokeSpecial(java.lang.Object, java.lang.Object, java.lang.Object, java.lang.Object, long)'> (0x00000000eadffd70) 
thrown [s\src\hotspot\share\interpreter\linkResolver.cpp, line 759]
Event: 5.535 Thread 0x000002694b5a7e10 Exception <a 'java/lang/NoSuchMethodError'{0x00000000eae03be8}: 'java.lang.Object java.lang.invoke.Invokers$Holder.linkToTargetMethod(java.lang.Object, java.lang.Object, long, java.lang.Object)'> (0x00000000eae03be8) 
thrown [s\src\hotspot\share\interpreter\linkResolver.cpp, line 759]
Event: 5.552 Thread 0x000002694b5a7e10 Exception <a 'java/lang/NoSuchMethodError'{0x00000000eae80708}: 'int java.lang.invoke.DirectMethodHandle$Holder.invokeStaticInit(java.lang.Object, java.lang.Object, java.lang.Object)'> (0x00000000eae80708) 
thrown [s\src\hotspot\share\interpreter\linkResolver.cpp, line 759]
Event: 5.566 Thread 0x000002694b5a7e10 Exception <a 'java/lang/IncompatibleClassChangeError'{0x00000000eaee8bf0}: Found class java.lang.Object, but interface was expected> (0x00000000eaee8bf0) 
thrown [s\src\hotspot\share\interpreter\linkResolver.cpp, line 826]
Event: 5.572 Thread 0x000002694b5a7e10 Exception <a 'java/lang/NoSuchMethodError'{0x00000000eaefb0c8}: 'java.lang.Object java.lang.invoke.DirectMethodHandle$Holder.invokeSpecial(java.lang.Object, java.lang.Object, java.lang.Object, int, java.lang.Object, java.lang.Object)'> (0x00000000eaefb0c8) 
thrown [s\src\hotspot\share\interpreter\linkResolver.cpp, line 759]
Event: 5.574 Thread 0x000002694b5a7e10 Exception <a 'java/lang/NoSuchMethodError'{0x00000000eaf03850}: 'java.lang.Object java.lang.invoke.DirectMethodHandle$Holder.newInvokeSpecial(java.lang.Object, java.lang.Object, java.lang.Object, int, java.lang.Object)'> (0x00000000eaf03850) 
thrown [s\src\hotspot\share\interpreter\linkResolver.cpp, line 759]
Event: 5.575 Thread 0x000002694b5a7e10 Exception <a 'java/lang/NoSuchMethodError'{0x00000000eaf07ca8}: 'java.lang.Object java.lang.invoke.DirectMethodHandle$Holder.invokeSpecial(java.lang.Object, java.lang.Object, java.lang.Object, java.lang.Object, int, java.lang.Object)'> (0x00000000eaf07ca8) 
thrown [s\src\hotspot\share\interpreter\linkResolver.cpp, line 759]
Event: 5.576 Thread 0x000002694b543810 Exception <a 'java/lang/NoSuchMethodError'{0x00000000eae40cc0}: 'java.lang.Object java.lang.invoke.DirectMethodHandle$Holder.invokeSpecial(java.lang.Object, java.lang.Object, int, java.lang.Object, java.lang.Object)'> (0x00000000eae40cc0) 
thrown [s\src\hotspot\share\interpreter\linkResolver.cpp, line 759]
Event: 5.578 Thread 0x000002694b543810 Exception <a 'java/lang/NoSuchMethodError'{0x00000000eae48390}: 'java.lang.Object java.lang.invoke.DirectMethodHandle$Holder.newInvokeSpecial(java.lang.Object, java.lang.Object, int, java.lang.Object)'> (0x00000000eae48390) 
thrown [s\src\hotspot\share\interpreter\linkResolver.cpp, line 759]
Event: 5.579 Thread 0x000002694b543810 Exception <a 'java/lang/NoSuchMethodError'{0x00000000eae4bea0}: 'java.lang.Object java.lang.invoke.DirectMethodHandle$Holder.invokeSpecial(java.lang.Object, java.lang.Object, java.lang.Object, int, java.lang.Object)'> (0x00000000eae4bea0) 
thrown [s\src\hotspot\share\interpreter\linkResolver.cpp, line 759]
Event: 6.822 Thread 0x000002694b5a7e10 Exception <a 'java/lang/ClassNotFoundException'{0x00000000ec1fff50}: com/sun/org/apache/xerces/internal/impl/msg/spi/DOMMessagesProvider> (0x00000000ec1fff50) 
thrown [s\src\hotspot\share\classfile\systemDictionary.cpp, line 256]
Event: 6.828 Thread 0x000002694b5a7e10 Exception <a 'java/lang/ClassNotFoundException'{0x00000000ec22bda8}: com/sun/org/apache/xerces/internal/impl/msg/spi/XMLSerializerMessagesProvider> (0x00000000ec22bda8) 
thrown [s\src\hotspot\share\classfile\systemDictionary.cpp, line 256]
Event: 6.831 Thread 0x000002694b5a7e10 Exception <a 'java/lang/ClassNotFoundException'{0x00000000ec239ee0}: com/sun/org/apache/xerces/internal/impl/msg/spi/XMLMessagesProvider> (0x00000000ec239ee0) 
thrown [s\src\hotspot\share\classfile\systemDictionary.cpp, line 256]
Event: 6.859 Thread 0x000002694b5a7e10 Exception <a 'java/lang/NoSuchMethodError'{0x00000000ec2e1520}: 'void java.lang.invoke.DirectMethodHandle$Holder.invokeVirtual(java.lang.Object, java.lang.Object)'> (0x00000000ec2e1520) 
thrown [s\src\hotspot\share\interpreter\linkResolver.cpp, line 759]
Event: 7.396 Thread 0x000002694b5a7e10 Exception <a 'java/lang/NoSuchMethodError'{0x00000000ead44f00}: 'java.lang.Object java.lang.invoke.DirectMethodHandle$Holder.invokeStaticInit(java.lang.Object, int, int, int, int)'> (0x00000000ead44f00) 
thrown [s\src\hotspot\share\interpreter\linkResolver.cpp, line 759]

VM Operations (20 events):
Event: 4.031 Executing VM operation: ParallelGCFailedAllocation
Event: 4.040 Executing VM operation: ParallelGCFailedAllocation done
Event: 4.785 Executing VM operation: HandshakeAllThreads
Event: 4.785 Executing VM operation: HandshakeAllThreads done
Event: 5.074 Executing VM operation: HandshakeAllThreads
Event: 5.074 Executing VM operation: HandshakeAllThreads done
Event: 5.074 Executing VM operation: Cleanup
Event: 5.074 Executing VM operation: Cleanup done
Event: 5.369 Executing VM operation: ParallelGCFailedAllocation
Event: 5.378 Executing VM operation: ParallelGCFailedAllocation done
Event: 5.602 Executing VM operation: HandshakeAllThreads
Event: 5.603 Executing VM operation: HandshakeAllThreads done
Event: 5.603 Executing VM operation: CollectForMetadataAllocation
Event: 5.639 Executing VM operation: CollectForMetadataAllocation done
Event: 6.285 Executing VM operation: ParallelGCFailedAllocation
Event: 6.287 Executing VM operation: ParallelGCFailedAllocation done
Event: 6.866 Executing VM operation: ParallelGCFailedAllocation
Event: 6.868 Executing VM operation: ParallelGCFailedAllocation done
Event: 6.994 Executing VM operation: HandshakeAllThreads
Event: 6.994 Executing VM operation: HandshakeAllThreads done

Events (20 events):
Event: 7.391 loading class java/security/DrbgParameters
Event: 7.391 loading class java/security/DrbgParameters done
Event: 7.391 loading class java/security/DrbgParameters$Instantiation
Event: 7.392 loading class java/security/DrbgParameters$Instantiation done
Event: 7.392 loading class sun/security/provider/HashDrbg
Event: 7.393 loading class sun/security/provider/AbstractHashDrbg
Event: 7.394 loading class sun/security/provider/AbstractDrbg
Event: 7.394 loading class sun/security/provider/AbstractDrbg done
Event: 7.394 loading class sun/security/provider/AbstractHashDrbg done
Event: 7.394 loading class sun/security/provider/HashDrbg done
Event: 7.394 loading class sun/security/provider/EntropySource
Event: 7.395 loading class sun/security/provider/EntropySource done
Event: 7.397 loading class java/security/DrbgParameters$NextBytes
Event: 7.398 loading class java/security/DrbgParameters$NextBytes done
Event: 7.398 loading class sun/security/provider/AbstractDrbg$SeederHolder
Event: 7.398 loading class sun/security/provider/AbstractDrbg$SeederHolder done
Event: 7.399 loading class sun/security/provider/SeedGenerator
Event: 7.399 loading class sun/security/provider/SeedGenerator done
Event: 7.400 loading class sun/security/provider/NativeSeedGenerator
Event: 7.400 loading class sun/security/provider/NativeSeedGenerator done


Dynamic libraries:
0x00007ff7af120000 - 0x00007ff7af12e000 	c:\Users\Alizha\.vscode\extensions\redhat.java-1.25.1-win32-x64\jre\17.0.9-win32-x86_64\bin\java.exe
0x00007ff950450000 - 0x00007ff950667000 	C:\WINDOWS\SYSTEM32\ntdll.dll
0x00007ff94e980000 - 0x00007ff94ea44000 	C:\WINDOWS\System32\KERNEL32.DLL
0x00007ff94d9d0000 - 0x00007ff94dd75000 	C:\WINDOWS\System32\KERNELBASE.dll
0x00007ff94a550000 - 0x00007ff94a5e7000 	C:\WINDOWS\SYSTEM32\apphelp.dll
0x00007ff94de00000 - 0x00007ff94df11000 	C:\WINDOWS\System32\ucrtbase.dll
0x00007ff9242d0000 - 0x00007ff9242eb000 	c:\Users\Alizha\.vscode\extensions\redhat.java-1.25.1-win32-x64\jre\17.0.9-win32-x86_64\bin\VCRUNTIME140.dll
0x00007ff920480000 - 0x00007ff920497000 	c:\Users\Alizha\.vscode\extensions\redhat.java-1.25.1-win32-x64\jre\17.0.9-win32-x86_64\bin\jli.dll
0x00007ff94edf0000 - 0x00007ff94ef9e000 	C:\WINDOWS\System32\USER32.dll
0x00007ff94d7c0000 - 0x00007ff94d7e6000 	C:\WINDOWS\System32\win32u.dll
0x00007ff9503e0000 - 0x00007ff950409000 	C:\WINDOWS\System32\GDI32.dll
0x00007ff930830000 - 0x00007ff930ac3000 	C:\WINDOWS\WinSxS\amd64_microsoft.windows.common-controls_6595b64144ccf1df_6.0.22621.2506_none_270c5ae97388e100\COMCTL32.dll
0x00007ff94fda0000 - 0x00007ff94fe47000 	C:\WINDOWS\System32\msvcrt.dll
0x00007ff94e080000 - 0x00007ff94e199000 	C:\WINDOWS\System32\gdi32full.dll
0x00007ff94dfe0000 - 0x00007ff94e07a000 	C:\WINDOWS\System32\msvcp_win.dll
0x00007ff94f490000 - 0x00007ff94f4c1000 	C:\WINDOWS\System32\IMM32.DLL
0x00007ff940890000 - 0x00007ff94089c000 	c:\Users\Alizha\.vscode\extensions\redhat.java-1.25.1-win32-x64\jre\17.0.9-win32-x86_64\bin\vcruntime140_1.dll
0x00007ff90be50000 - 0x00007ff90bedd000 	c:\Users\Alizha\.vscode\extensions\redhat.java-1.25.1-win32-x64\jre\17.0.9-win32-x86_64\bin\msvcp140.dll
0x00007ff8bd400000 - 0x00007ff8be061000 	c:\Users\Alizha\.vscode\extensions\redhat.java-1.25.1-win32-x64\jre\17.0.9-win32-x86_64\bin\server\jvm.dll
0x00007ff94f320000 - 0x00007ff94f3d1000 	C:\WINDOWS\System32\ADVAPI32.dll
0x00007ff94f3e0000 - 0x00007ff94f486000 	C:\WINDOWS\System32\sechost.dll
0x00007ff94ecd0000 - 0x00007ff94ede7000 	C:\WINDOWS\System32\RPCRT4.dll
0x00007ff94d5e0000 - 0x00007ff94d62d000 	C:\WINDOWS\SYSTEM32\POWRPROF.dll
0x00007ff9256b0000 - 0x00007ff9256b9000 	C:\WINDOWS\SYSTEM32\WSOCK32.dll
0x00007ff94ec50000 - 0x00007ff94ecc1000 	C:\WINDOWS\System32\WS2_32.dll
0x00007ff9454c0000 - 0x00007ff9454f4000 	C:\WINDOWS\SYSTEM32\WINMM.dll
0x00007ff943820000 - 0x00007ff94382a000 	C:\WINDOWS\SYSTEM32\VERSION.dll
0x00007ff94d4c0000 - 0x00007ff94d4d3000 	C:\WINDOWS\SYSTEM32\UMPDC.dll
0x00007ff94c730000 - 0x00007ff94c748000 	C:\WINDOWS\SYSTEM32\kernel.appcore.dll
0x00007ff93fe40000 - 0x00007ff93fe4a000 	c:\Users\Alizha\.vscode\extensions\redhat.java-1.25.1-win32-x64\jre\17.0.9-win32-x86_64\bin\jimage.dll
0x00007ff94b2c0000 - 0x00007ff94b4f3000 	C:\WINDOWS\SYSTEM32\DBGHELP.DLL
0x00007ff94fe50000 - 0x00007ff9501d9000 	C:\WINDOWS\System32\combase.dll
0x00007ff94e8a0000 - 0x00007ff94e977000 	C:\WINDOWS\System32\OLEAUT32.dll
0x00007ff938130000 - 0x00007ff938162000 	C:\WINDOWS\SYSTEM32\dbgcore.DLL
0x00007ff94dd80000 - 0x00007ff94ddfa000 	C:\WINDOWS\System32\bcryptPrimitives.dll
0x00007ff93cd60000 - 0x00007ff93cd6e000 	c:\Users\Alizha\.vscode\extensions\redhat.java-1.25.1-win32-x64\jre\17.0.9-win32-x86_64\bin\instrument.dll
0x00007ff91b9a0000 - 0x00007ff91b9c5000 	c:\Users\Alizha\.vscode\extensions\redhat.java-1.25.1-win32-x64\jre\17.0.9-win32-x86_64\bin\java.dll
0x00007ff91c4d0000 - 0x00007ff91c4e8000 	c:\Users\Alizha\.vscode\extensions\redhat.java-1.25.1-win32-x64\jre\17.0.9-win32-x86_64\bin\zip.dll
0x00007ff94f540000 - 0x00007ff94fd99000 	C:\WINDOWS\System32\SHELL32.dll
0x00007ff94b690000 - 0x00007ff94bf84000 	C:\WINDOWS\SYSTEM32\windows.storage.dll
0x00007ff94b550000 - 0x00007ff94b68e000 	C:\WINDOWS\SYSTEM32\wintypes.dll
0x00007ff94e7a0000 - 0x00007ff94e893000 	C:\WINDOWS\System32\SHCORE.dll
0x00007ff94e620000 - 0x00007ff94e67e000 	C:\WINDOWS\System32\shlwapi.dll
0x00007ff94d6f0000 - 0x00007ff94d716000 	C:\WINDOWS\SYSTEM32\profapi.dll
0x00007ff91aa90000 - 0x00007ff91aaa9000 	C:\Users\Alizha\.vscode\extensions\redhat.java-1.25.1-win32-x64\jre\17.0.9-win32-x86_64\bin\net.dll
0x00007ff947860000 - 0x00007ff947997000 	C:\WINDOWS\SYSTEM32\WINHTTP.dll
0x00007ff94cc40000 - 0x00007ff94cca9000 	C:\WINDOWS\system32\mswsock.dll
0x00007ff91aa20000 - 0x00007ff91aa36000 	C:\Users\Alizha\.vscode\extensions\redhat.java-1.25.1-win32-x64\jre\17.0.9-win32-x86_64\bin\nio.dll
0x00007ff935820000 - 0x00007ff935830000 	c:\Users\Alizha\.vscode\extensions\redhat.java-1.25.1-win32-x64\jre\17.0.9-win32-x86_64\bin\verify.dll
0x00007ff914f00000 - 0x00007ff914f3e000 	C:\Users\Alizha\AppData\Roaming\Code\User\globalStorage\redhat.java\1.25.1\config_ss_win\org.eclipse.equinox.launcher\org.eclipse.equinox.launcher.win32.win32.x86_64_1.2.800.v20231003-1442\eclipse_11802.dll
0x00007ff94f170000 - 0x00007ff94f310000 	C:\WINDOWS\System32\ole32.dll
0x00007ff94ce90000 - 0x00007ff94ceab000 	C:\WINDOWS\SYSTEM32\CRYPTSP.dll
0x00007ff94c6f0000 - 0x00007ff94c725000 	C:\WINDOWS\system32\rsaenh.dll
0x00007ff94cd30000 - 0x00007ff94cd5c000 	C:\WINDOWS\SYSTEM32\USERENV.dll
0x00007ff94d080000 - 0x00007ff94d0a8000 	C:\WINDOWS\SYSTEM32\bcrypt.dll
0x00007ff94ceb0000 - 0x00007ff94cebc000 	C:\WINDOWS\SYSTEM32\CRYPTBASE.dll

dbghelp: loaded successfully - version: 4.0.5 - missing functions: none
symbol engine: initialized successfully - sym options: 0x614 - pdb path: .;c:\Users\Alizha\.vscode\extensions\redhat.java-1.25.1-win32-x64\jre\17.0.9-win32-x86_64\bin;C:\WINDOWS\SYSTEM32;C:\WINDOWS\WinSxS\amd64_microsoft.windows.common-controls_6595b64144ccf1df_6.0.22621.2506_none_270c5ae97388e100;c:\Users\Alizha\.vscode\extensions\redhat.java-1.25.1-win32-x64\jre\17.0.9-win32-x86_64\bin\server;C:\Users\Alizha\AppData\Roaming\Code\User\globalStorage\redhat.java\1.25.1\config_ss_win\org.eclipse.equinox.launcher\org.eclipse.equinox.launcher.win32.win32.x86_64_1.2.800.v20231003-1442

VM Arguments:
jvm_args: --add-modules=ALL-SYSTEM --add-opens=java.base/java.util=ALL-UNNAMED --add-opens=java.base/java.lang=ALL-UNNAMED --add-opens=java.base/sun.nio.fs=ALL-UNNAMED -Declipse.application=org.eclipse.jdt.ls.core.id1 -Dosgi.bundles.defaultStartLevel=4 -Declipse.product=org.eclipse.jdt.ls.core.product -Djava.import.generatesMetadataFilesAtProjectRoot=false -DDetectVMInstallationsJob.disabled=true -Dfile.encoding=utf8 -XX:+UseParallelGC -XX:GCTimeRatio=4 -XX:AdaptiveSizePolicyWeight=90 -Dsun.zip.disableMemoryMapping=true -Xmx1G -Xms100m -Xlog:disable -javaagent:c:\Users\Alizha\.vscode\extensions\redhat.java-1.25.1-win32-x64\lombok\lombok-1.18.30.jar 
java_command: c:\Users\Alizha\.vscode\extensions\redhat.java-1.25.1-win32-x64\server\plugins\org.eclipse.equinox.launcher_1.6.600.v20231106-1826.jar -configuration c:\Users\Alizha\AppData\Roaming\Code\User\globalStorage\redhat.java\1.25.1\config_ss_win -data c:\Users\Alizha\AppData\Roaming\Code\User\workspaceStorage\f65aa70a5428b1d08d2d85f953cf23d1\redhat.java\ss_ws --stdio
java_class_path (initial): c:\Users\Alizha\.vscode\extensions\redhat.java-1.25.1-win32-x64\server\plugins\org.eclipse.equinox.launcher_1.6.600.v20231106-1826.jar
Launcher Type: SUN_STANDARD

[Global flags]
    uintx AdaptiveSizePolicyWeight                 = 90                                        {product} {command line}
     intx CICompilerCount                          = 4                                         {product} {ergonomic}
    uintx GCTimeRatio                              = 4                                         {product} {command line}
   size_t InitialHeapSize                          = 104857600                                 {product} {command line}
   size_t MaxHeapSize                              = 1073741824                                {product} {command line}
   size_t MaxNewSize                               = 357564416                                 {product} {ergonomic}
   size_t MinHeapDeltaBytes                        = 524288                                    {product} {ergonomic}
   size_t MinHeapSize                              = 104857600                                 {product} {command line}
   size_t NewSize                                  = 34603008                                  {product} {ergonomic}
    uintx NonNMethodCodeHeapSize                   = 5839372                                {pd product} {ergonomic}
    uintx NonProfiledCodeHeapSize                  = 122909434                              {pd product} {ergonomic}
   size_t OldSize                                  = 70254592                                  {product} {ergonomic}
    uintx ProfiledCodeHeapSize                     = 122909434                              {pd product} {ergonomic}
    uintx ReservedCodeCacheSize                    = 251658240                              {pd product} {ergonomic}
     bool SegmentedCodeCache                       = true                                      {product} {ergonomic}
   size_t SoftMaxHeapSize                          = 1073741824                             {manageable} {ergonomic}
     bool UseCompressedClassPointers               = true                           {product lp64_product} {ergonomic}
     bool UseCompressedOops                        = true                           {product lp64_product} {ergonomic}
     bool UseLargePagesIndividualAllocation        = false                                  {pd product} {ergonomic}
     bool UseParallelGC                            = true                                      {product} {command line}

Logging:
Log output configuration:
 #0: stdout all=off uptime,level,tags
 #1: stderr all=off uptime,level,tags

Environment Variables:
JAVA_HOME=C:\Program Files\Java\jdk-17
PATH=C:\Program Files\Common Files\Oracle\Java\javapath;C:\Program Files\PostgreSQL\15\bin;C:\Program Files (x86)\Common Files\Oracle\Java\javapath;C:\WINDOWS\system32;C:\WINDOWS;C:\WINDOWS\System32\Wbem;C:\WINDOWS\System32\WindowsPowerShell\v1.0\;C:\WINDOWS\System32\OpenSSH\;C:\Program Files\kotlinc\bin;C:\Program Files\PuTTY\;C:\Program Files\Git\cmd;C:\Program Files\Docker\Docker\resources\bin;C:\Program Files\Java\jdk-17;C:\Users\Alizha\AppData\Local\Programs\Python\Python39\Scripts\;C:\Users\Alizha\AppData\Local\Programs\Python\Python39\;C:\Users\Alizha\AppData\Local\Microsoft\WindowsApps;D:\Microsoft VS Code\bin;C:\Program Files\Git;C:\Users\Alizha\c sosi\MinGW\bin;C:\Users\Alizha\Flutter\flutter_windows_3.3.7-stable\flutter\bin;
USERNAME=Alizha
OS=Windows_NT
PROCESSOR_IDENTIFIER=AMD64 Family 23 Model 104 Stepping 1, AuthenticAMD
TMP=C:\Users\Alizha\AppData\Local\Temp
TEMP=C:\Users\Alizha\AppData\Local\Temp



Periodic native trim disabled


---------------  S Y S T E M  ---------------

OS:
 Windows 11 , 64 bit Build 22621 (10.0.22621.2506)
OS uptime: 0 days 16:37 hours
Hyper-V role detected

CPU: total 12 (initial active 12) (12 cores per cpu, 2 threads per core) family 23 model 104 stepping 1 microcode 0x0, cx8, cmov, fxsr, ht, mmx, 3dnowpref, sse, sse2, sse3, ssse3, sse4a, sse4.1, sse4.2, popcnt, lzcnt, tsc, tscinvbit, avx, avx2, aes, clmul, bmi1, bmi2, adx, sha, fma, vzeroupper, clflush, clflushopt, hv
Processor Information for all 12 processors :
  Max Mhz: 2100, Current Mhz: 1893, Mhz Limit: 2100

Memory: 4k page, system-wide physical 6005M (8M free)
TotalPageFile size 24437M (AvailPageFile size 1M)
current process WorkingSet (physical memory assigned to process): 136M, peak: 136M
current process commit charge ("private bytes"): 249M, peak: 249M

vm_info: OpenJDK 64-Bit Server VM (17.0.9+9) for windows-amd64 JRE (17.0.9+9), built on Oct 26 2023 14:01:42 by "admin" with MS VC++ 16.10 / 16.11 (VS2019)

END.
