#
# There is insufficient memory for the Java Runtime Environment to continue.
# Native memory allocation (malloc) failed to allocate 1902224 bytes for Chunk::new
# Possible reasons:
#   The system is out of physical RAM or swap space
#   The process is running with CompressedOops enabled, and the Java Heap may be blocking the growth of the native heap
# Possible solutions:
#   Reduce memory load on the system
#   Increase physical memory or swap space
#   Check if swap backing store is full
#   Decrease Java heap size (-Xmx/-Xms)
#   Decrease number of Java threads
#   Decrease Java thread stack sizes (-Xss)
#   Set larger code cache with -XX:ReservedCodeCacheSize=
#   JVM is running with Unscaled Compressed Oops mode in which the Java heap is
#     placed in the first 4GB address space. The Java Heap base address is the
#     maximum limit for the native heap growth. Please use -XX:HeapBaseMinAddress
#     to set the Java Heap base and to place the Java Heap above 4GB virtual address.
# This output file may be truncated or incomplete.
#
#  Out of Memory Error (arena.cpp:191), pid=31024, tid=15024
#
# JRE version: OpenJDK Runtime Environment Temurin-17.0.9+9 (17.0.9+9) (build 17.0.9+9)
# Java VM: OpenJDK 64-Bit Server VM Temurin-17.0.9+9 (17.0.9+9, mixed mode, tiered, compressed oops, compressed class ptrs, parallel gc, windows-amd64)
# No core dump will be written. Minidumps are not enabled by default on client versions of Windows
#

---------------  S U M M A R Y ------------

Command Line: --add-modules=ALL-SYSTEM --add-opens=java.base/java.util=ALL-UNNAMED --add-opens=java.base/java.lang=ALL-UNNAMED --add-opens=java.base/sun.nio.fs=ALL-UNNAMED -Declipse.application=org.eclipse.jdt.ls.core.id1 -Dosgi.bundles.defaultStartLevel=4 -Declipse.product=org.eclipse.jdt.ls.core.product -Djava.import.generatesMetadataFilesAtProjectRoot=false -DDetectVMInstallationsJob.disabled=true -Dfile.encoding=utf8 -XX:+UseParallelGC -XX:GCTimeRatio=4 -XX:AdaptiveSizePolicyWeight=90 -Dsun.zip.disableMemoryMapping=true -Xmx1G -Xms100m -Xlog:disable -javaagent:c:\Users\Alizha\.vscode\extensions\redhat.java-1.25.1-win32-x64\lombok\lombok-1.18.30.jar -XX:+HeapDumpOnOutOfMemoryError -XX:HeapDumpPath=c:\Users\Alizha\AppData\Roaming\Code\User\workspaceStorage\f65aa70a5428b1d08d2d85f953cf23d1\redhat.java -Daether.dependencyCollector.impl=bf c:\Users\Alizha\.vscode\extensions\redhat.java-1.25.1-win32-x64\server\plugins\org.eclipse.equinox.launcher_1.6.600.v20231106-1826.jar -configuration c:\Users\Alizha\AppData\Roaming\Code\User\globalStorage\redhat.java\1.25.1\config_win -data c:\Users\Alizha\AppData\Roaming\Code\User\workspaceStorage\f65aa70a5428b1d08d2d85f953cf23d1\redhat.java\jdt_ws --stdio

Host: AMD Ryzen 5 5500U with Radeon Graphics         , 12 cores, 5G,  Windows 11 , 64 bit Build 22621 (10.0.22621.2506)
Time: Fri Dec  8 16:45:04 2023 SE Asia Standard Time elapsed time: 22.640429 seconds (0d 0h 0m 22s)

---------------  T H R E A D  ---------------

Current thread (0x0000024e7d1495e0):  JavaThread "C2 CompilerThread0" daemon [_thread_in_native, id=15024, stack(0x000000b281000000,0x000000b281100000)]


Current CompileTask:
C2:  22640 7161   !   4       org.eclipse.jdt.internal.core.search.indexing.BinaryIndexer::indexDocument (1142 bytes)

Stack: [0x000000b281000000,0x000000b281100000]
Native frames: (J=compiled Java code, j=interpreted, Vv=VM code, C=native code)
V  [jvm.dll+0x67cf49]
V  [jvm.dll+0x83478a]
V  [jvm.dll+0x83624e]
V  [jvm.dll+0x8368b3]
V  [jvm.dll+0x247f1f]
V  [jvm.dll+0xac43c]
V  [jvm.dll+0xaca8c]
V  [jvm.dll+0x367067]
V  [jvm.dll+0x3313ba]
V  [jvm.dll+0x33085a]
V  [jvm.dll+0x21a5b1]
V  [jvm.dll+0x2199d1]
V  [jvm.dll+0x1a57cd]
V  [jvm.dll+0x2297ae]
V  [jvm.dll+0x22797c]
V  [jvm.dll+0x7e9877]
V  [jvm.dll+0x7e3c3a]
V  [jvm.dll+0x67be35]
C  [ucrtbase.dll+0x29363]
C  [KERNEL32.DLL+0x1257d]
C  [ntdll.dll+0x5aa58]


---------------  P R O C E S S  ---------------

Threads class SMR info:
_java_thread_list=0x0000024e1392d120, length=30, elements={
0x0000024e752bc3e0, 0x0000024e7c086030, 0x0000024e7c0887f0, 0x0000024e7d143550,
0x0000024e7d1440e0, 0x0000024e7d146e70, 0x0000024e7d148840, 0x0000024e7d1495e0,
0x0000024e7d19f2b0, 0x0000024e7d1be060, 0x0000024e753212c0, 0x0000024e7e9084a0,
0x0000024e130b1f60, 0x0000024e7ef16480, 0x0000024e7ef16960, 0x0000024e138eb5c0,
0x0000024e13754860, 0x0000024e137cf030, 0x0000024e137ceb20, 0x0000024e137ce100,
0x0000024e137cf540, 0x0000024e137cfa50, 0x0000024e137cff60, 0x0000024e137cd6e0,
0x0000024e137cdbf0, 0x0000024e7edaaa40, 0x0000024e7edaa020, 0x0000024e7edadce0,
0x0000024e7edaf630, 0x0000024e7edaaf50
}

Java Threads: ( => current thread )
  0x0000024e752bc3e0 JavaThread "main" [_thread_blocked, id=21584, stack(0x000000b280700000,0x000000b280800000)]
  0x0000024e7c086030 JavaThread "Reference Handler" daemon [_thread_blocked, id=26956, stack(0x000000b280a00000,0x000000b280b00000)]
  0x0000024e7c0887f0 JavaThread "Finalizer" daemon [_thread_blocked, id=27868, stack(0x000000b280b00000,0x000000b280c00000)]
  0x0000024e7d143550 JavaThread "Signal Dispatcher" daemon [_thread_blocked, id=31388, stack(0x000000b280c00000,0x000000b280d00000)]
  0x0000024e7d1440e0 JavaThread "Attach Listener" daemon [_thread_blocked, id=21604, stack(0x000000b280d00000,0x000000b280e00000)]
  0x0000024e7d146e70 JavaThread "Service Thread" daemon [_thread_blocked, id=12444, stack(0x000000b280e00000,0x000000b280f00000)]
  0x0000024e7d148840 JavaThread "Monitor Deflation Thread" daemon [_thread_blocked, id=27016, stack(0x000000b280f00000,0x000000b281000000)]
=>0x0000024e7d1495e0 JavaThread "C2 CompilerThread0" daemon [_thread_in_native, id=15024, stack(0x000000b281000000,0x000000b281100000)]
  0x0000024e7d19f2b0 JavaThread "C1 CompilerThread0" daemon [_thread_blocked, id=23568, stack(0x000000b281100000,0x000000b281200000)]
  0x0000024e7d1be060 JavaThread "Sweeper thread" daemon [_thread_blocked, id=24204, stack(0x000000b281200000,0x000000b281300000)]
  0x0000024e753212c0 JavaThread "Common-Cleaner" daemon [_thread_blocked, id=9588, stack(0x000000b281300000,0x000000b281400000)]
  0x0000024e7e9084a0 JavaThread "Notification Thread" daemon [_thread_blocked, id=32528, stack(0x000000b281400000,0x000000b281500000)]
  0x0000024e130b1f60 JavaThread "Active Thread: Equinox Container: 618d7e6f-8b48-4ba7-8676-94d089411dd4" [_thread_blocked, id=23176, stack(0x000000b281c00000,0x000000b281d00000)]
  0x0000024e7ef16480 JavaThread "Framework Event Dispatcher: Equinox Container: 618d7e6f-8b48-4ba7-8676-94d089411dd4" daemon [_thread_blocked, id=14764, stack(0x000000b281e00000,0x000000b281f00000)]
  0x0000024e7ef16960 JavaThread "Start Level: Equinox Container: 618d7e6f-8b48-4ba7-8676-94d089411dd4" daemon [_thread_blocked, id=26236, stack(0x000000b281f00000,0x000000b282000000)]
  0x0000024e138eb5c0 JavaThread "Bundle File Closer" daemon [_thread_blocked, id=12076, stack(0x000000b282100000,0x000000b282200000)]
  0x0000024e13754860 JavaThread "SCR Component Actor" daemon [_thread_blocked, id=29660, stack(0x000000b282200000,0x000000b282300000)]
  0x0000024e137cf030 JavaThread "Worker-JM" [_thread_blocked, id=8452, stack(0x000000b282600000,0x000000b282700000)]
  0x0000024e137ceb20 JavaThread "Worker-0" [_thread_blocked, id=23260, stack(0x000000b282500000,0x000000b282600000)]
  0x0000024e137ce100 JavaThread "Worker-1" [_thread_blocked, id=26328, stack(0x000000b282700000,0x000000b282800000)]
  0x0000024e137cf540 JavaThread "Worker-2: Initialize Workspace" [_thread_blocked, id=5328, stack(0x000000b282800000,0x000000b282900000)]
  0x0000024e137cfa50 JavaThread "Java indexing" daemon [_thread_in_Java, id=12956, stack(0x000000b282900000,0x000000b282a00000)]
  0x0000024e137cff60 JavaThread "Worker-3: Java indexing... " [_thread_blocked, id=2960, stack(0x000000b282a00000,0x000000b282b00000)]
  0x0000024e137cd6e0 JavaThread "JNA Cleaner" daemon [_thread_blocked, id=23680, stack(0x000000b282b00000,0x000000b282c00000)]
  0x0000024e137cdbf0 JavaThread "pool-2-thread-1" [_thread_blocked, id=25452, stack(0x000000b282c00000,0x000000b282d00000)]
  0x0000024e7edaaa40 JavaThread "WorkspaceEventsHandler" [_thread_blocked, id=21344, stack(0x000000b282d00000,0x000000b282e00000)]
  0x0000024e7edaa020 JavaThread "pool-1-thread-1" [_thread_blocked, id=17324, stack(0x000000b282e00000,0x000000b282f00000)]
  0x0000024e7edadce0 JavaThread "pool-3-thread-1" [_thread_in_native, id=26720, stack(0x000000b281d00000,0x000000b281e00000)]
  0x0000024e7edaf630 JavaThread "Worker-4" [_thread_blocked, id=10440, stack(0x000000b282f00000,0x000000b283000000)]
  0x0000024e7edaaf50 JavaThread "Worker-5" [_thread_blocked, id=6024, stack(0x000000b283000000,0x000000b283100000)]

Other Threads:
  0x0000024e75342210 VMThread "VM Thread" [stack: 0x000000b280900000,0x000000b280a00000] [id=28456]
  0x0000024e7e90d630 WatcherThread [stack: 0x000000b281500000,0x000000b281600000] [id=17940]
  0x0000024e752d0230 GCTaskThread "GC Thread#0" [stack: 0x000000b280800000,0x000000b280900000] [id=28380]
  0x0000024e7ef57130 GCTaskThread "GC Thread#1" [stack: 0x000000b281600000,0x000000b281700000] [id=29316]
  0x0000024e7ef573f0 GCTaskThread "GC Thread#2" [stack: 0x000000b281700000,0x000000b281800000] [id=3376]
  0x0000024e7ef576b0 GCTaskThread "GC Thread#3" [stack: 0x000000b281800000,0x000000b281900000] [id=21268]
  0x0000024e7ef57d70 GCTaskThread "GC Thread#4" [stack: 0x000000b281900000,0x000000b281a00000] [id=25104]
  0x0000024e7ef58030 GCTaskThread "GC Thread#5" [stack: 0x000000b281a00000,0x000000b281b00000] [id=25900]
  0x0000024e7ef582f0 GCTaskThread "GC Thread#6" [stack: 0x000000b281b00000,0x000000b281c00000] [id=17796]
  0x0000024e13522350 GCTaskThread "GC Thread#7" [stack: 0x000000b282000000,0x000000b282100000] [id=27792]
  0x0000024e13378520 GCTaskThread "GC Thread#8" [stack: 0x000000b282300000,0x000000b282400000] [id=17160]
  0x0000024e1334f2d0 GCTaskThread "GC Thread#9" [stack: 0x000000b282400000,0x000000b282500000] [id=29020]

Threads with active compile tasks:
C2 CompilerThread0    22685 7161   !   4       org.eclipse.jdt.internal.core.search.indexing.BinaryIndexer::indexDocument (1142 bytes)

VM state: not at safepoint (normal execution)

VM Mutex/Monitor currently owned by a thread: None

Heap address: 0x00000000c0000000, size: 1024 MB, Compressed Oops mode: 32-bit

CDS archive(s) not mapped
Compressed class space mapped at: 0x0000000100000000-0x0000000140000000, reserved size: 1073741824
Narrow klass base: 0x0000000000000000, Narrow klass shift: 3, Narrow klass range: 0x140000000

GC Precious Log:
 CPUs: 12 total, 12 available
 Memory: 6005M
 Large Page Support: Disabled
 NUMA Support: Disabled
 Compressed Oops: Enabled (32-bit)
 Alignments: Space 512K, Generation 512K, Heap 2M
 Heap Min Capacity: 100M
 Heap Initial Capacity: 100M
 Heap Max Capacity: 1G
 Pre-touch: Disabled
 Parallel Workers: 10

Heap:
 PSYoungGen      total 18944K, used 18469K [0x00000000eab00000, 0x00000000ec100000, 0x0000000100000000)
  eden space 15360K, 98% used [0x00000000eab00000,0x00000000eb9c1a70,0x00000000eba00000)
  from space 3584K, 93% used [0x00000000eba80000,0x00000000ebdc7be8,0x00000000ebe00000)
  to   space 3072K, 0% used [0x00000000ebe00000,0x00000000ebe00000,0x00000000ec100000)
 ParOldGen       total 68608K, used 59157K [0x00000000c0000000, 0x00000000c4300000, 0x00000000eab00000)
  object space 68608K, 86% used [0x00000000c0000000,0x00000000c39c5488,0x00000000c4300000)
 Metaspace       used 53834K, committed 54784K, reserved 1114112K
  class space    used 5747K, committed 6144K, reserved 1048576K

Card table byte_map: [0x0000024e79900000,0x0000024e79b10000] _byte_map_base: 0x0000024e79300000

Marking Bits: (ParMarkBitMap*) 0x00007ff8bdf9d0b0
 Begin Bits: [0x0000024e79c70000, 0x0000024e7ac70000)
 End Bits:   [0x0000024e7ac70000, 0x0000024e7bc70000)

Polling page: 0x0000024e75360000

Metaspace:

Usage:
  Non-class:     46.96 MB used.
      Class:      5.61 MB used.
       Both:     52.57 MB used.

Virtual space:
  Non-class space:       64.00 MB reserved,      47.50 MB ( 74%) committed,  1 nodes.
      Class space:        1.00 GB reserved,       6.00 MB ( <1%) committed,  1 nodes.
             Both:        1.06 GB reserved,      53.50 MB (  5%) committed. 

Chunk freelists:
   Non-Class:  64.00 KB
       Class:  9.94 MB
        Both:  10.01 MB

MaxMetaspaceSize: unlimited
CompressedClassSpaceSize: 1.00 GB
Initial GC threshold: 21.00 MB
Current GC threshold: 58.38 MB
CDS: off
MetaspaceReclaimPolicy: balanced
 - commit_granule_bytes: 65536.
 - commit_granule_words: 8192.
 - virtual_space_node_default_size: 8388608.
 - enlarge_chunks_in_place: 1.
 - new_chunks_are_fully_committed: 0.
 - uncommit_free_chunks: 1.
 - use_allocation_guard: 0.
 - handle_deallocations: 1.


Internal statistics:

num_allocs_failed_limit: 6.
num_arena_births: 480.
num_arena_deaths: 14.
num_vsnodes_births: 2.
num_vsnodes_deaths: 0.
num_space_committed: 856.
num_space_uncommitted: 0.
num_chunks_returned_to_freelist: 20.
num_chunks_taken_from_freelist: 2500.
num_chunk_merges: 7.
num_chunk_splits: 1563.
num_chunks_enlarged: 974.
num_inconsistent_stats: 0.

CodeHeap 'non-profiled nmethods': size=120000Kb used=2885Kb max_used=2885Kb free=117114Kb
 bounds [0x0000024e07ad0000, 0x0000024e07db0000, 0x0000024e0f000000]
CodeHeap 'profiled nmethods': size=120000Kb used=12339Kb max_used=12339Kb free=107661Kb
 bounds [0x0000024e00000000, 0x0000024e00c20000, 0x0000024e07530000]
CodeHeap 'non-nmethods': size=5760Kb used=1297Kb max_used=1346Kb free=4462Kb
 bounds [0x0000024e07530000, 0x0000024e077a0000, 0x0000024e07ad0000]
 total_blobs=6833 nmethods=6207 adapters=540
 compilation: enabled
              stopped_count=0, restarted_count=0
 full_count=0

Compilation events (20 events):
Event: 22.118 Thread 0x0000024e7d19f2b0 7160       3       org.eclipse.jdt.internal.core.search.indexing.AbstractIndexer::addClassDeclaration (122 bytes)
Event: 22.121 Thread 0x0000024e7d19f2b0 nmethod 7160 0x0000024e00c01990 code [0x0000024e00c01d60, 0x0000024e00c03a48]
Event: 22.128 Thread 0x0000024e7d19f2b0 7163 %     3       org.eclipse.jdt.core.Signature::encodeQualifiedName @ 9 (207 bytes)
Event: 22.130 Thread 0x0000024e7d19f2b0 nmethod 7163% 0x0000024e00c04690 code [0x0000024e00c04920, 0x0000024e00c05898]
Event: 22.131 Thread 0x0000024e7d19f2b0 7162 %     3       org.eclipse.jdt.core.Signature::checkArrayDimension @ 5 (92 bytes)
Event: 22.131 Thread 0x0000024e7d19f2b0 nmethod 7162% 0x0000024e00c05e90 code [0x0000024e00c06060, 0x0000024e00c064b8]
Event: 22.136 Thread 0x0000024e7d1495e0 nmethod 7152 0x0000024e07d9fe90 code [0x0000024e07da0060, 0x0000024e07da0e88]
Event: 22.136 Thread 0x0000024e7d1495e0 7161   !   4       org.eclipse.jdt.internal.core.search.indexing.BinaryIndexer::indexDocument (1142 bytes)
Event: 22.394 Thread 0x0000024e7d19f2b0 7170       3       org.eclipse.jdt.internal.compiler.classfmt.ClassFileReader::isAnonymous (30 bytes)
Event: 22.394 Thread 0x0000024e7d19f2b0 nmethod 7170 0x0000024e000e7b90 code [0x0000024e000e7d40, 0x0000024e000e7fa8]
Event: 22.421 Thread 0x0000024e7d19f2b0 7178       3       org.eclipse.jdt.internal.core.search.indexing.BinaryIndexer::extractReferenceFromConstantPool (351 bytes)
Event: 22.424 Thread 0x0000024e7d19f2b0 nmethod 7178 0x0000024e00c06610 code [0x0000024e00c069a0, 0x0000024e00c08418]
Event: 22.431 Thread 0x0000024e7d19f2b0 7179       2       org.eclipse.jdt.internal.core.search.indexing.BinaryIndexer::addBinaryStandardAnnotations (238 bytes)
Event: 22.434 Thread 0x0000024e7d19f2b0 nmethod 7179 0x0000024e00c08e90 code [0x0000024e00c092e0, 0x0000024e00c0a108]
Event: 22.436 Thread 0x0000024e7d19f2b0 7180       3       org.eclipse.jdt.internal.core.search.indexing.BinaryIndexer::extractArgCount (316 bytes)
Event: 22.438 Thread 0x0000024e7d19f2b0 nmethod 7180 0x0000024e00c0ae90 code [0x0000024e00c0b0e0, 0x0000024e00c0bbf8]
Event: 22.481 Thread 0x0000024e7d19f2b0 7182       2       org.eclipse.jdt.internal.core.search.indexing.AbstractIndexer::addConstructorReference (58 bytes)
Event: 22.485 Thread 0x0000024e7d19f2b0 nmethod 7182 0x0000024e00c0bf90 code [0x0000024e00c0c360, 0x0000024e00c0d138]
Event: 22.511 Thread 0x0000024e7d19f2b0 7184       2       org.eclipse.jdt.internal.compiler.classfmt.AnnotationInfo::decodeDefaultValue (871 bytes)
Event: 22.515 Thread 0x0000024e7d19f2b0 nmethod 7184 0x0000024e00c0dd10 code [0x0000024e00c0e140, 0x0000024e00c0f838]

GC Heap History (20 events):
Event: 16.368 GC heap before
{Heap before GC invocations=24 (full 2):
 PSYoungGen      total 24576K, used 24512K [0x00000000eab00000, 0x00000000ec580000, 0x0000000100000000)
  eden space 22016K, 100% used [0x00000000eab00000,0x00000000ec080000,0x00000000ec080000)
  from space 2560K, 97% used [0x00000000ec080000,0x00000000ec2f0010,0x00000000ec300000)
  to   space 2560K, 0% used [0x00000000ec300000,0x00000000ec300000,0x00000000ec580000)
 ParOldGen       total 68608K, used 29637K [0x00000000c0000000, 0x00000000c4300000, 0x00000000eab00000)
  object space 68608K, 43% used [0x00000000c0000000,0x00000000c1cf14f8,0x00000000c4300000)
 Metaspace       used 53157K, committed 54016K, reserved 1114112K
  class space    used 5705K, committed 6080K, reserved 1048576K
}
Event: 16.373 GC heap after
{Heap after GC invocations=24 (full 2):
 PSYoungGen      total 24576K, used 2144K [0x00000000eab00000, 0x00000000ec580000, 0x0000000100000000)
  eden space 22016K, 0% used [0x00000000eab00000,0x00000000eab00000,0x00000000ec080000)
  from space 2560K, 83% used [0x00000000ec300000,0x00000000ec518000,0x00000000ec580000)
  to   space 2560K, 0% used [0x00000000ec080000,0x00000000ec080000,0x00000000ec300000)
 ParOldGen       total 68608K, used 32019K [0x00000000c0000000, 0x00000000c4300000, 0x00000000eab00000)
  object space 68608K, 46% used [0x00000000c0000000,0x00000000c1f44d88,0x00000000c4300000)
 Metaspace       used 53157K, committed 54016K, reserved 1114112K
  class space    used 5705K, committed 6080K, reserved 1048576K
}
Event: 16.932 GC heap before
{Heap before GC invocations=25 (full 2):
 PSYoungGen      total 24576K, used 24160K [0x00000000eab00000, 0x00000000ec580000, 0x0000000100000000)
  eden space 22016K, 100% used [0x00000000eab00000,0x00000000ec080000,0x00000000ec080000)
  from space 2560K, 83% used [0x00000000ec300000,0x00000000ec518000,0x00000000ec580000)
  to   space 2560K, 0% used [0x00000000ec080000,0x00000000ec080000,0x00000000ec300000)
 ParOldGen       total 68608K, used 32019K [0x00000000c0000000, 0x00000000c4300000, 0x00000000eab00000)
  object space 68608K, 46% used [0x00000000c0000000,0x00000000c1f44d88,0x00000000c4300000)
 Metaspace       used 53442K, committed 54464K, reserved 1114112K
  class space    used 5727K, committed 6144K, reserved 1048576K
}
Event: 16.937 GC heap after
{Heap after GC invocations=25 (full 2):
 PSYoungGen      total 24576K, used 2556K [0x00000000eab00000, 0x00000000ecb80000, 0x0000000100000000)
  eden space 22016K, 0% used [0x00000000eab00000,0x00000000eab00000,0x00000000ec080000)
  from space 2560K, 99% used [0x00000000ec080000,0x00000000ec2ff0e0,0x00000000ec300000)
  to   space 5632K, 0% used [0x00000000ec600000,0x00000000ec600000,0x00000000ecb80000)
 ParOldGen       total 68608K, used 34393K [0x00000000c0000000, 0x00000000c4300000, 0x00000000eab00000)
  object space 68608K, 50% used [0x00000000c0000000,0x00000000c2196550,0x00000000c4300000)
 Metaspace       used 53442K, committed 54464K, reserved 1114112K
  class space    used 5727K, committed 6144K, reserved 1048576K
}
Event: 17.320 GC heap before
{Heap before GC invocations=26 (full 2):
 PSYoungGen      total 24576K, used 24572K [0x00000000eab00000, 0x00000000ecb80000, 0x0000000100000000)
  eden space 22016K, 100% used [0x00000000eab00000,0x00000000ec080000,0x00000000ec080000)
  from space 2560K, 99% used [0x00000000ec080000,0x00000000ec2ff0e0,0x00000000ec300000)
  to   space 5632K, 0% used [0x00000000ec600000,0x00000000ec600000,0x00000000ecb80000)
 ParOldGen       total 68608K, used 34393K [0x00000000c0000000, 0x00000000c4300000, 0x00000000eab00000)
  object space 68608K, 50% used [0x00000000c0000000,0x00000000c2196550,0x00000000c4300000)
 Metaspace       used 53534K, committed 54528K, reserved 1114112K
  class space    used 5730K, committed 6144K, reserved 1048576K
}
Event: 17.325 GC heap after
{Heap after GC invocations=26 (full 2):
 PSYoungGen      total 25088K, used 2622K [0x00000000eab00000, 0x00000000ec900000, 0x0000000100000000)
  eden space 22016K, 0% used [0x00000000eab00000,0x00000000eab00000,0x00000000ec080000)
  from space 3072K, 85% used [0x00000000ec600000,0x00000000ec88f9f0,0x00000000ec900000)
  to   space 3584K, 0% used [0x00000000ec200000,0x00000000ec200000,0x00000000ec580000)
 ParOldGen       total 68608K, used 36861K [0x00000000c0000000, 0x00000000c4300000, 0x00000000eab00000)
  object space 68608K, 53% used [0x00000000c0000000,0x00000000c23ff7c0,0x00000000c4300000)
 Metaspace       used 53534K, committed 54528K, reserved 1114112K
  class space    used 5730K, committed 6144K, reserved 1048576K
}
Event: 17.751 GC heap before
{Heap before GC invocations=27 (full 2):
 PSYoungGen      total 25088K, used 24638K [0x00000000eab00000, 0x00000000ec900000, 0x0000000100000000)
  eden space 22016K, 100% used [0x00000000eab00000,0x00000000ec080000,0x00000000ec080000)
  from space 3072K, 85% used [0x00000000ec600000,0x00000000ec88f9f0,0x00000000ec900000)
  to   space 3584K, 0% used [0x00000000ec200000,0x00000000ec200000,0x00000000ec580000)
 ParOldGen       total 68608K, used 36861K [0x00000000c0000000, 0x00000000c4300000, 0x00000000eab00000)
  object space 68608K, 53% used [0x00000000c0000000,0x00000000c23ff7c0,0x00000000c4300000)
 Metaspace       used 53643K, committed 54592K, reserved 1114112K
  class space    used 5733K, committed 6144K, reserved 1048576K
}
Event: 17.755 GC heap after
{Heap after GC invocations=27 (full 2):
 PSYoungGen      total 25088K, used 2741K [0x00000000eab00000, 0x00000000ec680000, 0x0000000100000000)
  eden space 22016K, 0% used [0x00000000eab00000,0x00000000eab00000,0x00000000ec080000)
  from space 3072K, 89% used [0x00000000ec200000,0x00000000ec4ad698,0x00000000ec500000)
  to   space 1536K, 0% used [0x00000000ec500000,0x00000000ec500000,0x00000000ec680000)
 ParOldGen       total 68608K, used 38955K [0x00000000c0000000, 0x00000000c4300000, 0x00000000eab00000)
  object space 68608K, 56% used [0x00000000c0000000,0x00000000c260ae88,0x00000000c4300000)
 Metaspace       used 53643K, committed 54592K, reserved 1114112K
  class space    used 5733K, committed 6144K, reserved 1048576K
}
Event: 18.167 GC heap before
{Heap before GC invocations=28 (full 2):
 PSYoungGen      total 25088K, used 24757K [0x00000000eab00000, 0x00000000ec680000, 0x0000000100000000)
  eden space 22016K, 100% used [0x00000000eab00000,0x00000000ec080000,0x00000000ec080000)
  from space 3072K, 89% used [0x00000000ec200000,0x00000000ec4ad698,0x00000000ec500000)
  to   space 1536K, 0% used [0x00000000ec500000,0x00000000ec500000,0x00000000ec680000)
 ParOldGen       total 68608K, used 38955K [0x00000000c0000000, 0x00000000c4300000, 0x00000000eab00000)
  object space 68608K, 56% used [0x00000000c0000000,0x00000000c260ae88,0x00000000c4300000)
 Metaspace       used 53712K, committed 54720K, reserved 1114112K
  class space    used 5733K, committed 6144K, reserved 1048576K
}
Event: 18.172 GC heap after
{Heap after GC invocations=28 (full 2):
 PSYoungGen      total 20992K, used 1521K [0x00000000eab00000, 0x00000000ece80000, 0x0000000100000000)
  eden space 19456K, 0% used [0x00000000eab00000,0x00000000eab00000,0x00000000ebe00000)
  from space 1536K, 99% used [0x00000000ec500000,0x00000000ec67c450,0x00000000ec680000)
  to   space 7168K, 0% used [0x00000000ebe00000,0x00000000ebe00000,0x00000000ec500000)
 ParOldGen       total 68608K, used 43820K [0x00000000c0000000, 0x00000000c4300000, 0x00000000eab00000)
  object space 68608K, 63% used [0x00000000c0000000,0x00000000c2acb2a8,0x00000000c4300000)
 Metaspace       used 53712K, committed 54720K, reserved 1114112K
  class space    used 5733K, committed 6144K, reserved 1048576K
}
Event: 18.626 GC heap before
{Heap before GC invocations=29 (full 2):
 PSYoungGen      total 20992K, used 20977K [0x00000000eab00000, 0x00000000ece80000, 0x0000000100000000)
  eden space 19456K, 100% used [0x00000000eab00000,0x00000000ebe00000,0x00000000ebe00000)
  from space 1536K, 99% used [0x00000000ec500000,0x00000000ec67c450,0x00000000ec680000)
  to   space 7168K, 0% used [0x00000000ebe00000,0x00000000ebe00000,0x00000000ec500000)
 ParOldGen       total 68608K, used 43820K [0x00000000c0000000, 0x00000000c4300000, 0x00000000eab00000)
  object space 68608K, 63% used [0x00000000c0000000,0x00000000c2acb2a8,0x00000000c4300000)
 Metaspace       used 53736K, committed 54720K, reserved 1114112K
  class space    used 5733K, committed 6144K, reserved 1048576K
}
Event: 18.629 GC heap after
{Heap after GC invocations=29 (full 2):
 PSYoungGen      total 22528K, used 2805K [0x00000000eab00000, 0x00000000ec600000, 0x0000000100000000)
  eden space 19456K, 0% used [0x00000000eab00000,0x00000000eab00000,0x00000000ebe00000)
  from space 3072K, 91% used [0x00000000ebe00000,0x00000000ec0bd738,0x00000000ec100000)
  to   space 4096K, 0% used [0x00000000ec200000,0x00000000ec200000,0x00000000ec600000)
 ParOldGen       total 68608K, used 45300K [0x00000000c0000000, 0x00000000c4300000, 0x00000000eab00000)
  object space 68608K, 66% used [0x00000000c0000000,0x00000000c2c3d0b8,0x00000000c4300000)
 Metaspace       used 53736K, committed 54720K, reserved 1114112K
  class space    used 5733K, committed 6144K, reserved 1048576K
}
Event: 19.552 GC heap before
{Heap before GC invocations=30 (full 2):
 PSYoungGen      total 22528K, used 22261K [0x00000000eab00000, 0x00000000ec600000, 0x0000000100000000)
  eden space 19456K, 100% used [0x00000000eab00000,0x00000000ebe00000,0x00000000ebe00000)
  from space 3072K, 91% used [0x00000000ebe00000,0x00000000ec0bd738,0x00000000ec100000)
  to   space 4096K, 0% used [0x00000000ec200000,0x00000000ec200000,0x00000000ec600000)
 ParOldGen       total 68608K, used 45300K [0x00000000c0000000, 0x00000000c4300000, 0x00000000eab00000)
  object space 68608K, 66% used [0x00000000c0000000,0x00000000c2c3d0b8,0x00000000c4300000)
 Metaspace       used 53793K, committed 54784K, reserved 1114112K
  class space    used 5742K, committed 6144K, reserved 1048576K
}
Event: 19.557 GC heap after
{Heap after GC invocations=30 (full 2):
 PSYoungGen      total 19456K, used 4075K [0x00000000eab00000, 0x00000000ece00000, 0x0000000100000000)
  eden space 15360K, 0% used [0x00000000eab00000,0x00000000eab00000,0x00000000eba00000)
  from space 4096K, 99% used [0x00000000ec200000,0x00000000ec5faca8,0x00000000ec600000)
  to   space 8192K, 0% used [0x00000000eba00000,0x00000000eba00000,0x00000000ec200000)
 ParOldGen       total 68608K, used 48390K [0x00000000c0000000, 0x00000000c4300000, 0x00000000eab00000)
  object space 68608K, 70% used [0x00000000c0000000,0x00000000c2f419c8,0x00000000c4300000)
 Metaspace       used 53793K, committed 54784K, reserved 1114112K
  class space    used 5742K, committed 6144K, reserved 1048576K
}
Event: 20.850 GC heap before
{Heap before GC invocations=31 (full 2):
 PSYoungGen      total 19456K, used 19435K [0x00000000eab00000, 0x00000000ece00000, 0x0000000100000000)
  eden space 15360K, 100% used [0x00000000eab00000,0x00000000eba00000,0x00000000eba00000)
  from space 4096K, 99% used [0x00000000ec200000,0x00000000ec5faca8,0x00000000ec600000)
  to   space 8192K, 0% used [0x00000000eba00000,0x00000000eba00000,0x00000000ec200000)
 ParOldGen       total 68608K, used 48390K [0x00000000c0000000, 0x00000000c4300000, 0x00000000eab00000)
  object space 68608K, 70% used [0x00000000c0000000,0x00000000c2f419c8,0x00000000c4300000)
 Metaspace       used 53800K, committed 54784K, reserved 1114112K
  class space    used 5743K, committed 6144K, reserved 1048576K
}
Event: 20.857 GC heap after
{Heap after GC invocations=31 (full 2):
 PSYoungGen      total 18944K, used 3481K [0x00000000eab00000, 0x00000000ec400000, 0x0000000100000000)
  eden space 15360K, 0% used [0x00000000eab00000,0x00000000eab00000,0x00000000eba00000)
  from space 3584K, 97% used [0x00000000eba00000,0x00000000ebd667f0,0x00000000ebd80000)
  to   space 5120K, 0% used [0x00000000ebf00000,0x00000000ebf00000,0x00000000ec400000)
 ParOldGen       total 68608K, used 52459K [0x00000000c0000000, 0x00000000c4300000, 0x00000000eab00000)
  object space 68608K, 76% used [0x00000000c0000000,0x00000000c333af10,0x00000000c4300000)
 Metaspace       used 53800K, committed 54784K, reserved 1114112K
  class space    used 5743K, committed 6144K, reserved 1048576K
}
Event: 21.432 GC heap before
{Heap before GC invocations=32 (full 2):
 PSYoungGen      total 18944K, used 18841K [0x00000000eab00000, 0x00000000ec400000, 0x0000000100000000)
  eden space 15360K, 100% used [0x00000000eab00000,0x00000000eba00000,0x00000000eba00000)
  from space 3584K, 97% used [0x00000000eba00000,0x00000000ebd667f0,0x00000000ebd80000)
  to   space 5120K, 0% used [0x00000000ebf00000,0x00000000ebf00000,0x00000000ec400000)
 ParOldGen       total 68608K, used 52459K [0x00000000c0000000, 0x00000000c4300000, 0x00000000eab00000)
  object space 68608K, 76% used [0x00000000c0000000,0x00000000c333af10,0x00000000c4300000)
 Metaspace       used 53805K, committed 54784K, reserved 1114112K
  class space    used 5743K, committed 6144K, reserved 1048576K
}
Event: 21.437 GC heap after
{Heap after GC invocations=32 (full 2):
 PSYoungGen      total 18944K, used 3466K [0x00000000eab00000, 0x00000000ec280000, 0x0000000100000000)
  eden space 15360K, 0% used [0x00000000eab00000,0x00000000eab00000,0x00000000eba00000)
  from space 3584K, 96% used [0x00000000ebf00000,0x00000000ec2629a0,0x00000000ec280000)
  to   space 4096K, 0% used [0x00000000eba80000,0x00000000eba80000,0x00000000ebe80000)
 ParOldGen       total 68608K, used 55770K [0x00000000c0000000, 0x00000000c4300000, 0x00000000eab00000)
  object space 68608K, 81% used [0x00000000c0000000,0x00000000c3676b18,0x00000000c4300000)
 Metaspace       used 53805K, committed 54784K, reserved 1114112K
  class space    used 5743K, committed 6144K, reserved 1048576K
}
Event: 22.184 GC heap before
{Heap before GC invocations=33 (full 2):
 PSYoungGen      total 18944K, used 18826K [0x00000000eab00000, 0x00000000ec280000, 0x0000000100000000)
  eden space 15360K, 100% used [0x00000000eab00000,0x00000000eba00000,0x00000000eba00000)
  from space 3584K, 96% used [0x00000000ebf00000,0x00000000ec2629a0,0x00000000ec280000)
  to   space 4096K, 0% used [0x00000000eba80000,0x00000000eba80000,0x00000000ebe80000)
 ParOldGen       total 68608K, used 55770K [0x00000000c0000000, 0x00000000c4300000, 0x00000000eab00000)
  object space 68608K, 81% used [0x00000000c0000000,0x00000000c3676b18,0x00000000c4300000)
 Metaspace       used 53826K, committed 54784K, reserved 1114112K
  class space    used 5747K, committed 6144K, reserved 1048576K
}
Event: 22.189 GC heap after
{Heap after GC invocations=33 (full 2):
 PSYoungGen      total 18944K, used 3358K [0x00000000eab00000, 0x00000000ec100000, 0x0000000100000000)
  eden space 15360K, 0% used [0x00000000eab00000,0x00000000eab00000,0x00000000eba00000)
  from space 3584K, 93% used [0x00000000eba80000,0x00000000ebdc7be8,0x00000000ebe00000)
  to   space 3072K, 0% used [0x00000000ebe00000,0x00000000ebe00000,0x00000000ec100000)
 ParOldGen       total 68608K, used 59157K [0x00000000c0000000, 0x00000000c4300000, 0x00000000eab00000)
  object space 68608K, 86% used [0x00000000c0000000,0x00000000c39c5488,0x00000000c4300000)
 Metaspace       used 53826K, committed 54784K, reserved 1114112K
  class space    used 5747K, committed 6144K, reserved 1048576K
}

Dll operation events (10 events):
Event: 0.022 Loaded shared library c:\Users\Alizha\.vscode\extensions\redhat.java-1.25.1-win32-x64\jre\17.0.9-win32-x86_64\bin\java.dll
Event: 0.722 Loaded shared library c:\Users\Alizha\.vscode\extensions\redhat.java-1.25.1-win32-x64\jre\17.0.9-win32-x86_64\bin\zip.dll
Event: 0.762 Loaded shared library C:\Users\Alizha\.vscode\extensions\redhat.java-1.25.1-win32-x64\jre\17.0.9-win32-x86_64\bin\instrument.dll
Event: 0.801 Loaded shared library C:\Users\Alizha\.vscode\extensions\redhat.java-1.25.1-win32-x64\jre\17.0.9-win32-x86_64\bin\net.dll
Event: 0.835 Loaded shared library C:\Users\Alizha\.vscode\extensions\redhat.java-1.25.1-win32-x64\jre\17.0.9-win32-x86_64\bin\nio.dll
Event: 0.849 Loaded shared library C:\Users\Alizha\.vscode\extensions\redhat.java-1.25.1-win32-x64\jre\17.0.9-win32-x86_64\bin\zip.dll
Event: 0.901 Loaded shared library C:\Users\Alizha\.vscode\extensions\redhat.java-1.25.1-win32-x64\jre\17.0.9-win32-x86_64\bin\jimage.dll
Event: 1.076 Loaded shared library c:\Users\Alizha\.vscode\extensions\redhat.java-1.25.1-win32-x64\jre\17.0.9-win32-x86_64\bin\verify.dll
Event: 3.865 Loaded shared library C:\Users\Alizha\AppData\Roaming\Code\User\globalStorage\redhat.java\1.25.1\config_win\org.eclipse.equinox.launcher\org.eclipse.equinox.launcher.win32.win32.x86_64_1.2.800.v20231003-1442\eclipse_11802.dll
Event: 11.103 Loaded shared library C:\Users\Alizha\AppData\Local\Temp\jna-1963883701\jna14432691585891335798.dll

Deoptimization events (20 events):
Event: 22.420 Thread 0x0000024e137cfa50 Uncommon trap: trap_request=0xffffff45 fr.pc=0x0000024e07d4ed4c relative=0x0000000000002fec
Event: 22.420 Thread 0x0000024e137cfa50 Uncommon trap: reason=unstable_if action=reinterpret pc=0x0000024e07d4ed4c method=org.eclipse.jdt.internal.core.search.indexing.BinaryIndexer.extractArgCount([C[CZ)I @ 247 c2
Event: 22.420 Thread 0x0000024e137cfa50 DEOPT PACKING pc=0x0000024e07d4ed4c sp=0x000000b2829feb70
Event: 22.420 Thread 0x0000024e137cfa50 DEOPT UNPACKING pc=0x0000024e075866a3 sp=0x000000b2829feaa8 mode 2
Event: 22.427 Thread 0x0000024e137cfa50 Uncommon trap: trap_request=0xffffff45 fr.pc=0x0000024e07d4b1e0 relative=0x0000000000000540
Event: 22.427 Thread 0x0000024e137cfa50 Uncommon trap: reason=unstable_if action=reinterpret pc=0x0000024e07d4b1e0 method=org.eclipse.jdt.internal.core.search.indexing.BinaryIndexer.extractArgCount([C[CZ)I @ 247 c2
Event: 22.427 Thread 0x0000024e137cfa50 DEOPT PACKING pc=0x0000024e07d4b1e0 sp=0x000000b2829fea90
Event: 22.427 Thread 0x0000024e137cfa50 DEOPT UNPACKING pc=0x0000024e075866a3 sp=0x000000b2829fe9e8 mode 2
Event: 22.431 Thread 0x0000024e137cfa50 DEOPT PACKING pc=0x0000024e009a3246 sp=0x000000b2829fe8b0
Event: 22.431 Thread 0x0000024e137cfa50 DEOPT UNPACKING pc=0x0000024e07586e43 sp=0x000000b2829fdd38 mode 0
Event: 22.481 Thread 0x0000024e137cfa50 DEOPT PACKING pc=0x0000024e00014134 sp=0x000000b2829fe9d0
Event: 22.481 Thread 0x0000024e137cfa50 DEOPT UNPACKING pc=0x0000024e07586e43 sp=0x000000b2829fde38 mode 0
Event: 22.488 Thread 0x0000024e137cfa50 DEOPT PACKING pc=0x0000024e00b22fce sp=0x000000b2829fea10
Event: 22.488 Thread 0x0000024e137cfa50 DEOPT UNPACKING pc=0x0000024e07586e43 sp=0x000000b2829fde88 mode 0
Event: 22.489 Thread 0x0000024e137cfa50 DEOPT PACKING pc=0x0000024e009a3246 sp=0x000000b2829fea10
Event: 22.489 Thread 0x0000024e137cfa50 DEOPT UNPACKING pc=0x0000024e07586e43 sp=0x000000b2829fde98 mode 0
Event: 22.493 Thread 0x0000024e137cfa50 DEOPT PACKING pc=0x0000024e00c07f93 sp=0x000000b2829feae0
Event: 22.493 Thread 0x0000024e137cfa50 DEOPT UNPACKING pc=0x0000024e07586e43 sp=0x000000b2829fe060 mode 0
Event: 22.531 Thread 0x0000024e137cfa50 DEOPT PACKING pc=0x0000024e00c081b8 sp=0x000000b2829fe910
Event: 22.531 Thread 0x0000024e137cfa50 DEOPT UNPACKING pc=0x0000024e07586e43 sp=0x000000b2829fde78 mode 0

Classes unloaded (7 events):
Event: 9.862 Thread 0x0000024e75342210 Unloading class 0x0000000100254000 'java/lang/invoke/LambdaForm$MH+0x0000000100254000'
Event: 9.862 Thread 0x0000024e75342210 Unloading class 0x0000000100253c00 'java/lang/invoke/LambdaForm$MH+0x0000000100253c00'
Event: 9.863 Thread 0x0000024e75342210 Unloading class 0x0000000100253800 'java/lang/invoke/LambdaForm$MH+0x0000000100253800'
Event: 9.863 Thread 0x0000024e75342210 Unloading class 0x0000000100253400 'java/lang/invoke/LambdaForm$MH+0x0000000100253400'
Event: 9.863 Thread 0x0000024e75342210 Unloading class 0x0000000100253000 'java/lang/invoke/LambdaForm$BMH+0x0000000100253000'
Event: 9.863 Thread 0x0000024e75342210 Unloading class 0x0000000100252c00 'java/lang/invoke/LambdaForm$DMH+0x0000000100252c00'
Event: 9.863 Thread 0x0000024e75342210 Unloading class 0x0000000100250000 'java/lang/invoke/LambdaForm$DMH+0x0000000100250000'

Classes redefined (0 events):
No events

Internal exceptions (20 events):
Event: 15.339 Thread 0x0000024e137cf540 Exception <a 'sun/nio/fs/WindowsException'{0x00000000eae500f0}> (0x00000000eae500f0) 
thrown [s\src\hotspot\share\prims\jni.cpp, line 516]
Event: 15.340 Thread 0x0000024e137cf540 Exception <a 'sun/nio/fs/WindowsException'{0x00000000eae53700}> (0x00000000eae53700) 
thrown [s\src\hotspot\share\prims\jni.cpp, line 516]
Event: 15.343 Thread 0x0000024e137cf540 Exception <a 'sun/nio/fs/WindowsException'{0x00000000eae56f48}> (0x00000000eae56f48) 
thrown [s\src\hotspot\share\prims\jni.cpp, line 516]
Event: 15.350 Thread 0x0000024e137cf540 Exception <a 'java/io/IOException'{0x00000000eae6d8e8}> (0x00000000eae6d8e8) 
thrown [s\src\hotspot\share\prims\jni.cpp, line 516]
Event: 15.350 Thread 0x0000024e137cf540 Exception <a 'java/io/IOException'{0x00000000eae6dbf8}> (0x00000000eae6dbf8) 
thrown [s\src\hotspot\share\prims\jni.cpp, line 516]
Event: 15.350 Thread 0x0000024e137cf540 Exception <a 'java/io/IOException'{0x00000000eae6df08}> (0x00000000eae6df08) 
thrown [s\src\hotspot\share\prims\jni.cpp, line 516]
Event: 15.398 Thread 0x0000024e137cf540 Exception <a 'java/lang/NoSuchMethodError'{0x00000000eae7c2a8}: 'void java.lang.invoke.DirectMethodHandle$Holder.invokeStatic(java.lang.Object, long)'> (0x00000000eae7c2a8) 
thrown [s\src\hotspot\share\interpreter\linkResolver.cpp, line 759]
Event: 15.399 Thread 0x0000024e137cf540 Exception <a 'java/lang/NoSuchMethodError'{0x00000000eae81650}: 'java.lang.Object java.lang.invoke.DirectMethodHandle$Holder.newInvokeSpecial(java.lang.Object, long)'> (0x00000000eae81650) 
thrown [s\src\hotspot\share\interpreter\linkResolver.cpp, line 759]
Event: 16.140 Thread 0x0000024e137ceb20 Exception <a 'java/io/FileNotFoundException'{0x00000000eb9e6e58}> (0x00000000eb9e6e58) 
thrown [s\src\hotspot\share\prims\jni.cpp, line 516]
Event: 17.197 Thread 0x0000024e137cfa50 Implicit null exception at 0x0000024e07cc602c to 0x0000024e07cc6130
Event: 17.426 Thread 0x0000024e137ceb20 Exception <a 'java/io/FileNotFoundException'{0x00000000eb4b5f48}> (0x00000000eb4b5f48) 
thrown [s\src\hotspot\share\prims\jni.cpp, line 516]
Event: 17.448 Thread 0x0000024e137ceb20 Exception <a 'java/lang/NoSuchMethodError'{0x00000000eb4d1290}: 'int java.lang.invoke.DirectMethodHandle$Holder.invokeVirtual(java.lang.Object, java.lang.Object, java.lang.Object)'> (0x00000000eb4d1290) 
thrown [s\src\hotspot\share\interpreter\linkResolver.cpp, line 759]
Event: 18.638 Thread 0x0000024e137ceb20 Exception <a 'java/io/FileNotFoundException'{0x00000000eabf73e8}> (0x00000000eabf73e8) 
thrown [s\src\hotspot\share\prims\jni.cpp, line 516]
Event: 18.639 Thread 0x0000024e137ceb20 Exception <a 'java/io/FileNotFoundException'{0x00000000eabf8408}> (0x00000000eabf8408) 
thrown [s\src\hotspot\share\prims\jni.cpp, line 516]
Event: 21.973 Thread 0x0000024e7edadce0 Exception <a 'java/io/IOException'{0x00000000eb17d888}> (0x00000000eb17d888) 
thrown [s\src\hotspot\share\prims\jni.cpp, line 516]
Event: 21.973 Thread 0x0000024e7edadce0 Exception <a 'java/io/IOException'{0x00000000eb17db98}> (0x00000000eb17db98) 
thrown [s\src\hotspot\share\prims\jni.cpp, line 516]
Event: 21.973 Thread 0x0000024e7edadce0 Exception <a 'java/io/IOException'{0x00000000eb17dea8}> (0x00000000eb17dea8) 
thrown [s\src\hotspot\share\prims\jni.cpp, line 516]
Event: 21.974 Thread 0x0000024e7edadce0 Exception <a 'java/io/IOException'{0x00000000eb17f960}> (0x00000000eb17f960) 
thrown [s\src\hotspot\share\prims\jni.cpp, line 516]
Event: 21.974 Thread 0x0000024e7edadce0 Exception <a 'java/io/IOException'{0x00000000eb17fc70}> (0x00000000eb17fc70) 
thrown [s\src\hotspot\share\prims\jni.cpp, line 516]
Event: 21.974 Thread 0x0000024e7edadce0 Exception <a 'java/io/IOException'{0x00000000eb17ff80}> (0x00000000eb17ff80) 
thrown [s\src\hotspot\share\prims\jni.cpp, line 516]

VM Operations (20 events):
Event: 16.932 Executing VM operation: ParallelGCFailedAllocation
Event: 16.937 Executing VM operation: ParallelGCFailedAllocation done
Event: 17.320 Executing VM operation: ParallelGCFailedAllocation
Event: 17.326 Executing VM operation: ParallelGCFailedAllocation done
Event: 17.751 Executing VM operation: ParallelGCFailedAllocation
Event: 17.755 Executing VM operation: ParallelGCFailedAllocation done
Event: 18.166 Executing VM operation: ParallelGCFailedAllocation
Event: 18.173 Executing VM operation: ParallelGCFailedAllocation done
Event: 18.625 Executing VM operation: ParallelGCFailedAllocation
Event: 18.629 Executing VM operation: ParallelGCFailedAllocation done
Event: 19.552 Executing VM operation: ParallelGCFailedAllocation
Event: 19.557 Executing VM operation: ParallelGCFailedAllocation done
Event: 20.572 Executing VM operation: Cleanup
Event: 20.588 Executing VM operation: Cleanup done
Event: 20.850 Executing VM operation: ParallelGCFailedAllocation
Event: 20.858 Executing VM operation: ParallelGCFailedAllocation done
Event: 21.432 Executing VM operation: ParallelGCFailedAllocation
Event: 21.437 Executing VM operation: ParallelGCFailedAllocation done
Event: 22.184 Executing VM operation: ParallelGCFailedAllocation
Event: 22.189 Executing VM operation: ParallelGCFailedAllocation done

Events (20 events):
Event: 15.403 loading class jdk/internal/event/ProcessStartEvent done
Event: 15.466 Thread 0x0000024e7edadce0 Thread added: 0x0000024e7edadce0
Event: 15.483 loading class java/util/concurrent/CompletableFuture$Signaller
Event: 15.485 loading class java/util/concurrent/CompletableFuture$Signaller done
Event: 15.485 loading class java/util/concurrent/ForkJoinTask$Aux
Event: 15.486 loading class java/util/concurrent/ForkJoinTask$Aux done
Event: 16.228 loading class java/lang/invoke/BoundMethodHandle$Species_LLLLLLLLLL
Event: 16.228 loading class java/lang/invoke/BoundMethodHandle$Species_LLLLLLLLLL done
Event: 16.232 loading class java/lang/invoke/BoundMethodHandle$Species_LLLLLLLLLLL
Event: 16.232 loading class java/lang/invoke/BoundMethodHandle$Species_LLLLLLLLLLL done
Event: 16.236 loading class java/lang/invoke/BoundMethodHandle$Species_LLLLLLLLLLLL
Event: 16.236 loading class java/lang/invoke/BoundMethodHandle$Species_LLLLLLLLLLLL done
Event: 16.238 loading class java/lang/invoke/BoundMethodHandle$Species_LLLLLLLLLLLLL
Event: 16.238 loading class java/lang/invoke/BoundMethodHandle$Species_LLLLLLLLLLLLL done
Event: 17.431 Thread 0x0000024e7edaf630 Thread added: 0x0000024e7edaf630
Event: 17.461 loading class java/util/zip/ZipError
Event: 17.461 loading class java/util/zip/ZipError done
Event: 17.504 Thread 0x0000024e7edaaf50 Thread added: 0x0000024e7edaaf50
Event: 18.635 loading class java/util/WeakHashMap$KeyIterator
Event: 18.635 loading class java/util/WeakHashMap$KeyIterator done


Dynamic libraries:
0x00007ff7af120000 - 0x00007ff7af12e000 	c:\Users\Alizha\.vscode\extensions\redhat.java-1.25.1-win32-x64\jre\17.0.9-win32-x86_64\bin\java.exe
0x00007ff950450000 - 0x00007ff950667000 	C:\WINDOWS\SYSTEM32\ntdll.dll
0x00007ff94e980000 - 0x00007ff94ea44000 	C:\WINDOWS\System32\KERNEL32.DLL
0x00007ff94d9d0000 - 0x00007ff94dd75000 	C:\WINDOWS\System32\KERNELBASE.dll
0x00007ff94a550000 - 0x00007ff94a5e7000 	C:\WINDOWS\SYSTEM32\apphelp.dll
0x00007ff94de00000 - 0x00007ff94df11000 	C:\WINDOWS\System32\ucrtbase.dll
0x00007ff920480000 - 0x00007ff920497000 	c:\Users\Alizha\.vscode\extensions\redhat.java-1.25.1-win32-x64\jre\17.0.9-win32-x86_64\bin\jli.dll
0x00007ff94edf0000 - 0x00007ff94ef9e000 	C:\WINDOWS\System32\USER32.dll
0x00007ff94d7c0000 - 0x00007ff94d7e6000 	C:\WINDOWS\System32\win32u.dll
0x00007ff9503e0000 - 0x00007ff950409000 	C:\WINDOWS\System32\GDI32.dll
0x00007ff94e080000 - 0x00007ff94e199000 	C:\WINDOWS\System32\gdi32full.dll
0x00007ff94dfe0000 - 0x00007ff94e07a000 	C:\WINDOWS\System32\msvcp_win.dll
0x00007ff9242d0000 - 0x00007ff9242eb000 	c:\Users\Alizha\.vscode\extensions\redhat.java-1.25.1-win32-x64\jre\17.0.9-win32-x86_64\bin\VCRUNTIME140.dll
0x00007ff930830000 - 0x00007ff930ac3000 	C:\WINDOWS\WinSxS\amd64_microsoft.windows.common-controls_6595b64144ccf1df_6.0.22621.2506_none_270c5ae97388e100\COMCTL32.dll
0x00007ff94fda0000 - 0x00007ff94fe47000 	C:\WINDOWS\System32\msvcrt.dll
0x00007ff94f490000 - 0x00007ff94f4c1000 	C:\WINDOWS\System32\IMM32.DLL
0x00007ff940890000 - 0x00007ff94089c000 	c:\Users\Alizha\.vscode\extensions\redhat.java-1.25.1-win32-x64\jre\17.0.9-win32-x86_64\bin\vcruntime140_1.dll
0x00007ff90be50000 - 0x00007ff90bedd000 	c:\Users\Alizha\.vscode\extensions\redhat.java-1.25.1-win32-x64\jre\17.0.9-win32-x86_64\bin\msvcp140.dll
0x00007ff8bd400000 - 0x00007ff8be061000 	c:\Users\Alizha\.vscode\extensions\redhat.java-1.25.1-win32-x64\jre\17.0.9-win32-x86_64\bin\server\jvm.dll
0x00007ff94f320000 - 0x00007ff94f3d1000 	C:\WINDOWS\System32\ADVAPI32.dll
0x00007ff94f3e0000 - 0x00007ff94f486000 	C:\WINDOWS\System32\sechost.dll
0x00007ff94ecd0000 - 0x00007ff94ede7000 	C:\WINDOWS\System32\RPCRT4.dll
0x00007ff94d5e0000 - 0x00007ff94d62d000 	C:\WINDOWS\SYSTEM32\POWRPROF.dll
0x00007ff9256b0000 - 0x00007ff9256b9000 	C:\WINDOWS\SYSTEM32\WSOCK32.dll
0x00007ff94ec50000 - 0x00007ff94ecc1000 	C:\WINDOWS\System32\WS2_32.dll
0x00007ff9454c0000 - 0x00007ff9454f4000 	C:\WINDOWS\SYSTEM32\WINMM.dll
0x00007ff943820000 - 0x00007ff94382a000 	C:\WINDOWS\SYSTEM32\VERSION.dll
0x00007ff94d4c0000 - 0x00007ff94d4d3000 	C:\WINDOWS\SYSTEM32\UMPDC.dll
0x00007ff94c730000 - 0x00007ff94c748000 	C:\WINDOWS\SYSTEM32\kernel.appcore.dll
0x00007ff93fe40000 - 0x00007ff93fe4a000 	c:\Users\Alizha\.vscode\extensions\redhat.java-1.25.1-win32-x64\jre\17.0.9-win32-x86_64\bin\jimage.dll
0x00007ff94b2c0000 - 0x00007ff94b4f3000 	C:\WINDOWS\SYSTEM32\DBGHELP.DLL
0x00007ff94fe50000 - 0x00007ff9501d9000 	C:\WINDOWS\System32\combase.dll
0x00007ff94e8a0000 - 0x00007ff94e977000 	C:\WINDOWS\System32\OLEAUT32.dll
0x00007ff938130000 - 0x00007ff938162000 	C:\WINDOWS\SYSTEM32\dbgcore.DLL
0x00007ff94dd80000 - 0x00007ff94ddfa000 	C:\WINDOWS\System32\bcryptPrimitives.dll
0x00007ff93cd60000 - 0x00007ff93cd6e000 	c:\Users\Alizha\.vscode\extensions\redhat.java-1.25.1-win32-x64\jre\17.0.9-win32-x86_64\bin\instrument.dll
0x00007ff91b9a0000 - 0x00007ff91b9c5000 	c:\Users\Alizha\.vscode\extensions\redhat.java-1.25.1-win32-x64\jre\17.0.9-win32-x86_64\bin\java.dll
0x00007ff91c4d0000 - 0x00007ff91c4e8000 	c:\Users\Alizha\.vscode\extensions\redhat.java-1.25.1-win32-x64\jre\17.0.9-win32-x86_64\bin\zip.dll
0x00007ff94f540000 - 0x00007ff94fd99000 	C:\WINDOWS\System32\SHELL32.dll
0x00007ff94b690000 - 0x00007ff94bf84000 	C:\WINDOWS\SYSTEM32\windows.storage.dll
0x00007ff94b550000 - 0x00007ff94b68e000 	C:\WINDOWS\SYSTEM32\wintypes.dll
0x00007ff94e7a0000 - 0x00007ff94e893000 	C:\WINDOWS\System32\SHCORE.dll
0x00007ff94e620000 - 0x00007ff94e67e000 	C:\WINDOWS\System32\shlwapi.dll
0x00007ff94d6f0000 - 0x00007ff94d716000 	C:\WINDOWS\SYSTEM32\profapi.dll
0x00007ff91aa90000 - 0x00007ff91aaa9000 	C:\Users\Alizha\.vscode\extensions\redhat.java-1.25.1-win32-x64\jre\17.0.9-win32-x86_64\bin\net.dll
0x00007ff947860000 - 0x00007ff947997000 	C:\WINDOWS\SYSTEM32\WINHTTP.dll
0x00007ff94cc40000 - 0x00007ff94cca9000 	C:\WINDOWS\system32\mswsock.dll
0x00007ff91aa20000 - 0x00007ff91aa36000 	C:\Users\Alizha\.vscode\extensions\redhat.java-1.25.1-win32-x64\jre\17.0.9-win32-x86_64\bin\nio.dll
0x00007ff935820000 - 0x00007ff935830000 	c:\Users\Alizha\.vscode\extensions\redhat.java-1.25.1-win32-x64\jre\17.0.9-win32-x86_64\bin\verify.dll
0x00007ff91bf90000 - 0x00007ff91bfce000 	C:\Users\Alizha\AppData\Roaming\Code\User\globalStorage\redhat.java\1.25.1\config_win\org.eclipse.equinox.launcher\org.eclipse.equinox.launcher.win32.win32.x86_64_1.2.800.v20231003-1442\eclipse_11802.dll
0x00007ff94f170000 - 0x00007ff94f310000 	C:\WINDOWS\System32\ole32.dll
0x00007ff94ce90000 - 0x00007ff94ceab000 	C:\WINDOWS\SYSTEM32\CRYPTSP.dll
0x00007ff94c6f0000 - 0x00007ff94c725000 	C:\WINDOWS\system32\rsaenh.dll
0x00007ff94cd30000 - 0x00007ff94cd5c000 	C:\WINDOWS\SYSTEM32\USERENV.dll
0x00007ff94d080000 - 0x00007ff94d0a8000 	C:\WINDOWS\SYSTEM32\bcrypt.dll
0x00007ff94ceb0000 - 0x00007ff94cebc000 	C:\WINDOWS\SYSTEM32\CRYPTBASE.dll
0x00007ff94c1e0000 - 0x00007ff94c20d000 	C:\WINDOWS\SYSTEM32\IPHLPAPI.DLL
0x00007ff94f310000 - 0x00007ff94f319000 	C:\WINDOWS\System32\NSI.dll
0x00007ff9462d0000 - 0x00007ff9462e9000 	C:\WINDOWS\SYSTEM32\dhcpcsvc6.DLL
0x00007ff946260000 - 0x00007ff94627f000 	C:\WINDOWS\SYSTEM32\dhcpcsvc.DLL
0x00007ff94c250000 - 0x00007ff94c349000 	C:\WINDOWS\SYSTEM32\DNSAPI.dll
0x00007ff90c250000 - 0x00007ff90c295000 	C:\Users\Alizha\AppData\Local\Temp\jna-1963883701\jna14432691585891335798.dll
0x00007ff94f160000 - 0x00007ff94f168000 	C:\WINDOWS\System32\PSAPI.DLL

dbghelp: loaded successfully - version: 4.0.5 - missing functions: none
symbol engine: initialized successfully - sym options: 0x614 - pdb path: .;c:\Users\Alizha\.vscode\extensions\redhat.java-1.25.1-win32-x64\jre\17.0.9-win32-x86_64\bin;C:\WINDOWS\SYSTEM32;C:\WINDOWS\WinSxS\amd64_microsoft.windows.common-controls_6595b64144ccf1df_6.0.22621.2506_none_270c5ae97388e100;c:\Users\Alizha\.vscode\extensions\redhat.java-1.25.1-win32-x64\jre\17.0.9-win32-x86_64\bin\server;C:\Users\Alizha\AppData\Roaming\Code\User\globalStorage\redhat.java\1.25.1\config_win\org.eclipse.equinox.launcher\org.eclipse.equinox.launcher.win32.win32.x86_64_1.2.800.v20231003-1442;C:\Users\Alizha\AppData\Local\Temp\jna-1963883701

VM Arguments:
jvm_args: --add-modules=ALL-SYSTEM --add-opens=java.base/java.util=ALL-UNNAMED --add-opens=java.base/java.lang=ALL-UNNAMED --add-opens=java.base/sun.nio.fs=ALL-UNNAMED -Declipse.application=org.eclipse.jdt.ls.core.id1 -Dosgi.bundles.defaultStartLevel=4 -Declipse.product=org.eclipse.jdt.ls.core.product -Djava.import.generatesMetadataFilesAtProjectRoot=false -DDetectVMInstallationsJob.disabled=true -Dfile.encoding=utf8 -XX:+UseParallelGC -XX:GCTimeRatio=4 -XX:AdaptiveSizePolicyWeight=90 -Dsun.zip.disableMemoryMapping=true -Xmx1G -Xms100m -Xlog:disable -javaagent:c:\Users\Alizha\.vscode\extensions\redhat.java-1.25.1-win32-x64\lombok\lombok-1.18.30.jar -XX:+HeapDumpOnOutOfMemoryError -XX:HeapDumpPath=c:\Users\Alizha\AppData\Roaming\Code\User\workspaceStorage\f65aa70a5428b1d08d2d85f953cf23d1\redhat.java -Daether.dependencyCollector.impl=bf 
java_command: c:\Users\Alizha\.vscode\extensions\redhat.java-1.25.1-win32-x64\server\plugins\org.eclipse.equinox.launcher_1.6.600.v20231106-1826.jar -configuration c:\Users\Alizha\AppData\Roaming\Code\User\globalStorage\redhat.java\1.25.1\config_win -data c:\Users\Alizha\AppData\Roaming\Code\User\workspaceStorage\f65aa70a5428b1d08d2d85f953cf23d1\redhat.java\jdt_ws --stdio
java_class_path (initial): c:\Users\Alizha\.vscode\extensions\redhat.java-1.25.1-win32-x64\server\plugins\org.eclipse.equinox.launcher_1.6.600.v20231106-1826.jar
Launcher Type: SUN_STANDARD

[Global flags]
    uintx AdaptiveSizePolicyWeight                 = 90                                        {product} {command line}
     intx CICompilerCount                          = 4                                         {product} {ergonomic}
    uintx GCTimeRatio                              = 4                                         {product} {command line}
     bool HeapDumpOnOutOfMemoryError               = true                                   {manageable} {command line}
    ccstr HeapDumpPath                             = c:\Users\Alizha\AppData\Roaming\Code\User\workspaceStorage\f65aa70a5428b1d08d2d85f953cf23d1\redhat.java         {manageable} {command line}
   size_t InitialHeapSize                          = 104857600                                 {product} {command line}
   size_t MaxHeapSize                              = 1073741824                                {product} {command line}
   size_t MaxNewSize                               = 357564416                                 {product} {ergonomic}
   size_t MinHeapDeltaBytes                        = 524288                                    {product} {ergonomic}
   size_t MinHeapSize                              = 104857600                                 {product} {command line}
   size_t NewSize                                  = 34603008                                  {product} {ergonomic}
    uintx NonNMethodCodeHeapSize                   = 5839372                                {pd product} {ergonomic}
    uintx NonProfiledCodeHeapSize                  = 122909434                              {pd product} {ergonomic}
   size_t OldSize                                  = 70254592                                  {product} {ergonomic}
    uintx ProfiledCodeHeapSize                     = 122909434                              {pd product} {ergonomic}
    uintx ReservedCodeCacheSize                    = 251658240                              {pd product} {ergonomic}
     bool SegmentedCodeCache                       = true                                      {product} {ergonomic}
   size_t SoftMaxHeapSize                          = 1073741824                             {manageable} {ergonomic}
     bool UseCompressedClassPointers               = true                           {product lp64_product} {ergonomic}
     bool UseCompressedOops                        = true                           {product lp64_product} {ergonomic}
     bool UseLargePagesIndividualAllocation        = false                                  {pd product} {ergonomic}
     bool UseParallelGC                            = true                                      {product} {command line}

Logging:
Log output configuration:
 #0: stdout all=off uptime,level,tags
 #1: stderr all=off uptime,level,tags

Environment Variables:
JAVA_HOME=C:\Program Files\Java\jdk-17
PATH=C:\Program Files\Common Files\Oracle\Java\javapath;C:\Program Files\PostgreSQL\15\bin;C:\Program Files (x86)\Common Files\Oracle\Java\javapath;C:\WINDOWS\system32;C:\WINDOWS;C:\WINDOWS\System32\Wbem;C:\WINDOWS\System32\WindowsPowerShell\v1.0\;C:\WINDOWS\System32\OpenSSH\;C:\Program Files\kotlinc\bin;C:\Program Files\PuTTY\;C:\Program Files\Git\cmd;C:\Program Files\Docker\Docker\resources\bin;C:\Program Files\Java\jdk-17;C:\Users\Alizha\AppData\Local\Programs\Python\Python39\Scripts\;C:\Users\Alizha\AppData\Local\Programs\Python\Python39\;C:\Users\Alizha\AppData\Local\Microsoft\WindowsApps;D:\Microsoft VS Code\bin;C:\Program Files\Git;C:\Users\Alizha\c sosi\MinGW\bin;C:\Users\Alizha\Flutter\flutter_windows_3.3.7-stable\flutter\bin;
USERNAME=Alizha
OS=Windows_NT
PROCESSOR_IDENTIFIER=AMD64 Family 23 Model 104 Stepping 1, AuthenticAMD
TMP=C:\Users\Alizha\AppData\Local\Temp
TEMP=C:\Users\Alizha\AppData\Local\Temp



Periodic native trim disabled


---------------  S Y S T E M  ---------------

OS:
 Windows 11 , 64 bit Build 22621 (10.0.22621.2506)
OS uptime: 0 days 16:36 hours
Hyper-V role detected

CPU: total 12 (initial active 12) (12 cores per cpu, 2 threads per core) family 23 model 104 stepping 1 microcode 0x0, cx8, cmov, fxsr, ht, mmx, 3dnowpref, sse, sse2, sse3, ssse3, sse4a, sse4.1, sse4.2, popcnt, lzcnt, tsc, tscinvbit, avx, avx2, aes, clmul, bmi1, bmi2, adx, sha, fma, vzeroupper, clflush, clflushopt, hv
Processor Information for all 12 processors :
  Max Mhz: 2100, Current Mhz: 1893, Mhz Limit: 2100

Memory: 4k page, system-wide physical 6005M (67M free)
TotalPageFile size 24437M (AvailPageFile size 6M)
current process WorkingSet (physical memory assigned to process): 172M, peak: 226M
current process commit charge ("private bytes"): 288M, peak: 305M

vm_info: OpenJDK 64-Bit Server VM (17.0.9+9) for windows-amd64 JRE (17.0.9+9), built on Oct 26 2023 14:01:42 by "admin" with MS VC++ 16.10 / 16.11 (VS2019)

END.
