#
# There is insufficient memory for the Java Runtime Environment to continue.
# Native memory allocation (malloc) failed to allocate 379120 bytes for Chunk::new
# Possible reasons:
#   The system is out of physical RAM or swap space
#   The process is running with CompressedOops enabled, and the Java Heap may be blocking the growth of the native heap
# Possible solutions:
#   Reduce memory load on the system
#   Increase physical memory or swap space
#   Check if swap backing store is full
#   Decrease Java heap size (-Xmx/-Xms)
#   Decrease number of Java threads
#   Decrease Java thread stack sizes (-Xss)
#   Set larger code cache with -XX:ReservedCodeCacheSize=
#   JVM is running with Unscaled Compressed Oops mode in which the Java heap is
#     placed in the first 4GB address space. The Java Heap base address is the
#     maximum limit for the native heap growth. Please use -XX:HeapBaseMinAddress
#     to set the Java Heap base and to place the Java Heap above 4GB virtual address.
# This output file may be truncated or incomplete.
#
#  Out of Memory Error (arena.cpp:191), pid=10448, tid=32724
#
# JRE version: OpenJDK Runtime Environment Temurin-17.0.9+9 (17.0.9+9) (build 17.0.9+9)
# Java VM: OpenJDK 64-Bit Server VM Temurin-17.0.9+9 (17.0.9+9, mixed mode, tiered, compressed oops, compressed class ptrs, parallel gc, windows-amd64)
# No core dump will be written. Minidumps are not enabled by default on client versions of Windows
#

---------------  S U M M A R Y ------------

Command Line: --add-modules=ALL-SYSTEM --add-opens=java.base/java.util=ALL-UNNAMED --add-opens=java.base/java.lang=ALL-UNNAMED --add-opens=java.base/sun.nio.fs=ALL-UNNAMED -Declipse.application=org.eclipse.jdt.ls.core.id1 -Dosgi.bundles.defaultStartLevel=4 -Declipse.product=org.eclipse.jdt.ls.core.product -Djava.import.generatesMetadataFilesAtProjectRoot=false -DDetectVMInstallationsJob.disabled=true -Dfile.encoding=utf8 -XX:+UseParallelGC -XX:GCTimeRatio=4 -XX:AdaptiveSizePolicyWeight=90 -Dsun.zip.disableMemoryMapping=true -Xmx1G -Xms100m -Xlog:disable -javaagent:c:\Users\Alizha\.vscode\extensions\redhat.java-1.25.1-win32-x64\lombok\lombok-1.18.30.jar -XX:+HeapDumpOnOutOfMemoryError -XX:HeapDumpPath=c:\Users\Alizha\AppData\Roaming\Code\User\workspaceStorage\f65aa70a5428b1d08d2d85f953cf23d1\redhat.java -Daether.dependencyCollector.impl=bf c:\Users\Alizha\.vscode\extensions\redhat.java-1.25.1-win32-x64\server\plugins\org.eclipse.equinox.launcher_1.6.600.v20231106-1826.jar -configuration c:\Users\Alizha\AppData\Roaming\Code\User\globalStorage\redhat.java\1.25.1\config_win -data c:\Users\Alizha\AppData\Roaming\Code\User\workspaceStorage\f65aa70a5428b1d08d2d85f953cf23d1\redhat.java\jdt_ws --stdio

Host: AMD Ryzen 5 5500U with Radeon Graphics         , 12 cores, 5G,  Windows 11 , 64 bit Build 22621 (10.0.22621.2506)
Time: Fri Dec  8 16:45:30 2023 SE Asia Standard Time elapsed time: 5.493313 seconds (0d 0h 0m 5s)

---------------  T H R E A D  ---------------

Current thread (0x00000202b92d2bc0):  JavaThread "C2 CompilerThread0" daemon [_thread_in_native, id=32724, stack(0x00000085e9300000,0x00000085e9400000)]


Current CompileTask:
C2:   5493 2598       4       com.sun.org.apache.xerces.internal.impl.XMLEntityScanner::scanQName (580 bytes)

Stack: [0x00000085e9300000,0x00000085e9400000]
Native frames: (J=compiled Java code, j=interpreted, Vv=VM code, C=native code)
V  [jvm.dll+0x67cf49]
V  [jvm.dll+0x83478a]
V  [jvm.dll+0x83624e]
V  [jvm.dll+0x8368b3]
V  [jvm.dll+0x247f1f]
V  [jvm.dll+0xac43c]
V  [jvm.dll+0xaca8c]
V  [jvm.dll+0x367067]
V  [jvm.dll+0x3313ba]
V  [jvm.dll+0x33085a]
V  [jvm.dll+0x21a5b1]
V  [jvm.dll+0x2199d1]
V  [jvm.dll+0x1a57cd]
V  [jvm.dll+0x2297ae]
V  [jvm.dll+0x22797c]
V  [jvm.dll+0x7e9877]
V  [jvm.dll+0x7e3c3a]
V  [jvm.dll+0x67be35]
C  [ucrtbase.dll+0x29363]
C  [KERNEL32.DLL+0x1257d]
C  [ntdll.dll+0x5aa58]


---------------  P R O C E S S  ---------------

Threads class SMR info:
_java_thread_list=0x00000202baf09e60, length=18, elements={
0x00000202a02af0f0, 0x00000202b4128020, 0x00000202b4129550, 0x00000202b92cbf20,
0x00000202b92cc950, 0x00000202b92cde80, 0x00000202b92d1770, 0x00000202b92d2bc0,
0x00000202b92d9230, 0x00000202b92da2e0, 0x00000202a0311aa0, 0x00000202baa67bd0,
0x00000202bafea570, 0x00000202bb8972d0, 0x00000202bb92ffa0, 0x00000202bba3e860,
0x00000202bbaa5dc0, 0x00000202baf0a050
}

Java Threads: ( => current thread )
  0x00000202a02af0f0 JavaThread "main" [_thread_blocked, id=27772, stack(0x00000085e8a00000,0x00000085e8b00000)]
  0x00000202b4128020 JavaThread "Reference Handler" daemon [_thread_blocked, id=22392, stack(0x00000085e8d00000,0x00000085e8e00000)]
  0x00000202b4129550 JavaThread "Finalizer" daemon [_thread_blocked, id=15112, stack(0x00000085e8e00000,0x00000085e8f00000)]
  0x00000202b92cbf20 JavaThread "Signal Dispatcher" daemon [_thread_blocked, id=32472, stack(0x00000085e8f00000,0x00000085e9000000)]
  0x00000202b92cc950 JavaThread "Attach Listener" daemon [_thread_blocked, id=3608, stack(0x00000085e9000000,0x00000085e9100000)]
  0x00000202b92cde80 JavaThread "Service Thread" daemon [_thread_blocked, id=28748, stack(0x00000085e9100000,0x00000085e9200000)]
  0x00000202b92d1770 JavaThread "Monitor Deflation Thread" daemon [_thread_blocked, id=24480, stack(0x00000085e9200000,0x00000085e9300000)]
=>0x00000202b92d2bc0 JavaThread "C2 CompilerThread0" daemon [_thread_in_native, id=32724, stack(0x00000085e9300000,0x00000085e9400000)]
  0x00000202b92d9230 JavaThread "C1 CompilerThread0" daemon [_thread_in_native, id=14412, stack(0x00000085e9400000,0x00000085e9500000)]
  0x00000202b92da2e0 JavaThread "Sweeper thread" daemon [_thread_blocked, id=25604, stack(0x00000085e9500000,0x00000085e9600000)]
  0x00000202a0311aa0 JavaThread "Common-Cleaner" daemon [_thread_blocked, id=30268, stack(0x00000085e9600000,0x00000085e9700000)]
  0x00000202baa67bd0 JavaThread "Notification Thread" daemon [_thread_blocked, id=17760, stack(0x00000085e9700000,0x00000085e9800000)]
  0x00000202bafea570 JavaThread "Active Thread: Equinox Container: d5c376f6-bad1-421c-8812-44864e0d65c6" [_thread_blocked, id=32172, stack(0x00000085e9f00000,0x00000085ea000000)]
  0x00000202bb8972d0 JavaThread "Framework Event Dispatcher: Equinox Container: d5c376f6-bad1-421c-8812-44864e0d65c6" daemon [_thread_blocked, id=28972, stack(0x00000085ea000000,0x00000085ea100000)]
  0x00000202bb92ffa0 JavaThread "Start Level: Equinox Container: d5c376f6-bad1-421c-8812-44864e0d65c6" daemon [_thread_in_native, id=30528, stack(0x00000085ea100000,0x00000085ea200000)]
  0x00000202bba3e860 JavaThread "Bundle File Closer" daemon [_thread_blocked, id=25820, stack(0x00000085ea300000,0x00000085ea400000)]
  0x00000202bbaa5dc0 JavaThread "SCR Component Actor" daemon [_thread_blocked, id=24204, stack(0x00000085ea400000,0x00000085ea500000)]
  0x00000202baf0a050 JavaThread "SCR Component Registry" daemon [_thread_blocked, id=25452, stack(0x00000085ea700000,0x00000085ea800000)]

Other Threads:
  0x00000202a034ec30 VMThread "VM Thread" [stack: 0x00000085e8c00000,0x00000085e8d00000] [id=616]
  0x00000202baa68a40 WatcherThread [stack: 0x00000085e9800000,0x00000085e9900000] [id=11896]
  0x00000202a02c2bc0 GCTaskThread "GC Thread#0" [stack: 0x00000085e8b00000,0x00000085e8c00000] [id=23320]
  0x00000202baf48b70 GCTaskThread "GC Thread#1" [stack: 0x00000085e9900000,0x00000085e9a00000] [id=11304]
  0x00000202baf4f2c0 GCTaskThread "GC Thread#2" [stack: 0x00000085e9a00000,0x00000085e9b00000] [id=23220]
  0x00000202baf4f580 GCTaskThread "GC Thread#3" [stack: 0x00000085e9b00000,0x00000085e9c00000] [id=8408]
  0x00000202baf4f840 GCTaskThread "GC Thread#4" [stack: 0x00000085e9c00000,0x00000085e9d00000] [id=30752]
  0x00000202baf4fb00 GCTaskThread "GC Thread#5" [stack: 0x00000085e9d00000,0x00000085e9e00000] [id=30712]
  0x00000202baf4fdc0 GCTaskThread "GC Thread#6" [stack: 0x00000085e9e00000,0x00000085e9f00000] [id=5652]
  0x00000202baf8b730 GCTaskThread "GC Thread#7" [stack: 0x00000085ea200000,0x00000085ea300000] [id=18880]
  0x00000202baecc2b0 GCTaskThread "GC Thread#8" [stack: 0x00000085ea500000,0x00000085ea600000] [id=27792]
  0x00000202bb892420 GCTaskThread "GC Thread#9" [stack: 0x00000085ea600000,0x00000085ea700000] [id=29660]

Threads with active compile tasks:
C2 CompilerThread0     5532 2598       4       com.sun.org.apache.xerces.internal.impl.XMLEntityScanner::scanQName (580 bytes)

VM state: not at safepoint (normal execution)

VM Mutex/Monitor currently owned by a thread: None

Heap address: 0x00000000c0000000, size: 1024 MB, Compressed Oops mode: 32-bit

CDS archive(s) not mapped
Compressed class space mapped at: 0x0000000100000000-0x0000000140000000, reserved size: 1073741824
Narrow klass base: 0x0000000000000000, Narrow klass shift: 3, Narrow klass range: 0x140000000

GC Precious Log:
 CPUs: 12 total, 12 available
 Memory: 6005M
 Large Page Support: Disabled
 NUMA Support: Disabled
 Compressed Oops: Enabled (32-bit)
 Alignments: Space 512K, Generation 512K, Heap 2M
 Heap Min Capacity: 100M
 Heap Initial Capacity: 100M
 Heap Max Capacity: 1G
 Pre-touch: Disabled
 Parallel Workers: 10

Heap:
 PSYoungGen      total 29696K, used 25329K [0x00000000eab00000, 0x00000000ecc00000, 0x0000000100000000)
  eden space 25600K, 83% used [0x00000000eab00000,0x00000000ebfc1ab8,0x00000000ec400000)
  from space 4096K, 99% used [0x00000000ec400000,0x00000000ec7fac88,0x00000000ec800000)
  to   space 4096K, 0% used [0x00000000ec800000,0x00000000ec800000,0x00000000ecc00000)
 ParOldGen       total 68608K, used 5286K [0x00000000c0000000, 0x00000000c4300000, 0x00000000eab00000)
  object space 68608K, 7% used [0x00000000c0000000,0x00000000c0529ba0,0x00000000c4300000)
 Metaspace       used 19606K, committed 19904K, reserved 1114112K
  class space    used 1980K, committed 2112K, reserved 1048576K

Card table byte_map: [0x000002029fc30000,0x000002029fe40000] _byte_map_base: 0x000002029f630000

Marking Bits: (ParMarkBitMap*) 0x00007ff8bdf9d0b0
 Begin Bits: [0x00000202b1f30000, 0x00000202b2f30000)
 End Bits:   [0x00000202b2f30000, 0x00000202b3f30000)

Polling page: 0x000002029e230000

Metaspace:

Usage:
  Non-class:     17.21 MB used.
      Class:      1.93 MB used.
       Both:     19.15 MB used.

Virtual space:
  Non-class space:       64.00 MB reserved,      17.38 MB ( 27%) committed,  1 nodes.
      Class space:        1.00 GB reserved,       2.06 MB ( <1%) committed,  1 nodes.
             Both:        1.06 GB reserved,      19.44 MB (  2%) committed. 

Chunk freelists:
   Non-Class:  13.83 MB
       Class:  13.81 MB
        Both:  27.64 MB

MaxMetaspaceSize: unlimited
CompressedClassSpaceSize: 1.00 GB
Initial GC threshold: 21.00 MB
Current GC threshold: 21.00 MB
CDS: off
MetaspaceReclaimPolicy: balanced
 - commit_granule_bytes: 65536.
 - commit_granule_words: 8192.
 - virtual_space_node_default_size: 8388608.
 - enlarge_chunks_in_place: 1.
 - new_chunks_are_fully_committed: 0.
 - uncommit_free_chunks: 1.
 - use_allocation_guard: 0.
 - handle_deallocations: 1.


Internal statistics:

num_allocs_failed_limit: 0.
num_arena_births: 190.
num_arena_deaths: 0.
num_vsnodes_births: 2.
num_vsnodes_deaths: 0.
num_space_committed: 311.
num_space_uncommitted: 0.
num_chunks_returned_to_freelist: 0.
num_chunks_taken_from_freelist: 569.
num_chunk_merges: 0.
num_chunk_splits: 352.
num_chunks_enlarged: 250.
num_inconsistent_stats: 0.

CodeHeap 'non-profiled nmethods': size=120000Kb used=997Kb max_used=997Kb free=119003Kb
 bounds [0x00000202aaa00000, 0x00000202aac70000, 0x00000202b1f30000]
CodeHeap 'profiled nmethods': size=120000Kb used=5448Kb max_used=5448Kb free=114552Kb
 bounds [0x00000202a2f30000, 0x00000202a3490000, 0x00000202aa460000]
CodeHeap 'non-nmethods': size=5760Kb used=1182Kb max_used=1197Kb free=4578Kb
 bounds [0x00000202aa460000, 0x00000202aa6d0000, 0x00000202aaa00000]
 total_blobs=3139 nmethods=2661 adapters=392
 compilation: enabled
              stopped_count=0, restarted_count=0
 full_count=0

Compilation events (20 events):
Event: 5.467 Thread 0x00000202b92d9230 2639       3       java.lang.invoke.TypeConvertingMethodAdapter::convertType (299 bytes)
Event: 5.472 Thread 0x00000202b92d9230 nmethod 2639 0x00000202a345ff10 code [0x00000202a3460540, 0x00000202a3463a48]
Event: 5.472 Thread 0x00000202b92d9230 2643       3       org.eclipse.osgi.internal.framework.FilterImpl$Parser::parse_attr (149 bytes)
Event: 5.475 Thread 0x00000202b92d9230 nmethod 2643 0x00000202a3464c10 code [0x00000202a3464ea0, 0x00000202a3465a48]
Event: 5.475 Thread 0x00000202b92d9230 2642       3       org.eclipse.osgi.internal.framework.FilterImpl$Item::compare (347 bytes)
Event: 5.478 Thread 0x00000202b92d9230 nmethod 2642 0x00000202a3465f90 code [0x00000202a3466620, 0x00000202a346a378]
Event: 5.479 Thread 0x00000202b92d9230 2646       3       org.eclipse.osgi.internal.loader.BundleLoader::isExportedPackage (11 bytes)
Event: 5.479 Thread 0x00000202b92d9230 nmethod 2646 0x00000202a346af10 code [0x00000202a346b0c0, 0x00000202a346b288]
Event: 5.479 Thread 0x00000202b92d9230 2644       1       org.eclipse.osgi.internal.loader.sources.PackageSource::isNullSource (2 bytes)
Event: 5.479 Thread 0x00000202b92d9230 nmethod 2644 0x00000202aaaf8e10 code [0x00000202aaaf8fa0, 0x00000202aaaf9078]
Event: 5.479 Thread 0x00000202b92d9230 2645       1       org.eclipse.osgi.internal.serviceregistry.ServiceReferenceImpl::getRegistration (5 bytes)
Event: 5.479 Thread 0x00000202b92d9230 nmethod 2645 0x00000202aaaf9110 code [0x00000202aaaf92a0, 0x00000202aaaf9378]
Event: 5.479 Thread 0x00000202b92d9230 2640       3       java.lang.invoke.DirectMethodHandle::preparedLambdaForm (244 bytes)
Event: 5.481 Thread 0x00000202b92d9230 nmethod 2640 0x00000202a346b390 code [0x00000202a346b680, 0x00000202a346c5b8]
Event: 5.486 Thread 0x00000202b92d9230 2647       3       org.eclipse.osgi.internal.loader.BundleLoader::getPackageName (25 bytes)
Event: 5.487 Thread 0x00000202b92d9230 nmethod 2647 0x00000202a346cb90 code [0x00000202a346cda0, 0x00000202a346d2e8]
Event: 5.487 Thread 0x00000202b92d9230 2648   !   3       org.osgi.util.tracker.AbstractTracked::trackAdding (167 bytes)
Event: 5.489 Thread 0x00000202b92d9230 nmethod 2648 0x00000202a346d510 code [0x00000202a346d740, 0x00000202a346e128]
Event: 5.489 Thread 0x00000202b92d9230 2649       3       org.eclipse.osgi.internal.loader.sources.SingleSourcePackage::loadClass (9 bytes)
Event: 5.489 Thread 0x00000202b92d9230 nmethod 2649 0x00000202a346e490 code [0x00000202a346e640, 0x00000202a346e808]

GC Heap History (6 events):
Event: 2.109 GC heap before
{Heap before GC invocations=1 (full 0):
 PSYoungGen      total 29696K, used 25600K [0x00000000eab00000, 0x00000000ecc00000, 0x0000000100000000)
  eden space 25600K, 100% used [0x00000000eab00000,0x00000000ec400000,0x00000000ec400000)
  from space 4096K, 0% used [0x00000000ec800000,0x00000000ec800000,0x00000000ecc00000)
  to   space 4096K, 0% used [0x00000000ec400000,0x00000000ec400000,0x00000000ec800000)
 ParOldGen       total 68608K, used 0K [0x00000000c0000000, 0x00000000c4300000, 0x00000000eab00000)
  object space 68608K, 0% used [0x00000000c0000000,0x00000000c0000000,0x00000000c4300000)
 Metaspace       used 11009K, committed 11200K, reserved 1114112K
  class space    used 1099K, committed 1216K, reserved 1048576K
}
Event: 2.121 GC heap after
{Heap after GC invocations=1 (full 0):
 PSYoungGen      total 29696K, used 3155K [0x00000000eab00000, 0x00000000ecc00000, 0x0000000100000000)
  eden space 25600K, 0% used [0x00000000eab00000,0x00000000eab00000,0x00000000ec400000)
  from space 4096K, 77% used [0x00000000ec400000,0x00000000ec714c18,0x00000000ec800000)
  to   space 4096K, 0% used [0x00000000ec800000,0x00000000ec800000,0x00000000ecc00000)
 ParOldGen       total 68608K, used 16K [0x00000000c0000000, 0x00000000c4300000, 0x00000000eab00000)
  object space 68608K, 0% used [0x00000000c0000000,0x00000000c0004000,0x00000000c4300000)
 Metaspace       used 11009K, committed 11200K, reserved 1114112K
  class space    used 1099K, committed 1216K, reserved 1048576K
}
Event: 3.420 GC heap before
{Heap before GC invocations=2 (full 0):
 PSYoungGen      total 29696K, used 28755K [0x00000000eab00000, 0x00000000ecc00000, 0x0000000100000000)
  eden space 25600K, 100% used [0x00000000eab00000,0x00000000ec400000,0x00000000ec400000)
  from space 4096K, 77% used [0x00000000ec400000,0x00000000ec714c18,0x00000000ec800000)
  to   space 4096K, 0% used [0x00000000ec800000,0x00000000ec800000,0x00000000ecc00000)
 ParOldGen       total 68608K, used 16K [0x00000000c0000000, 0x00000000c4300000, 0x00000000eab00000)
  object space 68608K, 0% used [0x00000000c0000000,0x00000000c0004000,0x00000000c4300000)
 Metaspace       used 14734K, committed 14976K, reserved 1114112K
  class space    used 1478K, committed 1600K, reserved 1048576K
}
Event: 3.430 GC heap after
{Heap after GC invocations=2 (full 0):
 PSYoungGen      total 29696K, used 4067K [0x00000000eab00000, 0x00000000ecc00000, 0x0000000100000000)
  eden space 25600K, 0% used [0x00000000eab00000,0x00000000eab00000,0x00000000ec400000)
  from space 4096K, 99% used [0x00000000ec800000,0x00000000ecbf8c28,0x00000000ecc00000)
  to   space 4096K, 0% used [0x00000000ec400000,0x00000000ec400000,0x00000000ec800000)
 ParOldGen       total 68608K, used 1452K [0x00000000c0000000, 0x00000000c4300000, 0x00000000eab00000)
  object space 68608K, 2% used [0x00000000c0000000,0x00000000c016b040,0x00000000c4300000)
 Metaspace       used 14734K, committed 14976K, reserved 1114112K
  class space    used 1478K, committed 1600K, reserved 1048576K
}
Event: 4.526 GC heap before
{Heap before GC invocations=3 (full 0):
 PSYoungGen      total 29696K, used 29667K [0x00000000eab00000, 0x00000000ecc00000, 0x0000000100000000)
  eden space 25600K, 100% used [0x00000000eab00000,0x00000000ec400000,0x00000000ec400000)
  from space 4096K, 99% used [0x00000000ec800000,0x00000000ecbf8c28,0x00000000ecc00000)
  to   space 4096K, 0% used [0x00000000ec400000,0x00000000ec400000,0x00000000ec800000)
 ParOldGen       total 68608K, used 1452K [0x00000000c0000000, 0x00000000c4300000, 0x00000000eab00000)
  object space 68608K, 2% used [0x00000000c0000000,0x00000000c016b040,0x00000000c4300000)
 Metaspace       used 16972K, committed 17280K, reserved 1114112K
  class space    used 1716K, committed 1856K, reserved 1048576K
}
Event: 4.538 GC heap after
{Heap after GC invocations=3 (full 0):
 PSYoungGen      total 29696K, used 4075K [0x00000000eab00000, 0x00000000ecc00000, 0x0000000100000000)
  eden space 25600K, 0% used [0x00000000eab00000,0x00000000eab00000,0x00000000ec400000)
  from space 4096K, 99% used [0x00000000ec400000,0x00000000ec7fac88,0x00000000ec800000)
  to   space 4096K, 0% used [0x00000000ec800000,0x00000000ec800000,0x00000000ecc00000)
 ParOldGen       total 68608K, used 5286K [0x00000000c0000000, 0x00000000c4300000, 0x00000000eab00000)
  object space 68608K, 7% used [0x00000000c0000000,0x00000000c0529ba0,0x00000000c4300000)
 Metaspace       used 16972K, committed 17280K, reserved 1114112K
  class space    used 1716K, committed 1856K, reserved 1048576K
}

Dll operation events (9 events):
Event: 0.025 Loaded shared library c:\Users\Alizha\.vscode\extensions\redhat.java-1.25.1-win32-x64\jre\17.0.9-win32-x86_64\bin\java.dll
Event: 0.453 Loaded shared library c:\Users\Alizha\.vscode\extensions\redhat.java-1.25.1-win32-x64\jre\17.0.9-win32-x86_64\bin\zip.dll
Event: 0.461 Loaded shared library C:\Users\Alizha\.vscode\extensions\redhat.java-1.25.1-win32-x64\jre\17.0.9-win32-x86_64\bin\instrument.dll
Event: 0.500 Loaded shared library C:\Users\Alizha\.vscode\extensions\redhat.java-1.25.1-win32-x64\jre\17.0.9-win32-x86_64\bin\net.dll
Event: 0.510 Loaded shared library C:\Users\Alizha\.vscode\extensions\redhat.java-1.25.1-win32-x64\jre\17.0.9-win32-x86_64\bin\nio.dll
Event: 0.527 Loaded shared library C:\Users\Alizha\.vscode\extensions\redhat.java-1.25.1-win32-x64\jre\17.0.9-win32-x86_64\bin\zip.dll
Event: 0.564 Loaded shared library C:\Users\Alizha\.vscode\extensions\redhat.java-1.25.1-win32-x64\jre\17.0.9-win32-x86_64\bin\jimage.dll
Event: 0.707 Loaded shared library c:\Users\Alizha\.vscode\extensions\redhat.java-1.25.1-win32-x64\jre\17.0.9-win32-x86_64\bin\verify.dll
Event: 3.245 Loaded shared library C:\Users\Alizha\AppData\Roaming\Code\User\globalStorage\redhat.java\1.25.1\config_win\org.eclipse.equinox.launcher\org.eclipse.equinox.launcher.win32.win32.x86_64_1.2.800.v20231003-1442\eclipse_11802.dll

Deoptimization events (20 events):
Event: 4.801 Thread 0x00000202bb92ffa0 Uncommon trap: trap_request=0xffffffc6 fr.pc=0x00000202aaab97b8 relative=0x0000000000000e98
Event: 4.801 Thread 0x00000202bb92ffa0 Uncommon trap: reason=bimorphic_or_optimized_type_check action=maybe_recompile pc=0x00000202aaab97b8 method=java.util.Properties$LineReader.readLine()I @ 479 c2
Event: 4.801 Thread 0x00000202bb92ffa0 DEOPT PACKING pc=0x00000202aaab97b8 sp=0x00000085ea1f7ad0
Event: 4.801 Thread 0x00000202bb92ffa0 DEOPT UNPACKING pc=0x00000202aa4b66a3 sp=0x00000085ea1f7a70 mode 2
Event: 4.810 Thread 0x00000202bb92ffa0 Uncommon trap: trap_request=0xffffffc6 fr.pc=0x00000202aaab97b8 relative=0x0000000000000e98
Event: 4.810 Thread 0x00000202bb92ffa0 Uncommon trap: reason=bimorphic_or_optimized_type_check action=maybe_recompile pc=0x00000202aaab97b8 method=java.util.Properties$LineReader.readLine()I @ 479 c2
Event: 4.810 Thread 0x00000202bb92ffa0 DEOPT PACKING pc=0x00000202aaab97b8 sp=0x00000085ea1f73b0
Event: 4.810 Thread 0x00000202bb92ffa0 DEOPT UNPACKING pc=0x00000202aa4b66a3 sp=0x00000085ea1f7350 mode 2
Event: 5.154 Thread 0x00000202bb92ffa0 DEOPT PACKING pc=0x00000202a3387d2e sp=0x00000085ea1f8380
Event: 5.154 Thread 0x00000202bb92ffa0 DEOPT UNPACKING pc=0x00000202aa4b6e43 sp=0x00000085ea1f7840 mode 0
Event: 5.162 Thread 0x00000202bb92ffa0 DEOPT PACKING pc=0x00000202a3387d2e sp=0x00000085ea1f8380
Event: 5.162 Thread 0x00000202bb92ffa0 DEOPT UNPACKING pc=0x00000202aa4b6e43 sp=0x00000085ea1f7840 mode 0
Event: 5.244 Thread 0x00000202bb92ffa0 Uncommon trap: trap_request=0xffffffcc fr.pc=0x00000202aaaea7f8 relative=0x00000000000001d8
Event: 5.244 Thread 0x00000202bb92ffa0 Uncommon trap: reason=intrinsic_or_type_checked_inlining action=make_not_entrant pc=0x00000202aaaea7f8 method=java.util.Arrays.copyOf([Ljava/lang/Object;ILjava/lang/Class;)[Ljava/lang/Object; @ 35 c2
Event: 5.244 Thread 0x00000202bb92ffa0 DEOPT PACKING pc=0x00000202aaaea7f8 sp=0x00000085ea1fb8d0
Event: 5.244 Thread 0x00000202bb92ffa0 DEOPT UNPACKING pc=0x00000202aa4b66a3 sp=0x00000085ea1fb860 mode 2
Event: 5.341 Thread 0x00000202bb92ffa0 Uncommon trap: trap_request=0xffffff45 fr.pc=0x00000202aaae44c8 relative=0x0000000000000408
Event: 5.341 Thread 0x00000202bb92ffa0 Uncommon trap: reason=unstable_if action=reinterpret pc=0x00000202aaae44c8 method=com.sun.org.apache.xerces.internal.impl.XMLEntityScanner.scanLiteral(ILcom/sun/org/apache/xerces/internal/xni/XMLString;Z)I @ 299 c2
Event: 5.341 Thread 0x00000202bb92ffa0 DEOPT PACKING pc=0x00000202aaae44c8 sp=0x00000085ea1fd4a0
Event: 5.342 Thread 0x00000202bb92ffa0 DEOPT UNPACKING pc=0x00000202aa4b66a3 sp=0x00000085ea1fd430 mode 2

Classes unloaded (0 events):
No events

Classes redefined (0 events):
No events

Internal exceptions (20 events):
Event: 1.819 Thread 0x00000202a02af0f0 Exception <a 'java/lang/ClassNotFoundException'{0x00000000ec0baab8}: sun/net/www/protocol/c/Handler> (0x00000000ec0baab8) 
thrown [s\src\hotspot\share\classfile\systemDictionary.cpp, line 256]
Event: 1.819 Thread 0x00000202a02af0f0 Exception <a 'java/lang/ClassNotFoundException'{0x00000000ec0bbc80}: sun/net/www/protocol/c/Handler> (0x00000000ec0bbc80) 
thrown [s\src\hotspot\share\classfile\systemDictionary.cpp, line 256]
Event: 1.860 Thread 0x00000202a02af0f0 Exception <a 'java/io/FileNotFoundException'{0x00000000ec0e27f8}> (0x00000000ec0e27f8) 
thrown [s\src\hotspot\share\prims\jni.cpp, line 516]
Event: 2.077 Thread 0x00000202a02af0f0 Exception <a 'java/lang/NoSuchMethodError'{0x00000000ec3b2d68}: 'int java.lang.invoke.DirectMethodHandle$Holder.invokeStaticInit(java.lang.Object, java.lang.Object, java.lang.Object, java.lang.Object)'> (0x00000000ec3b2d68) 
thrown [s\src\hotspot\share\interpreter\linkResolver.cpp, line 759]
Event: 2.080 Thread 0x00000202a02af0f0 Exception <a 'java/lang/NoSuchMethodError'{0x00000000ec3bd3d8}: 'java.lang.Object java.lang.invoke.DirectMethodHandle$Holder.invokeInterface(java.lang.Object, java.lang.Object)'> (0x00000000ec3bd3d8) 
thrown [s\src\hotspot\share\interpreter\linkResolver.cpp, line 759]
Event: 2.081 Thread 0x00000202a02af0f0 Exception <a 'java/lang/IncompatibleClassChangeError'{0x00000000ec3c0bd0}: Found class java.lang.Object, but interface was expected> (0x00000000ec3c0bd0) 
thrown [s\src\hotspot\share\interpreter\linkResolver.cpp, line 826]
Event: 2.083 Thread 0x00000202a02af0f0 Exception <a 'java/lang/NoSuchMethodError'{0x00000000ec3c50c8}: 'void java.lang.invoke.DirectMethodHandle$Holder.invokeStatic(java.lang.Object, java.lang.Object)'> (0x00000000ec3c50c8) 
thrown [s\src\hotspot\share\interpreter\linkResolver.cpp, line 759]
Event: 2.084 Thread 0x00000202a02af0f0 Exception <a 'java/lang/NoSuchMethodError'{0x00000000ec3c88c8}: 'void java.lang.invoke.DirectMethodHandle$Holder.invokeStaticInit(java.lang.Object, java.lang.Object)'> (0x00000000ec3c88c8) 
thrown [s\src\hotspot\share\interpreter\linkResolver.cpp, line 759]
Event: 2.086 Thread 0x00000202a02af0f0 Exception <a 'java/lang/NoSuchMethodError'{0x00000000ec3cfd40}: 'int java.lang.invoke.DirectMethodHandle$Holder.invokeStaticInit(java.lang.Object, java.lang.Object)'> (0x00000000ec3cfd40) 
thrown [s\src\hotspot\share\interpreter\linkResolver.cpp, line 759]
Event: 2.207 Thread 0x00000202a02af0f0 Exception <a 'java/lang/NoSuchMethodError'{0x00000000eac587e8}: 'void java.lang.invoke.DirectMethodHandle$Holder.invokeSpecial(java.lang.Object, java.lang.Object, java.lang.Object)'> (0x00000000eac587e8) 
thrown [s\src\hotspot\share\interpreter\linkResolver.cpp, line 759]
Event: 2.827 Thread 0x00000202a02af0f0 Exception <a 'java/lang/NoSuchMethodError'{0x00000000eb9ead08}: 'java.lang.Object java.lang.invoke.DirectMethodHandle$Holder.newInvokeSpecial(java.lang.Object, int, java.lang.Object)'> (0x00000000eb9ead08) 
thrown [s\src\hotspot\share\interpreter\linkResolver.cpp, line 759]
Event: 3.232 Thread 0x00000202a02af0f0 Exception <a 'java/lang/UnsatisfiedLinkError'{0x00000000ebf800f0}: 'void org.eclipse.equinox.launcher.JNIBridge._update_splash()'> (0x00000000ebf800f0) 
thrown [s\src\hotspot\share\prims\nativeLookup.cpp, line 543]
Event: 3.364 Thread 0x00000202bb92ffa0 Exception <a 'java/lang/NoSuchMethodError'{0x00000000ec2eccb0}: 'java.lang.Object java.lang.invoke.DirectMethodHandle$Holder.invokeStaticInit(java.lang.Object)'> (0x00000000ec2eccb0) 
thrown [s\src\hotspot\share\interpreter\linkResolver.cpp, line 759]
Event: 3.402 Thread 0x00000202bb92ffa0 Exception <a 'java/lang/NoSuchMethodError'{0x00000000ec3b39d8}: 'java.lang.Object java.lang.invoke.DirectMethodHandle$Holder.newInvokeSpecial(java.lang.Object, java.lang.Object, int, java.lang.Object)'> (0x00000000ec3b39d8) 
thrown [s\src\hotspot\share\interpreter\linkResolver.cpp, line 759]
Event: 3.403 Thread 0x00000202bb92ffa0 Exception <a 'java/lang/NoSuchMethodError'{0x00000000ec3b7cc0}: 'java.lang.Object java.lang.invoke.DirectMethodHandle$Holder.invokeSpecial(java.lang.Object, java.lang.Object, java.lang.Object, int, java.lang.Object)'> (0x00000000ec3b7cc0) 
thrown [s\src\hotspot\share\interpreter\linkResolver.cpp, line 759]
Event: 3.517 Thread 0x00000202bb92ffa0 Exception <a 'java/lang/ClassNotFoundException'{0x00000000ead88f68}: sun/util/logging/resources/spi/loggingProvider> (0x00000000ead88f68) 
thrown [s\src\hotspot\share\classfile\systemDictionary.cpp, line 256]
Event: 5.281 Thread 0x00000202bb92ffa0 Exception <a 'java/io/FileNotFoundException'{0x00000000ebaff040}> (0x00000000ebaff040) 
thrown [s\src\hotspot\share\prims\jni.cpp, line 516]
Event: 5.310 Thread 0x00000202bb92ffa0 Exception <a 'java/lang/NullPointerException'{0x00000000ebb78b20}> (0x00000000ebb78b20) 
thrown [s\src\hotspot\share\interpreter\linkResolver.cpp, line 1350]
Event: 5.310 Thread 0x00000202bb92ffa0 Exception <a 'java/lang/NullPointerException'{0x00000000ebb79348}> (0x00000000ebb79348) 
thrown [s\src\hotspot\share\interpreter\linkResolver.cpp, line 1350]
Event: 5.468 Thread 0x00000202bb92ffa0 Exception <a 'java/lang/NoSuchMethodError'{0x00000000ebe6f950}: 'java.lang.Object java.lang.invoke.Invokers$Holder.invokeExact_MT(java.lang.Object, java.lang.Object, java.lang.Object, java.lang.Object, java.lang.Object, java.lang.Object)'> (0x00000000ebe6f950) 
thrown [s\src\hotspot\share\interpreter\linkResolver.cpp, line 759]

VM Operations (20 events):
Event: 3.338 Executing VM operation: HandshakeAllThreads
Event: 3.338 Executing VM operation: HandshakeAllThreads done
Event: 3.338 Executing VM operation: Cleanup
Event: 3.338 Executing VM operation: Cleanup done
Event: 3.420 Executing VM operation: ParallelGCFailedAllocation
Event: 3.430 Executing VM operation: ParallelGCFailedAllocation done
Event: 3.469 Executing VM operation: HandshakeAllThreads
Event: 3.469 Executing VM operation: HandshakeAllThreads done
Event: 3.544 Executing VM operation: HandshakeAllThreads
Event: 3.544 Executing VM operation: HandshakeAllThreads done
Event: 3.576 Executing VM operation: HandshakeAllThreads
Event: 3.576 Executing VM operation: HandshakeAllThreads done
Event: 3.604 Executing VM operation: HandshakeAllThreads
Event: 3.604 Executing VM operation: HandshakeAllThreads done
Event: 4.441 Executing VM operation: HandshakeAllThreads
Event: 4.441 Executing VM operation: HandshakeAllThreads done
Event: 4.441 Executing VM operation: Cleanup
Event: 4.441 Executing VM operation: Cleanup done
Event: 4.526 Executing VM operation: ParallelGCFailedAllocation
Event: 4.538 Executing VM operation: ParallelGCFailedAllocation done

Events (20 events):
Event: 4.813 loading class org/xml/sax/SAXParseException
Event: 4.814 loading class org/xml/sax/SAXParseException done
Event: 5.233 loading class java/util/TreeMap$Values
Event: 5.234 loading class java/util/TreeMap$Values done
Event: 5.234 loading class java/util/TreeMap$ValueIterator
Event: 5.234 loading class java/util/TreeMap$ValueIterator done
Event: 5.283 loading class java/util/function/IntFunction
Event: 5.283 loading class java/util/function/IntFunction done
Event: 5.309 loading class java/util/ImmutableCollections$Map1
Event: 5.309 loading class java/util/ImmutableCollections$Map1 done
Event: 5.310 loading class java/util/AbstractMap$1
Event: 5.310 loading class java/util/AbstractMap$1 done
Event: 5.310 loading class java/util/AbstractMap$1$1
Event: 5.310 loading class java/util/AbstractMap$1$1 done
Event: 5.359 loading class java/lang/Process
Event: 5.361 loading class java/lang/Process done
Event: 5.469 loading class java/util/Comparators$NaturalOrderComparator
Event: 5.470 loading class java/util/Comparators$NaturalOrderComparator done
Event: 5.470 loading class java/util/Collections$ReverseComparator2
Event: 5.470 loading class java/util/Collections$ReverseComparator2 done


Dynamic libraries:
0x00007ff7af120000 - 0x00007ff7af12e000 	c:\Users\Alizha\.vscode\extensions\redhat.java-1.25.1-win32-x64\jre\17.0.9-win32-x86_64\bin\java.exe
0x00007ff950450000 - 0x00007ff950667000 	C:\WINDOWS\SYSTEM32\ntdll.dll
0x00007ff94e980000 - 0x00007ff94ea44000 	C:\WINDOWS\System32\KERNEL32.DLL
0x00007ff94d9d0000 - 0x00007ff94dd75000 	C:\WINDOWS\System32\KERNELBASE.dll
0x00007ff94a550000 - 0x00007ff94a5e7000 	C:\WINDOWS\SYSTEM32\apphelp.dll
0x00007ff94de00000 - 0x00007ff94df11000 	C:\WINDOWS\System32\ucrtbase.dll
0x00007ff920480000 - 0x00007ff920497000 	c:\Users\Alizha\.vscode\extensions\redhat.java-1.25.1-win32-x64\jre\17.0.9-win32-x86_64\bin\jli.dll
0x00007ff94edf0000 - 0x00007ff94ef9e000 	C:\WINDOWS\System32\USER32.dll
0x00007ff94d7c0000 - 0x00007ff94d7e6000 	C:\WINDOWS\System32\win32u.dll
0x00007ff9503e0000 - 0x00007ff950409000 	C:\WINDOWS\System32\GDI32.dll
0x00007ff94e080000 - 0x00007ff94e199000 	C:\WINDOWS\System32\gdi32full.dll
0x00007ff9242d0000 - 0x00007ff9242eb000 	c:\Users\Alizha\.vscode\extensions\redhat.java-1.25.1-win32-x64\jre\17.0.9-win32-x86_64\bin\VCRUNTIME140.dll
0x00007ff930830000 - 0x00007ff930ac3000 	C:\WINDOWS\WinSxS\amd64_microsoft.windows.common-controls_6595b64144ccf1df_6.0.22621.2506_none_270c5ae97388e100\COMCTL32.dll
0x00007ff94fda0000 - 0x00007ff94fe47000 	C:\WINDOWS\System32\msvcrt.dll
0x00007ff94dfe0000 - 0x00007ff94e07a000 	C:\WINDOWS\System32\msvcp_win.dll
0x00007ff94f490000 - 0x00007ff94f4c1000 	C:\WINDOWS\System32\IMM32.DLL
0x00007ff940890000 - 0x00007ff94089c000 	c:\Users\Alizha\.vscode\extensions\redhat.java-1.25.1-win32-x64\jre\17.0.9-win32-x86_64\bin\vcruntime140_1.dll
0x00007ff90be50000 - 0x00007ff90bedd000 	c:\Users\Alizha\.vscode\extensions\redhat.java-1.25.1-win32-x64\jre\17.0.9-win32-x86_64\bin\msvcp140.dll
0x00007ff8bd400000 - 0x00007ff8be061000 	c:\Users\Alizha\.vscode\extensions\redhat.java-1.25.1-win32-x64\jre\17.0.9-win32-x86_64\bin\server\jvm.dll
0x00007ff94f320000 - 0x00007ff94f3d1000 	C:\WINDOWS\System32\ADVAPI32.dll
0x00007ff94f3e0000 - 0x00007ff94f486000 	C:\WINDOWS\System32\sechost.dll
0x00007ff94ecd0000 - 0x00007ff94ede7000 	C:\WINDOWS\System32\RPCRT4.dll
0x00007ff94d5e0000 - 0x00007ff94d62d000 	C:\WINDOWS\SYSTEM32\POWRPROF.dll
0x00007ff9256b0000 - 0x00007ff9256b9000 	C:\WINDOWS\SYSTEM32\WSOCK32.dll
0x00007ff94ec50000 - 0x00007ff94ecc1000 	C:\WINDOWS\System32\WS2_32.dll
0x00007ff9454c0000 - 0x00007ff9454f4000 	C:\WINDOWS\SYSTEM32\WINMM.dll
0x00007ff943820000 - 0x00007ff94382a000 	C:\WINDOWS\SYSTEM32\VERSION.dll
0x00007ff94d4c0000 - 0x00007ff94d4d3000 	C:\WINDOWS\SYSTEM32\UMPDC.dll
0x00007ff94c730000 - 0x00007ff94c748000 	C:\WINDOWS\SYSTEM32\kernel.appcore.dll
0x00007ff93fe40000 - 0x00007ff93fe4a000 	c:\Users\Alizha\.vscode\extensions\redhat.java-1.25.1-win32-x64\jre\17.0.9-win32-x86_64\bin\jimage.dll
0x00007ff94b2c0000 - 0x00007ff94b4f3000 	C:\WINDOWS\SYSTEM32\DBGHELP.DLL
0x00007ff94fe50000 - 0x00007ff9501d9000 	C:\WINDOWS\System32\combase.dll
0x00007ff94e8a0000 - 0x00007ff94e977000 	C:\WINDOWS\System32\OLEAUT32.dll
0x00007ff938130000 - 0x00007ff938162000 	C:\WINDOWS\SYSTEM32\dbgcore.DLL
0x00007ff94dd80000 - 0x00007ff94ddfa000 	C:\WINDOWS\System32\bcryptPrimitives.dll
0x00007ff93cd60000 - 0x00007ff93cd6e000 	c:\Users\Alizha\.vscode\extensions\redhat.java-1.25.1-win32-x64\jre\17.0.9-win32-x86_64\bin\instrument.dll
0x00007ff91b9a0000 - 0x00007ff91b9c5000 	c:\Users\Alizha\.vscode\extensions\redhat.java-1.25.1-win32-x64\jre\17.0.9-win32-x86_64\bin\java.dll
0x00007ff91c4d0000 - 0x00007ff91c4e8000 	c:\Users\Alizha\.vscode\extensions\redhat.java-1.25.1-win32-x64\jre\17.0.9-win32-x86_64\bin\zip.dll
0x00007ff94f540000 - 0x00007ff94fd99000 	C:\WINDOWS\System32\SHELL32.dll
0x00007ff94b690000 - 0x00007ff94bf84000 	C:\WINDOWS\SYSTEM32\windows.storage.dll
0x00007ff94b550000 - 0x00007ff94b68e000 	C:\WINDOWS\SYSTEM32\wintypes.dll
0x00007ff94e7a0000 - 0x00007ff94e893000 	C:\WINDOWS\System32\SHCORE.dll
0x00007ff94e620000 - 0x00007ff94e67e000 	C:\WINDOWS\System32\shlwapi.dll
0x00007ff94d6f0000 - 0x00007ff94d716000 	C:\WINDOWS\SYSTEM32\profapi.dll
0x00007ff91aa90000 - 0x00007ff91aaa9000 	C:\Users\Alizha\.vscode\extensions\redhat.java-1.25.1-win32-x64\jre\17.0.9-win32-x86_64\bin\net.dll
0x00007ff947860000 - 0x00007ff947997000 	C:\WINDOWS\SYSTEM32\WINHTTP.dll
0x00007ff94cc40000 - 0x00007ff94cca9000 	C:\WINDOWS\system32\mswsock.dll
0x00007ff91aa20000 - 0x00007ff91aa36000 	C:\Users\Alizha\.vscode\extensions\redhat.java-1.25.1-win32-x64\jre\17.0.9-win32-x86_64\bin\nio.dll
0x00007ff935820000 - 0x00007ff935830000 	c:\Users\Alizha\.vscode\extensions\redhat.java-1.25.1-win32-x64\jre\17.0.9-win32-x86_64\bin\verify.dll
0x00007ff91bf90000 - 0x00007ff91bfce000 	C:\Users\Alizha\AppData\Roaming\Code\User\globalStorage\redhat.java\1.25.1\config_win\org.eclipse.equinox.launcher\org.eclipse.equinox.launcher.win32.win32.x86_64_1.2.800.v20231003-1442\eclipse_11802.dll
0x00007ff94f170000 - 0x00007ff94f310000 	C:\WINDOWS\System32\ole32.dll

dbghelp: loaded successfully - version: 4.0.5 - missing functions: none
symbol engine: initialized successfully - sym options: 0x614 - pdb path: .;c:\Users\Alizha\.vscode\extensions\redhat.java-1.25.1-win32-x64\jre\17.0.9-win32-x86_64\bin;C:\WINDOWS\SYSTEM32;C:\WINDOWS\WinSxS\amd64_microsoft.windows.common-controls_6595b64144ccf1df_6.0.22621.2506_none_270c5ae97388e100;c:\Users\Alizha\.vscode\extensions\redhat.java-1.25.1-win32-x64\jre\17.0.9-win32-x86_64\bin\server;C:\Users\Alizha\AppData\Roaming\Code\User\globalStorage\redhat.java\1.25.1\config_win\org.eclipse.equinox.launcher\org.eclipse.equinox.launcher.win32.win32.x86_64_1.2.800.v20231003-1442

VM Arguments:
jvm_args: --add-modules=ALL-SYSTEM --add-opens=java.base/java.util=ALL-UNNAMED --add-opens=java.base/java.lang=ALL-UNNAMED --add-opens=java.base/sun.nio.fs=ALL-UNNAMED -Declipse.application=org.eclipse.jdt.ls.core.id1 -Dosgi.bundles.defaultStartLevel=4 -Declipse.product=org.eclipse.jdt.ls.core.product -Djava.import.generatesMetadataFilesAtProjectRoot=false -DDetectVMInstallationsJob.disabled=true -Dfile.encoding=utf8 -XX:+UseParallelGC -XX:GCTimeRatio=4 -XX:AdaptiveSizePolicyWeight=90 -Dsun.zip.disableMemoryMapping=true -Xmx1G -Xms100m -Xlog:disable -javaagent:c:\Users\Alizha\.vscode\extensions\redhat.java-1.25.1-win32-x64\lombok\lombok-1.18.30.jar -XX:+HeapDumpOnOutOfMemoryError -XX:HeapDumpPath=c:\Users\Alizha\AppData\Roaming\Code\User\workspaceStorage\f65aa70a5428b1d08d2d85f953cf23d1\redhat.java -Daether.dependencyCollector.impl=bf 
java_command: c:\Users\Alizha\.vscode\extensions\redhat.java-1.25.1-win32-x64\server\plugins\org.eclipse.equinox.launcher_1.6.600.v20231106-1826.jar -configuration c:\Users\Alizha\AppData\Roaming\Code\User\globalStorage\redhat.java\1.25.1\config_win -data c:\Users\Alizha\AppData\Roaming\Code\User\workspaceStorage\f65aa70a5428b1d08d2d85f953cf23d1\redhat.java\jdt_ws --stdio
java_class_path (initial): c:\Users\Alizha\.vscode\extensions\redhat.java-1.25.1-win32-x64\server\plugins\org.eclipse.equinox.launcher_1.6.600.v20231106-1826.jar
Launcher Type: SUN_STANDARD

[Global flags]
    uintx AdaptiveSizePolicyWeight                 = 90                                        {product} {command line}
     intx CICompilerCount                          = 4                                         {product} {ergonomic}
    uintx GCTimeRatio                              = 4                                         {product} {command line}
     bool HeapDumpOnOutOfMemoryError               = true                                   {manageable} {command line}
    ccstr HeapDumpPath                             = c:\Users\Alizha\AppData\Roaming\Code\User\workspaceStorage\f65aa70a5428b1d08d2d85f953cf23d1\redhat.java         {manageable} {command line}
   size_t InitialHeapSize                          = 104857600                                 {product} {command line}
   size_t MaxHeapSize                              = 1073741824                                {product} {command line}
   size_t MaxNewSize                               = 357564416                                 {product} {ergonomic}
   size_t MinHeapDeltaBytes                        = 524288                                    {product} {ergonomic}
   size_t MinHeapSize                              = 104857600                                 {product} {command line}
   size_t NewSize                                  = 34603008                                  {product} {ergonomic}
    uintx NonNMethodCodeHeapSize                   = 5839372                                {pd product} {ergonomic}
    uintx NonProfiledCodeHeapSize                  = 122909434                              {pd product} {ergonomic}
   size_t OldSize                                  = 70254592                                  {product} {ergonomic}
    uintx ProfiledCodeHeapSize                     = 122909434                              {pd product} {ergonomic}
    uintx ReservedCodeCacheSize                    = 251658240                              {pd product} {ergonomic}
     bool SegmentedCodeCache                       = true                                      {product} {ergonomic}
   size_t SoftMaxHeapSize                          = 1073741824                             {manageable} {ergonomic}
     bool UseCompressedClassPointers               = true                           {product lp64_product} {ergonomic}
     bool UseCompressedOops                        = true                           {product lp64_product} {ergonomic}
     bool UseLargePagesIndividualAllocation        = false                                  {pd product} {ergonomic}
     bool UseParallelGC                            = true                                      {product} {command line}

Logging:
Log output configuration:
 #0: stdout all=off uptime,level,tags
 #1: stderr all=off uptime,level,tags

Environment Variables:
JAVA_HOME=C:\Program Files\Java\jdk-17
PATH=C:\Program Files\Common Files\Oracle\Java\javapath;C:\Program Files\PostgreSQL\15\bin;C:\Program Files (x86)\Common Files\Oracle\Java\javapath;C:\WINDOWS\system32;C:\WINDOWS;C:\WINDOWS\System32\Wbem;C:\WINDOWS\System32\WindowsPowerShell\v1.0\;C:\WINDOWS\System32\OpenSSH\;C:\Program Files\kotlinc\bin;C:\Program Files\PuTTY\;C:\Program Files\Git\cmd;C:\Program Files\Docker\Docker\resources\bin;C:\Program Files\Java\jdk-17;C:\Users\Alizha\AppData\Local\Programs\Python\Python39\Scripts\;C:\Users\Alizha\AppData\Local\Programs\Python\Python39\;C:\Users\Alizha\AppData\Local\Microsoft\WindowsApps;D:\Microsoft VS Code\bin;C:\Program Files\Git;C:\Users\Alizha\c sosi\MinGW\bin;C:\Users\Alizha\Flutter\flutter_windows_3.3.7-stable\flutter\bin;
USERNAME=Alizha
OS=Windows_NT
PROCESSOR_IDENTIFIER=AMD64 Family 23 Model 104 Stepping 1, AuthenticAMD
TMP=C:\Users\Alizha\AppData\Local\Temp
TEMP=C:\Users\Alizha\AppData\Local\Temp



Periodic native trim disabled


---------------  S Y S T E M  ---------------

OS:
 Windows 11 , 64 bit Build 22621 (10.0.22621.2506)
OS uptime: 0 days 16:37 hours
Hyper-V role detected

CPU: total 12 (initial active 12) (12 cores per cpu, 2 threads per core) family 23 model 104 stepping 1 microcode 0x0, cx8, cmov, fxsr, ht, mmx, 3dnowpref, sse, sse2, sse3, ssse3, sse4a, sse4.1, sse4.2, popcnt, lzcnt, tsc, tscinvbit, avx, avx2, aes, clmul, bmi1, bmi2, adx, sha, fma, vzeroupper, clflush, clflushopt, hv
Processor Information for all 12 processors :
  Max Mhz: 2100, Current Mhz: 1893, Mhz Limit: 2100

Memory: 4k page, system-wide physical 6005M (10M free)
TotalPageFile size 24437M (AvailPageFile size 0M)
current process WorkingSet (physical memory assigned to process): 111M, peak: 111M
current process commit charge ("private bytes"): 226M, peak: 226M

vm_info: OpenJDK 64-Bit Server VM (17.0.9+9) for windows-amd64 JRE (17.0.9+9), built on Oct 26 2023 14:01:42 by "admin" with MS VC++ 16.10 / 16.11 (VS2019)

END.
